[ 2018-05-09T09:43:05+08:00 ] 127.0.0.1 /luomansi/index.php/Home/Code/index
ERR: 无法加载控制器:Code

[ 2018-05-09T09:43:20+08:00 ] 127.0.0.1 /luomansi/index.php/Home/Code/index
INFO: [ app_init ] --START--
INFO: Run Behavior\BuildLiteBehavior [ RunTime:0.000000s ]
INFO: [ app_init ] --END-- [ RunTime:0.001000s ]
INFO: [ app_begin ] --START--
INFO: Run Behavior\ReadHtmlCacheBehavior [ RunTime:0.001000s ]
INFO: [ app_begin ] --END-- [ RunTime:0.001000s ]
ERR: 无法加载控制器:Code

[ 2018-05-09T09:43:49+08:00 ] 127.0.0.1 /luomansi/index.php/Home/Code/index
INFO: [ app_init ] --START--
INFO: Run Behavior\BuildLiteBehavior [ RunTime:0.000000s ]
INFO: [ app_init ] --END-- [ RunTime:0.000000s ]
INFO: [ app_begin ] --START--
INFO: Run Behavior\ReadHtmlCacheBehavior [ RunTime:0.000000s ]
INFO: [ app_begin ] --END-- [ RunTime:0.001000s ]
INFO: [ app_end ] --START--
INFO: Run Behavior\ShowPageTraceBehavior [ RunTime:0.068004s ]
INFO: [ app_end ] --END-- [ RunTime:0.068004s ]

[ 2018-05-09T09:43:54+08:00 ] 127.0.0.1 /luomansi/index.php/Home/Code/index
INFO: [ app_init ] --START--
INFO: Run Behavior\BuildLiteBehavior [ RunTime:0.000000s ]
INFO: [ app_init ] --END-- [ RunTime:0.001000s ]
INFO: [ app_begin ] --START--
INFO: Run Behavior\ReadHtmlCacheBehavior [ RunTime:0.002000s ]
INFO: [ app_begin ] --END-- [ RunTime:0.003000s ]
INFO: [ app_end ] --START--
INFO: Run Behavior\ShowPageTraceBehavior [ RunTime:0.001000s ]
INFO: [ app_end ] --END-- [ RunTime:0.001000s ]

[ 2018-05-09T09:44:14+08:00 ] 127.0.0.1 /luomansi/index.php/Home/Code/index
INFO: [ app_init ] --START--
INFO: Run Behavior\BuildLiteBehavior [ RunTime:0.000000s ]
INFO: [ app_init ] --END-- [ RunTime:0.000000s ]
INFO: [ app_begin ] --START--
INFO: Run Behavior\ReadHtmlCacheBehavior [ RunTime:0.000000s ]
INFO: [ app_begin ] --END-- [ RunTime:0.001000s ]
INFO: [ view_parse ] --START--
INFO: [ template_filter ] --START--
INFO: Run Behavior\ContentReplaceBehavior [ RunTime:0.025001s ]
INFO: [ template_filter ] --END-- [ RunTime:0.025001s ]
INFO: Run Behavior\ParseTemplateBehavior [ RunTime:0.334019s ]
INFO: [ view_parse ] --END-- [ RunTime:0.334019s ]
INFO: [ view_filter ] --START--
INFO: Run Behavior\WriteHtmlCacheBehavior [ RunTime:0.029002s ]
INFO: [ view_filter ] --END-- [ RunTime:0.029002s ]
INFO: [ app_end ] --START--
INFO: Run Behavior\ShowPageTraceBehavior [ RunTime:0.001000s ]
INFO: [ app_end ] --END-- [ RunTime:0.001000s ]

[ 2018-05-09T09:44:48+08:00 ] 127.0.0.1 /luomansi/index.php/Home/Code/index
INFO: [ app_init ] --START--
INFO: Run Behavior\BuildLiteBehavior [ RunTime:0.000000s ]
INFO: [ app_init ] --END-- [ RunTime:0.001000s ]
INFO: [ app_begin ] --START--
INFO: Run Behavior\ReadHtmlCacheBehavior [ RunTime:0.001000s ]
INFO: [ app_begin ] --END-- [ RunTime:0.001000s ]
INFO: [ view_parse ] --START--
INFO: [ template_filter ] --START--
INFO: Run Behavior\ContentReplaceBehavior [ RunTime:0.000000s ]
INFO: [ template_filter ] --END-- [ RunTime:0.000000s ]
INFO: Run Behavior\ParseTemplateBehavior [ RunTime:0.007001s ]
INFO: [ view_parse ] --END-- [ RunTime:0.007001s ]
INFO: [ view_filter ] --START--
INFO: Run Behavior\WriteHtmlCacheBehavior [ RunTime:0.001000s ]
INFO: [ view_filter ] --END-- [ RunTime:0.001000s ]
INFO: [ app_end ] --START--
INFO: Run Behavior\ShowPageTraceBehavior [ RunTime:0.000000s ]
INFO: [ app_end ] --END-- [ RunTime:0.001000s ]

[ 2018-05-09T09:44:51+08:00 ] 127.0.0.1 /luomansi/index.php/Home/Code/index
INFO: [ app_init ] --START--
INFO: Run Behavior\BuildLiteBehavior [ RunTime:0.000000s ]
INFO: [ app_init ] --END-- [ RunTime:0.000000s ]
INFO: [ app_begin ] --START--
INFO: Run Behavior\ReadHtmlCacheBehavior [ RunTime:0.001000s ]
INFO: [ app_begin ] --END-- [ RunTime:0.001000s ]
INFO: [ view_parse ] --START--
INFO: [ template_filter ] --START--
INFO: Run Behavior\ContentReplaceBehavior [ RunTime:0.001000s ]
INFO: [ template_filter ] --END-- [ RunTime:0.001000s ]
INFO: Run Behavior\ParseTemplateBehavior [ RunTime:0.006000s ]
INFO: [ view_parse ] --END-- [ RunTime:0.006000s ]
INFO: [ view_filter ] --START--
INFO: Run Behavior\WriteHtmlCacheBehavior [ RunTime:0.000000s ]
INFO: [ view_filter ] --END-- [ RunTime:0.000000s ]
INFO: [ app_end ] --START--
INFO: Run Behavior\ShowPageTraceBehavior [ RunTime:0.001000s ]
INFO: [ app_end ] --END-- [ RunTime:0.001000s ]

[ 2018-05-09T09:46:59+08:00 ] 127.0.0.1 /luomansi/index.php/Home/Code/index
INFO: [ app_init ] --START--
INFO: Run Behavior\BuildLiteBehavior [ RunTime:0.000000s ]
INFO: [ app_init ] --END-- [ RunTime:0.001000s ]
INFO: [ app_begin ] --START--
INFO: Run Behavior\ReadHtmlCacheBehavior [ RunTime:0.001000s ]
INFO: [ app_begin ] --END-- [ RunTime:0.002001s ]
INFO: [ view_parse ] --START--
INFO: [ template_filter ] --START--
INFO: Run Behavior\ContentReplaceBehavior [ RunTime:0.000000s ]
INFO: [ template_filter ] --END-- [ RunTime:0.000000s ]
INFO: Run Behavior\ParseTemplateBehavior [ RunTime:0.007000s ]
INFO: [ view_parse ] --END-- [ RunTime:0.007000s ]
INFO: [ view_filter ] --START--
INFO: Run Behavior\WriteHtmlCacheBehavior [ RunTime:0.001000s ]
INFO: [ view_filter ] --END-- [ RunTime:0.001000s ]
INFO: [ app_end ] --START--
INFO: Run Behavior\ShowPageTraceBehavior [ RunTime:0.001000s ]
INFO: [ app_end ] --END-- [ RunTime:0.001000s ]

[ 2018-05-09T09:47:59+08:00 ] 127.0.0.1 /luomansi/index.php/Home/Code/index
INFO: [ app_init ] --START--
INFO: Run Behavior\BuildLiteBehavior [ RunTime:0.000000s ]
INFO: [ app_init ] --END-- [ RunTime:0.001000s ]
INFO: [ app_begin ] --START--
INFO: Run Behavior\ReadHtmlCacheBehavior [ RunTime:0.001000s ]
INFO: [ app_begin ] --END-- [ RunTime:0.001000s ]
INFO: [ view_parse ] --START--
INFO: [ template_filter ] --START--
INFO: Run Behavior\ContentReplaceBehavior [ RunTime:0.000000s ]
INFO: [ template_filter ] --END-- [ RunTime:0.000000s ]
INFO: Run Behavior\ParseTemplateBehavior [ RunTime:0.007001s ]
INFO: [ view_parse ] --END-- [ RunTime:0.007001s ]
INFO: [ view_filter ] --START--
INFO: Run Behavior\WriteHtmlCacheBehavior [ RunTime:0.000000s ]
INFO: [ view_filter ] --END-- [ RunTime:0.000000s ]
INFO: [ app_end ] --START--
INFO: Run Behavior\ShowPageTraceBehavior [ RunTime:0.001000s ]
INFO: [ app_end ] --END-- [ RunTime:0.001000s ]

[ 2018-05-09T09:50:30+08:00 ] 127.0.0.1 /luomansi/index.php/Home/Code/index
INFO: [ app_init ] --START--
INFO: Run Behavior\BuildLiteBehavior [ RunTime:0.000000s ]
INFO: [ app_init ] --END-- [ RunTime:0.001000s ]
INFO: [ app_begin ] --START--
INFO: Run Behavior\ReadHtmlCacheBehavior [ RunTime:0.001000s ]
INFO: [ app_begin ] --END-- [ RunTime:0.001000s ]
INFO: [ view_parse ] --START--
INFO: [ template_filter ] --START--
INFO: Run Behavior\ContentReplaceBehavior [ RunTime:0.000000s ]
INFO: [ template_filter ] --END-- [ RunTime:0.000000s ]
INFO: Run Behavior\ParseTemplateBehavior [ RunTime:0.005000s ]
INFO: [ view_parse ] --END-- [ RunTime:0.005000s ]
INFO: [ view_filter ] --START--
INFO: Run Behavior\WriteHtmlCacheBehavior [ RunTime:0.001000s ]
INFO: [ view_filter ] --END-- [ RunTime:0.001000s ]
INFO: [ app_end ] --START--
INFO: Run Behavior\ShowPageTraceBehavior [ RunTime:0.001001s ]
INFO: [ app_end ] --END-- [ RunTime:0.001001s ]

[ 2018-05-09T09:50:51+08:00 ] 127.0.0.1 /luomansi/index.php/Home/Code/index
INFO: [ app_init ] --START--
INFO: Run Behavior\BuildLiteBehavior [ RunTime:0.001000s ]
INFO: [ app_init ] --END-- [ RunTime:0.001000s ]
INFO: [ app_begin ] --START--
INFO: Run Behavior\ReadHtmlCacheBehavior [ RunTime:0.001000s ]
INFO: [ app_begin ] --END-- [ RunTime:0.001000s ]
INFO: [ view_parse ] --START--
INFO: [ template_filter ] --START--
INFO: Run Behavior\ContentReplaceBehavior [ RunTime:0.001000s ]
INFO: [ template_filter ] --END-- [ RunTime:0.001000s ]
INFO: Run Behavior\ParseTemplateBehavior [ RunTime:0.006000s ]
INFO: [ view_parse ] --END-- [ RunTime:0.006000s ]
INFO: [ view_filter ] --START--
INFO: Run Behavior\WriteHtmlCacheBehavior [ RunTime:0.000000s ]
INFO: [ view_filter ] --END-- [ RunTime:0.000000s ]
INFO: [ app_end ] --START--
INFO: Run Behavior\ShowPageTraceBehavior [ RunTime:0.001000s ]
INFO: [ app_end ] --END-- [ RunTime:0.001000s ]

[ 2018-05-09T09:53:53+08:00 ] 127.0.0.1 /luomansi/index.php/Home/Code/index
INFO: [ app_init ] --START--
INFO: Run Behavior\BuildLiteBehavior [ RunTime:0.000000s ]
INFO: [ app_init ] --END-- [ RunTime:0.000000s ]
INFO: [ app_begin ] --START--
INFO: Run Behavior\ReadHtmlCacheBehavior [ RunTime:0.000000s ]
INFO: [ app_begin ] --END-- [ RunTime:0.001001s ]
INFO: [ view_parse ] --START--
INFO: [ template_filter ] --START--
INFO: Run Behavior\ContentReplaceBehavior [ RunTime:0.000000s ]
INFO: [ template_filter ] --END-- [ RunTime:0.000000s ]
INFO: Run Behavior\ParseTemplateBehavior [ RunTime:0.007000s ]
INFO: [ view_parse ] --END-- [ RunTime:0.007000s ]
INFO: [ view_filter ] --START--
INFO: Run Behavior\WriteHtmlCacheBehavior [ RunTime:0.000000s ]
INFO: [ view_filter ] --END-- [ RunTime:0.000000s ]
INFO: [ app_end ] --START--
INFO: Run Behavior\ShowPageTraceBehavior [ RunTime:0.001000s ]
INFO: [ app_end ] --END-- [ RunTime:0.001000s ]

[ 2018-05-09T10:19:41+08:00 ] 127.0.0.1 /luomansi/index.php/Home/Code/index
INFO: [ app_init ] --START--
INFO: Run Behavior\BuildLiteBehavior [ RunTime:0.000000s ]
INFO: [ app_init ] --END-- [ RunTime:0.000000s ]
INFO: [ app_begin ] --START--
INFO: Run Behavior\ReadHtmlCacheBehavior [ RunTime:0.001000s ]
INFO: [ app_begin ] --END-- [ RunTime:0.001000s ]
SQL: SHOW COLUMNS FROM `saleman_client` [ RunTime:0.0290s ]
SQL: SELECT * FROM `saleman_client` WHERE ( id=1 ) LIMIT 1   [ RunTime:0.0010s ]
INFO: [ view_parse ] --START--
INFO: [ template_filter ] --START--
INFO: Run Behavior\ContentReplaceBehavior [ RunTime:0.000000s ]
INFO: [ template_filter ] --END-- [ RunTime:0.001000s ]
NOTIC: [8] Undefined variable: jssdk D:\wamp64\www\luomansi\Application\Runtime\Cache\Home\bca5e6e1d866597f5d485b66b99a04d2.php 第 112 行.
NOTIC: [8] Undefined variable: jssdk D:\wamp64\www\luomansi\Application\Runtime\Cache\Home\bca5e6e1d866597f5d485b66b99a04d2.php 第 113 行.
NOTIC: [8] Undefined variable: jssdk D:\wamp64\www\luomansi\Application\Runtime\Cache\Home\bca5e6e1d866597f5d485b66b99a04d2.php 第 114 行.
NOTIC: [8] Undefined variable: jssdk D:\wamp64\www\luomansi\Application\Runtime\Cache\Home\bca5e6e1d866597f5d485b66b99a04d2.php 第 115 行.
INFO: Run Behavior\ParseTemplateBehavior [ RunTime:0.025002s ]
INFO: [ view_parse ] --END-- [ RunTime:0.027002s ]
INFO: [ view_filter ] --START--
INFO: Run Behavior\WriteHtmlCacheBehavior [ RunTime:0.002000s ]
INFO: [ view_filter ] --END-- [ RunTime:0.002000s ]
INFO: [ app_end ] --START--
INFO: Run Behavior\ShowPageTraceBehavior [ RunTime:0.003000s ]
INFO: [ app_end ] --END-- [ RunTime:0.003000s ]

[ 2018-05-09T10:20:00+08:00 ] 127.0.0.1 /luomansi/index.php/Home/Code/index
INFO: [ app_init ] --START--
INFO: Run Behavior\BuildLiteBehavior [ RunTime:0.000000s ]
INFO: [ app_init ] --END-- [ RunTime:0.001000s ]
INFO: [ app_begin ] --START--
INFO: Run Behavior\ReadHtmlCacheBehavior [ RunTime:0.001000s ]
INFO: [ app_begin ] --END-- [ RunTime:0.001000s ]
SQL: SHOW COLUMNS FROM `saleman_client` [ RunTime:0.0020s ]
SQL: SELECT * FROM `saleman_client` WHERE ( id=1 ) LIMIT 1   [ RunTime:0.0010s ]
INFO: [ view_parse ] --START--
INFO: [ template_filter ] --START--
INFO: Run Behavior\ContentReplaceBehavior [ RunTime:0.000000s ]
INFO: [ template_filter ] --END-- [ RunTime:0.000000s ]
NOTIC: [8] Undefined variable: jssdk D:\wamp64\www\luomansi\Application\Runtime\Cache\Home\bca5e6e1d866597f5d485b66b99a04d2.php 第 112 行.
NOTIC: [8] Undefined variable: jssdk D:\wamp64\www\luomansi\Application\Runtime\Cache\Home\bca5e6e1d866597f5d485b66b99a04d2.php 第 113 行.
NOTIC: [8] Undefined variable: jssdk D:\wamp64\www\luomansi\Application\Runtime\Cache\Home\bca5e6e1d866597f5d485b66b99a04d2.php 第 114 行.
NOTIC: [8] Undefined variable: jssdk D:\wamp64\www\luomansi\Application\Runtime\Cache\Home\bca5e6e1d866597f5d485b66b99a04d2.php 第 115 行.
INFO: Run Behavior\ParseTemplateBehavior [ RunTime:0.007000s ]
INFO: [ view_parse ] --END-- [ RunTime:0.007000s ]
INFO: [ view_filter ] --START--
INFO: Run Behavior\WriteHtmlCacheBehavior [ RunTime:0.001000s ]
INFO: [ view_filter ] --END-- [ RunTime:0.001000s ]
INFO: [ app_end ] --START--
INFO: Run Behavior\ShowPageTraceBehavior [ RunTime:0.001001s ]
INFO: [ app_end ] --END-- [ RunTime:0.001001s ]

[ 2018-05-09T10:39:56+08:00 ] 127.0.0.1 /luomansi/index.php/Home/Code/index
INFO: [ app_init ] --START--
INFO: Run Behavior\BuildLiteBehavior [ RunTime:0.000000s ]
INFO: [ app_init ] --END-- [ RunTime:0.000000s ]
INFO: [ app_begin ] --START--
INFO: Run Behavior\ReadHtmlCacheBehavior [ RunTime:0.001000s ]
INFO: [ app_begin ] --END-- [ RunTime:0.001000s ]
SQL: SHOW COLUMNS FROM `saleman_client` [ RunTime:0.0010s ]
SQL: SELECT * FROM `saleman_client` WHERE ( id=1 ) LIMIT 1   [ RunTime:0.0010s ]
INFO: [ view_parse ] --START--
INFO: [ template_filter ] --START--
INFO: Run Behavior\ContentReplaceBehavior [ RunTime:0.000000s ]
INFO: [ template_filter ] --END-- [ RunTime:0.000000s ]
INFO: Run Behavior\ParseTemplateBehavior [ RunTime:0.008000s ]
INFO: [ view_parse ] --END-- [ RunTime:0.008000s ]
INFO: [ view_filter ] --START--
INFO: Run Behavior\WriteHtmlCacheBehavior [ RunTime:0.001000s ]
INFO: [ view_filter ] --END-- [ RunTime:0.001000s ]
INFO: [ app_end ] --START--
INFO: Run Behavior\ShowPageTraceBehavior [ RunTime:0.001001s ]
INFO: [ app_end ] --END-- [ RunTime:0.001001s ]

[ 2018-05-09T10:39:56+08:00 ] 127.0.0.1 /luomansi/index.php/Home/Code/img/add-logo.png
INFO: [ app_init ] --START--
INFO: Run Behavior\BuildLiteBehavior [ RunTime:0.000000s ]
INFO: [ app_init ] --END-- [ RunTime:0.000000s ]

[ 2018-05-09T10:39:56+08:00 ] 127.0.0.1 /luomansi/index.php/Home/Code/css/style.css
INFO: [ app_init ] --START--
INFO: Run Behavior\BuildLiteBehavior [ RunTime:0.000000s ]
INFO: [ app_init ] --END-- [ RunTime:0.001000s ]
INFO: [ app_begin ] --START--
INFO: Run Behavior\ReadHtmlCacheBehavior [ RunTime:0.001000s ]
INFO: [ app_begin ] --END-- [ RunTime:0.001000s ]
ERR: 非法操作:css

[ 2018-05-09T10:39:56+08:00 ] 127.0.0.1 /luomansi/index.php/Home/Code/js/main.js
INFO: [ app_init ] --START--
INFO: Run Behavior\BuildLiteBehavior [ RunTime:0.000000s ]
INFO: [ app_init ] --END-- [ RunTime:0.000000s ]
INFO: [ app_begin ] --START--
INFO: Run Behavior\ReadHtmlCacheBehavior [ RunTime:0.002000s ]
INFO: [ app_begin ] --END-- [ RunTime:0.002000s ]
ERR: 非法操作:js

[ 2018-05-09T10:39:56+08:00 ] 127.0.0.1 /luomansi/index.php/Home/Code/js/jquery-1.11.0.min.js
INFO: [ app_init ] --START--
INFO: Run Behavior\BuildLiteBehavior [ RunTime:0.000000s ]
INFO: [ app_init ] --END-- [ RunTime:0.001001s ]
INFO: [ app_begin ] --START--
INFO: Run Behavior\ReadHtmlCacheBehavior [ RunTime:0.001000s ]
INFO: [ app_begin ] --END-- [ RunTime:0.002000s ]
ERR: 非法操作:js

[ 2018-05-09T10:39:56+08:00 ] 127.0.0.1 /luomansi/index.php/Home/Code/img/title.png
INFO: [ app_init ] --START--
INFO: Run Behavior\BuildLiteBehavior [ RunTime:0.000000s ]
INFO: [ app_init ] --END-- [ RunTime:0.001000s ]

[ 2018-05-09T10:39:56+08:00 ] 127.0.0.1 /luomansi/index.php/Home/Code/js/resize.js
INFO: [ app_init ] --START--
INFO: Run Behavior\BuildLiteBehavior [ RunTime:0.000000s ]
INFO: [ app_init ] --END-- [ RunTime:0.001000s ]
INFO: [ app_begin ] --START--
INFO: Run Behavior\ReadHtmlCacheBehavior [ RunTime:0.001000s ]
INFO: [ app_begin ] --END-- [ RunTime:0.001000s ]
ERR: 非法操作:js

[ 2018-05-09T10:39:56+08:00 ] 127.0.0.1 /luomansi/index.php/Home/Code/img/title.png
INFO: [ app_init ] --START--
INFO: Run Behavior\BuildLiteBehavior [ RunTime:0.000000s ]
INFO: [ app_init ] --END-- [ RunTime:0.001000s ]

[ 2018-05-09T10:39:56+08:00 ] 127.0.0.1 /luomansi/index.php/Home/Code/img/scanning.png
INFO: [ app_init ] --START--
INFO: Run Behavior\BuildLiteBehavior [ RunTime:0.000000s ]
INFO: [ app_init ] --END-- [ RunTime:0.001000s ]

[ 2018-05-09T10:39:56+08:00 ] 127.0.0.1 /luomansi/index.php/Home/Code/img/add-logo.png
INFO: [ app_init ] --START--
INFO: Run Behavior\BuildLiteBehavior [ RunTime:0.000000s ]
INFO: [ app_init ] --END-- [ RunTime:0.001000s ]

[ 2018-05-09T10:39:56+08:00 ] 127.0.0.1 /luomansi/index.php/Home/Code/img/add-logo2.png
INFO: [ app_init ] --START--
INFO: Run Behavior\BuildLiteBehavior [ RunTime:0.000000s ]
INFO: [ app_init ] --END-- [ RunTime:0.002000s ]

[ 2018-05-09T10:40:47+08:00 ] 127.0.0.1 /luomansi/index.php/Home/Code/index
INFO: [ app_init ] --START--
INFO: Run Behavior\BuildLiteBehavior [ RunTime:0.000000s ]
INFO: [ app_init ] --END-- [ RunTime:0.001000s ]
INFO: [ app_begin ] --START--
INFO: Run Behavior\ReadHtmlCacheBehavior [ RunTime:0.001000s ]
INFO: [ app_begin ] --END-- [ RunTime:0.001000s ]
SQL: SHOW COLUMNS FROM `saleman_client` [ RunTime:0.0010s ]
SQL: SELECT * FROM `saleman_client` WHERE ( id=1 ) LIMIT 1   [ RunTime:0.0010s ]
INFO: [ view_parse ] --START--
INFO: [ template_filter ] --START--
INFO: Run Behavior\ContentReplaceBehavior [ RunTime:0.000000s ]
INFO: [ template_filter ] --END-- [ RunTime:0.000000s ]
INFO: Run Behavior\ParseTemplateBehavior [ RunTime:0.007001s ]
INFO: [ view_parse ] --END-- [ RunTime:0.007001s ]
INFO: [ view_filter ] --START--
INFO: Run Behavior\WriteHtmlCacheBehavior [ RunTime:0.000000s ]
INFO: [ view_filter ] --END-- [ RunTime:0.000000s ]
INFO: [ app_end ] --START--
INFO: Run Behavior\ShowPageTraceBehavior [ RunTime:0.001000s ]
INFO: [ app_end ] --END-- [ RunTime:0.001000s ]

[ 2018-05-09T10:42:37+08:00 ] 127.0.0.1 /luomansi/index.php/Home/Code/index
INFO: [ app_init ] --START--
INFO: Run Behavior\BuildLiteBehavior [ RunTime:0.000000s ]
INFO: [ app_init ] --END-- [ RunTime:0.000000s ]
INFO: [ app_begin ] --START--
INFO: Run Behavior\ReadHtmlCacheBehavior [ RunTime:0.001000s ]
INFO: [ app_begin ] --END-- [ RunTime:0.001000s ]
SQL: SHOW COLUMNS FROM `saleman_ad` [ RunTime:0.0030s ]
SQL: SELECT `ad` FROM `saleman_ad` WHERE ( id=1 ) LIMIT 1   [ RunTime:0.0010s ]
SQL: SHOW COLUMNS FROM `saleman_client` [ RunTime:0.0030s ]
SQL: SELECT * FROM `saleman_client` WHERE ( id=1 ) LIMIT 1   [ RunTime:0.0000s ]
INFO: [ view_parse ] --START--
INFO: [ template_filter ] --START--
INFO: Run Behavior\ContentReplaceBehavior [ RunTime:0.001000s ]
INFO: [ template_filter ] --END-- [ RunTime:0.001000s ]
NOTIC: [8] Undefined variable: jssdk D:\wamp64\www\luomansi\Application\Runtime\Cache\Home\bca5e6e1d866597f5d485b66b99a04d2.php 第 131 行.
NOTIC: [8] Undefined variable: jssdk D:\wamp64\www\luomansi\Application\Runtime\Cache\Home\bca5e6e1d866597f5d485b66b99a04d2.php 第 132 行.
NOTIC: [8] Undefined variable: jssdk D:\wamp64\www\luomansi\Application\Runtime\Cache\Home\bca5e6e1d866597f5d485b66b99a04d2.php 第 133 行.
NOTIC: [8] Undefined variable: jssdk D:\wamp64\www\luomansi\Application\Runtime\Cache\Home\bca5e6e1d866597f5d485b66b99a04d2.php 第 134 行.
INFO: Run Behavior\ParseTemplateBehavior [ RunTime:0.015001s ]
INFO: [ view_parse ] --END-- [ RunTime:0.016001s ]
INFO: [ view_filter ] --START--
INFO: Run Behavior\WriteHtmlCacheBehavior [ RunTime:0.001000s ]
INFO: [ view_filter ] --END-- [ RunTime:0.001000s ]
INFO: [ app_end ] --START--
INFO: Run Behavior\ShowPageTraceBehavior [ RunTime:0.002000s ]
INFO: [ app_end ] --END-- [ RunTime:0.002000s ]

[ 2018-05-09T10:42:42+08:00 ] 127.0.0.1 /luomansi/index.php/Home/Code/index
INFO: [ app_init ] --START--
INFO: Run Behavior\BuildLiteBehavior [ RunTime:0.000000s ]
INFO: [ app_init ] --END-- [ RunTime:0.001000s ]
INFO: [ app_begin ] --START--
INFO: Run Behavior\ReadHtmlCacheBehavior [ RunTime:0.001000s ]
INFO: [ app_begin ] --END-- [ RunTime:0.001000s ]
SQL: SHOW COLUMNS FROM `saleman_ad` [ RunTime:0.0020s ]
SQL: SELECT `ad` FROM `saleman_ad` WHERE ( id=1 ) LIMIT 1   [ RunTime:0.0010s ]
SQL: SHOW COLUMNS FROM `saleman_client` [ RunTime:0.0010s ]
SQL: SELECT * FROM `saleman_client` WHERE ( id=1 ) LIMIT 1   [ RunTime:0.0010s ]
INFO: [ view_parse ] --START--
INFO: [ template_filter ] --START--
INFO: Run Behavior\ContentReplaceBehavior [ RunTime:0.000000s ]
INFO: [ template_filter ] --END-- [ RunTime:0.000000s ]
NOTIC: [8] Undefined variable: jssdk D:\wamp64\www\luomansi\Application\Runtime\Cache\Home\bca5e6e1d866597f5d485b66b99a04d2.php 第 131 行.
NOTIC: [8] Undefined variable: jssdk D:\wamp64\www\luomansi\Application\Runtime\Cache\Home\bca5e6e1d866597f5d485b66b99a04d2.php 第 132 行.
NOTIC: [8] Undefined variable: jssdk D:\wamp64\www\luomansi\Application\Runtime\Cache\Home\bca5e6e1d866597f5d485b66b99a04d2.php 第 133 行.
NOTIC: [8] Undefined variable: jssdk D:\wamp64\www\luomansi\Application\Runtime\Cache\Home\bca5e6e1d866597f5d485b66b99a04d2.php 第 134 行.
INFO: Run Behavior\ParseTemplateBehavior [ RunTime:0.007000s ]
INFO: [ view_parse ] --END-- [ RunTime:0.008000s ]
INFO: [ view_filter ] --START--
INFO: Run Behavior\WriteHtmlCacheBehavior [ RunTime:0.000000s ]
INFO: [ view_filter ] --END-- [ RunTime:0.000000s ]
INFO: [ app_end ] --START--
INFO: Run Behavior\ShowPageTraceBehavior [ RunTime:0.000000s ]
INFO: [ app_end ] --END-- [ RunTime:0.000000s ]

[ 2018-05-09T10:43:49+08:00 ] 127.0.0.1 /luomansi/index.php/Home/Code/index
INFO: [ app_init ] --START--
INFO: Run Behavior\BuildLiteBehavior [ RunTime:0.000000s ]
INFO: [ app_init ] --END-- [ RunTime:0.001000s ]
INFO: [ app_begin ] --START--
INFO: Run Behavior\ReadHtmlCacheBehavior [ RunTime:0.001000s ]
INFO: [ app_begin ] --END-- [ RunTime:0.001000s ]
SQL: SHOW COLUMNS FROM `saleman_ad` [ RunTime:0.0010s ]
SQL: SELECT `ad` FROM `saleman_ad` WHERE ( id=1 ) LIMIT 1   [ RunTime:0.0000s ]
SQL: SHOW COLUMNS FROM `saleman_client` [ RunTime:0.0010s ]
SQL: SELECT * FROM `saleman_client` WHERE ( id=1 ) LIMIT 1   [ RunTime:0.0000s ]
INFO: [ view_parse ] --START--
INFO: [ template_filter ] --START--
INFO: Run Behavior\ContentReplaceBehavior [ RunTime:0.000000s ]
INFO: [ template_filter ] --END-- [ RunTime:0.000000s ]
NOTIC: [8] Undefined variable: jssdk D:\wamp64\www\luomansi\Application\Runtime\Cache\Home\bca5e6e1d866597f5d485b66b99a04d2.php 第 134 行.
NOTIC: [8] Undefined variable: jssdk D:\wamp64\www\luomansi\Application\Runtime\Cache\Home\bca5e6e1d866597f5d485b66b99a04d2.php 第 135 行.
NOTIC: [8] Undefined variable: jssdk D:\wamp64\www\luomansi\Application\Runtime\Cache\Home\bca5e6e1d866597f5d485b66b99a04d2.php 第 136 行.
NOTIC: [8] Undefined variable: jssdk D:\wamp64\www\luomansi\Application\Runtime\Cache\Home\bca5e6e1d866597f5d485b66b99a04d2.php 第 137 行.
INFO: Run Behavior\ParseTemplateBehavior [ RunTime:0.007000s ]
INFO: [ view_parse ] --END-- [ RunTime:0.007000s ]
INFO: [ view_filter ] --START--
INFO: Run Behavior\WriteHtmlCacheBehavior [ RunTime:0.000000s ]
INFO: [ view_filter ] --END-- [ RunTime:0.001000s ]
INFO: [ app_end ] --START--
INFO: Run Behavior\ShowPageTraceBehavior [ RunTime:0.000000s ]
INFO: [ app_end ] --END-- [ RunTime:0.000000s ]

[ 2018-05-09T10:52:21+08:00 ] 127.0.0.1 /luomansi/index.php/Home/Code/index
INFO: [ app_init ] --START--
INFO: Run Behavior\BuildLiteBehavior [ RunTime:0.000000s ]
INFO: [ app_init ] --END-- [ RunTime:0.000000s ]
INFO: [ app_begin ] --START--
INFO: Run Behavior\ReadHtmlCacheBehavior [ RunTime:0.001000s ]
INFO: [ app_begin ] --END-- [ RunTime:0.001000s ]
SQL: SHOW COLUMNS FROM `saleman_ad` [ RunTime:0.0020s ]
SQL: SELECT `ad` FROM `saleman_ad` WHERE ( id=1 ) LIMIT 1   [ RunTime:0.0000s ]
SQL: SHOW COLUMNS FROM `saleman_client` [ RunTime:0.0020s ]
SQL: SELECT * FROM `saleman_client` WHERE ( id=1 ) LIMIT 1   [ RunTime:0.0000s ]
INFO: [ view_parse ] --START--
INFO: [ template_filter ] --START--
INFO: Run Behavior\ContentReplaceBehavior [ RunTime:0.000000s ]
INFO: [ template_filter ] --END-- [ RunTime:0.000000s ]
NOTIC: [8] Undefined variable: jssdk D:\wamp64\www\luomansi\Application\Runtime\Cache\Home\bca5e6e1d866597f5d485b66b99a04d2.php 第 137 行.
NOTIC: [8] Undefined variable: jssdk D:\wamp64\www\luomansi\Application\Runtime\Cache\Home\bca5e6e1d866597f5d485b66b99a04d2.php 第 138 行.
NOTIC: [8] Undefined variable: jssdk D:\wamp64\www\luomansi\Application\Runtime\Cache\Home\bca5e6e1d866597f5d485b66b99a04d2.php 第 139 行.
NOTIC: [8] Undefined variable: jssdk D:\wamp64\www\luomansi\Application\Runtime\Cache\Home\bca5e6e1d866597f5d485b66b99a04d2.php 第 140 行.
INFO: Run Behavior\ParseTemplateBehavior [ RunTime:0.008000s ]
INFO: [ view_parse ] --END-- [ RunTime:0.008000s ]
INFO: [ view_filter ] --START--
INFO: Run Behavior\WriteHtmlCacheBehavior [ RunTime:0.000000s ]
INFO: [ view_filter ] --END-- [ RunTime:0.001000s ]
INFO: [ app_end ] --START--
INFO: Run Behavior\ShowPageTraceBehavior [ RunTime:0.001000s ]
INFO: [ app_end ] --END-- [ RunTime:0.001000s ]

[ 2018-05-09T10:53:38+08:00 ] 127.0.0.1 /luomansi/index.php/Home/Code/index
INFO: [ app_init ] --START--
INFO: Run Behavior\BuildLiteBehavior [ RunTime:0.000000s ]
INFO: [ app_init ] --END-- [ RunTime:0.001000s ]
INFO: [ app_begin ] --START--
INFO: Run Behavior\ReadHtmlCacheBehavior [ RunTime:0.001000s ]
INFO: [ app_begin ] --END-- [ RunTime:0.001000s ]
SQL: SHOW COLUMNS FROM `saleman_ad` [ RunTime:0.0010s ]
SQL: SELECT `ad` FROM `saleman_ad` WHERE ( id=1 ) LIMIT 1   [ RunTime:0.0000s ]
SQL: SHOW COLUMNS FROM `saleman_client` [ RunTime:0.0010s ]
SQL: SELECT * FROM `saleman_client` WHERE ( id=1 ) LIMIT 1   [ RunTime:0.0010s ]
INFO: [ view_parse ] --START--
INFO: [ template_filter ] --START--
INFO: Run Behavior\ContentReplaceBehavior [ RunTime:0.000000s ]
INFO: [ template_filter ] --END-- [ RunTime:0.000000s ]
NOTIC: [8] Undefined variable: jssdk D:\wamp64\www\luomansi\Application\Runtime\Cache\Home\bca5e6e1d866597f5d485b66b99a04d2.php 第 137 行.
NOTIC: [8] Undefined variable: jssdk D:\wamp64\www\luomansi\Application\Runtime\Cache\Home\bca5e6e1d866597f5d485b66b99a04d2.php 第 138 行.
NOTIC: [8] Undefined variable: jssdk D:\wamp64\www\luomansi\Application\Runtime\Cache\Home\bca5e6e1d866597f5d485b66b99a04d2.php 第 139 行.
NOTIC: [8] Undefined variable: jssdk D:\wamp64\www\luomansi\Application\Runtime\Cache\Home\bca5e6e1d866597f5d485b66b99a04d2.php 第 140 行.
INFO: Run Behavior\ParseTemplateBehavior [ RunTime:0.009000s ]
INFO: [ view_parse ] --END-- [ RunTime:0.009000s ]
INFO: [ view_filter ] --START--
INFO: Run Behavior\WriteHtmlCacheBehavior [ RunTime:0.001001s ]
INFO: [ view_filter ] --END-- [ RunTime:0.001001s ]
INFO: [ app_end ] --START--
INFO: Run Behavior\ShowPageTraceBehavior [ RunTime:0.001000s ]
INFO: [ app_end ] --END-- [ RunTime:0.001000s ]

[ 2018-05-09T10:54:17+08:00 ] 127.0.0.1 /luomansi/index.php/Home/Code/index
INFO: [ app_init ] --START--
INFO: Run Behavior\BuildLiteBehavior [ RunTime:0.000000s ]
INFO: [ app_init ] --END-- [ RunTime:0.001000s ]
INFO: [ app_begin ] --START--
INFO: Run Behavior\ReadHtmlCacheBehavior [ RunTime:0.001000s ]
INFO: [ app_begin ] --END-- [ RunTime:0.001000s ]
SQL: SHOW COLUMNS FROM `saleman_ad` [ RunTime:0.0020s ]
SQL: SELECT `ad` FROM `saleman_ad` WHERE ( id=1 ) LIMIT 1   [ RunTime:0.0000s ]
SQL: SHOW COLUMNS FROM `saleman_client` [ RunTime:0.0010s ]
SQL: SELECT * FROM `saleman_client` WHERE ( id=1 ) LIMIT 1   [ RunTime:0.0000s ]
INFO: [ view_parse ] --START--
INFO: [ template_filter ] --START--
INFO: Run Behavior\ContentReplaceBehavior [ RunTime:0.000000s ]
INFO: [ template_filter ] --END-- [ RunTime:0.000000s ]
NOTIC: [8] Undefined variable: jssdk D:\wamp64\www\luomansi\Application\Runtime\Cache\Home\bca5e6e1d866597f5d485b66b99a04d2.php 第 137 行.
NOTIC: [8] Undefined variable: jssdk D:\wamp64\www\luomansi\Application\Runtime\Cache\Home\bca5e6e1d866597f5d485b66b99a04d2.php 第 138 行.
NOTIC: [8] Undefined variable: jssdk D:\wamp64\www\luomansi\Application\Runtime\Cache\Home\bca5e6e1d866597f5d485b66b99a04d2.php 第 139 行.
NOTIC: [8] Undefined variable: jssdk D:\wamp64\www\luomansi\Application\Runtime\Cache\Home\bca5e6e1d866597f5d485b66b99a04d2.php 第 140 行.
INFO: Run Behavior\ParseTemplateBehavior [ RunTime:0.007000s ]
INFO: [ view_parse ] --END-- [ RunTime:0.007000s ]
INFO: [ view_filter ] --START--
INFO: Run Behavior\WriteHtmlCacheBehavior [ RunTime:0.001000s ]
INFO: [ view_filter ] --END-- [ RunTime:0.001000s ]
INFO: [ app_end ] --START--
INFO: Run Behavior\ShowPageTraceBehavior [ RunTime:0.001001s ]
INFO: [ app_end ] --END-- [ RunTime:0.001001s ]

[ 2018-05-09T10:54:38+08:00 ] 127.0.0.1 /luomansi/index.php/Home/Code/index
INFO: [ app_init ] --START--
INFO: Run Behavior\BuildLiteBehavior [ RunTime:0.000000s ]
INFO: [ app_init ] --END-- [ RunTime:0.000000s ]
INFO: [ app_begin ] --START--
INFO: Run Behavior\ReadHtmlCacheBehavior [ RunTime:0.001000s ]
INFO: [ app_begin ] --END-- [ RunTime:0.001000s ]
SQL: SHOW COLUMNS FROM `saleman_ad` [ RunTime:0.0000s ]
SQL: SELECT `ad` FROM `saleman_ad` WHERE ( id=1 ) LIMIT 1   [ RunTime:0.0000s ]
SQL: SHOW COLUMNS FROM `saleman_client` [ RunTime:0.0010s ]
SQL: SELECT * FROM `saleman_client` WHERE ( id=1 ) LIMIT 1   [ RunTime:0.0000s ]
INFO: [ view_parse ] --START--
INFO: [ template_filter ] --START--
INFO: Run Behavior\ContentReplaceBehavior [ RunTime:0.000000s ]
INFO: [ template_filter ] --END-- [ RunTime:0.000000s ]
NOTIC: [8] Undefined variable: jssdk D:\wamp64\www\luomansi\Application\Runtime\Cache\Home\bca5e6e1d866597f5d485b66b99a04d2.php 第 137 行.
NOTIC: [8] Undefined variable: jssdk D:\wamp64\www\luomansi\Application\Runtime\Cache\Home\bca5e6e1d866597f5d485b66b99a04d2.php 第 138 行.
NOTIC: [8] Undefined variable: jssdk D:\wamp64\www\luomansi\Application\Runtime\Cache\Home\bca5e6e1d866597f5d485b66b99a04d2.php 第 139 行.
NOTIC: [8] Undefined variable: jssdk D:\wamp64\www\luomansi\Application\Runtime\Cache\Home\bca5e6e1d866597f5d485b66b99a04d2.php 第 140 行.
INFO: Run Behavior\ParseTemplateBehavior [ RunTime:0.008001s ]
INFO: [ view_parse ] --END-- [ RunTime:0.008001s ]
INFO: [ view_filter ] --START--
INFO: Run Behavior\WriteHtmlCacheBehavior [ RunTime:0.000000s ]
INFO: [ view_filter ] --END-- [ RunTime:0.000000s ]
INFO: [ app_end ] --START--
INFO: Run Behavior\ShowPageTraceBehavior [ RunTime:0.000000s ]
INFO: [ app_end ] --END-- [ RunTime:0.000000s ]

[ 2018-05-09T10:54:45+08:00 ] 127.0.0.1 /luomansi/index.php/Home/Code/codesearch.html
INFO: [ app_init ] --START--
INFO: Run Behavior\BuildLiteBehavior [ RunTime:0.000000s ]
INFO: [ app_init ] --END-- [ RunTime:0.001000s ]
INFO: [ app_begin ] --START--
INFO: Run Behavior\ReadHtmlCacheBehavior [ RunTime:0.001000s ]
INFO: [ app_begin ] --END-- [ RunTime:0.001000s ]
SQL: SHOW COLUMNS FROM `saleman_codesearch` [ RunTime:0.0010s ]
ERR: 1054:Unknown column 'code' in 'where clause'
 [ SQL语句 ] : SELECT * FROM `saleman_codesearch` WHERE ( code='text' ) LIMIT 1  
ERR: 1054:Unknown column 'code' in 'where clause'
 [ SQL语句 ] : SELECT * FROM `saleman_codesearch` WHERE ( code='text' ) LIMIT 1  

[ 2018-05-09T10:55:15+08:00 ] 127.0.0.1 /luomansi/index.php/Home/Code/index
INFO: [ app_init ] --START--
INFO: Run Behavior\BuildLiteBehavior [ RunTime:0.000000s ]
INFO: [ app_init ] --END-- [ RunTime:0.000000s ]
INFO: [ app_begin ] --START--
INFO: Run Behavior\ReadHtmlCacheBehavior [ RunTime:0.001000s ]
INFO: [ app_begin ] --END-- [ RunTime:0.001000s ]
SQL: SHOW COLUMNS FROM `saleman_ad` [ RunTime:0.0010s ]
SQL: SELECT `ad` FROM `saleman_ad` WHERE ( id=1 ) LIMIT 1   [ RunTime:0.0010s ]
SQL: SHOW COLUMNS FROM `saleman_client` [ RunTime:0.0010s ]
SQL: SELECT * FROM `saleman_client` WHERE ( id=1 ) LIMIT 1   [ RunTime:0.0000s ]
INFO: [ view_parse ] --START--
INFO: [ template_filter ] --START--
INFO: Run Behavior\ContentReplaceBehavior [ RunTime:0.000000s ]
INFO: [ template_filter ] --END-- [ RunTime:0.000000s ]
NOTIC: [8] Undefined variable: jssdk D:\wamp64\www\luomansi\Application\Runtime\Cache\Home\bca5e6e1d866597f5d485b66b99a04d2.php 第 137 行.
NOTIC: [8] Undefined variable: jssdk D:\wamp64\www\luomansi\Application\Runtime\Cache\Home\bca5e6e1d866597f5d485b66b99a04d2.php 第 138 行.
NOTIC: [8] Undefined variable: jssdk D:\wamp64\www\luomansi\Application\Runtime\Cache\Home\bca5e6e1d866597f5d485b66b99a04d2.php 第 139 行.
NOTIC: [8] Undefined variable: jssdk D:\wamp64\www\luomansi\Application\Runtime\Cache\Home\bca5e6e1d866597f5d485b66b99a04d2.php 第 140 行.
INFO: Run Behavior\ParseTemplateBehavior [ RunTime:0.008000s ]
INFO: [ view_parse ] --END-- [ RunTime:0.008000s ]
INFO: [ view_filter ] --START--
INFO: Run Behavior\WriteHtmlCacheBehavior [ RunTime:0.000000s ]
INFO: [ view_filter ] --END-- [ RunTime:0.001001s ]
INFO: [ app_end ] --START--
INFO: Run Behavior\ShowPageTraceBehavior [ RunTime:0.001000s ]
INFO: [ app_end ] --END-- [ RunTime:0.001000s ]

[ 2018-05-09T10:58:24+08:00 ] 127.0.0.1 /luomansi/index.php/Home/Code/codesearch.html
INFO: [ app_init ] --START--
INFO: Run Behavior\BuildLiteBehavior [ RunTime:0.000000s ]
INFO: [ app_init ] --END-- [ RunTime:0.001000s ]
INFO: [ app_begin ] --START--
INFO: Run Behavior\ReadHtmlCacheBehavior [ RunTime:0.001000s ]
INFO: [ app_begin ] --END-- [ RunTime:0.001000s ]
SQL: SHOW COLUMNS FROM `saleman_codesearch` [ RunTime:0.0010s ]
ERR: 1054:Unknown column 'code' in 'where clause'
 [ SQL语句 ] : SELECT * FROM `saleman_codesearch` WHERE ( code='11' ) LIMIT 1  
ERR: 1054:Unknown column 'code' in 'where clause'
 [ SQL语句 ] : SELECT * FROM `saleman_codesearch` WHERE ( code='11' ) LIMIT 1  

[ 2018-05-09T10:59:22+08:00 ] 127.0.0.1 /luomansi/index.php/Home/Code/codesearch
INFO: [ app_init ] --START--
INFO: Run Behavior\BuildLiteBehavior [ RunTime:0.000000s ]
INFO: [ app_init ] --END-- [ RunTime:0.001000s ]
INFO: [ app_begin ] --START--
INFO: Run Behavior\ReadHtmlCacheBehavior [ RunTime:0.001000s ]
INFO: [ app_begin ] --END-- [ RunTime:0.001000s ]
INFO: [ view_parse ] --START--
INFO: [ template_filter ] --START--
INFO: Run Behavior\ContentReplaceBehavior [ RunTime:0.001000s ]
INFO: [ template_filter ] --END-- [ RunTime:0.001000s ]
INFO: Run Behavior\ParseTemplateBehavior [ RunTime:0.081005s ]
INFO: [ view_parse ] --END-- [ RunTime:0.081005s ]
INFO: [ view_filter ] --START--
INFO: Run Behavior\WriteHtmlCacheBehavior [ RunTime:0.002000s ]
INFO: [ view_filter ] --END-- [ RunTime:0.002000s ]

[ 2018-05-09T11:00:21+08:00 ] 127.0.0.1 /luomansi/index.php/Home/Code/codesearch
INFO: [ app_init ] --START--
INFO: Run Behavior\BuildLiteBehavior [ RunTime:0.000000s ]
INFO: [ app_init ] --END-- [ RunTime:0.000000s ]
INFO: [ app_begin ] --START--
INFO: Run Behavior\ReadHtmlCacheBehavior [ RunTime:0.001000s ]
INFO: [ app_begin ] --END-- [ RunTime:0.001000s ]
INFO: [ view_parse ] --START--
INFO: [ template_filter ] --START--
INFO: Run Behavior\ContentReplaceBehavior [ RunTime:0.000000s ]
INFO: [ template_filter ] --END-- [ RunTime:0.001000s ]
INFO: Run Behavior\ParseTemplateBehavior [ RunTime:0.006001s ]
INFO: [ view_parse ] --END-- [ RunTime:0.006001s ]
INFO: [ view_filter ] --START--
INFO: Run Behavior\WriteHtmlCacheBehavior [ RunTime:0.001000s ]
INFO: [ view_filter ] --END-- [ RunTime:0.001000s ]

[ 2018-05-09T11:00:25+08:00 ] 127.0.0.1 /luomansi/index.php/Home/Code/index
INFO: [ app_init ] --START--
INFO: Run Behavior\BuildLiteBehavior [ RunTime:0.000000s ]
INFO: [ app_init ] --END-- [ RunTime:0.001000s ]
INFO: [ app_begin ] --START--
INFO: Run Behavior\ReadHtmlCacheBehavior [ RunTime:0.002000s ]
INFO: [ app_begin ] --END-- [ RunTime:0.002000s ]
SQL: SHOW COLUMNS FROM `saleman_ad` [ RunTime:0.0010s ]
SQL: SELECT `ad` FROM `saleman_ad` WHERE ( id=1 ) LIMIT 1   [ RunTime:0.0000s ]
SQL: SHOW COLUMNS FROM `saleman_client` [ RunTime:0.0000s ]
SQL: SELECT * FROM `saleman_client` WHERE ( id=1 ) LIMIT 1   [ RunTime:0.0000s ]
INFO: [ view_parse ] --START--
INFO: [ template_filter ] --START--
INFO: Run Behavior\ContentReplaceBehavior [ RunTime:0.000000s ]
INFO: [ template_filter ] --END-- [ RunTime:0.000000s ]
NOTIC: [8] Undefined variable: jssdk D:\wamp64\www\luomansi\Application\Runtime\Cache\Home\bca5e6e1d866597f5d485b66b99a04d2.php 第 137 行.
NOTIC: [8] Undefined variable: jssdk D:\wamp64\www\luomansi\Application\Runtime\Cache\Home\bca5e6e1d866597f5d485b66b99a04d2.php 第 138 行.
NOTIC: [8] Undefined variable: jssdk D:\wamp64\www\luomansi\Application\Runtime\Cache\Home\bca5e6e1d866597f5d485b66b99a04d2.php 第 139 行.
NOTIC: [8] Undefined variable: jssdk D:\wamp64\www\luomansi\Application\Runtime\Cache\Home\bca5e6e1d866597f5d485b66b99a04d2.php 第 140 行.
INFO: Run Behavior\ParseTemplateBehavior [ RunTime:0.009000s ]
INFO: [ view_parse ] --END-- [ RunTime:0.010000s ]
INFO: [ view_filter ] --START--
INFO: Run Behavior\WriteHtmlCacheBehavior [ RunTime:0.001001s ]
INFO: [ view_filter ] --END-- [ RunTime:0.001001s ]
INFO: [ app_end ] --START--
INFO: Run Behavior\ShowPageTraceBehavior [ RunTime:0.001000s ]
INFO: [ app_end ] --END-- [ RunTime:0.001000s ]

[ 2018-05-09T11:00:26+08:00 ] 127.0.0.1 /luomansi/index.php/Home/Code/codesearch.html
INFO: [ app_init ] --START--
INFO: Run Behavior\BuildLiteBehavior [ RunTime:0.000000s ]
INFO: [ app_init ] --END-- [ RunTime:0.001000s ]
INFO: [ app_begin ] --START--
INFO: Run Behavior\ReadHtmlCacheBehavior [ RunTime:0.001000s ]
INFO: [ app_begin ] --END-- [ RunTime:0.001000s ]
SQL: SHOW COLUMNS FROM `saleman_codesearch` [ RunTime:0.0030s ]
ERR: 1054:Unknown column 'code' in 'where clause'
 [ SQL语句 ] : SELECT * FROM `saleman_codesearch` WHERE ( code='11' ) LIMIT 1  
ERR: 1054:Unknown column 'code' in 'where clause'
 [ SQL语句 ] : SELECT * FROM `saleman_codesearch` WHERE ( code='11' ) LIMIT 1  

[ 2018-05-09T11:00:46+08:00 ] 127.0.0.1 /luomansi/index.php/Home/Code/codesearch.html
INFO: [ app_init ] --START--
INFO: Run Behavior\BuildLiteBehavior [ RunTime:0.000000s ]
INFO: [ app_init ] --END-- [ RunTime:0.000000s ]
INFO: [ app_begin ] --START--
INFO: Run Behavior\ReadHtmlCacheBehavior [ RunTime:0.000000s ]
INFO: [ app_begin ] --END-- [ RunTime:0.000000s ]
INFO: [ view_parse ] --START--
INFO: [ template_filter ] --START--
INFO: Run Behavior\ContentReplaceBehavior [ RunTime:0.000000s ]
INFO: [ template_filter ] --END-- [ RunTime:0.000000s ]
INFO: Run Behavior\ParseTemplateBehavior [ RunTime:0.005000s ]
INFO: [ view_parse ] --END-- [ RunTime:0.005000s ]
INFO: [ view_filter ] --START--
INFO: Run Behavior\WriteHtmlCacheBehavior [ RunTime:0.001000s ]
INFO: [ view_filter ] --END-- [ RunTime:0.001000s ]

[ 2018-05-09T11:03:59+08:00 ] 127.0.0.1 /luomansi/index.php/Home/Code/index
INFO: [ app_init ] --START--
INFO: Run Behavior\BuildLiteBehavior [ RunTime:0.000000s ]
INFO: [ app_init ] --END-- [ RunTime:0.000000s ]
INFO: [ app_begin ] --START--
INFO: Run Behavior\ReadHtmlCacheBehavior [ RunTime:0.001000s ]
INFO: [ app_begin ] --END-- [ RunTime:0.001000s ]
SQL: SHOW COLUMNS FROM `saleman_ad` [ RunTime:0.0020s ]
SQL: SELECT `ad` FROM `saleman_ad` WHERE ( id=1 ) LIMIT 1   [ RunTime:0.0000s ]
SQL: SHOW COLUMNS FROM `saleman_client` [ RunTime:0.0020s ]
SQL: SELECT * FROM `saleman_client` WHERE ( id=1 ) LIMIT 1   [ RunTime:0.0010s ]
INFO: [ view_parse ] --START--
INFO: [ template_filter ] --START--
INFO: Run Behavior\ContentReplaceBehavior [ RunTime:0.000000s ]
INFO: [ template_filter ] --END-- [ RunTime:0.001000s ]
NOTIC: [8] Undefined variable: jssdk D:\wamp64\www\luomansi\Application\Runtime\Cache\Home\bca5e6e1d866597f5d485b66b99a04d2.php 第 137 行.
NOTIC: [8] Undefined variable: jssdk D:\wamp64\www\luomansi\Application\Runtime\Cache\Home\bca5e6e1d866597f5d485b66b99a04d2.php 第 138 行.
NOTIC: [8] Undefined variable: jssdk D:\wamp64\www\luomansi\Application\Runtime\Cache\Home\bca5e6e1d866597f5d485b66b99a04d2.php 第 139 行.
NOTIC: [8] Undefined variable: jssdk D:\wamp64\www\luomansi\Application\Runtime\Cache\Home\bca5e6e1d866597f5d485b66b99a04d2.php 第 140 行.
INFO: Run Behavior\ParseTemplateBehavior [ RunTime:0.009001s ]
INFO: [ view_parse ] --END-- [ RunTime:0.009001s ]
INFO: [ view_filter ] --START--
INFO: Run Behavior\WriteHtmlCacheBehavior [ RunTime:0.001000s ]
INFO: [ view_filter ] --END-- [ RunTime:0.001000s ]
INFO: [ app_end ] --START--
INFO: Run Behavior\ShowPageTraceBehavior [ RunTime:0.001000s ]
INFO: [ app_end ] --END-- [ RunTime:0.001000s ]

[ 2018-05-09T11:04:01+08:00 ] 127.0.0.1 /luomansi/index.php/Home/Code/codesearch.html
INFO: [ app_init ] --START--
INFO: Run Behavior\BuildLiteBehavior [ RunTime:0.000000s ]
INFO: [ app_init ] --END-- [ RunTime:0.000000s ]
INFO: [ app_begin ] --START--
INFO: Run Behavior\ReadHtmlCacheBehavior [ RunTime:0.001000s ]
INFO: [ app_begin ] --END-- [ RunTime:0.001000s ]
SQL: SHOW COLUMNS FROM `saleman_codesearch` [ RunTime:0.0010s ]
SQL: SELECT * FROM `saleman_codesearch` WHERE ( goodsCode='11' ) LIMIT 1   [ RunTime:0.0010s ]

[ 2018-05-09T11:04:27+08:00 ] 127.0.0.1 /luomansi/index.php/Home/Code/codesearch.html
INFO: [ app_init ] --START--
INFO: Run Behavior\BuildLiteBehavior [ RunTime:0.000000s ]
INFO: [ app_init ] --END-- [ RunTime:0.000000s ]
INFO: [ app_begin ] --START--
INFO: Run Behavior\ReadHtmlCacheBehavior [ RunTime:0.001000s ]
INFO: [ app_begin ] --END-- [ RunTime:0.001000s ]
SQL: SHOW COLUMNS FROM `saleman_codesearch` [ RunTime:0.0010s ]
SQL: SELECT * FROM `saleman_codesearch` WHERE ( goodsCode='111111111111111111' ) LIMIT 1   [ RunTime:0.0000s ]

[ 2018-05-09T11:04:38+08:00 ] 127.0.0.1 /luomansi/index.php/Home/Code/index
INFO: [ app_init ] --START--
INFO: Run Behavior\BuildLiteBehavior [ RunTime:0.000000s ]
INFO: [ app_init ] --END-- [ RunTime:0.001000s ]
INFO: [ app_begin ] --START--
INFO: Run Behavior\ReadHtmlCacheBehavior [ RunTime:0.001000s ]
INFO: [ app_begin ] --END-- [ RunTime:0.001000s ]
SQL: SHOW COLUMNS FROM `saleman_ad` [ RunTime:0.0000s ]
SQL: SELECT `ad` FROM `saleman_ad` WHERE ( id=1 ) LIMIT 1   [ RunTime:0.0000s ]
SQL: SHOW COLUMNS FROM `saleman_client` [ RunTime:0.0010s ]
SQL: SELECT * FROM `saleman_client` WHERE ( id=1 ) LIMIT 1   [ RunTime:0.0010s ]
INFO: [ view_parse ] --START--
INFO: [ template_filter ] --START--
INFO: Run Behavior\ContentReplaceBehavior [ RunTime:0.000000s ]
INFO: [ template_filter ] --END-- [ RunTime:0.000000s ]
NOTIC: [8] Undefined variable: jssdk D:\wamp64\www\luomansi\Application\Runtime\Cache\Home\bca5e6e1d866597f5d485b66b99a04d2.php 第 137 行.
NOTIC: [8] Undefined variable: jssdk D:\wamp64\www\luomansi\Application\Runtime\Cache\Home\bca5e6e1d866597f5d485b66b99a04d2.php 第 138 行.
NOTIC: [8] Undefined variable: jssdk D:\wamp64\www\luomansi\Application\Runtime\Cache\Home\bca5e6e1d866597f5d485b66b99a04d2.php 第 139 行.
NOTIC: [8] Undefined variable: jssdk D:\wamp64\www\luomansi\Application\Runtime\Cache\Home\bca5e6e1d866597f5d485b66b99a04d2.php 第 140 行.
INFO: Run Behavior\ParseTemplateBehavior [ RunTime:0.009001s ]
INFO: [ view_parse ] --END-- [ RunTime:0.009001s ]
INFO: [ view_filter ] --START--
INFO: Run Behavior\WriteHtmlCacheBehavior [ RunTime:0.000000s ]
INFO: [ view_filter ] --END-- [ RunTime:0.000000s ]
INFO: [ app_end ] --START--
INFO: Run Behavior\ShowPageTraceBehavior [ RunTime:0.000000s ]
INFO: [ app_end ] --END-- [ RunTime:0.000000s ]

[ 2018-05-09T11:04:40+08:00 ] 127.0.0.1 /luomansi/index.php/Home/Code/codesearch.html
INFO: [ app_init ] --START--
INFO: Run Behavior\BuildLiteBehavior [ RunTime:0.000000s ]
INFO: [ app_init ] --END-- [ RunTime:0.000000s ]
INFO: [ app_begin ] --START--
INFO: Run Behavior\ReadHtmlCacheBehavior [ RunTime:0.000000s ]
INFO: [ app_begin ] --END-- [ RunTime:0.001000s ]
SQL: SHOW COLUMNS FROM `saleman_codesearch` [ RunTime:0.0020s ]
SQL: SELECT * FROM `saleman_codesearch` WHERE ( goodsCode='111111111111111111' ) LIMIT 1   [ RunTime:0.0010s ]

[ 2018-05-09T11:04:42+08:00 ] 127.0.0.1 /luomansi/index.php/Home/Code/codesearch.html
INFO: [ app_init ] --START--
INFO: Run Behavior\BuildLiteBehavior [ RunTime:0.000000s ]
INFO: [ app_init ] --END-- [ RunTime:0.000000s ]
INFO: [ app_begin ] --START--
INFO: Run Behavior\ReadHtmlCacheBehavior [ RunTime:0.001000s ]
INFO: [ app_begin ] --END-- [ RunTime:0.001000s ]
SQL: SHOW COLUMNS FROM `saleman_codesearch` [ RunTime:0.0000s ]
SQL: SELECT * FROM `saleman_codesearch` WHERE ( goodsCode='111111111111111111' ) LIMIT 1   [ RunTime:0.0000s ]

[ 2018-05-09T11:04:48+08:00 ] 127.0.0.1 /luomansi/index.php/Home/Code/index
INFO: [ app_init ] --START--
INFO: Run Behavior\BuildLiteBehavior [ RunTime:0.000000s ]
INFO: [ app_init ] --END-- [ RunTime:0.000000s ]
INFO: [ app_begin ] --START--
INFO: Run Behavior\ReadHtmlCacheBehavior [ RunTime:0.000000s ]
INFO: [ app_begin ] --END-- [ RunTime:0.000000s ]
SQL: SHOW COLUMNS FROM `saleman_ad` [ RunTime:0.0020s ]
SQL: SELECT `ad` FROM `saleman_ad` WHERE ( id=1 ) LIMIT 1   [ RunTime:0.0000s ]
SQL: SHOW COLUMNS FROM `saleman_client` [ RunTime:0.0010s ]
SQL: SELECT * FROM `saleman_client` WHERE ( id=1 ) LIMIT 1   [ RunTime:0.0000s ]
INFO: [ view_parse ] --START--
INFO: [ template_filter ] --START--
INFO: Run Behavior\ContentReplaceBehavior [ RunTime:0.000000s ]
INFO: [ template_filter ] --END-- [ RunTime:0.000000s ]
NOTIC: [8] Undefined variable: jssdk D:\wamp64\www\luomansi\Application\Runtime\Cache\Home\bca5e6e1d866597f5d485b66b99a04d2.php 第 137 行.
NOTIC: [8] Undefined variable: jssdk D:\wamp64\www\luomansi\Application\Runtime\Cache\Home\bca5e6e1d866597f5d485b66b99a04d2.php 第 138 行.
NOTIC: [8] Undefined variable: jssdk D:\wamp64\www\luomansi\Application\Runtime\Cache\Home\bca5e6e1d866597f5d485b66b99a04d2.php 第 139 行.
NOTIC: [8] Undefined variable: jssdk D:\wamp64\www\luomansi\Application\Runtime\Cache\Home\bca5e6e1d866597f5d485b66b99a04d2.php 第 140 行.
INFO: Run Behavior\ParseTemplateBehavior [ RunTime:0.007001s ]
INFO: [ view_parse ] --END-- [ RunTime:0.007001s ]
INFO: [ view_filter ] --START--
INFO: Run Behavior\WriteHtmlCacheBehavior [ RunTime:0.001000s ]
INFO: [ view_filter ] --END-- [ RunTime:0.001000s ]
INFO: [ app_end ] --START--
INFO: Run Behavior\ShowPageTraceBehavior [ RunTime:0.001000s ]
INFO: [ app_end ] --END-- [ RunTime:0.001000s ]

[ 2018-05-09T11:06:14+08:00 ] 127.0.0.1 /luomansi/index.php/Home/Code/index
INFO: [ app_init ] --START--
INFO: Run Behavior\BuildLiteBehavior [ RunTime:0.000000s ]
INFO: [ app_init ] --END-- [ RunTime:0.001000s ]
INFO: [ app_begin ] --START--
INFO: Run Behavior\ReadHtmlCacheBehavior [ RunTime:0.001000s ]
INFO: [ app_begin ] --END-- [ RunTime:0.001000s ]
SQL: SHOW COLUMNS FROM `saleman_ad` [ RunTime:0.0010s ]
SQL: SELECT `ad` FROM `saleman_ad` WHERE ( id=1 ) LIMIT 1   [ RunTime:0.0000s ]
SQL: SHOW COLUMNS FROM `saleman_client` [ RunTime:0.0010s ]
SQL: SELECT * FROM `saleman_client` WHERE ( id=1 ) LIMIT 1   [ RunTime:0.0010s ]
INFO: [ view_parse ] --START--
INFO: [ template_filter ] --START--
INFO: Run Behavior\ContentReplaceBehavior [ RunTime:0.000000s ]
INFO: [ template_filter ] --END-- [ RunTime:0.000000s ]
NOTIC: [8] Undefined variable: jssdk D:\wamp64\www\luomansi\Application\Runtime\Cache\Home\bca5e6e1d866597f5d485b66b99a04d2.php 第 137 行.
NOTIC: [8] Undefined variable: jssdk D:\wamp64\www\luomansi\Application\Runtime\Cache\Home\bca5e6e1d866597f5d485b66b99a04d2.php 第 138 行.
NOTIC: [8] Undefined variable: jssdk D:\wamp64\www\luomansi\Application\Runtime\Cache\Home\bca5e6e1d866597f5d485b66b99a04d2.php 第 139 行.
NOTIC: [8] Undefined variable: jssdk D:\wamp64\www\luomansi\Application\Runtime\Cache\Home\bca5e6e1d866597f5d485b66b99a04d2.php 第 140 行.
INFO: Run Behavior\ParseTemplateBehavior [ RunTime:0.008001s ]
INFO: [ view_parse ] --END-- [ RunTime:0.008001s ]
INFO: [ view_filter ] --START--
INFO: Run Behavior\WriteHtmlCacheBehavior [ RunTime:0.000000s ]
INFO: [ view_filter ] --END-- [ RunTime:0.000000s ]
INFO: [ app_end ] --START--
INFO: Run Behavior\ShowPageTraceBehavior [ RunTime:0.000000s ]
INFO: [ app_end ] --END-- [ RunTime:0.000000s ]

[ 2018-05-09T11:06:15+08:00 ] 127.0.0.1 /luomansi/index.php/Home/Code/index
INFO: [ app_init ] --START--
INFO: Run Behavior\BuildLiteBehavior [ RunTime:0.000000s ]
INFO: [ app_init ] --END-- [ RunTime:0.001000s ]
INFO: [ app_begin ] --START--
INFO: Run Behavior\ReadHtmlCacheBehavior [ RunTime:0.000000s ]
INFO: [ app_begin ] --END-- [ RunTime:0.000000s ]
SQL: SHOW COLUMNS FROM `saleman_ad` [ RunTime:0.0010s ]
SQL: SELECT `ad` FROM `saleman_ad` WHERE ( id=1 ) LIMIT 1   [ RunTime:0.0000s ]
SQL: SHOW COLUMNS FROM `saleman_client` [ RunTime:0.0000s ]
SQL: SELECT * FROM `saleman_client` WHERE ( id=1 ) LIMIT 1   [ RunTime:0.0000s ]
INFO: [ view_parse ] --START--
INFO: [ template_filter ] --START--
INFO: Run Behavior\ContentReplaceBehavior [ RunTime:0.000000s ]
INFO: [ template_filter ] --END-- [ RunTime:0.001000s ]
NOTIC: [8] Undefined variable: jssdk D:\wamp64\www\luomansi\Application\Runtime\Cache\Home\bca5e6e1d866597f5d485b66b99a04d2.php 第 137 行.
NOTIC: [8] Undefined variable: jssdk D:\wamp64\www\luomansi\Application\Runtime\Cache\Home\bca5e6e1d866597f5d485b66b99a04d2.php 第 138 行.
NOTIC: [8] Undefined variable: jssdk D:\wamp64\www\luomansi\Application\Runtime\Cache\Home\bca5e6e1d866597f5d485b66b99a04d2.php 第 139 行.
NOTIC: [8] Undefined variable: jssdk D:\wamp64\www\luomansi\Application\Runtime\Cache\Home\bca5e6e1d866597f5d485b66b99a04d2.php 第 140 行.
INFO: Run Behavior\ParseTemplateBehavior [ RunTime:0.008000s ]
INFO: [ view_parse ] --END-- [ RunTime:0.008000s ]
INFO: [ view_filter ] --START--
INFO: Run Behavior\WriteHtmlCacheBehavior [ RunTime:0.001000s ]
INFO: [ view_filter ] --END-- [ RunTime:0.001000s ]
INFO: [ app_end ] --START--
INFO: Run Behavior\ShowPageTraceBehavior [ RunTime:0.001000s ]
INFO: [ app_end ] --END-- [ RunTime:0.001000s ]

[ 2018-05-09T11:06:51+08:00 ] 127.0.0.1 /luomansi/index.php/Home/Code/codesearch.html
INFO: [ app_init ] --START--
INFO: Run Behavior\BuildLiteBehavior [ RunTime:0.000000s ]
INFO: [ app_init ] --END-- [ RunTime:0.000000s ]
INFO: [ app_begin ] --START--
INFO: Run Behavior\ReadHtmlCacheBehavior [ RunTime:0.000000s ]
INFO: [ app_begin ] --END-- [ RunTime:0.000000s ]
SQL: SHOW COLUMNS FROM `saleman_codesearch` [ RunTime:0.0010s ]
SQL: SELECT * FROM `saleman_codesearch` WHERE ( goodsCode='111111' ) LIMIT 1   [ RunTime:0.0000s ]

[ 2018-05-09T11:06:54+08:00 ] 127.0.0.1 /luomansi/index.php/Home/Code/codesearch.html
INFO: [ app_init ] --START--
INFO: Run Behavior\BuildLiteBehavior [ RunTime:0.000000s ]
INFO: [ app_init ] --END-- [ RunTime:0.001000s ]
INFO: [ app_begin ] --START--
INFO: Run Behavior\ReadHtmlCacheBehavior [ RunTime:0.001000s ]
INFO: [ app_begin ] --END-- [ RunTime:0.001000s ]
SQL: SHOW COLUMNS FROM `saleman_codesearch` [ RunTime:0.0000s ]
SQL: SELECT * FROM `saleman_codesearch` WHERE ( goodsCode='111111' ) LIMIT 1   [ RunTime:0.0000s ]

[ 2018-05-09T11:07:23+08:00 ] 127.0.0.1 /luomansi/index.php/Home/Code/index
INFO: [ app_init ] --START--
INFO: Run Behavior\BuildLiteBehavior [ RunTime:0.000000s ]
INFO: [ app_init ] --END-- [ RunTime:0.001000s ]
INFO: [ app_begin ] --START--
INFO: Run Behavior\ReadHtmlCacheBehavior [ RunTime:0.001000s ]
INFO: [ app_begin ] --END-- [ RunTime:0.001000s ]
SQL: SHOW COLUMNS FROM `saleman_ad` [ RunTime:0.0010s ]
SQL: SELECT `ad` FROM `saleman_ad` WHERE ( id=1 ) LIMIT 1   [ RunTime:0.0010s ]
SQL: SHOW COLUMNS FROM `saleman_client` [ RunTime:0.0010s ]
SQL: SELECT * FROM `saleman_client` WHERE ( id=1 ) LIMIT 1   [ RunTime:0.0000s ]
INFO: [ view_parse ] --START--
INFO: [ template_filter ] --START--
INFO: Run Behavior\ContentReplaceBehavior [ RunTime:0.000000s ]
INFO: [ template_filter ] --END-- [ RunTime:0.000000s ]
NOTIC: [8] Undefined variable: jssdk D:\wamp64\www\luomansi\Application\Runtime\Cache\Home\bca5e6e1d866597f5d485b66b99a04d2.php 第 140 行.
NOTIC: [8] Undefined variable: jssdk D:\wamp64\www\luomansi\Application\Runtime\Cache\Home\bca5e6e1d866597f5d485b66b99a04d2.php 第 141 行.
NOTIC: [8] Undefined variable: jssdk D:\wamp64\www\luomansi\Application\Runtime\Cache\Home\bca5e6e1d866597f5d485b66b99a04d2.php 第 142 行.
NOTIC: [8] Undefined variable: jssdk D:\wamp64\www\luomansi\Application\Runtime\Cache\Home\bca5e6e1d866597f5d485b66b99a04d2.php 第 143 行.
INFO: Run Behavior\ParseTemplateBehavior [ RunTime:0.007000s ]
INFO: [ view_parse ] --END-- [ RunTime:0.007000s ]
INFO: [ view_filter ] --START--
INFO: Run Behavior\WriteHtmlCacheBehavior [ RunTime:0.001000s ]
INFO: [ view_filter ] --END-- [ RunTime:0.001000s ]
INFO: [ app_end ] --START--
INFO: Run Behavior\ShowPageTraceBehavior [ RunTime:0.001000s ]
INFO: [ app_end ] --END-- [ RunTime:0.001000s ]

[ 2018-05-09T11:07:27+08:00 ] 127.0.0.1 /luomansi/index.php/Home/Code/codesearch.html
INFO: [ app_init ] --START--
INFO: Run Behavior\BuildLiteBehavior [ RunTime:0.000000s ]
INFO: [ app_init ] --END-- [ RunTime:0.001000s ]
INFO: [ app_begin ] --START--
INFO: Run Behavior\ReadHtmlCacheBehavior [ RunTime:0.001000s ]
INFO: [ app_begin ] --END-- [ RunTime:0.001000s ]
SQL: SHOW COLUMNS FROM `saleman_codesearch` [ RunTime:0.0020s ]
SQL: SELECT * FROM `saleman_codesearch` WHERE ( goodsCode='1' ) LIMIT 1   [ RunTime:0.0010s ]

[ 2018-05-09T11:07:57+08:00 ] 127.0.0.1 /luomansi/index.php/Home/Code/index
INFO: [ app_init ] --START--
INFO: Run Behavior\BuildLiteBehavior [ RunTime:0.000000s ]
INFO: [ app_init ] --END-- [ RunTime:0.001000s ]
INFO: [ app_begin ] --START--
INFO: Run Behavior\ReadHtmlCacheBehavior [ RunTime:0.001000s ]
INFO: [ app_begin ] --END-- [ RunTime:0.001000s ]
SQL: SHOW COLUMNS FROM `saleman_ad` [ RunTime:0.0010s ]
SQL: SELECT `ad` FROM `saleman_ad` WHERE ( id=1 ) LIMIT 1   [ RunTime:0.0010s ]
SQL: SHOW COLUMNS FROM `saleman_client` [ RunTime:0.0010s ]
SQL: SELECT * FROM `saleman_client` WHERE ( id=1 ) LIMIT 1   [ RunTime:0.0010s ]
INFO: [ view_parse ] --START--
INFO: [ template_filter ] --START--
INFO: Run Behavior\ContentReplaceBehavior [ RunTime:0.000000s ]
INFO: [ template_filter ] --END-- [ RunTime:0.000000s ]
NOTIC: [8] Undefined variable: jssdk D:\wamp64\www\luomansi\Application\Runtime\Cache\Home\bca5e6e1d866597f5d485b66b99a04d2.php 第 141 行.
NOTIC: [8] Undefined variable: jssdk D:\wamp64\www\luomansi\Application\Runtime\Cache\Home\bca5e6e1d866597f5d485b66b99a04d2.php 第 142 行.
NOTIC: [8] Undefined variable: jssdk D:\wamp64\www\luomansi\Application\Runtime\Cache\Home\bca5e6e1d866597f5d485b66b99a04d2.php 第 143 行.
NOTIC: [8] Undefined variable: jssdk D:\wamp64\www\luomansi\Application\Runtime\Cache\Home\bca5e6e1d866597f5d485b66b99a04d2.php 第 144 行.
INFO: Run Behavior\ParseTemplateBehavior [ RunTime:0.008001s ]
INFO: [ view_parse ] --END-- [ RunTime:0.008001s ]
INFO: [ view_filter ] --START--
INFO: Run Behavior\WriteHtmlCacheBehavior [ RunTime:0.001000s ]
INFO: [ view_filter ] --END-- [ RunTime:0.001000s ]
INFO: [ app_end ] --START--
INFO: Run Behavior\ShowPageTraceBehavior [ RunTime:0.001000s ]
INFO: [ app_end ] --END-- [ RunTime:0.001000s ]

[ 2018-05-09T11:07:59+08:00 ] 127.0.0.1 /luomansi/index.php/Home/Code/codesearch.html
INFO: [ app_init ] --START--
INFO: Run Behavior\BuildLiteBehavior [ RunTime:0.000000s ]
INFO: [ app_init ] --END-- [ RunTime:0.000000s ]
INFO: [ app_begin ] --START--
INFO: Run Behavior\ReadHtmlCacheBehavior [ RunTime:0.001000s ]
INFO: [ app_begin ] --END-- [ RunTime:0.001000s ]
SQL: SHOW COLUMNS FROM `saleman_codesearch` [ RunTime:0.0010s ]
SQL: SELECT * FROM `saleman_codesearch` WHERE ( goodsCode='1' ) LIMIT 1   [ RunTime:0.0010s ]

[ 2018-05-09T11:08:10+08:00 ] 127.0.0.1 /luomansi/index.php/Home/Code/codesearch.html
INFO: [ app_init ] --START--
INFO: Run Behavior\BuildLiteBehavior [ RunTime:0.000000s ]
INFO: [ app_init ] --END-- [ RunTime:0.004001s ]
INFO: [ app_begin ] --START--
INFO: Run Behavior\ReadHtmlCacheBehavior [ RunTime:0.000000s ]
INFO: [ app_begin ] --END-- [ RunTime:0.000000s ]
SQL: SHOW COLUMNS FROM `saleman_codesearch` [ RunTime:0.0020s ]
SQL: SELECT * FROM `saleman_codesearch` WHERE ( goodsCode='111111111111111111' ) LIMIT 1   [ RunTime:0.0000s ]

[ 2018-05-09T11:08:12+08:00 ] 127.0.0.1 /luomansi/index.php/Home/Code/codesearch.html
INFO: [ app_init ] --START--
INFO: Run Behavior\BuildLiteBehavior [ RunTime:0.000000s ]
INFO: [ app_init ] --END-- [ RunTime:0.001001s ]
INFO: [ app_begin ] --START--
INFO: Run Behavior\ReadHtmlCacheBehavior [ RunTime:0.001000s ]
INFO: [ app_begin ] --END-- [ RunTime:0.001000s ]
SQL: SHOW COLUMNS FROM `saleman_codesearch` [ RunTime:0.0010s ]
SQL: SELECT * FROM `saleman_codesearch` WHERE ( goodsCode='111111111111111111' ) LIMIT 1   [ RunTime:0.0010s ]

[ 2018-05-09T11:09:02+08:00 ] 127.0.0.1 /luomansi/index.php/Home/Code/index
INFO: [ app_init ] --START--
INFO: Run Behavior\BuildLiteBehavior [ RunTime:0.000000s ]
INFO: [ app_init ] --END-- [ RunTime:0.001000s ]
INFO: [ app_begin ] --START--
INFO: Run Behavior\ReadHtmlCacheBehavior [ RunTime:0.001000s ]
INFO: [ app_begin ] --END-- [ RunTime:0.001000s ]
SQL: SHOW COLUMNS FROM `saleman_ad` [ RunTime:0.0020s ]
SQL: SELECT `ad` FROM `saleman_ad` WHERE ( id=1 ) LIMIT 1   [ RunTime:0.0010s ]
SQL: SHOW COLUMNS FROM `saleman_client` [ RunTime:0.0000s ]
SQL: SELECT * FROM `saleman_client` WHERE ( id=1 ) LIMIT 1   [ RunTime:0.0010s ]
INFO: [ view_parse ] --START--
INFO: [ template_filter ] --START--
INFO: Run Behavior\ContentReplaceBehavior [ RunTime:0.001000s ]
INFO: [ template_filter ] --END-- [ RunTime:0.001000s ]
NOTIC: [8] Undefined variable: jssdk D:\wamp64\www\luomansi\Application\Runtime\Cache\Home\bca5e6e1d866597f5d485b66b99a04d2.php 第 141 行.
NOTIC: [8] Undefined variable: jssdk D:\wamp64\www\luomansi\Application\Runtime\Cache\Home\bca5e6e1d866597f5d485b66b99a04d2.php 第 142 行.
NOTIC: [8] Undefined variable: jssdk D:\wamp64\www\luomansi\Application\Runtime\Cache\Home\bca5e6e1d866597f5d485b66b99a04d2.php 第 143 行.
NOTIC: [8] Undefined variable: jssdk D:\wamp64\www\luomansi\Application\Runtime\Cache\Home\bca5e6e1d866597f5d485b66b99a04d2.php 第 144 行.
INFO: Run Behavior\ParseTemplateBehavior [ RunTime:0.009001s ]
INFO: [ view_parse ] --END-- [ RunTime:0.009001s ]
INFO: [ view_filter ] --START--
INFO: Run Behavior\WriteHtmlCacheBehavior [ RunTime:0.000000s ]
INFO: [ view_filter ] --END-- [ RunTime:0.001000s ]
INFO: [ app_end ] --START--
INFO: Run Behavior\ShowPageTraceBehavior [ RunTime:0.001000s ]
INFO: [ app_end ] --END-- [ RunTime:0.001000s ]

[ 2018-05-09T11:50:24+08:00 ] 127.0.0.1 /luomansi/index.php/Home/Code/codesearch.html
INFO: [ app_init ] --START--
INFO: Run Behavior\BuildLiteBehavior [ RunTime:0.000000s ]
INFO: [ app_init ] --END-- [ RunTime:0.001000s ]
INFO: [ app_begin ] --START--
INFO: Run Behavior\ReadHtmlCacheBehavior [ RunTime:0.001000s ]
INFO: [ app_begin ] --END-- [ RunTime:0.001000s ]

[ 2018-05-09T11:50:28+08:00 ] 127.0.0.1 /luomansi/index.php/Home/Code/codesearch.html
INFO: [ app_init ] --START--
INFO: Run Behavior\BuildLiteBehavior [ RunTime:0.000000s ]
INFO: [ app_init ] --END-- [ RunTime:0.001000s ]
INFO: [ app_begin ] --START--
INFO: Run Behavior\ReadHtmlCacheBehavior [ RunTime:0.000000s ]
INFO: [ app_begin ] --END-- [ RunTime:0.001000s ]
SQL: SHOW COLUMNS FROM `saleman_codesearch` [ RunTime:0.0010s ]
SQL: SELECT * FROM `saleman_codesearch` WHERE `goodsCode` LIKE '%111111111111111111%' LIMIT 1   [ RunTime:0.0010s ]

[ 2018-05-09T11:50:31+08:00 ] 127.0.0.1 /luomansi/index.php/Home/Code/codesearch.html
INFO: [ app_init ] --START--
INFO: Run Behavior\BuildLiteBehavior [ RunTime:0.000000s ]
INFO: [ app_init ] --END-- [ RunTime:0.001000s ]
INFO: [ app_begin ] --START--
INFO: Run Behavior\ReadHtmlCacheBehavior [ RunTime:0.001000s ]
INFO: [ app_begin ] --END-- [ RunTime:0.001000s ]
SQL: SHOW COLUMNS FROM `saleman_codesearch` [ RunTime:0.0010s ]
SQL: SELECT * FROM `saleman_codesearch` WHERE `goodsCode` LIKE '%1111111111111111111%' LIMIT 1   [ RunTime:0.0010s ]
SQL: SHOW COLUMNS FROM `saleman_code` [ RunTime:0.0000s ]
SQL: SELECT * FROM `saleman_code` WHERE `goodsCode` LIKE '%1111111111111111111%' LIMIT 1   [ RunTime:0.0000s ]
INFO: [ app_end ] --START--
INFO: Run Behavior\ShowPageTraceBehavior [ RunTime:0.002000s ]
INFO: [ app_end ] --END-- [ RunTime:0.002000s ]

[ 2018-05-09T11:51:07+08:00 ] 127.0.0.1 /luomansi/index.php/Home/Code/codesearch.html
INFO: [ app_init ] --START--
INFO: Run Behavior\BuildLiteBehavior [ RunTime:0.000000s ]
INFO: [ app_init ] --END-- [ RunTime:0.001000s ]
INFO: [ app_begin ] --START--
INFO: Run Behavior\ReadHtmlCacheBehavior [ RunTime:0.000000s ]
INFO: [ app_begin ] --END-- [ RunTime:0.000000s ]
SQL: SHOW COLUMNS FROM `saleman_codesearch` [ RunTime:0.0000s ]
SQL: SELECT * FROM `saleman_codesearch` WHERE `goodsCode` LIKE '%1111111111111111111%' LIMIT 1   [ RunTime:0.0000s ]
SQL: SHOW COLUMNS FROM `saleman_code` [ RunTime:0.0010s ]
SQL: SELECT * FROM `saleman_code` WHERE `goodsCode` LIKE '%1111111111111111111%' LIMIT 1   [ RunTime:0.0010s ]

[ 2018-05-09T11:51:10+08:00 ] 127.0.0.1 /luomansi/index.php/Home/Code/codesearch.html
INFO: [ app_init ] --START--
INFO: Run Behavior\BuildLiteBehavior [ RunTime:0.000000s ]
INFO: [ app_init ] --END-- [ RunTime:0.001000s ]
INFO: [ app_begin ] --START--
INFO: Run Behavior\ReadHtmlCacheBehavior [ RunTime:0.001000s ]
INFO: [ app_begin ] --END-- [ RunTime:0.001000s ]
SQL: SHOW COLUMNS FROM `saleman_codesearch` [ RunTime:0.0020s ]
SQL: SELECT * FROM `saleman_codesearch` WHERE `goodsCode` LIKE '%111111111111111111%' LIMIT 1   [ RunTime:0.0010s ]

[ 2018-05-09T11:51:13+08:00 ] 127.0.0.1 /luomansi/index.php/Home/Code/codesearch.html
INFO: [ app_init ] --START--
INFO: Run Behavior\BuildLiteBehavior [ RunTime:0.000000s ]
INFO: [ app_init ] --END-- [ RunTime:0.001000s ]
INFO: [ app_begin ] --START--
INFO: Run Behavior\ReadHtmlCacheBehavior [ RunTime:0.003000s ]
INFO: [ app_begin ] --END-- [ RunTime:0.003000s ]
SQL: SHOW COLUMNS FROM `saleman_codesearch` [ RunTime:0.0010s ]
SQL: SELECT * FROM `saleman_codesearch` WHERE `goodsCode` LIKE '%1111111111111111%' LIMIT 1   [ RunTime:0.0000s ]

[ 2018-05-09T11:52:03+08:00 ] 127.0.0.1 /luomansi/index.php/Home/Code/codesearch.html
INFO: [ app_init ] --START--
INFO: Run Behavior\BuildLiteBehavior [ RunTime:0.000000s ]
INFO: [ app_init ] --END-- [ RunTime:0.001001s ]
INFO: [ app_begin ] --START--
INFO: Run Behavior\ReadHtmlCacheBehavior [ RunTime:0.000000s ]
INFO: [ app_begin ] --END-- [ RunTime:0.000000s ]
SQL: SHOW COLUMNS FROM `saleman_codesearch` [ RunTime:0.0000s ]
SQL: SELECT * FROM `saleman_codesearch` WHERE `goodsCode` LIKE '%R3BB8D17117F%' LIMIT 1   [ RunTime:0.0000s ]
SQL: SHOW COLUMNS FROM `saleman_code` [ RunTime:0.0010s ]
SQL: SELECT * FROM `saleman_code` WHERE `goodsCode` LIKE '%R3BB8D17117F%' LIMIT 1   [ RunTime:0.0000s ]

[ 2018-05-09T12:08:42+08:00 ] 127.0.0.1 /luomansi/index.php/Home/Code/index
INFO: [ app_init ] --START--
INFO: Run Behavior\BuildLiteBehavior [ RunTime:0.000000s ]
INFO: [ app_init ] --END-- [ RunTime:0.001001s ]
INFO: [ app_begin ] --START--
INFO: Run Behavior\ReadHtmlCacheBehavior [ RunTime:0.001000s ]
INFO: [ app_begin ] --END-- [ RunTime:0.001000s ]
SQL: SHOW COLUMNS FROM `saleman_ad` [ RunTime:0.0020s ]
SQL: SELECT `ad` FROM `saleman_ad` WHERE ( id=1 ) LIMIT 1   [ RunTime:0.0010s ]
SQL: SHOW COLUMNS FROM `saleman_client` [ RunTime:0.0020s ]
SQL: SELECT * FROM `saleman_client` WHERE ( id=1 ) LIMIT 1   [ RunTime:0.0010s ]
INFO: [ view_parse ] --START--
INFO: [ template_filter ] --START--
INFO: Run Behavior\ContentReplaceBehavior [ RunTime:0.000000s ]
INFO: [ template_filter ] --END-- [ RunTime:0.000000s ]
INFO: Run Behavior\ParseTemplateBehavior [ RunTime:0.022001s ]
INFO: [ view_parse ] --END-- [ RunTime:0.022001s ]
INFO: [ view_filter ] --START--
INFO: Run Behavior\WriteHtmlCacheBehavior [ RunTime:0.001000s ]
INFO: [ view_filter ] --END-- [ RunTime:0.002000s ]
INFO: [ app_end ] --START--
INFO: Run Behavior\ShowPageTraceBehavior [ RunTime:0.002000s ]
INFO: [ app_end ] --END-- [ RunTime:0.002000s ]

[ 2018-05-09T12:09:58+08:00 ] 127.0.0.1 /luomansi/index.php/Home/Code/index
INFO: [ app_init ] --START--
INFO: Run Behavior\BuildLiteBehavior [ RunTime:0.001000s ]
INFO: [ app_init ] --END-- [ RunTime:0.001000s ]
INFO: [ app_begin ] --START--
INFO: Run Behavior\ReadHtmlCacheBehavior [ RunTime:0.001000s ]
INFO: [ app_begin ] --END-- [ RunTime:0.001000s ]
SQL: SHOW COLUMNS FROM `saleman_ad` [ RunTime:0.0010s ]
SQL: SELECT `ad` FROM `saleman_ad` WHERE ( id=1 ) LIMIT 1   [ RunTime:0.0010s ]
SQL: SHOW COLUMNS FROM `saleman_client` [ RunTime:0.0010s ]
SQL: SELECT * FROM `saleman_client` WHERE ( id=1 ) LIMIT 1   [ RunTime:0.0000s ]
INFO: [ view_parse ] --START--
INFO: [ template_filter ] --START--
INFO: Run Behavior\ContentReplaceBehavior [ RunTime:0.000000s ]
INFO: [ template_filter ] --END-- [ RunTime:0.000000s ]
INFO: Run Behavior\ParseTemplateBehavior [ RunTime:0.007000s ]
INFO: [ view_parse ] --END-- [ RunTime:0.007000s ]
INFO: [ view_filter ] --START--
INFO: Run Behavior\WriteHtmlCacheBehavior [ RunTime:0.001000s ]
INFO: [ view_filter ] --END-- [ RunTime:0.001000s ]
INFO: [ app_end ] --START--
INFO: Run Behavior\ShowPageTraceBehavior [ RunTime:0.001000s ]
INFO: [ app_end ] --END-- [ RunTime:0.001000s ]

[ 2018-05-09T12:15:24+08:00 ] 127.0.0.1 /luomansi/index.php/Home/Code/index
INFO: [ app_init ] --START--
INFO: Run Behavior\BuildLiteBehavior [ RunTime:0.000000s ]
INFO: [ app_init ] --END-- [ RunTime:0.000000s ]
INFO: [ app_begin ] --START--
INFO: Run Behavior\ReadHtmlCacheBehavior [ RunTime:0.001000s ]
INFO: [ app_begin ] --END-- [ RunTime:0.001000s ]
SQL: SHOW COLUMNS FROM `saleman_ad` [ RunTime:0.0010s ]
SQL: SELECT `ad` FROM `saleman_ad` WHERE ( id=1 ) LIMIT 1   [ RunTime:0.0000s ]
SQL: SHOW COLUMNS FROM `saleman_client` [ RunTime:0.0010s ]
SQL: SELECT * FROM `saleman_client` WHERE ( id=1 ) LIMIT 1   [ RunTime:0.0000s ]
INFO: [ view_parse ] --START--
INFO: [ template_filter ] --START--
INFO: Run Behavior\ContentReplaceBehavior [ RunTime:0.000000s ]
INFO: [ template_filter ] --END-- [ RunTime:0.000000s ]
INFO: Run Behavior\ParseTemplateBehavior [ RunTime:0.007000s ]
INFO: [ view_parse ] --END-- [ RunTime:0.007000s ]
INFO: [ view_filter ] --START--
INFO: Run Behavior\WriteHtmlCacheBehavior [ RunTime:0.001000s ]
INFO: [ view_filter ] --END-- [ RunTime:0.001000s ]
INFO: [ app_end ] --START--
INFO: Run Behavior\ShowPageTraceBehavior [ RunTime:0.001000s ]
INFO: [ app_end ] --END-- [ RunTime:0.001000s ]

