[ 2018-02-06T13:09:03+08:00 ] 127.0.0.1 /luomansi/index.php/Home/Login/serviceAdmin.html
INFO: [ app_begin ] --START--
INFO: Run Behavior\ReadHtmlCacheBehavior [ RunTime:0.000791s ]
INFO: [ app_begin ] --END-- [ RunTime:0.001339s ]
SQL: SHOW COLUMNS FROM `saleman_service_admin` [ RunTime:0.0465s ]
SQL: SELECT * FROM `saleman_service_admin` WHERE `username` = 'cheng' LIMIT 1   [ RunTime:0.0006s ]

[ 2018-02-06T13:09:34+08:00 ] 127.0.0.1 /luomansi/index.php/Home/Login/serviceAdmin.html
INFO: [ app_begin ] --START--
INFO: Run Behavior\ReadHtmlCacheBehavior [ RunTime:0.000733s ]
INFO: [ app_begin ] --END-- [ RunTime:0.001211s ]
SQL: SHOW COLUMNS FROM `saleman_service_admin` [ RunTime:0.0032s ]
SQL: SELECT * FROM `saleman_service_admin` WHERE `username` = '13555555555' LIMIT 1   [ RunTime:0.0003s ]

[ 2018-02-06T13:15:46+08:00 ] 127.0.0.1 /luomansi/index.php/Home/Install/record.html
INFO: [ app_begin ] --START--
INFO: Run Behavior\ReadHtmlCacheBehavior [ RunTime:0.000694s ]
INFO: [ app_begin ] --END-- [ RunTime:0.001238s ]
SQL: SHOW COLUMNS FROM `saleman_service_admin` [ RunTime:0.0035s ]
SQL: SELECT * FROM `saleman_service_admin` WHERE ( id=1 ) LIMIT 1   [ RunTime:0.0004s ]
SQL: SHOW COLUMNS FROM `saleman_install` [ RunTime:0.1474s ]
SQL: INSERT INTO `saleman_install` (`serviceId`,`name`,`phone`,`area`,`address`,`salemanId`,`saleman`,`salemanPhone`,`serName`,`serPhone`,`enTime`) VALUES ('1','ccc','13565456546','北京市东城区','wrgwrgwag','3','cdc','13555555555','陈先生','13555555555','2018-02-06 13:15:45') [ RunTime:0.1407s ]

