[ 2018-03-04T09:15:03+08:00 ] 127.0.0.1 /luomansi/index.php/Home/Login/serviceAdmin.html
INFO: [ app_begin ] --START--
INFO: Run Behavior\ReadHtmlCacheBehavior [ RunTime:0.000829s ]
INFO: [ app_begin ] --END-- [ RunTime:0.001398s ]
SQL: SHOW COLUMNS FROM `saleman_service_admin` [ RunTime:0.0967s ]
SQL: SELECT * FROM `saleman_service_admin` WHERE `username` = '13555555555' LIMIT 1   [ RunTime:0.0010s ]

[ 2018-03-04T14:11:22+08:00 ] 127.0.0.1 /luomansi/index.php/Home/Login/serviceAdmin.html
INFO: [ app_begin ] --START--
INFO: Run Behavior\ReadHtmlCacheBehavior [ RunTime:0.001981s ]
INFO: [ app_begin ] --END-- [ RunTime:0.004380s ]
SQL: SHOW COLUMNS FROM `saleman_service_admin` [ RunTime:0.0081s ]
SQL: SELECT * FROM `saleman_service_admin` WHERE `username` = '13555555555' LIMIT 1   [ RunTime:0.0004s ]

[ 2018-03-04T15:18:23+08:00 ] 127.0.0.1 /luomansi/index.php/Home/Maintain/completeService.html
INFO: [ app_begin ] --START--
INFO: Run Behavior\ReadHtmlCacheBehavior [ RunTime:0.000962s ]
INFO: [ app_begin ] --END-- [ RunTime:0.001768s ]
SQL: SHOW COLUMNS FROM `saleman_maintain` [ RunTime:0.0062s ]
ERR: 1054:Unknown column 'serLog' in 'field list'
 [ SQL语句 ] : SELECT `serLog` FROM `saleman_maintain` WHERE `serviceId` = 1 AND `id` = 1 LIMIT 1  
ERR: 1054:Unknown column 'serLog' in 'field list'
 [ SQL语句 ] : SELECT `serLog` FROM `saleman_maintain` WHERE `serviceId` = 1 AND `id` = 1 LIMIT 1  

[ 2018-03-04T15:19:19+08:00 ] 127.0.0.1 /luomansi/index.php/Home/Maintain/completeService.html
INFO: [ app_begin ] --START--
INFO: Run Behavior\ReadHtmlCacheBehavior [ RunTime:0.000867s ]
INFO: [ app_begin ] --END-- [ RunTime:0.001411s ]
SQL: SHOW COLUMNS FROM `saleman_maintain` [ RunTime:0.0084s ]
SQL: SELECT `serLog` FROM `saleman_maintain` WHERE `serviceId` = 1 AND `id` = 1 LIMIT 1   [ RunTime:0.0004s ]
SQL: UPDATE `saleman_maintain` SET `serviceStatus`='1',`comImg`='maintain/lms_1520147958690.jpg',`serLog`='服务时间：2018-03-04 11:00至12:00
产品码：11111
维护结果：未完成
未完成原因：

' WHERE `serviceId` = 1 AND `id` = 1 [ RunTime:0.1446s ]

[ 2018-03-04T15:22:57+08:00 ] 127.0.0.1 /luomansi/index.php/Home/Maintain/completeService.html
INFO: [ app_begin ] --START--
INFO: Run Behavior\ReadHtmlCacheBehavior [ RunTime:0.001076s ]
INFO: [ app_begin ] --END-- [ RunTime:0.001826s ]
SQL: SHOW COLUMNS FROM `saleman_maintain` [ RunTime:0.0084s ]
SQL: SELECT `serLog` FROM `saleman_maintain` WHERE `serviceId` = 1 AND `id` = 1 LIMIT 1   [ RunTime:0.0005s ]
SQL: UPDATE `saleman_maintain` SET `serviceStatus`='1',`comImg`='maintain/lms_1520148177167.jpg',`serLog`='服务时间：2018-03-04 11:00至12:00
产品码：11111
维护结果：未完成
未完成原因：

服务时间：2018-03-04 08:00至09:00
产品码：11111
维护结果：未完成
未完成原因：

' WHERE `serviceId` = 1 AND `id` = 1 [ RunTime:0.1682s ]

[ 2018-03-04T15:25:24+08:00 ] 127.0.0.1 /luomansi/index.php/Home/Maintain/completeService.html
INFO: [ app_begin ] --START--
INFO: Run Behavior\ReadHtmlCacheBehavior [ RunTime:0.000750s ]
INFO: [ app_begin ] --END-- [ RunTime:0.001342s ]
SQL: SHOW COLUMNS FROM `saleman_maintain` [ RunTime:0.0067s ]
SQL: SELECT `serLog` FROM `saleman_maintain` WHERE `serviceId` = 1 AND `id` = 1 LIMIT 1   [ RunTime:0.0004s ]
SQL: UPDATE `saleman_maintain` SET `serviceStatus`='1',`comImg`='maintain/lms_1520148324788.jpg',`serLog`='服务时间：2018-03-04 11:00至12:00
产品码：11111
维护结果：未完成
未完成原因：

服务时间：2018-03-04 08:00至09:00
产品码：11111
维护结果：未完成
未完成原因：

服务时间：2018-03-04 12:00至13:00
产品码：11111
维护结果：未完成
未完成原因：缺少配件

' WHERE `serviceId` = 1 AND `id` = 1 [ RunTime:0.1233s ]

[ 2018-03-04T15:26:40+08:00 ] 127.0.0.1 /luomansi/index.php/Home/Maintain/completeService.html
INFO: [ app_begin ] --START--
INFO: Run Behavior\ReadHtmlCacheBehavior [ RunTime:0.001914s ]
INFO: [ app_begin ] --END-- [ RunTime:0.003874s ]
SQL: SHOW COLUMNS FROM `saleman_maintain` [ RunTime:0.0094s ]
SQL: SELECT `serLog` FROM `saleman_maintain` WHERE `serviceId` = 1 AND `id` = 1 LIMIT 1   [ RunTime:0.0004s ]
SQL: UPDATE `saleman_maintain` SET `serviceStatus`='2',`comImg`='maintain/lms_1520148400701.jpg',`serLog`='服务时间：2018-03-04 11:00至12:00
产品码：11111
维护结果：未完成
未完成原因：

服务时间：2018-03-04 08:00至09:00
产品码：11111
维护结果：未完成
未完成原因：

服务时间：2018-03-04 12:00至13:00
产品码：11111
维护结果：未完成
未完成原因：缺少配件

服务时间：2018-03-05 12:00至14:00
产品码：11111
维护结果：已完成

' WHERE `serviceId` = 1 AND `id` = 1 [ RunTime:0.2028s ]

[ 2018-03-04T20:00:22+08:00 ] 127.0.0.1 /luomansi/index.php/Home/Login/serviceAdmin.html
INFO: [ app_begin ] --START--
INFO: Run Behavior\ReadHtmlCacheBehavior [ RunTime:0.000736s ]
INFO: [ app_begin ] --END-- [ RunTime:0.001239s ]
SQL: SHOW COLUMNS FROM `saleman_service_admin` [ RunTime:0.0611s ]
SQL: SELECT * FROM `saleman_service_admin` WHERE `username` = '13555555555' LIMIT 1   [ RunTime:0.0011s ]

[ 2018-03-04T20:10:59+08:00 ] 127.0.0.1 /luomansi/index.php/Home/Maintain/startService.html
INFO: [ app_begin ] --START--
INFO: Run Behavior\ReadHtmlCacheBehavior [ RunTime:0.000717s ]
INFO: [ app_begin ] --END-- [ RunTime:0.001269s ]
SQL: SHOW COLUMNS FROM `saleman_maintain` [ RunTime:0.0078s ]
SQL: UPDATE `saleman_maintain` SET `serviceStatus`='1',`serStartTime`='2018-03-04 20:10:59' WHERE `serviceId` = 1 AND `id` = 2 [ RunTime:0.1365s ]

[ 2018-03-04T20:11:32+08:00 ] 127.0.0.1 /luomansi/index.php/Home/Maintain/service.html
INFO: [ app_init ] --START--
INFO: Run Behavior\BuildLiteBehavior [ RunTime:0.000040s ]
INFO: [ app_init ] --END-- [ RunTime:0.000881s ]
INFO: [ app_begin ] --START--
INFO: Run Behavior\ReadHtmlCacheBehavior [ RunTime:0.000924s ]
INFO: [ app_begin ] --END-- [ RunTime:0.001095s ]
SQL: SHOW COLUMNS FROM `saleman_maintain` [ RunTime:0.0054s ]
SQL: SELECT * FROM `saleman_maintain` WHERE ( serviceStatus=1 and serviceId=1 ) ORDER BY id desc  [ RunTime:0.0006s ]
INFO: [ view_parse ] --START--
INFO: [ template_filter ] --START--
INFO: Run Behavior\ContentReplaceBehavior [ RunTime:0.000180s ]
INFO: [ template_filter ] --END-- [ RunTime:0.000281s ]
INFO: Run Behavior\ParseTemplateBehavior [ RunTime:0.012285s ]
INFO: [ view_parse ] --END-- [ RunTime:0.012455s ]
INFO: [ view_filter ] --START--
INFO: Run Behavior\WriteHtmlCacheBehavior [ RunTime:0.000495s ]
INFO: [ view_filter ] --END-- [ RunTime:0.000585s ]
INFO: [ app_end ] --START--
INFO: Run Behavior\ShowPageTraceBehavior [ RunTime:0.000715s ]
INFO: [ app_end ] --END-- [ RunTime:0.000812s ]

[ 2018-03-04T20:14:35+08:00 ] 127.0.0.1 /luomansi/index.php/Home/Maintain/complete.html
INFO: [ app_init ] --START--
INFO: Run Behavior\BuildLiteBehavior [ RunTime:0.000029s ]
INFO: [ app_init ] --END-- [ RunTime:0.000651s ]
INFO: [ app_begin ] --START--
INFO: Run Behavior\ReadHtmlCacheBehavior [ RunTime:0.000738s ]
INFO: [ app_begin ] --END-- [ RunTime:0.000871s ]
SQL: SHOW COLUMNS FROM `saleman_maintain` [ RunTime:0.0057s ]
SQL: SELECT * FROM `saleman_maintain` WHERE ( serviceStatus=2 and serviceId=1 ) ORDER BY id desc  [ RunTime:0.0005s ]
INFO: [ view_parse ] --START--
INFO: [ template_filter ] --START--
INFO: Run Behavior\ContentReplaceBehavior [ RunTime:0.000152s ]
INFO: [ template_filter ] --END-- [ RunTime:0.000262s ]
INFO: Run Behavior\ParseTemplateBehavior [ RunTime:0.071578s ]
INFO: [ view_parse ] --END-- [ RunTime:0.071698s ]
INFO: [ view_filter ] --START--
INFO: Run Behavior\WriteHtmlCacheBehavior [ RunTime:0.001106s ]
INFO: [ view_filter ] --END-- [ RunTime:0.001749s ]
INFO: [ app_end ] --START--
INFO: Run Behavior\ShowPageTraceBehavior [ RunTime:0.000928s ]
INFO: [ app_end ] --END-- [ RunTime:0.001033s ]

