[ 2018-03-11T12:42:28+08:00 ] 127.0.0.1 /luomansi/index.php/Home/Maintain/index.html
INFO: [ app_init ] --START--
INFO: Run Behavior\BuildLiteBehavior [ RunTime:0.000061s ]
INFO: [ app_init ] --END-- [ RunTime:0.053649s ]
INFO: [ app_begin ] --START--
INFO: Run Behavior\ReadHtmlCacheBehavior [ RunTime:0.003305s ]
INFO: [ app_begin ] --END-- [ RunTime:0.003702s ]

[ 2018-03-11T12:42:28+08:00 ] 127.0.0.1 /luomansi/index.php/Home/Login/maintainLogin.html
INFO: [ app_init ] --START--
INFO: Run Behavior\BuildLiteBehavior [ RunTime:0.000027s ]
INFO: [ app_init ] --END-- [ RunTime:0.000597s ]
INFO: [ app_begin ] --START--
INFO: Run Behavior\ReadHtmlCacheBehavior [ RunTime:0.000959s ]
INFO: [ app_begin ] --END-- [ RunTime:0.001094s ]
SQL: SHOW COLUMNS FROM `saleman_ad` [ RunTime:0.0484s ]
SQL: SELECT `ad` FROM `saleman_ad` WHERE ( id=1 ) LIMIT 1   [ RunTime:0.0010s ]
INFO: [ view_parse ] --START--
INFO: [ template_filter ] --START--
INFO: Run Behavior\ContentReplaceBehavior [ RunTime:0.000239s ]
INFO: [ template_filter ] --END-- [ RunTime:0.000498s ]
INFO: Run Behavior\ParseTemplateBehavior [ RunTime:0.062227s ]
INFO: [ view_parse ] --END-- [ RunTime:0.062519s ]
INFO: [ view_filter ] --START--
INFO: Run Behavior\WriteHtmlCacheBehavior [ RunTime:0.027499s ]
INFO: [ view_filter ] --END-- [ RunTime:0.027727s ]
INFO: [ app_end ] --START--
INFO: Run Behavior\ShowPageTraceBehavior [ RunTime:0.010650s ]
INFO: [ app_end ] --END-- [ RunTime:0.010946s ]

[ 2018-03-11T12:42:34+08:00 ] 127.0.0.1 /luomansi/index.php/Home/Login/maintainLogin.html
INFO: [ app_init ] --START--
INFO: Run Behavior\BuildLiteBehavior [ RunTime:0.000032s ]
INFO: [ app_init ] --END-- [ RunTime:0.000693s ]
INFO: [ app_begin ] --START--
INFO: Run Behavior\ReadHtmlCacheBehavior [ RunTime:0.000871s ]
INFO: [ app_begin ] --END-- [ RunTime:0.001010s ]
SQL: SHOW COLUMNS FROM `saleman_ad` [ RunTime:0.0051s ]
SQL: SELECT `ad` FROM `saleman_ad` WHERE ( id=1 ) LIMIT 1   [ RunTime:0.0004s ]
INFO: [ view_parse ] --START--
INFO: [ template_filter ] --START--
INFO: Run Behavior\ContentReplaceBehavior [ RunTime:0.000156s ]
INFO: [ template_filter ] --END-- [ RunTime:0.000330s ]
INFO: Run Behavior\ParseTemplateBehavior [ RunTime:0.008802s ]
INFO: [ view_parse ] --END-- [ RunTime:0.008918s ]
INFO: [ view_filter ] --START--
INFO: Run Behavior\WriteHtmlCacheBehavior [ RunTime:0.000563s ]
INFO: [ view_filter ] --END-- [ RunTime:0.000656s ]
INFO: [ app_end ] --START--
INFO: Run Behavior\ShowPageTraceBehavior [ RunTime:0.000774s ]
INFO: [ app_end ] --END-- [ RunTime:0.000869s ]

[ 2018-03-11T12:42:37+08:00 ] 127.0.0.1 /luomansi/index.php/Home/Login/maintainLogin.html
INFO: [ app_init ] --START--
INFO: Run Behavior\BuildLiteBehavior [ RunTime:0.000037s ]
INFO: [ app_init ] --END-- [ RunTime:0.001232s ]
INFO: [ app_begin ] --START--
INFO: Run Behavior\ReadHtmlCacheBehavior [ RunTime:0.000886s ]
INFO: [ app_begin ] --END-- [ RunTime:0.001018s ]
SQL: SHOW COLUMNS FROM `saleman_ad` [ RunTime:0.0059s ]
SQL: SELECT `ad` FROM `saleman_ad` WHERE ( id=1 ) LIMIT 1   [ RunTime:0.0004s ]
INFO: [ view_parse ] --START--
INFO: [ template_filter ] --START--
INFO: Run Behavior\ContentReplaceBehavior [ RunTime:0.000104s ]
INFO: [ template_filter ] --END-- [ RunTime:0.000206s ]
INFO: Run Behavior\ParseTemplateBehavior [ RunTime:0.007559s ]
INFO: [ view_parse ] --END-- [ RunTime:0.007668s ]
INFO: [ view_filter ] --START--
INFO: Run Behavior\WriteHtmlCacheBehavior [ RunTime:0.000546s ]
INFO: [ view_filter ] --END-- [ RunTime:0.000664s ]
INFO: [ app_end ] --START--
INFO: Run Behavior\ShowPageTraceBehavior [ RunTime:0.001310s ]
INFO: [ app_end ] --END-- [ RunTime:0.001436s ]

[ 2018-03-11T12:42:44+08:00 ] 127.0.0.1 /luomansi/index.php/Home/Login/serviceAdmin.html
INFO: [ app_init ] --START--
INFO: Run Behavior\BuildLiteBehavior [ RunTime:0.000028s ]
INFO: [ app_init ] --END-- [ RunTime:0.000538s ]
INFO: [ app_begin ] --START--
INFO: Run Behavior\ReadHtmlCacheBehavior [ RunTime:0.000743s ]
INFO: [ app_begin ] --END-- [ RunTime:0.000855s ]
SQL: SHOW COLUMNS FROM `saleman_service_admin` [ RunTime:0.1007s ]
SQL: SELECT * FROM `saleman_service_admin` WHERE `username` = '13777777777' LIMIT 1   [ RunTime:0.0010s ]

[ 2018-03-11T12:42:55+08:00 ] 127.0.0.1 /luomansi/index.php/Home/Login/serviceAdmin.html
INFO: [ app_init ] --START--
INFO: Run Behavior\BuildLiteBehavior [ RunTime:0.000026s ]
INFO: [ app_init ] --END-- [ RunTime:0.000490s ]
INFO: [ app_begin ] --START--
INFO: Run Behavior\ReadHtmlCacheBehavior [ RunTime:0.001016s ]
INFO: [ app_begin ] --END-- [ RunTime:0.001122s ]
SQL: SHOW COLUMNS FROM `saleman_service_admin` [ RunTime:0.0058s ]
SQL: SELECT * FROM `saleman_service_admin` WHERE `username` = '1377777777' LIMIT 1   [ RunTime:0.0004s ]

[ 2018-03-11T12:43:08+08:00 ] 127.0.0.1 /luomansi/index.php/Home/Login/serviceAdmin.html
INFO: [ app_init ] --START--
INFO: Run Behavior\BuildLiteBehavior [ RunTime:0.000034s ]
INFO: [ app_init ] --END-- [ RunTime:0.000663s ]
INFO: [ app_begin ] --START--
INFO: Run Behavior\ReadHtmlCacheBehavior [ RunTime:0.000846s ]
INFO: [ app_begin ] --END-- [ RunTime:0.000979s ]
SQL: SHOW COLUMNS FROM `saleman_service_admin` [ RunTime:0.0065s ]
SQL: SELECT * FROM `saleman_service_admin` WHERE `username` = '13777777777' LIMIT 1   [ RunTime:0.0004s ]

[ 2018-03-11T12:43:15+08:00 ] 127.0.0.1 /luomansi/index.php/Home/Login/serviceAdmin.html
INFO: [ app_init ] --START--
INFO: Run Behavior\BuildLiteBehavior [ RunTime:0.000032s ]
INFO: [ app_init ] --END-- [ RunTime:0.000691s ]
INFO: [ app_begin ] --START--
INFO: Run Behavior\ReadHtmlCacheBehavior [ RunTime:0.000730s ]
INFO: [ app_begin ] --END-- [ RunTime:0.000841s ]
SQL: SHOW COLUMNS FROM `saleman_service_admin` [ RunTime:0.0056s ]
SQL: SELECT * FROM `saleman_service_admin` WHERE `username` = '13555555555' LIMIT 1   [ RunTime:0.0004s ]

[ 2018-03-11T12:43:15+08:00 ] 127.0.0.1 /luomansi/index.php/Home/Maintain/index.html
INFO: [ app_init ] --START--
INFO: Run Behavior\BuildLiteBehavior [ RunTime:0.000056s ]
INFO: [ app_init ] --END-- [ RunTime:0.000892s ]
INFO: [ app_begin ] --START--
INFO: Run Behavior\ReadHtmlCacheBehavior [ RunTime:0.002442s ]
INFO: [ app_begin ] --END-- [ RunTime:0.002627s ]
SQL: SHOW COLUMNS FROM `saleman_maintain` [ RunTime:0.1335s ]
SQL: SELECT * FROM `saleman_maintain` WHERE ( serviceStatus=0 and serviceId=1 ) ORDER BY id desc  [ RunTime:0.0010s ]
SQL: SHOW COLUMNS FROM `saleman_ad` [ RunTime:0.0092s ]
SQL: SELECT `ad` FROM `saleman_ad` WHERE ( id=1 ) LIMIT 1   [ RunTime:0.0007s ]
INFO: [ view_parse ] --START--
INFO: [ template_filter ] --START--
INFO: Run Behavior\ContentReplaceBehavior [ RunTime:0.000150s ]
INFO: [ template_filter ] --END-- [ RunTime:0.000253s ]
INFO: Run Behavior\ParseTemplateBehavior [ RunTime:0.121530s ]
INFO: [ view_parse ] --END-- [ RunTime:0.121650s ]
INFO: [ view_filter ] --START--
INFO: Run Behavior\WriteHtmlCacheBehavior [ RunTime:0.000609s ]
INFO: [ view_filter ] --END-- [ RunTime:0.000743s ]
INFO: [ app_end ] --START--
INFO: Run Behavior\ShowPageTraceBehavior [ RunTime:0.000746s ]
INFO: [ app_end ] --END-- [ RunTime:0.000843s ]

[ 2018-03-11T12:43:17+08:00 ] 127.0.0.1 /luomansi/index.php/Home/Maintain/service.html
INFO: [ app_init ] --START--
INFO: Run Behavior\BuildLiteBehavior [ RunTime:0.000042s ]
INFO: [ app_init ] --END-- [ RunTime:0.000769s ]
INFO: [ app_begin ] --START--
INFO: Run Behavior\ReadHtmlCacheBehavior [ RunTime:0.002425s ]
INFO: [ app_begin ] --END-- [ RunTime:0.002673s ]
SQL: SHOW COLUMNS FROM `saleman_maintain` [ RunTime:0.0101s ]
SQL: SELECT * FROM `saleman_maintain` WHERE ( serviceStatus=1 and serviceId=1 ) ORDER BY id desc  [ RunTime:0.0006s ]
SQL: SHOW COLUMNS FROM `saleman_ad` [ RunTime:0.0053s ]
SQL: SELECT `ad` FROM `saleman_ad` WHERE ( id=1 ) LIMIT 1   [ RunTime:0.0003s ]
INFO: [ view_parse ] --START--
INFO: [ template_filter ] --START--
INFO: Run Behavior\ContentReplaceBehavior [ RunTime:0.000170s ]
INFO: [ template_filter ] --END-- [ RunTime:0.000276s ]
INFO: Run Behavior\ParseTemplateBehavior [ RunTime:0.034865s ]
INFO: [ view_parse ] --END-- [ RunTime:0.035003s ]
INFO: [ view_filter ] --START--
INFO: Run Behavior\WriteHtmlCacheBehavior [ RunTime:0.000428s ]
INFO: [ view_filter ] --END-- [ RunTime:0.000530s ]
INFO: [ app_end ] --START--
INFO: Run Behavior\ShowPageTraceBehavior [ RunTime:0.000649s ]
INFO: [ app_end ] --END-- [ RunTime:0.000754s ]

[ 2018-03-11T12:43:19+08:00 ] 127.0.0.1 /luomansi/index.php/Home/Maintain/complete.html
INFO: [ app_init ] --START--
INFO: Run Behavior\BuildLiteBehavior [ RunTime:0.000025s ]
INFO: [ app_init ] --END-- [ RunTime:0.000485s ]
INFO: [ app_begin ] --START--
INFO: Run Behavior\ReadHtmlCacheBehavior [ RunTime:0.000639s ]
INFO: [ app_begin ] --END-- [ RunTime:0.000756s ]
SQL: SHOW COLUMNS FROM `saleman_maintain` [ RunTime:0.0127s ]
SQL: SELECT * FROM `saleman_maintain` WHERE ( serviceStatus=2 and serviceId=1 ) ORDER BY id desc  [ RunTime:0.0009s ]
SQL: SHOW COLUMNS FROM `saleman_ad` [ RunTime:0.0119s ]
SQL: SELECT `ad` FROM `saleman_ad` WHERE ( id=1 ) LIMIT 1   [ RunTime:0.0006s ]
SQL: SELECT `ad` FROM `saleman_ad` WHERE ( id=1 ) LIMIT 1   [ RunTime:0.0004s ]
INFO: [ view_parse ] --START--
INFO: [ template_filter ] --START--
INFO: Run Behavior\ContentReplaceBehavior [ RunTime:0.000134s ]
INFO: [ template_filter ] --END-- [ RunTime:0.000249s ]
INFO: Run Behavior\ParseTemplateBehavior [ RunTime:0.039983s ]
INFO: [ view_parse ] --END-- [ RunTime:0.040136s ]
INFO: [ view_filter ] --START--
INFO: Run Behavior\WriteHtmlCacheBehavior [ RunTime:0.000568s ]
INFO: [ view_filter ] --END-- [ RunTime:0.000687s ]
INFO: [ app_end ] --START--
INFO: Run Behavior\ShowPageTraceBehavior [ RunTime:0.000651s ]
INFO: [ app_end ] --END-- [ RunTime:0.000787s ]

[ 2018-03-11T12:43:21+08:00 ] 127.0.0.1 /luomansi/index.php/Home/Maintain/index.html
INFO: [ app_init ] --START--
INFO: Run Behavior\BuildLiteBehavior [ RunTime:0.000026s ]
INFO: [ app_init ] --END-- [ RunTime:0.000505s ]
INFO: [ app_begin ] --START--
INFO: Run Behavior\ReadHtmlCacheBehavior [ RunTime:0.000750s ]
INFO: [ app_begin ] --END-- [ RunTime:0.000872s ]
SQL: SHOW COLUMNS FROM `saleman_maintain` [ RunTime:0.0064s ]
SQL: SELECT * FROM `saleman_maintain` WHERE ( serviceStatus=0 and serviceId=1 ) ORDER BY id desc  [ RunTime:0.0006s ]
SQL: SHOW COLUMNS FROM `saleman_ad` [ RunTime:0.0062s ]
SQL: SELECT `ad` FROM `saleman_ad` WHERE ( id=1 ) LIMIT 1   [ RunTime:0.0003s ]
INFO: [ view_parse ] --START--
INFO: [ template_filter ] --START--
INFO: Run Behavior\ContentReplaceBehavior [ RunTime:0.000141s ]
INFO: [ template_filter ] --END-- [ RunTime:0.000258s ]
INFO: Run Behavior\ParseTemplateBehavior [ RunTime:0.013852s ]
INFO: [ view_parse ] --END-- [ RunTime:0.014023s ]
INFO: [ view_filter ] --START--
INFO: Run Behavior\WriteHtmlCacheBehavior [ RunTime:0.000626s ]
INFO: [ view_filter ] --END-- [ RunTime:0.000802s ]
INFO: [ app_end ] --START--
INFO: Run Behavior\ShowPageTraceBehavior [ RunTime:0.000966s ]
INFO: [ app_end ] --END-- [ RunTime:0.001146s ]

[ 2018-03-11T12:44:05+08:00 ] 127.0.0.1 /luomansi/index.php/Home/Maintain/complete.html
INFO: [ app_init ] --START--
INFO: Run Behavior\BuildLiteBehavior [ RunTime:0.000024s ]
INFO: [ app_init ] --END-- [ RunTime:0.000555s ]
INFO: [ app_begin ] --START--
INFO: Run Behavior\ReadHtmlCacheBehavior [ RunTime:0.001152s ]
INFO: [ app_begin ] --END-- [ RunTime:0.001303s ]
SQL: SHOW COLUMNS FROM `saleman_maintain` [ RunTime:0.0063s ]
SQL: SELECT * FROM `saleman_maintain` WHERE ( serviceStatus=2 and serviceId=1 ) ORDER BY id desc  [ RunTime:0.0006s ]
SQL: SHOW COLUMNS FROM `saleman_ad` [ RunTime:0.0055s ]
SQL: SELECT `ad` FROM `saleman_ad` WHERE ( id=1 ) LIMIT 1   [ RunTime:0.0003s ]
SQL: SELECT `ad` FROM `saleman_ad` WHERE ( id=1 ) LIMIT 1   [ RunTime:0.0003s ]
INFO: [ view_parse ] --START--
INFO: [ template_filter ] --START--
INFO: Run Behavior\ContentReplaceBehavior [ RunTime:0.000120s ]
INFO: [ template_filter ] --END-- [ RunTime:0.000224s ]
INFO: Run Behavior\ParseTemplateBehavior [ RunTime:0.010831s ]
INFO: [ view_parse ] --END-- [ RunTime:0.010965s ]
INFO: [ view_filter ] --START--
INFO: Run Behavior\WriteHtmlCacheBehavior [ RunTime:0.000604s ]
INFO: [ view_filter ] --END-- [ RunTime:0.000719s ]
INFO: [ app_end ] --START--
INFO: Run Behavior\ShowPageTraceBehavior [ RunTime:0.000736s ]
INFO: [ app_end ] --END-- [ RunTime:0.000852s ]

[ 2018-03-11T12:55:33+08:00 ] 127.0.0.1 /luomansi/index.php/Home/Maintain/complete.html
INFO: [ app_init ] --START--
INFO: Run Behavior\BuildLiteBehavior [ RunTime:0.000023s ]
INFO: [ app_init ] --END-- [ RunTime:0.000568s ]
INFO: [ app_begin ] --START--
INFO: Run Behavior\ReadHtmlCacheBehavior [ RunTime:0.000783s ]
INFO: [ app_begin ] --END-- [ RunTime:0.000887s ]
SQL: SHOW COLUMNS FROM `saleman_maintain` [ RunTime:0.0071s ]
SQL: SELECT * FROM `saleman_maintain` WHERE ( serviceStatus=2 and serviceId=1 ) ORDER BY id desc  [ RunTime:0.0006s ]
SQL: SHOW COLUMNS FROM `saleman_ad` [ RunTime:0.0048s ]
SQL: SELECT `ad` FROM `saleman_ad` WHERE ( id=1 ) LIMIT 1   [ RunTime:0.0003s ]
SQL: SELECT `ad` FROM `saleman_ad` WHERE ( id=1 ) LIMIT 1   [ RunTime:0.0003s ]
INFO: [ view_parse ] --START--
INFO: [ template_filter ] --START--
INFO: Run Behavior\ContentReplaceBehavior [ RunTime:0.000121s ]
INFO: [ template_filter ] --END-- [ RunTime:0.000225s ]
INFO: Run Behavior\ParseTemplateBehavior [ RunTime:0.010513s ]
INFO: [ view_parse ] --END-- [ RunTime:0.010638s ]
INFO: [ view_filter ] --START--
INFO: Run Behavior\WriteHtmlCacheBehavior [ RunTime:0.000562s ]
INFO: [ view_filter ] --END-- [ RunTime:0.000655s ]
INFO: [ app_end ] --START--
INFO: Run Behavior\ShowPageTraceBehavior [ RunTime:0.000767s ]
INFO: [ app_end ] --END-- [ RunTime:0.000861s ]

[ 2018-03-11T12:56:16+08:00 ] 127.0.0.1 /luomansi/index.php/Home/Maintain/complete.html
INFO: [ app_init ] --START--
INFO: Run Behavior\BuildLiteBehavior [ RunTime:0.000023s ]
INFO: [ app_init ] --END-- [ RunTime:0.000614s ]
INFO: [ app_begin ] --START--
INFO: Run Behavior\ReadHtmlCacheBehavior [ RunTime:0.000942s ]
INFO: [ app_begin ] --END-- [ RunTime:0.001079s ]
SQL: SHOW COLUMNS FROM `saleman_maintain` [ RunTime:0.0063s ]
SQL: SELECT * FROM `saleman_maintain` WHERE ( serviceStatus=2 and serviceId=1 ) ORDER BY id desc  [ RunTime:0.0006s ]
SQL: SHOW COLUMNS FROM `saleman_ad` [ RunTime:0.0050s ]
SQL: SELECT `ad` FROM `saleman_ad` WHERE ( id=1 ) LIMIT 1   [ RunTime:0.0003s ]
SQL: SELECT `ad` FROM `saleman_ad` WHERE ( id=1 ) LIMIT 1   [ RunTime:0.0003s ]
INFO: [ view_parse ] --START--
INFO: [ template_filter ] --START--
INFO: Run Behavior\ContentReplaceBehavior [ RunTime:0.000123s ]
INFO: [ template_filter ] --END-- [ RunTime:0.000427s ]
INFO: Run Behavior\ParseTemplateBehavior [ RunTime:0.012660s ]
INFO: [ view_parse ] --END-- [ RunTime:0.012904s ]
INFO: [ view_filter ] --START--
INFO: Run Behavior\WriteHtmlCacheBehavior [ RunTime:0.000482s ]
INFO: [ view_filter ] --END-- [ RunTime:0.000740s ]
INFO: [ app_end ] --START--
INFO: Run Behavior\ShowPageTraceBehavior [ RunTime:0.000921s ]
INFO: [ app_end ] --END-- [ RunTime:0.001247s ]

[ 2018-03-11T12:56:54+08:00 ] 127.0.0.1 /luomansi/index.php/Home/Maintain/complete.html
INFO: [ app_init ] --START--
INFO: Run Behavior\BuildLiteBehavior [ RunTime:0.000026s ]
INFO: [ app_init ] --END-- [ RunTime:0.000570s ]
INFO: [ app_begin ] --START--
INFO: Run Behavior\ReadHtmlCacheBehavior [ RunTime:0.000699s ]
INFO: [ app_begin ] --END-- [ RunTime:0.000820s ]
SQL: SHOW COLUMNS FROM `saleman_maintain` [ RunTime:0.0083s ]
SQL: SELECT * FROM `saleman_maintain` WHERE ( serviceStatus=2 and serviceId=1 ) ORDER BY id desc  [ RunTime:0.0008s ]
SQL: SHOW COLUMNS FROM `saleman_ad` [ RunTime:0.0059s ]
SQL: SELECT `ad` FROM `saleman_ad` WHERE ( id=1 ) LIMIT 1   [ RunTime:0.0007s ]
SQL: SELECT `ad` FROM `saleman_ad` WHERE ( id=1 ) LIMIT 1   [ RunTime:0.0004s ]
INFO: [ view_parse ] --START--
INFO: [ template_filter ] --START--
INFO: Run Behavior\ContentReplaceBehavior [ RunTime:0.000226s ]
INFO: [ template_filter ] --END-- [ RunTime:0.000602s ]
INFO: Run Behavior\ParseTemplateBehavior [ RunTime:0.019332s ]
INFO: [ view_parse ] --END-- [ RunTime:0.019614s ]
INFO: [ view_filter ] --START--
INFO: Run Behavior\WriteHtmlCacheBehavior [ RunTime:0.000561s ]
INFO: [ view_filter ] --END-- [ RunTime:0.000852s ]
INFO: [ app_end ] --START--
INFO: Run Behavior\ShowPageTraceBehavior [ RunTime:0.000856s ]
INFO: [ app_end ] --END-- [ RunTime:0.001172s ]

[ 2018-03-11T12:57:29+08:00 ] 127.0.0.1 /luomansi/index.php/Home/Maintain/complete.html
INFO: [ app_init ] --START--
INFO: Run Behavior\BuildLiteBehavior [ RunTime:0.000042s ]
INFO: [ app_init ] --END-- [ RunTime:0.001103s ]
INFO: [ app_begin ] --START--
INFO: Run Behavior\ReadHtmlCacheBehavior [ RunTime:0.000992s ]
INFO: [ app_begin ] --END-- [ RunTime:0.001190s ]
SQL: SHOW COLUMNS FROM `saleman_maintain` [ RunTime:0.0061s ]
SQL: SELECT * FROM `saleman_maintain` WHERE ( serviceStatus=2 and serviceId=1 ) ORDER BY id desc  [ RunTime:0.0005s ]
SQL: SHOW COLUMNS FROM `saleman_ad` [ RunTime:0.0049s ]
SQL: SELECT `ad` FROM `saleman_ad` WHERE ( id=1 ) LIMIT 1   [ RunTime:0.0003s ]
SQL: SELECT `ad` FROM `saleman_ad` WHERE ( id=1 ) LIMIT 1   [ RunTime:0.0002s ]
INFO: [ view_parse ] --START--
INFO: [ template_filter ] --START--
INFO: Run Behavior\ContentReplaceBehavior [ RunTime:0.000170s ]
INFO: [ template_filter ] --END-- [ RunTime:0.000508s ]
INFO: Run Behavior\ParseTemplateBehavior [ RunTime:0.012458s ]
INFO: [ view_parse ] --END-- [ RunTime:0.012664s ]
INFO: [ view_filter ] --START--
INFO: Run Behavior\WriteHtmlCacheBehavior [ RunTime:0.000416s ]
INFO: [ view_filter ] --END-- [ RunTime:0.000692s ]
INFO: [ app_end ] --START--
INFO: Run Behavior\ShowPageTraceBehavior [ RunTime:0.000643s ]
INFO: [ app_end ] --END-- [ RunTime:0.000924s ]

[ 2018-03-11T12:58:14+08:00 ] 127.0.0.1 /luomansi/index.php/Home/Maintain/complete.html
INFO: [ app_init ] --START--
INFO: Run Behavior\BuildLiteBehavior [ RunTime:0.000023s ]
INFO: [ app_init ] --END-- [ RunTime:0.000594s ]
INFO: [ app_begin ] --START--
INFO: Run Behavior\ReadHtmlCacheBehavior [ RunTime:0.000770s ]
INFO: [ app_begin ] --END-- [ RunTime:0.000888s ]
SQL: SHOW COLUMNS FROM `saleman_maintain` [ RunTime:0.0064s ]
SQL: SELECT * FROM `saleman_maintain` WHERE ( serviceStatus=2 and serviceId=1 ) ORDER BY id desc  [ RunTime:0.0007s ]
SQL: SHOW COLUMNS FROM `saleman_ad` [ RunTime:0.0049s ]
SQL: SELECT `ad` FROM `saleman_ad` WHERE ( id=1 ) LIMIT 1   [ RunTime:0.0003s ]
SQL: SELECT `ad` FROM `saleman_ad` WHERE ( id=1 ) LIMIT 1   [ RunTime:0.0003s ]
INFO: [ view_parse ] --START--
INFO: [ template_filter ] --START--
INFO: Run Behavior\ContentReplaceBehavior [ RunTime:0.000122s ]
INFO: [ template_filter ] --END-- [ RunTime:0.000225s ]
INFO: Run Behavior\ParseTemplateBehavior [ RunTime:0.010493s ]
INFO: [ view_parse ] --END-- [ RunTime:0.010610s ]
INFO: [ view_filter ] --START--
INFO: Run Behavior\WriteHtmlCacheBehavior [ RunTime:0.000568s ]
INFO: [ view_filter ] --END-- [ RunTime:0.000659s ]
INFO: [ app_end ] --START--
INFO: Run Behavior\ShowPageTraceBehavior [ RunTime:0.000794s ]
INFO: [ app_end ] --END-- [ RunTime:0.000923s ]

[ 2018-03-11T12:58:47+08:00 ] 127.0.0.1 /luomansi/index.php/Home/Maintain/service.html
INFO: [ app_init ] --START--
INFO: Run Behavior\BuildLiteBehavior [ RunTime:0.000025s ]
INFO: [ app_init ] --END-- [ RunTime:0.000612s ]
INFO: [ app_begin ] --START--
INFO: Run Behavior\ReadHtmlCacheBehavior [ RunTime:0.001305s ]
INFO: [ app_begin ] --END-- [ RunTime:0.001440s ]
SQL: SHOW COLUMNS FROM `saleman_maintain` [ RunTime:0.0055s ]
SQL: SELECT * FROM `saleman_maintain` WHERE ( serviceStatus=1 and serviceId=1 ) ORDER BY id desc  [ RunTime:0.0011s ]
SQL: SHOW COLUMNS FROM `saleman_ad` [ RunTime:0.0076s ]
SQL: SELECT `ad` FROM `saleman_ad` WHERE ( id=1 ) LIMIT 1   [ RunTime:0.0005s ]
INFO: [ view_parse ] --START--
INFO: [ template_filter ] --START--
INFO: Run Behavior\ContentReplaceBehavior [ RunTime:0.000191s ]
INFO: [ template_filter ] --END-- [ RunTime:0.000310s ]
INFO: Run Behavior\ParseTemplateBehavior [ RunTime:0.013482s ]
INFO: [ view_parse ] --END-- [ RunTime:0.013607s ]
INFO: [ view_filter ] --START--
INFO: Run Behavior\WriteHtmlCacheBehavior [ RunTime:0.000502s ]
INFO: [ view_filter ] --END-- [ RunTime:0.000605s ]
INFO: [ app_end ] --START--
INFO: Run Behavior\ShowPageTraceBehavior [ RunTime:0.000713s ]
INFO: [ app_end ] --END-- [ RunTime:0.000819s ]

[ 2018-03-11T12:59:37+08:00 ] 127.0.0.1 /luomansi/index.php/Home/Maintain/complete.html
INFO: [ app_init ] --START--
INFO: Run Behavior\BuildLiteBehavior [ RunTime:0.000025s ]
INFO: [ app_init ] --END-- [ RunTime:0.000496s ]
INFO: [ app_begin ] --START--
INFO: Run Behavior\ReadHtmlCacheBehavior [ RunTime:0.000898s ]
INFO: [ app_begin ] --END-- [ RunTime:0.001057s ]
SQL: SHOW COLUMNS FROM `saleman_maintain` [ RunTime:0.0063s ]
SQL: SELECT * FROM `saleman_maintain` WHERE ( serviceStatus=2 and serviceId=1 ) ORDER BY id desc  [ RunTime:0.0006s ]
SQL: SHOW COLUMNS FROM `saleman_ad` [ RunTime:0.0064s ]
SQL: SELECT `ad` FROM `saleman_ad` WHERE ( id=1 ) LIMIT 1   [ RunTime:0.0004s ]
SQL: SELECT `ad` FROM `saleman_ad` WHERE ( id=1 ) LIMIT 1   [ RunTime:0.0003s ]
INFO: [ view_parse ] --START--
INFO: [ template_filter ] --START--
INFO: Run Behavior\ContentReplaceBehavior [ RunTime:0.000123s ]
INFO: [ template_filter ] --END-- [ RunTime:0.000232s ]
INFO: Run Behavior\ParseTemplateBehavior [ RunTime:0.011502s ]
INFO: [ view_parse ] --END-- [ RunTime:0.011671s ]
INFO: [ view_filter ] --START--
INFO: Run Behavior\WriteHtmlCacheBehavior [ RunTime:0.000424s ]
INFO: [ view_filter ] --END-- [ RunTime:0.000525s ]
INFO: [ app_end ] --START--
INFO: Run Behavior\ShowPageTraceBehavior [ RunTime:0.000638s ]
INFO: [ app_end ] --END-- [ RunTime:0.000743s ]

[ 2018-03-11T12:59:55+08:00 ] 127.0.0.1 /luomansi/index.php/Home/Maintain/complete.html
INFO: [ app_init ] --START--
INFO: Run Behavior\BuildLiteBehavior [ RunTime:0.000026s ]
INFO: [ app_init ] --END-- [ RunTime:0.000503s ]
INFO: [ app_begin ] --START--
INFO: Run Behavior\ReadHtmlCacheBehavior [ RunTime:0.000649s ]
INFO: [ app_begin ] --END-- [ RunTime:0.000765s ]
SQL: SHOW COLUMNS FROM `saleman_maintain` [ RunTime:0.0063s ]
SQL: SELECT * FROM `saleman_maintain` WHERE ( serviceStatus=2 and serviceId=1 ) ORDER BY id desc  [ RunTime:0.0006s ]
SQL: SHOW COLUMNS FROM `saleman_ad` [ RunTime:0.0053s ]
SQL: SELECT `ad` FROM `saleman_ad` WHERE ( id=1 ) LIMIT 1   [ RunTime:0.0003s ]
SQL: SELECT `ad` FROM `saleman_ad` WHERE ( id=1 ) LIMIT 1   [ RunTime:0.0004s ]
INFO: [ view_parse ] --START--
INFO: [ template_filter ] --START--
INFO: Run Behavior\ContentReplaceBehavior [ RunTime:0.000139s ]
INFO: [ template_filter ] --END-- [ RunTime:0.000260s ]
INFO: Run Behavior\ParseTemplateBehavior [ RunTime:0.012295s ]
INFO: [ view_parse ] --END-- [ RunTime:0.012424s ]
INFO: [ view_filter ] --START--
INFO: Run Behavior\WriteHtmlCacheBehavior [ RunTime:0.000517s ]
INFO: [ view_filter ] --END-- [ RunTime:0.000624s ]
INFO: [ app_end ] --START--
INFO: Run Behavior\ShowPageTraceBehavior [ RunTime:0.000676s ]
INFO: [ app_end ] --END-- [ RunTime:0.000784s ]

[ 2018-03-11T13:00:25+08:00 ] 127.0.0.1 /luomansi/index.php/Home/Maintain/complete.html
INFO: [ app_init ] --START--
INFO: Run Behavior\BuildLiteBehavior [ RunTime:0.000030s ]
INFO: [ app_init ] --END-- [ RunTime:0.000744s ]
INFO: [ app_begin ] --START--
INFO: Run Behavior\ReadHtmlCacheBehavior [ RunTime:0.000848s ]
INFO: [ app_begin ] --END-- [ RunTime:0.000978s ]
SQL: SHOW COLUMNS FROM `saleman_maintain` [ RunTime:0.0059s ]
SQL: SELECT * FROM `saleman_maintain` WHERE ( serviceStatus=2 and serviceId=1 ) ORDER BY id desc  [ RunTime:0.0006s ]
SQL: SHOW COLUMNS FROM `saleman_ad` [ RunTime:0.0053s ]
SQL: SELECT `ad` FROM `saleman_ad` WHERE ( id=1 ) LIMIT 1   [ RunTime:0.0003s ]
SQL: SELECT `ad` FROM `saleman_ad` WHERE ( id=1 ) LIMIT 1   [ RunTime:0.0003s ]
INFO: [ view_parse ] --START--
INFO: [ template_filter ] --START--
INFO: Run Behavior\ContentReplaceBehavior [ RunTime:0.000122s ]
INFO: [ template_filter ] --END-- [ RunTime:0.000227s ]
INFO: Run Behavior\ParseTemplateBehavior [ RunTime:0.011035s ]
INFO: [ view_parse ] --END-- [ RunTime:0.011152s ]
INFO: [ view_filter ] --START--
INFO: Run Behavior\WriteHtmlCacheBehavior [ RunTime:0.000560s ]
INFO: [ view_filter ] --END-- [ RunTime:0.000653s ]
INFO: [ app_end ] --START--
INFO: Run Behavior\ShowPageTraceBehavior [ RunTime:0.000762s ]
INFO: [ app_end ] --END-- [ RunTime:0.000858s ]

[ 2018-03-11T13:00:35+08:00 ] 127.0.0.1 /luomansi/index.php/Home/Maintain/complete.html
INFO: [ app_init ] --START--
INFO: Run Behavior\BuildLiteBehavior [ RunTime:0.000026s ]
INFO: [ app_init ] --END-- [ RunTime:0.000490s ]
INFO: [ app_begin ] --START--
INFO: Run Behavior\ReadHtmlCacheBehavior [ RunTime:0.000644s ]
INFO: [ app_begin ] --END-- [ RunTime:0.000757s ]
SQL: SHOW COLUMNS FROM `saleman_maintain` [ RunTime:0.0070s ]
SQL: SELECT * FROM `saleman_maintain` WHERE ( serviceStatus=2 and serviceId=1 ) ORDER BY id desc  [ RunTime:0.0005s ]
SQL: SHOW COLUMNS FROM `saleman_ad` [ RunTime:0.0058s ]
SQL: SELECT `ad` FROM `saleman_ad` WHERE ( id=1 ) LIMIT 1   [ RunTime:0.0004s ]
SQL: SELECT `ad` FROM `saleman_ad` WHERE ( id=1 ) LIMIT 1   [ RunTime:0.0003s ]
INFO: [ view_parse ] --START--
INFO: [ template_filter ] --START--
INFO: Run Behavior\ContentReplaceBehavior [ RunTime:0.000137s ]
INFO: [ template_filter ] --END-- [ RunTime:0.000256s ]
INFO: Run Behavior\ParseTemplateBehavior [ RunTime:0.010996s ]
INFO: [ view_parse ] --END-- [ RunTime:0.011121s ]
INFO: [ view_filter ] --START--
INFO: Run Behavior\WriteHtmlCacheBehavior [ RunTime:0.000610s ]
INFO: [ view_filter ] --END-- [ RunTime:0.000750s ]
INFO: [ app_end ] --START--
INFO: Run Behavior\ShowPageTraceBehavior [ RunTime:0.000695s ]
INFO: [ app_end ] --END-- [ RunTime:0.000801s ]

[ 2018-03-11T13:00:50+08:00 ] 127.0.0.1 /luomansi/index.php/Home/Maintain/complete.html
INFO: [ app_init ] --START--
INFO: Run Behavior\BuildLiteBehavior [ RunTime:0.000040s ]
INFO: [ app_init ] --END-- [ RunTime:0.000776s ]
INFO: [ app_begin ] --START--
INFO: Run Behavior\ReadHtmlCacheBehavior [ RunTime:0.000922s ]
INFO: [ app_begin ] --END-- [ RunTime:0.001076s ]
SQL: SHOW COLUMNS FROM `saleman_maintain` [ RunTime:0.0077s ]
SQL: SELECT * FROM `saleman_maintain` WHERE ( serviceStatus=2 and serviceId=1 ) ORDER BY id desc  [ RunTime:0.0006s ]
SQL: SHOW COLUMNS FROM `saleman_ad` [ RunTime:0.0057s ]
SQL: SELECT `ad` FROM `saleman_ad` WHERE ( id=1 ) LIMIT 1   [ RunTime:0.0003s ]
SQL: SELECT `ad` FROM `saleman_ad` WHERE ( id=1 ) LIMIT 1   [ RunTime:0.0002s ]
INFO: [ view_parse ] --START--
INFO: [ template_filter ] --START--
INFO: Run Behavior\ContentReplaceBehavior [ RunTime:0.000143s ]
INFO: [ template_filter ] --END-- [ RunTime:0.000271s ]
INFO: Run Behavior\ParseTemplateBehavior [ RunTime:0.014306s ]
INFO: [ view_parse ] --END-- [ RunTime:0.014514s ]
INFO: [ view_filter ] --START--
INFO: Run Behavior\WriteHtmlCacheBehavior [ RunTime:0.000849s ]
INFO: [ view_filter ] --END-- [ RunTime:0.001000s ]
INFO: [ app_end ] --START--
INFO: Run Behavior\ShowPageTraceBehavior [ RunTime:0.000831s ]
INFO: [ app_end ] --END-- [ RunTime:0.000948s ]

[ 2018-03-11T13:01:19+08:00 ] 127.0.0.1 /luomansi/index.php/Home/Maintain/complete.html
INFO: [ app_init ] --START--
INFO: Run Behavior\BuildLiteBehavior [ RunTime:0.000026s ]
INFO: [ app_init ] --END-- [ RunTime:0.000563s ]
INFO: [ app_begin ] --START--
INFO: Run Behavior\ReadHtmlCacheBehavior [ RunTime:0.000971s ]
INFO: [ app_begin ] --END-- [ RunTime:0.001133s ]
SQL: SHOW COLUMNS FROM `saleman_maintain` [ RunTime:0.0057s ]
SQL: SELECT * FROM `saleman_maintain` WHERE ( serviceStatus=2 and serviceId=1 ) ORDER BY id desc  [ RunTime:0.0005s ]
SQL: SHOW COLUMNS FROM `saleman_ad` [ RunTime:0.0049s ]
SQL: SELECT `ad` FROM `saleman_ad` WHERE ( id=1 ) LIMIT 1   [ RunTime:0.0003s ]
SQL: SELECT `ad` FROM `saleman_ad` WHERE ( id=1 ) LIMIT 1   [ RunTime:0.0003s ]
INFO: [ view_parse ] --START--
INFO: [ template_filter ] --START--
INFO: Run Behavior\ContentReplaceBehavior [ RunTime:0.000137s ]
INFO: [ template_filter ] --END-- [ RunTime:0.000263s ]
INFO: Run Behavior\ParseTemplateBehavior [ RunTime:0.011630s ]
INFO: [ view_parse ] --END-- [ RunTime:0.011746s ]
INFO: [ view_filter ] --START--
INFO: Run Behavior\WriteHtmlCacheBehavior [ RunTime:0.000540s ]
INFO: [ view_filter ] --END-- [ RunTime:0.000644s ]
INFO: [ app_end ] --START--
INFO: Run Behavior\ShowPageTraceBehavior [ RunTime:0.000752s ]
INFO: [ app_end ] --END-- [ RunTime:0.000860s ]

[ 2018-03-11T13:01:31+08:00 ] 127.0.0.1 /luomansi/index.php/Home/Maintain/complete.html
INFO: [ app_init ] --START--
INFO: Run Behavior\BuildLiteBehavior [ RunTime:0.000025s ]
INFO: [ app_init ] --END-- [ RunTime:0.000542s ]
INFO: [ app_begin ] --START--
INFO: Run Behavior\ReadHtmlCacheBehavior [ RunTime:0.000810s ]
INFO: [ app_begin ] --END-- [ RunTime:0.000931s ]
SQL: SHOW COLUMNS FROM `saleman_maintain` [ RunTime:0.0075s ]
SQL: SELECT * FROM `saleman_maintain` WHERE ( serviceStatus=2 and serviceId=1 ) ORDER BY id desc  [ RunTime:0.0006s ]
SQL: SHOW COLUMNS FROM `saleman_ad` [ RunTime:0.0088s ]
SQL: SELECT `ad` FROM `saleman_ad` WHERE ( id=1 ) LIMIT 1   [ RunTime:0.0010s ]
SQL: SELECT `ad` FROM `saleman_ad` WHERE ( id=1 ) LIMIT 1   [ RunTime:0.0010s ]
INFO: [ view_parse ] --START--
INFO: [ template_filter ] --START--
INFO: Run Behavior\ContentReplaceBehavior [ RunTime:0.000222s ]
INFO: [ template_filter ] --END-- [ RunTime:0.000448s ]
INFO: Run Behavior\ParseTemplateBehavior [ RunTime:0.015866s ]
INFO: [ view_parse ] --END-- [ RunTime:0.016084s ]
INFO: [ view_filter ] --START--
INFO: Run Behavior\WriteHtmlCacheBehavior [ RunTime:0.000667s ]
INFO: [ view_filter ] --END-- [ RunTime:0.000846s ]
INFO: [ app_end ] --START--
INFO: Run Behavior\ShowPageTraceBehavior [ RunTime:0.001066s ]
INFO: [ app_end ] --END-- [ RunTime:0.001260s ]

[ 2018-03-11T13:01:49+08:00 ] 127.0.0.1 /luomansi/index.php/Home/Maintain/complete.html
INFO: [ app_init ] --START--
INFO: Run Behavior\BuildLiteBehavior [ RunTime:0.000024s ]
INFO: [ app_init ] --END-- [ RunTime:0.000654s ]
INFO: [ app_begin ] --START--
INFO: Run Behavior\ReadHtmlCacheBehavior [ RunTime:0.000802s ]
INFO: [ app_begin ] --END-- [ RunTime:0.000933s ]
SQL: SHOW COLUMNS FROM `saleman_maintain` [ RunTime:0.0059s ]
SQL: SELECT * FROM `saleman_maintain` WHERE ( serviceStatus=2 and serviceId=1 ) ORDER BY id desc  [ RunTime:0.0006s ]
SQL: SHOW COLUMNS FROM `saleman_ad` [ RunTime:0.0053s ]
SQL: SELECT `ad` FROM `saleman_ad` WHERE ( id=1 ) LIMIT 1   [ RunTime:0.0003s ]
SQL: SELECT `ad` FROM `saleman_ad` WHERE ( id=1 ) LIMIT 1   [ RunTime:0.0002s ]
INFO: [ view_parse ] --START--
INFO: [ template_filter ] --START--
INFO: Run Behavior\ContentReplaceBehavior [ RunTime:0.000138s ]
INFO: [ template_filter ] --END-- [ RunTime:0.000267s ]
INFO: Run Behavior\ParseTemplateBehavior [ RunTime:0.011166s ]
INFO: [ view_parse ] --END-- [ RunTime:0.011280s ]
INFO: [ view_filter ] --START--
INFO: Run Behavior\WriteHtmlCacheBehavior [ RunTime:0.000474s ]
INFO: [ view_filter ] --END-- [ RunTime:0.000567s ]
INFO: [ app_end ] --START--
INFO: Run Behavior\ShowPageTraceBehavior [ RunTime:0.000918s ]
INFO: [ app_end ] --END-- [ RunTime:0.001048s ]

[ 2018-03-11T13:02:12+08:00 ] 127.0.0.1 /luomansi/index.php/Home/Maintain/complete.html
INFO: [ app_init ] --START--
INFO: Run Behavior\BuildLiteBehavior [ RunTime:0.000025s ]
INFO: [ app_init ] --END-- [ RunTime:0.000551s ]
INFO: [ app_begin ] --START--
INFO: Run Behavior\ReadHtmlCacheBehavior [ RunTime:0.000757s ]
INFO: [ app_begin ] --END-- [ RunTime:0.000876s ]
SQL: SHOW COLUMNS FROM `saleman_maintain` [ RunTime:0.0069s ]
SQL: SELECT * FROM `saleman_maintain` WHERE ( serviceStatus=2 and serviceId=1 ) ORDER BY id desc  [ RunTime:0.0006s ]
SQL: SHOW COLUMNS FROM `saleman_ad` [ RunTime:0.0047s ]
SQL: SELECT `ad` FROM `saleman_ad` WHERE ( id=1 ) LIMIT 1   [ RunTime:0.0003s ]
SQL: SELECT `ad` FROM `saleman_ad` WHERE ( id=1 ) LIMIT 1   [ RunTime:0.0003s ]
INFO: [ view_parse ] --START--
INFO: [ template_filter ] --START--
INFO: Run Behavior\ContentReplaceBehavior [ RunTime:0.000142s ]
INFO: [ template_filter ] --END-- [ RunTime:0.000271s ]
INFO: Run Behavior\ParseTemplateBehavior [ RunTime:0.011703s ]
INFO: [ view_parse ] --END-- [ RunTime:0.011859s ]
INFO: [ view_filter ] --START--
INFO: Run Behavior\WriteHtmlCacheBehavior [ RunTime:0.000536s ]
INFO: [ view_filter ] --END-- [ RunTime:0.000639s ]
INFO: [ app_end ] --START--
INFO: Run Behavior\ShowPageTraceBehavior [ RunTime:0.000917s ]
INFO: [ app_end ] --END-- [ RunTime:0.001024s ]

[ 2018-03-11T13:06:37+08:00 ] 127.0.0.1 /luomansi/index.php/Home/Maintain/complete.html
INFO: [ app_init ] --START--
INFO: Run Behavior\BuildLiteBehavior [ RunTime:0.000027s ]
INFO: [ app_init ] --END-- [ RunTime:0.000541s ]
INFO: [ app_begin ] --START--
INFO: Run Behavior\ReadHtmlCacheBehavior [ RunTime:0.000752s ]
INFO: [ app_begin ] --END-- [ RunTime:0.000871s ]
SQL: SHOW COLUMNS FROM `saleman_maintain` [ RunTime:0.0067s ]
SQL: SELECT * FROM `saleman_maintain` WHERE ( serviceStatus=2 and serviceId=1 ) ORDER BY id desc  [ RunTime:0.0005s ]
SQL: SHOW COLUMNS FROM `saleman_ad` [ RunTime:0.0064s ]
SQL: SELECT `ad` FROM `saleman_ad` WHERE ( id=1 ) LIMIT 1   [ RunTime:0.0004s ]
SQL: SELECT `ad` FROM `saleman_ad` WHERE ( id=1 ) LIMIT 1   [ RunTime:0.0003s ]
INFO: [ view_parse ] --START--
INFO: [ template_filter ] --START--
INFO: Run Behavior\ContentReplaceBehavior [ RunTime:0.000144s ]
INFO: [ template_filter ] --END-- [ RunTime:0.000270s ]
INFO: Run Behavior\ParseTemplateBehavior [ RunTime:0.011965s ]
INFO: [ view_parse ] --END-- [ RunTime:0.012092s ]
INFO: [ view_filter ] --START--
INFO: Run Behavior\WriteHtmlCacheBehavior [ RunTime:0.000563s ]
INFO: [ view_filter ] --END-- [ RunTime:0.000670s ]
INFO: [ app_end ] --START--
INFO: Run Behavior\ShowPageTraceBehavior [ RunTime:0.000764s ]
INFO: [ app_end ] --END-- [ RunTime:0.000874s ]

[ 2018-03-11T13:08:24+08:00 ] 127.0.0.1 /luomansi/index.php/Home/Maintain/complete.html
INFO: [ app_init ] --START--
INFO: Run Behavior\BuildLiteBehavior [ RunTime:0.000026s ]
INFO: [ app_init ] --END-- [ RunTime:0.000535s ]
INFO: [ app_begin ] --START--
INFO: Run Behavior\ReadHtmlCacheBehavior [ RunTime:0.000717s ]
INFO: [ app_begin ] --END-- [ RunTime:0.000832s ]
SQL: SHOW COLUMNS FROM `saleman_maintain` [ RunTime:0.1003s ]
SQL: SELECT * FROM `saleman_maintain` WHERE ( serviceStatus=2 and serviceId=1 ) ORDER BY id desc  [ RunTime:0.0005s ]
SQL: SHOW COLUMNS FROM `saleman_ad` [ RunTime:0.0047s ]
SQL: SELECT `ad` FROM `saleman_ad` WHERE ( id=1 ) LIMIT 1   [ RunTime:0.0003s ]
SQL: SELECT `ad` FROM `saleman_ad` WHERE ( id=1 ) LIMIT 1   [ RunTime:0.0002s ]
INFO: [ view_parse ] --START--
INFO: [ template_filter ] --START--
INFO: Run Behavior\ContentReplaceBehavior [ RunTime:0.000136s ]
INFO: [ template_filter ] --END-- [ RunTime:0.000258s ]
INFO: Run Behavior\ParseTemplateBehavior [ RunTime:0.010955s ]
INFO: [ view_parse ] --END-- [ RunTime:0.011079s ]
INFO: [ view_filter ] --START--
INFO: Run Behavior\WriteHtmlCacheBehavior [ RunTime:0.000491s ]
INFO: [ view_filter ] --END-- [ RunTime:0.000599s ]
INFO: [ app_end ] --START--
INFO: Run Behavior\ShowPageTraceBehavior [ RunTime:0.000713s ]
INFO: [ app_end ] --END-- [ RunTime:0.000818s ]

[ 2018-03-11T13:09:30+08:00 ] 127.0.0.1 /luomansi/index.php/Home/Maintain/complete.html
INFO: [ app_init ] --START--
INFO: Run Behavior\BuildLiteBehavior [ RunTime:0.000025s ]
INFO: [ app_init ] --END-- [ RunTime:0.000520s ]
INFO: [ app_begin ] --START--
INFO: Run Behavior\ReadHtmlCacheBehavior [ RunTime:0.000780s ]
INFO: [ app_begin ] --END-- [ RunTime:0.000897s ]
SQL: SHOW COLUMNS FROM `saleman_maintain` [ RunTime:0.0053s ]
SQL: SELECT * FROM `saleman_maintain` WHERE ( serviceStatus=2 and serviceId=1 ) ORDER BY id desc  [ RunTime:0.0005s ]
SQL: SHOW COLUMNS FROM `saleman_ad` [ RunTime:0.0049s ]
SQL: SELECT `ad` FROM `saleman_ad` WHERE ( id=1 ) LIMIT 1   [ RunTime:0.0003s ]
SQL: SELECT `ad` FROM `saleman_ad` WHERE ( id=1 ) LIMIT 1   [ RunTime:0.0002s ]
INFO: [ view_parse ] --START--
INFO: [ template_filter ] --START--
INFO: Run Behavior\ContentReplaceBehavior [ RunTime:0.000219s ]
INFO: [ template_filter ] --END-- [ RunTime:0.000413s ]
INFO: Run Behavior\ParseTemplateBehavior [ RunTime:0.011735s ]
INFO: [ view_parse ] --END-- [ RunTime:0.011851s ]
INFO: [ view_filter ] --START--
INFO: Run Behavior\WriteHtmlCacheBehavior [ RunTime:0.000485s ]
INFO: [ view_filter ] --END-- [ RunTime:0.000586s ]
INFO: [ app_end ] --START--
INFO: Run Behavior\ShowPageTraceBehavior [ RunTime:0.000888s ]
INFO: [ app_end ] --END-- [ RunTime:0.000997s ]

[ 2018-03-11T13:10:05+08:00 ] 127.0.0.1 /luomansi/index.php/Home/Maintain/complete.html
INFO: [ app_init ] --START--
INFO: Run Behavior\BuildLiteBehavior [ RunTime:0.000029s ]
INFO: [ app_init ] --END-- [ RunTime:0.000684s ]
INFO: [ app_begin ] --START--
INFO: Run Behavior\ReadHtmlCacheBehavior [ RunTime:0.000876s ]
INFO: [ app_begin ] --END-- [ RunTime:0.001020s ]
SQL: SHOW COLUMNS FROM `saleman_maintain` [ RunTime:0.0103s ]
SQL: SELECT * FROM `saleman_maintain` WHERE ( serviceStatus=2 and serviceId=1 ) ORDER BY id desc  [ RunTime:0.0006s ]
SQL: SHOW COLUMNS FROM `saleman_ad` [ RunTime:0.0078s ]
SQL: SELECT `ad` FROM `saleman_ad` WHERE ( id=1 ) LIMIT 1   [ RunTime:0.0004s ]
SQL: SELECT `ad` FROM `saleman_ad` WHERE ( id=1 ) LIMIT 1   [ RunTime:0.0003s ]
INFO: [ view_parse ] --START--
INFO: [ template_filter ] --START--
INFO: Run Behavior\ContentReplaceBehavior [ RunTime:0.000154s ]
INFO: [ template_filter ] --END-- [ RunTime:0.000295s ]
INFO: Run Behavior\ParseTemplateBehavior [ RunTime:0.011650s ]
INFO: [ view_parse ] --END-- [ RunTime:0.011808s ]
INFO: [ view_filter ] --START--
INFO: Run Behavior\WriteHtmlCacheBehavior [ RunTime:0.000665s ]
INFO: [ view_filter ] --END-- [ RunTime:0.000827s ]
INFO: [ app_end ] --START--
INFO: Run Behavior\ShowPageTraceBehavior [ RunTime:0.001038s ]
INFO: [ app_end ] --END-- [ RunTime:0.001213s ]

[ 2018-03-11T13:10:25+08:00 ] 127.0.0.1 /luomansi/index.php/Home/Maintain/complete.html
INFO: [ app_init ] --START--
INFO: Run Behavior\BuildLiteBehavior [ RunTime:0.000047s ]
INFO: [ app_init ] --END-- [ RunTime:0.000554s ]
INFO: [ app_begin ] --START--
INFO: Run Behavior\ReadHtmlCacheBehavior [ RunTime:0.000730s ]
INFO: [ app_begin ] --END-- [ RunTime:0.000848s ]
SQL: SHOW COLUMNS FROM `saleman_maintain` [ RunTime:0.0060s ]
SQL: SELECT * FROM `saleman_maintain` WHERE ( serviceStatus=2 and serviceId=1 ) ORDER BY id desc  [ RunTime:0.0008s ]
SQL: SHOW COLUMNS FROM `saleman_ad` [ RunTime:0.0053s ]
SQL: SELECT `ad` FROM `saleman_ad` WHERE ( id=1 ) LIMIT 1   [ RunTime:0.0003s ]
SQL: SELECT `ad` FROM `saleman_ad` WHERE ( id=1 ) LIMIT 1   [ RunTime:0.0002s ]
INFO: [ view_parse ] --START--
INFO: [ template_filter ] --START--
INFO: Run Behavior\ContentReplaceBehavior [ RunTime:0.000140s ]
INFO: [ template_filter ] --END-- [ RunTime:0.000267s ]
INFO: Run Behavior\ParseTemplateBehavior [ RunTime:0.012254s ]
INFO: [ view_parse ] --END-- [ RunTime:0.012380s ]
INFO: [ view_filter ] --START--
INFO: Run Behavior\WriteHtmlCacheBehavior [ RunTime:0.000557s ]
INFO: [ view_filter ] --END-- [ RunTime:0.000680s ]
INFO: [ app_end ] --START--
INFO: Run Behavior\ShowPageTraceBehavior [ RunTime:0.000796s ]
INFO: [ app_end ] --END-- [ RunTime:0.000907s ]

[ 2018-03-11T13:11:03+08:00 ] 127.0.0.1 /luomansi/index.php/Home/Maintain/complete.html
INFO: [ app_init ] --START--
INFO: Run Behavior\BuildLiteBehavior [ RunTime:0.000036s ]
INFO: [ app_init ] --END-- [ RunTime:0.000719s ]
INFO: [ app_begin ] --START--
INFO: Run Behavior\ReadHtmlCacheBehavior [ RunTime:0.001068s ]
INFO: [ app_begin ] --END-- [ RunTime:0.001215s ]
SQL: SHOW COLUMNS FROM `saleman_maintain` [ RunTime:0.0057s ]
SQL: SELECT * FROM `saleman_maintain` WHERE ( serviceStatus=2 and serviceId=1 ) ORDER BY id desc  [ RunTime:0.0006s ]
SQL: SHOW COLUMNS FROM `saleman_ad` [ RunTime:0.0068s ]
SQL: SELECT `ad` FROM `saleman_ad` WHERE ( id=1 ) LIMIT 1   [ RunTime:0.0003s ]
SQL: SELECT `ad` FROM `saleman_ad` WHERE ( id=1 ) LIMIT 1   [ RunTime:0.0003s ]
INFO: [ view_parse ] --START--
INFO: [ template_filter ] --START--
INFO: Run Behavior\ContentReplaceBehavior [ RunTime:0.000121s ]
INFO: [ template_filter ] --END-- [ RunTime:0.000226s ]
INFO: Run Behavior\ParseTemplateBehavior [ RunTime:0.010447s ]
INFO: [ view_parse ] --END-- [ RunTime:0.010567s ]
INFO: [ view_filter ] --START--
INFO: Run Behavior\WriteHtmlCacheBehavior [ RunTime:0.000563s ]
INFO: [ view_filter ] --END-- [ RunTime:0.000657s ]
INFO: [ app_end ] --START--
INFO: Run Behavior\ShowPageTraceBehavior [ RunTime:0.000822s ]
INFO: [ app_end ] --END-- [ RunTime:0.000917s ]

[ 2018-03-11T13:13:16+08:00 ] 127.0.0.1 /luomansi/index.php/Home/Maintain/complete.html
INFO: [ app_init ] --START--
INFO: Run Behavior\BuildLiteBehavior [ RunTime:0.000025s ]
INFO: [ app_init ] --END-- [ RunTime:0.000515s ]
INFO: [ app_begin ] --START--
INFO: Run Behavior\ReadHtmlCacheBehavior [ RunTime:0.000714s ]
INFO: [ app_begin ] --END-- [ RunTime:0.000828s ]
SQL: SHOW COLUMNS FROM `saleman_maintain` [ RunTime:0.0063s ]
SQL: SELECT * FROM `saleman_maintain` WHERE ( serviceStatus=2 and serviceId=1 ) ORDER BY id desc  [ RunTime:0.0006s ]
SQL: SHOW COLUMNS FROM `saleman_ad` [ RunTime:0.0069s ]
SQL: SELECT `ad` FROM `saleman_ad` WHERE ( id=1 ) LIMIT 1   [ RunTime:0.0004s ]
SQL: SELECT `ad` FROM `saleman_ad` WHERE ( id=1 ) LIMIT 1   [ RunTime:0.0003s ]
INFO: [ view_parse ] --START--
INFO: [ template_filter ] --START--
INFO: Run Behavior\ContentReplaceBehavior [ RunTime:0.000138s ]
INFO: [ template_filter ] --END-- [ RunTime:0.000257s ]
INFO: Run Behavior\ParseTemplateBehavior [ RunTime:0.011127s ]
INFO: [ view_parse ] --END-- [ RunTime:0.011259s ]
INFO: [ view_filter ] --START--
INFO: Run Behavior\WriteHtmlCacheBehavior [ RunTime:0.000565s ]
INFO: [ view_filter ] --END-- [ RunTime:0.000675s ]
INFO: [ app_end ] --START--
INFO: Run Behavior\ShowPageTraceBehavior [ RunTime:0.000810s ]
INFO: [ app_end ] --END-- [ RunTime:0.000921s ]

[ 2018-03-11T13:16:04+08:00 ] 127.0.0.1 /luomansi/index.php/Home/Maintain/complete.html
INFO: [ app_init ] --START--
INFO: Run Behavior\BuildLiteBehavior [ RunTime:0.000024s ]
INFO: [ app_init ] --END-- [ RunTime:0.000630s ]
INFO: [ app_begin ] --START--
INFO: Run Behavior\ReadHtmlCacheBehavior [ RunTime:0.000765s ]
INFO: [ app_begin ] --END-- [ RunTime:0.000870s ]
SQL: SHOW COLUMNS FROM `saleman_maintain` [ RunTime:0.0058s ]
SQL: SELECT * FROM `saleman_maintain` WHERE ( serviceStatus=2 and serviceId=1 ) ORDER BY id desc  [ RunTime:0.0006s ]
SQL: SHOW COLUMNS FROM `saleman_ad` [ RunTime:0.0054s ]
SQL: SELECT `ad` FROM `saleman_ad` WHERE ( id=1 ) LIMIT 1   [ RunTime:0.0003s ]
SQL: SELECT `ad` FROM `saleman_ad` WHERE ( id=1 ) LIMIT 1   [ RunTime:0.0003s ]
INFO: [ view_parse ] --START--
INFO: [ template_filter ] --START--
INFO: Run Behavior\ContentReplaceBehavior [ RunTime:0.000121s ]
INFO: [ template_filter ] --END-- [ RunTime:0.000229s ]
INFO: Run Behavior\ParseTemplateBehavior [ RunTime:0.010407s ]
INFO: [ view_parse ] --END-- [ RunTime:0.010515s ]
INFO: [ view_filter ] --START--
INFO: Run Behavior\WriteHtmlCacheBehavior [ RunTime:0.000534s ]
INFO: [ view_filter ] --END-- [ RunTime:0.000628s ]
INFO: [ app_end ] --START--
INFO: Run Behavior\ShowPageTraceBehavior [ RunTime:0.000699s ]
INFO: [ app_end ] --END-- [ RunTime:0.000794s ]

[ 2018-03-11T13:16:15+08:00 ] 127.0.0.1 /luomansi/index.php/Home/Maintain/service.html
INFO: [ app_init ] --START--
INFO: Run Behavior\BuildLiteBehavior [ RunTime:0.000028s ]
INFO: [ app_init ] --END-- [ RunTime:0.000604s ]
INFO: [ app_begin ] --START--
INFO: Run Behavior\ReadHtmlCacheBehavior [ RunTime:0.001011s ]
INFO: [ app_begin ] --END-- [ RunTime:0.001188s ]
SQL: SHOW COLUMNS FROM `saleman_maintain` [ RunTime:0.0056s ]
SQL: SELECT * FROM `saleman_maintain` WHERE ( serviceStatus=1 and serviceId=1 ) ORDER BY id desc  [ RunTime:0.0005s ]
SQL: SHOW COLUMNS FROM `saleman_ad` [ RunTime:0.0095s ]
SQL: SELECT `ad` FROM `saleman_ad` WHERE ( id=1 ) LIMIT 1   [ RunTime:0.0005s ]
INFO: [ view_parse ] --START--
INFO: [ template_filter ] --START--
INFO: Run Behavior\ContentReplaceBehavior [ RunTime:0.000170s ]
INFO: [ template_filter ] --END-- [ RunTime:0.000278s ]
INFO: Run Behavior\ParseTemplateBehavior [ RunTime:0.015306s ]
INFO: [ view_parse ] --END-- [ RunTime:0.015522s ]
INFO: [ view_filter ] --START--
INFO: Run Behavior\WriteHtmlCacheBehavior [ RunTime:0.000514s ]
INFO: [ view_filter ] --END-- [ RunTime:0.000608s ]
INFO: [ app_end ] --START--
INFO: Run Behavior\ShowPageTraceBehavior [ RunTime:0.000704s ]
INFO: [ app_end ] --END-- [ RunTime:0.000800s ]

