[ 2018-03-08T08:49:07+08:00 ] 127.0.0.1 /luomansi/index.php/Home/Shop/index
INFO: [ app_init ] --START--
INFO: Run Behavior\BuildLiteBehavior [ RunTime:0.000103s ]
INFO: [ app_init ] --END-- [ RunTime:0.065307s ]
INFO: [ app_begin ] --START--
INFO: Run Behavior\ReadHtmlCacheBehavior [ RunTime:0.003336s ]
INFO: [ app_begin ] --END-- [ RunTime:0.003883s ]

[ 2018-03-08T08:49:08+08:00 ] 127.0.0.1 /luomansi/index.php/Home/Login/login.html
INFO: [ app_init ] --START--
INFO: Run Behavior\BuildLiteBehavior [ RunTime:0.000026s ]
INFO: [ app_init ] --END-- [ RunTime:0.000602s ]
INFO: [ app_begin ] --START--
INFO: Run Behavior\ReadHtmlCacheBehavior [ RunTime:0.000702s ]
INFO: [ app_begin ] --END-- [ RunTime:0.000808s ]
SQL: SHOW COLUMNS FROM `saleman_ad` [ RunTime:0.0397s ]
SQL: SELECT `ad` FROM `saleman_ad` WHERE ( id=1 ) LIMIT 1   [ RunTime:0.0018s ]
INFO: [ view_parse ] --START--
INFO: [ template_filter ] --START--
INFO: Run Behavior\ContentReplaceBehavior [ RunTime:0.000352s ]
INFO: [ template_filter ] --END-- [ RunTime:0.000769s ]
INFO: Run Behavior\ParseTemplateBehavior [ RunTime:0.065503s ]
INFO: [ view_parse ] --END-- [ RunTime:0.065880s ]
INFO: [ view_filter ] --START--
INFO: Run Behavior\WriteHtmlCacheBehavior [ RunTime:0.025297s ]
INFO: [ view_filter ] --END-- [ RunTime:0.025852s ]
INFO: [ app_end ] --START--
INFO: Run Behavior\ShowPageTraceBehavior [ RunTime:0.008688s ]
INFO: [ app_end ] --END-- [ RunTime:0.009036s ]

[ 2018-03-08T08:49:18+08:00 ] 127.0.0.1 /luomansi/index.php/Home/Login/login.html
INFO: [ app_init ] --START--
INFO: Run Behavior\BuildLiteBehavior [ RunTime:0.000025s ]
INFO: [ app_init ] --END-- [ RunTime:0.000559s ]
INFO: [ app_begin ] --START--
INFO: Run Behavior\ReadHtmlCacheBehavior [ RunTime:0.000684s ]
INFO: [ app_begin ] --END-- [ RunTime:0.000774s ]
SQL: SHOW COLUMNS FROM `saleman_sys_admin` [ RunTime:0.2427s ]
SQL: SELECT * FROM `saleman_sys_admin` WHERE `username` = 'cheng' AND `group` = 1 LIMIT 1   [ RunTime:0.0012s ]

[ 2018-03-08T08:49:26+08:00 ] 127.0.0.1 /luomansi/index.php/Home/Login/login.html
INFO: [ app_init ] --START--
INFO: Run Behavior\BuildLiteBehavior [ RunTime:0.000037s ]
INFO: [ app_init ] --END-- [ RunTime:0.000571s ]
INFO: [ app_begin ] --START--
INFO: Run Behavior\ReadHtmlCacheBehavior [ RunTime:0.000678s ]
INFO: [ app_begin ] --END-- [ RunTime:0.000767s ]
SQL: SHOW COLUMNS FROM `saleman_sys_admin` [ RunTime:0.0039s ]
SQL: SELECT * FROM `saleman_sys_admin` WHERE `username` = 'a123456' AND `group` = 1 LIMIT 1   [ RunTime:0.0004s ]
SQL: UPDATE `saleman_sys_admin` SET `login_num`=login_num+1 WHERE `id` = 3 [ RunTime:0.1732s ]

[ 2018-03-08T08:49:26+08:00 ] 127.0.0.1 /luomansi/index.php/Home/Shop/index.html
INFO: [ app_init ] --START--
INFO: Run Behavior\BuildLiteBehavior [ RunTime:0.000030s ]
INFO: [ app_init ] --END-- [ RunTime:0.000859s ]
INFO: [ app_begin ] --START--
INFO: Run Behavior\ReadHtmlCacheBehavior [ RunTime:0.000624s ]
INFO: [ app_begin ] --END-- [ RunTime:0.000726s ]
SQL: SHOW COLUMNS FROM `saleman_goods_permission` [ RunTime:0.0375s ]
SQL: SELECT `goodsInfoId` FROM `saleman_goods_permission` WHERE `salemanId` = 3 LIMIT 1   [ RunTime:0.0009s ]
SQL: SELECT id,goodsName,goodsDes,goodsImg,hasHand,hasLock 
                            FROM saleman_goods
                            WHERE id
                            IN (
                            SELECT DISTINCT goodsId
                            FROM saleman_goods_info
                            WHERE id
                            IN (1,2,3,4,5,6,7,8,9,10,11,12,13,14,15,16,17,18,19,20,21,22,23,24,25,26,27,28,29,30,31,32)
                            ) and status = 1 order by id asc [ RunTime:0.0623s ]
SQL: SHOW COLUMNS FROM `saleman_ad` [ RunTime:0.0122s ]
SQL: SELECT `ad` FROM `saleman_ad` WHERE ( id=1 ) LIMIT 1   [ RunTime:0.0009s ]
INFO: [ view_parse ] --START--
INFO: [ template_filter ] --START--
INFO: Run Behavior\ContentReplaceBehavior [ RunTime:0.000491s ]
INFO: [ template_filter ] --END-- [ RunTime:0.000848s ]
INFO: Run Behavior\ParseTemplateBehavior [ RunTime:0.098578s ]
INFO: [ view_parse ] --END-- [ RunTime:0.098987s ]
INFO: [ view_filter ] --START--
INFO: Run Behavior\WriteHtmlCacheBehavior [ RunTime:0.001442s ]
INFO: [ view_filter ] --END-- [ RunTime:0.001748s ]
INFO: [ app_end ] --START--
INFO: Run Behavior\ShowPageTraceBehavior [ RunTime:0.002562s ]
INFO: [ app_end ] --END-- [ RunTime:0.002985s ]

[ 2018-03-08T08:49:27+08:00 ] 127.0.0.1 /luomansi/index.php/Home/Person/index.html
INFO: [ app_init ] --START--
INFO: Run Behavior\BuildLiteBehavior [ RunTime:0.000025s ]
INFO: [ app_init ] --END-- [ RunTime:0.000519s ]
INFO: [ app_begin ] --START--
INFO: Run Behavior\ReadHtmlCacheBehavior [ RunTime:0.000973s ]
INFO: [ app_begin ] --END-- [ RunTime:0.001103s ]
SQL: SHOW COLUMNS FROM `saleman_sys_admin` [ RunTime:0.0038s ]
SQL: SELECT `username`,`name`,`phone`,`province`,`city`,`address` FROM `saleman_sys_admin` WHERE `id` = 3 LIMIT 1   [ RunTime:0.0004s ]
INFO: [ view_parse ] --START--
INFO: [ template_filter ] --START--
INFO: Run Behavior\ContentReplaceBehavior [ RunTime:0.000236s ]
INFO: [ template_filter ] --END-- [ RunTime:0.000718s ]
NOTIC: [8] Undefined variable: ad D:\wamp\www\luomansi\Application\Runtime\Cache\Home\3c80efb719363dddb130b775dd24064f.php 第 36 行.
INFO: Run Behavior\ParseTemplateBehavior [ RunTime:0.016532s ]
INFO: [ view_parse ] --END-- [ RunTime:0.016779s ]
INFO: [ view_filter ] --START--
INFO: Run Behavior\WriteHtmlCacheBehavior [ RunTime:0.000761s ]
INFO: [ view_filter ] --END-- [ RunTime:0.000949s ]
INFO: [ app_end ] --START--
INFO: Run Behavior\ShowPageTraceBehavior [ RunTime:0.001076s ]
INFO: [ app_end ] --END-- [ RunTime:0.001251s ]

[ 2018-03-08T08:50:42+08:00 ] 127.0.0.1 /luomansi/index.php/Home/Person/index.html
INFO: [ app_init ] --START--
INFO: Run Behavior\BuildLiteBehavior [ RunTime:0.000023s ]
INFO: [ app_init ] --END-- [ RunTime:0.000663s ]
INFO: [ app_begin ] --START--
INFO: Run Behavior\ReadHtmlCacheBehavior [ RunTime:0.000857s ]
INFO: [ app_begin ] --END-- [ RunTime:0.000970s ]
SQL: SHOW COLUMNS FROM `saleman_sys_admin` [ RunTime:0.0041s ]
SQL: SELECT `username`,`name`,`phone`,`province`,`city`,`address` FROM `saleman_sys_admin` WHERE `id` = 3 LIMIT 1   [ RunTime:0.0004s ]
SQL: SHOW COLUMNS FROM `saleman_ad` [ RunTime:0.0034s ]
SQL: SELECT `ad` FROM `saleman_ad` WHERE ( id=1 ) LIMIT 1   [ RunTime:0.0003s ]
INFO: [ view_parse ] --START--
INFO: [ template_filter ] --START--
INFO: Run Behavior\ContentReplaceBehavior [ RunTime:0.000154s ]
INFO: [ template_filter ] --END-- [ RunTime:0.000267s ]
INFO: Run Behavior\ParseTemplateBehavior [ RunTime:0.009879s ]
INFO: [ view_parse ] --END-- [ RunTime:0.010000s ]
INFO: [ view_filter ] --START--
INFO: Run Behavior\WriteHtmlCacheBehavior [ RunTime:0.000583s ]
INFO: [ view_filter ] --END-- [ RunTime:0.000686s ]
INFO: [ app_end ] --START--
INFO: Run Behavior\ShowPageTraceBehavior [ RunTime:0.000821s ]
INFO: [ app_end ] --END-- [ RunTime:0.000913s ]

[ 2018-03-08T08:51:15+08:00 ] 127.0.0.1 /luomansi/index.php/Home/Person/index.html
INFO: [ app_init ] --START--
INFO: Run Behavior\BuildLiteBehavior [ RunTime:0.000022s ]
INFO: [ app_init ] --END-- [ RunTime:0.000605s ]
INFO: [ app_begin ] --START--
INFO: Run Behavior\ReadHtmlCacheBehavior [ RunTime:0.000820s ]
INFO: [ app_begin ] --END-- [ RunTime:0.000925s ]
SQL: SHOW COLUMNS FROM `saleman_sys_admin` [ RunTime:0.0043s ]
SQL: SELECT `username`,`name`,`phone`,`province`,`city`,`address` FROM `saleman_sys_admin` WHERE `id` = 3 LIMIT 1   [ RunTime:0.0004s ]
SQL: SHOW COLUMNS FROM `saleman_ad` [ RunTime:0.0040s ]
SQL: SELECT `ad` FROM `saleman_ad` WHERE ( id=1 ) LIMIT 1   [ RunTime:0.0004s ]
INFO: [ view_parse ] --START--
INFO: [ template_filter ] --START--
INFO: Run Behavior\ContentReplaceBehavior [ RunTime:0.000127s ]
INFO: [ template_filter ] --END-- [ RunTime:0.000261s ]
INFO: Run Behavior\ParseTemplateBehavior [ RunTime:0.009699s ]
INFO: [ view_parse ] --END-- [ RunTime:0.009811s ]
INFO: [ view_filter ] --START--
INFO: Run Behavior\WriteHtmlCacheBehavior [ RunTime:0.000525s ]
INFO: [ view_filter ] --END-- [ RunTime:0.000615s ]
INFO: [ app_end ] --START--
INFO: Run Behavior\ShowPageTraceBehavior [ RunTime:0.000801s ]
INFO: [ app_end ] --END-- [ RunTime:0.000908s ]

[ 2018-03-08T09:42:54+08:00 ] 127.0.0.1 /luomansi/index.php/Home/Order/index.html
INFO: [ app_init ] --START--
INFO: Run Behavior\BuildLiteBehavior [ RunTime:0.000052s ]
INFO: [ app_init ] --END-- [ RunTime:0.000846s ]
INFO: [ app_begin ] --START--
INFO: Run Behavior\ReadHtmlCacheBehavior [ RunTime:0.001036s ]
INFO: [ app_begin ] --END-- [ RunTime:0.001166s ]
SQL: SHOW COLUMNS FROM `saleman_order` [ RunTime:0.0043s ]
SQL: SELECT `id`,`salemanId`,`saleman`,`orderCode`,`phone`,`address`,`orderBak`,`enTime`,`status`,`msg`,`statusTime` FROM `saleman_order` WHERE ( salemanId=3 ) ORDER BY enTime desc  [ RunTime:0.0004s ]
SQL: SHOW COLUMNS FROM `saleman_shopcar` [ RunTime:0.0045s ]
SQL: SELECT * FROM `saleman_shopcar` WHERE ( orderId in (5,4,3,1) and salemanId=3 )  [ RunTime:0.0004s ]
SQL: SHOW COLUMNS FROM `saleman_ad` [ RunTime:0.0046s ]
SQL: SELECT `ad` FROM `saleman_ad` WHERE ( id=1 ) LIMIT 1   [ RunTime:0.0003s ]
INFO: [ view_parse ] --START--
INFO: [ template_filter ] --START--
INFO: Run Behavior\ContentReplaceBehavior [ RunTime:0.000160s ]
INFO: [ template_filter ] --END-- [ RunTime:0.000270s ]
NOTIC: [8] Undefined index: entime D:\wamp\www\luomansi\Application\Runtime\Cache\Home\fe50fafcc04b971aa82531ece3aa3f8a.php 第 53 行.
NOTIC: [8] Undefined index: entime D:\wamp\www\luomansi\Application\Runtime\Cache\Home\fe50fafcc04b971aa82531ece3aa3f8a.php 第 53 行.
NOTIC: [8] Undefined index: entime D:\wamp\www\luomansi\Application\Runtime\Cache\Home\fe50fafcc04b971aa82531ece3aa3f8a.php 第 53 行.
NOTIC: [8] Undefined index: entime D:\wamp\www\luomansi\Application\Runtime\Cache\Home\fe50fafcc04b971aa82531ece3aa3f8a.php 第 53 行.
NOTIC: [8] Undefined index: entime D:\wamp\www\luomansi\Application\Runtime\Cache\Home\fe50fafcc04b971aa82531ece3aa3f8a.php 第 143 行.
NOTIC: [8] Undefined index: entime D:\wamp\www\luomansi\Application\Runtime\Cache\Home\fe50fafcc04b971aa82531ece3aa3f8a.php 第 143 行.
NOTIC: [8] Undefined index: entime D:\wamp\www\luomansi\Application\Runtime\Cache\Home\fe50fafcc04b971aa82531ece3aa3f8a.php 第 143 行.
NOTIC: [8] Undefined index: entime D:\wamp\www\luomansi\Application\Runtime\Cache\Home\fe50fafcc04b971aa82531ece3aa3f8a.php 第 187 行.
INFO: Run Behavior\ParseTemplateBehavior [ RunTime:0.030471s ]
INFO: [ view_parse ] --END-- [ RunTime:0.030613s ]
INFO: [ view_filter ] --START--
INFO: Run Behavior\WriteHtmlCacheBehavior [ RunTime:0.000777s ]
INFO: [ view_filter ] --END-- [ RunTime:0.000870s ]
INFO: [ app_end ] --START--
INFO: Run Behavior\ShowPageTraceBehavior [ RunTime:0.000943s ]
INFO: [ app_end ] --END-- [ RunTime:0.001039s ]

[ 2018-03-08T09:42:55+08:00 ] 127.0.0.1 /luomansi/index.php/Home/Shop/index.html
INFO: [ app_init ] --START--
INFO: Run Behavior\BuildLiteBehavior [ RunTime:0.000032s ]
INFO: [ app_init ] --END-- [ RunTime:0.000569s ]
INFO: [ app_begin ] --START--
INFO: Run Behavior\ReadHtmlCacheBehavior [ RunTime:0.000864s ]
INFO: [ app_begin ] --END-- [ RunTime:0.000991s ]
SQL: SHOW COLUMNS FROM `saleman_goods_permission` [ RunTime:0.0059s ]
SQL: SELECT `goodsInfoId` FROM `saleman_goods_permission` WHERE `salemanId` = 3 LIMIT 1   [ RunTime:0.0003s ]
SQL: SELECT id,goodsName,goodsDes,goodsImg,hasHand,hasLock 
                            FROM saleman_goods
                            WHERE id
                            IN (
                            SELECT DISTINCT goodsId
                            FROM saleman_goods_info
                            WHERE id
                            IN (1,2,3,4,5,6,7,8,9,10,11,12,13,14,15,16,17,18,19,20,21,22,23,24,25,26,27,28,29,30,31,32)
                            ) and status = 1 order by id asc [ RunTime:0.0013s ]
SQL: SHOW COLUMNS FROM `saleman_ad` [ RunTime:0.0040s ]
SQL: SELECT `ad` FROM `saleman_ad` WHERE ( id=1 ) LIMIT 1   [ RunTime:0.0003s ]
INFO: [ view_parse ] --START--
INFO: [ template_filter ] --START--
INFO: Run Behavior\ContentReplaceBehavior [ RunTime:0.000167s ]
INFO: [ template_filter ] --END-- [ RunTime:0.000295s ]
INFO: Run Behavior\ParseTemplateBehavior [ RunTime:0.016938s ]
INFO: [ view_parse ] --END-- [ RunTime:0.017133s ]
INFO: [ view_filter ] --START--
INFO: Run Behavior\WriteHtmlCacheBehavior [ RunTime:0.000930s ]
INFO: [ view_filter ] --END-- [ RunTime:0.001105s ]
INFO: [ app_end ] --START--
INFO: Run Behavior\ShowPageTraceBehavior [ RunTime:0.001254s ]
INFO: [ app_end ] --END-- [ RunTime:0.001423s ]

[ 2018-03-08T09:42:56+08:00 ] 127.0.0.1 /luomansi/index.php/Home/Order/index.html
INFO: [ app_init ] --START--
INFO: Run Behavior\BuildLiteBehavior [ RunTime:0.000024s ]
INFO: [ app_init ] --END-- [ RunTime:0.000597s ]
INFO: [ app_begin ] --START--
INFO: Run Behavior\ReadHtmlCacheBehavior [ RunTime:0.000883s ]
INFO: [ app_begin ] --END-- [ RunTime:0.000998s ]
SQL: SHOW COLUMNS FROM `saleman_order` [ RunTime:0.0044s ]
SQL: SELECT `id`,`salemanId`,`saleman`,`orderCode`,`phone`,`address`,`orderBak`,`enTime`,`status`,`msg`,`statusTime` FROM `saleman_order` WHERE ( salemanId=3 ) ORDER BY enTime desc  [ RunTime:0.0005s ]
SQL: SHOW COLUMNS FROM `saleman_shopcar` [ RunTime:0.0058s ]
SQL: SELECT * FROM `saleman_shopcar` WHERE ( orderId in (5,4,3,1) and salemanId=3 )  [ RunTime:0.0004s ]
SQL: SHOW COLUMNS FROM `saleman_ad` [ RunTime:0.0039s ]
SQL: SELECT `ad` FROM `saleman_ad` WHERE ( id=1 ) LIMIT 1   [ RunTime:0.0003s ]
INFO: [ view_parse ] --START--
INFO: [ template_filter ] --START--
INFO: Run Behavior\ContentReplaceBehavior [ RunTime:0.000221s ]
INFO: [ template_filter ] --END-- [ RunTime:0.000374s ]
NOTIC: [8] Undefined index: entime D:\wamp\www\luomansi\Application\Runtime\Cache\Home\fe50fafcc04b971aa82531ece3aa3f8a.php 第 53 行.
NOTIC: [8] Undefined index: entime D:\wamp\www\luomansi\Application\Runtime\Cache\Home\fe50fafcc04b971aa82531ece3aa3f8a.php 第 53 行.
NOTIC: [8] Undefined index: entime D:\wamp\www\luomansi\Application\Runtime\Cache\Home\fe50fafcc04b971aa82531ece3aa3f8a.php 第 53 行.
NOTIC: [8] Undefined index: entime D:\wamp\www\luomansi\Application\Runtime\Cache\Home\fe50fafcc04b971aa82531ece3aa3f8a.php 第 53 行.
NOTIC: [8] Undefined index: entime D:\wamp\www\luomansi\Application\Runtime\Cache\Home\fe50fafcc04b971aa82531ece3aa3f8a.php 第 143 行.
NOTIC: [8] Undefined index: entime D:\wamp\www\luomansi\Application\Runtime\Cache\Home\fe50fafcc04b971aa82531ece3aa3f8a.php 第 143 行.
NOTIC: [8] Undefined index: entime D:\wamp\www\luomansi\Application\Runtime\Cache\Home\fe50fafcc04b971aa82531ece3aa3f8a.php 第 143 行.
NOTIC: [8] Undefined index: entime D:\wamp\www\luomansi\Application\Runtime\Cache\Home\fe50fafcc04b971aa82531ece3aa3f8a.php 第 187 行.
INFO: Run Behavior\ParseTemplateBehavior [ RunTime:0.031151s ]
INFO: [ view_parse ] --END-- [ RunTime:0.031273s ]
INFO: [ view_filter ] --START--
INFO: Run Behavior\WriteHtmlCacheBehavior [ RunTime:0.000749s ]
INFO: [ view_filter ] --END-- [ RunTime:0.000842s ]
INFO: [ app_end ] --START--
INFO: Run Behavior\ShowPageTraceBehavior [ RunTime:0.000875s ]
INFO: [ app_end ] --END-- [ RunTime:0.000971s ]

[ 2018-03-08T09:42:58+08:00 ] 127.0.0.1 /luomansi/index.php/Home/Shopcar/index.html
INFO: [ app_init ] --START--
INFO: Run Behavior\BuildLiteBehavior [ RunTime:0.000027s ]
INFO: [ app_init ] --END-- [ RunTime:0.000546s ]
INFO: [ app_begin ] --START--
INFO: Run Behavior\ReadHtmlCacheBehavior [ RunTime:0.000923s ]
INFO: [ app_begin ] --END-- [ RunTime:0.001078s ]
SQL: SHOW COLUMNS FROM `saleman_goods` [ RunTime:0.0041s ]
SQL: SELECT `id`,`goodsImg`,`goodsName` FROM `saleman_goods` ORDER BY id asc  [ RunTime:0.0005s ]
SQL: SHOW COLUMNS FROM `saleman_shopcar` [ RunTime:0.0043s ]
SQL: SELECT `id`,`goodsId`,`goodsName`,`goodsImg`,`goodsModel`,`goodsNum`,`enTime` FROM `saleman_shopcar` WHERE `salemanId` = 3 AND `orderId` = 0 ORDER BY id asc  [ RunTime:0.0005s ]
SQL: SHOW COLUMNS FROM `saleman_ad` [ RunTime:0.0041s ]
SQL: SELECT `ad` FROM `saleman_ad` WHERE ( id=1 ) LIMIT 1   [ RunTime:0.0006s ]
INFO: [ view_parse ] --START--
INFO: [ template_filter ] --START--
INFO: Run Behavior\ContentReplaceBehavior [ RunTime:0.000210s ]
INFO: [ template_filter ] --END-- [ RunTime:0.000412s ]
INFO: Run Behavior\ParseTemplateBehavior [ RunTime:0.020870s ]
INFO: [ view_parse ] --END-- [ RunTime:0.021068s ]
INFO: [ view_filter ] --START--
INFO: Run Behavior\WriteHtmlCacheBehavior [ RunTime:0.001136s ]
INFO: [ view_filter ] --END-- [ RunTime:0.001387s ]
INFO: [ app_end ] --START--
INFO: Run Behavior\ShowPageTraceBehavior [ RunTime:0.001023s ]
INFO: [ app_end ] --END-- [ RunTime:0.001140s ]

[ 2018-03-08T09:43:00+08:00 ] 127.0.0.1 /luomansi/index.php/Home/Shop/index.html
INFO: [ app_init ] --START--
INFO: Run Behavior\BuildLiteBehavior [ RunTime:0.000023s ]
INFO: [ app_init ] --END-- [ RunTime:0.000635s ]
INFO: [ app_begin ] --START--
INFO: Run Behavior\ReadHtmlCacheBehavior [ RunTime:0.000891s ]
INFO: [ app_begin ] --END-- [ RunTime:0.001005s ]
SQL: SHOW COLUMNS FROM `saleman_goods_permission` [ RunTime:0.0040s ]
SQL: SELECT `goodsInfoId` FROM `saleman_goods_permission` WHERE `salemanId` = 3 LIMIT 1   [ RunTime:0.0003s ]
SQL: SELECT id,goodsName,goodsDes,goodsImg,hasHand,hasLock 
                            FROM saleman_goods
                            WHERE id
                            IN (
                            SELECT DISTINCT goodsId
                            FROM saleman_goods_info
                            WHERE id
                            IN (1,2,3,4,5,6,7,8,9,10,11,12,13,14,15,16,17,18,19,20,21,22,23,24,25,26,27,28,29,30,31,32)
                            ) and status = 1 order by id asc [ RunTime:0.0007s ]
SQL: SHOW COLUMNS FROM `saleman_ad` [ RunTime:0.0038s ]
SQL: SELECT `ad` FROM `saleman_ad` WHERE ( id=1 ) LIMIT 1   [ RunTime:0.0003s ]
INFO: [ view_parse ] --START--
INFO: [ template_filter ] --START--
INFO: Run Behavior\ContentReplaceBehavior [ RunTime:0.000146s ]
INFO: [ template_filter ] --END-- [ RunTime:0.000271s ]
INFO: Run Behavior\ParseTemplateBehavior [ RunTime:0.012890s ]
INFO: [ view_parse ] --END-- [ RunTime:0.013136s ]
INFO: [ view_filter ] --START--
INFO: Run Behavior\WriteHtmlCacheBehavior [ RunTime:0.001086s ]
INFO: [ view_filter ] --END-- [ RunTime:0.001265s ]
INFO: [ app_end ] --START--
INFO: Run Behavior\ShowPageTraceBehavior [ RunTime:0.001186s ]
INFO: [ app_end ] --END-- [ RunTime:0.001331s ]

[ 2018-03-08T09:44:46+08:00 ] 127.0.0.1 /luomansi/index.php/Home/Login/login.html
INFO: [ app_init ] --START--
INFO: Run Behavior\BuildLiteBehavior [ RunTime:0.000023s ]
INFO: [ app_init ] --END-- [ RunTime:0.000588s ]
INFO: [ app_begin ] --START--
INFO: Run Behavior\ReadHtmlCacheBehavior [ RunTime:0.001235s ]
INFO: [ app_begin ] --END-- [ RunTime:0.001355s ]
SQL: SHOW COLUMNS FROM `saleman_ad` [ RunTime:0.0042s ]
SQL: SELECT `ad` FROM `saleman_ad` WHERE ( id=1 ) LIMIT 1   [ RunTime:0.0004s ]
INFO: [ view_parse ] --START--
INFO: [ template_filter ] --START--
INFO: Run Behavior\ContentReplaceBehavior [ RunTime:0.000105s ]
INFO: [ template_filter ] --END-- [ RunTime:0.000217s ]
INFO: Run Behavior\ParseTemplateBehavior [ RunTime:0.008601s ]
INFO: [ view_parse ] --END-- [ RunTime:0.008708s ]
INFO: [ view_filter ] --START--
INFO: Run Behavior\WriteHtmlCacheBehavior [ RunTime:0.000650s ]
INFO: [ view_filter ] --END-- [ RunTime:0.000742s ]
INFO: [ app_end ] --START--
INFO: Run Behavior\ShowPageTraceBehavior [ RunTime:0.001305s ]
INFO: [ app_end ] --END-- [ RunTime:0.001440s ]

