[ 2018-03-09T12:25:13+08:00 ] 127.0.0.1 /luomansi/index.php/Home/Install/index.html
INFO: [ app_init ] --START--
INFO: Run Behavior\BuildLiteBehavior [ RunTime:0.000069s ]
INFO: [ app_init ] --END-- [ RunTime:0.002686s ]
INFO: [ app_begin ] --START--
INFO: Run Behavior\ReadHtmlCacheBehavior [ RunTime:0.005507s ]
INFO: [ app_begin ] --END-- [ RunTime:0.005876s ]

[ 2018-03-09T12:25:13+08:00 ] 127.0.0.1 /luomansi/index.php/Home/Login/installLogin.html
INFO: [ app_init ] --START--
INFO: Run Behavior\BuildLiteBehavior [ RunTime:0.000041s ]
INFO: [ app_init ] --END-- [ RunTime:0.001135s ]
INFO: [ app_begin ] --START--
INFO: Run Behavior\ReadHtmlCacheBehavior [ RunTime:0.002130s ]
INFO: [ app_begin ] --END-- [ RunTime:0.002343s ]
SQL: SHOW COLUMNS FROM `saleman_ad` [ RunTime:0.0603s ]
SQL: SELECT `ad` FROM `saleman_ad` WHERE ( id=1 ) LIMIT 1   [ RunTime:0.0004s ]
INFO: [ view_parse ] --START--
INFO: [ template_filter ] --START--
INFO: Run Behavior\ContentReplaceBehavior [ RunTime:0.000120s ]
INFO: [ template_filter ] --END-- [ RunTime:0.000243s ]
INFO: Run Behavior\ParseTemplateBehavior [ RunTime:0.075320s ]
INFO: [ view_parse ] --END-- [ RunTime:0.075468s ]
INFO: [ view_filter ] --START--
INFO: Run Behavior\WriteHtmlCacheBehavior [ RunTime:0.028958s ]
INFO: [ view_filter ] --END-- [ RunTime:0.029095s ]
INFO: [ app_end ] --START--
INFO: Run Behavior\ShowPageTraceBehavior [ RunTime:0.010254s ]
INFO: [ app_end ] --END-- [ RunTime:0.010375s ]

[ 2018-03-09T12:25:16+08:00 ] 127.0.0.1 /luomansi/index.php/Home/Login/installLogin.html
INFO: [ app_init ] --START--
INFO: Run Behavior\BuildLiteBehavior [ RunTime:0.000043s ]
INFO: [ app_init ] --END-- [ RunTime:0.001005s ]
INFO: [ app_begin ] --START--
INFO: Run Behavior\ReadHtmlCacheBehavior [ RunTime:0.000979s ]
INFO: [ app_begin ] --END-- [ RunTime:0.001131s ]
SQL: SHOW COLUMNS FROM `saleman_ad` [ RunTime:0.0037s ]
SQL: SELECT `ad` FROM `saleman_ad` WHERE ( id=1 ) LIMIT 1   [ RunTime:0.0004s ]
INFO: [ view_parse ] --START--
INFO: [ template_filter ] --START--
INFO: Run Behavior\ContentReplaceBehavior [ RunTime:0.000110s ]
INFO: [ template_filter ] --END-- [ RunTime:0.000228s ]
INFO: Run Behavior\ParseTemplateBehavior [ RunTime:0.007904s ]
INFO: [ view_parse ] --END-- [ RunTime:0.008010s ]
INFO: [ view_filter ] --START--
INFO: Run Behavior\WriteHtmlCacheBehavior [ RunTime:0.000498s ]
INFO: [ view_filter ] --END-- [ RunTime:0.000606s ]
INFO: [ app_end ] --START--
INFO: Run Behavior\ShowPageTraceBehavior [ RunTime:0.000836s ]
INFO: [ app_end ] --END-- [ RunTime:0.000937s ]

[ 2018-03-09T12:25:23+08:00 ] 127.0.0.1 /luomansi/index.php/Home/Login/serviceAdmin.html
INFO: [ app_init ] --START--
INFO: Run Behavior\BuildLiteBehavior [ RunTime:0.000023s ]
INFO: [ app_init ] --END-- [ RunTime:0.000575s ]
INFO: [ app_begin ] --START--
INFO: Run Behavior\ReadHtmlCacheBehavior [ RunTime:0.000766s ]
INFO: [ app_begin ] --END-- [ RunTime:0.000858s ]
SQL: SHOW COLUMNS FROM `saleman_service_admin` [ RunTime:0.0953s ]
SQL: SELECT * FROM `saleman_service_admin` WHERE `username` = '13555555555' LIMIT 1   [ RunTime:0.0010s ]

[ 2018-03-09T12:25:24+08:00 ] 127.0.0.1 /luomansi/index.php/Home/Install/index.html
INFO: [ app_init ] --START--
INFO: Run Behavior\BuildLiteBehavior [ RunTime:0.000024s ]
INFO: [ app_init ] --END-- [ RunTime:0.000571s ]
INFO: [ app_begin ] --START--
INFO: Run Behavior\ReadHtmlCacheBehavior [ RunTime:0.000670s ]
INFO: [ app_begin ] --END-- [ RunTime:0.000771s ]
SQL: SHOW COLUMNS FROM `saleman_ad` [ RunTime:0.0101s ]
SQL: SELECT `ad` FROM `saleman_ad` WHERE ( id=1 ) LIMIT 1   [ RunTime:0.0008s ]
INFO: [ view_parse ] --START--
INFO: [ template_filter ] --START--
INFO: Run Behavior\ContentReplaceBehavior [ RunTime:0.000303s ]
INFO: [ template_filter ] --END-- [ RunTime:0.000509s ]
INFO: Run Behavior\ParseTemplateBehavior [ RunTime:0.057898s ]
INFO: [ view_parse ] --END-- [ RunTime:0.058171s ]
INFO: [ view_filter ] --START--
INFO: Run Behavior\WriteHtmlCacheBehavior [ RunTime:0.001053s ]
INFO: [ view_filter ] --END-- [ RunTime:0.001245s ]
INFO: [ app_end ] --START--
INFO: Run Behavior\ShowPageTraceBehavior [ RunTime:0.001448s ]
INFO: [ app_end ] --END-- [ RunTime:0.001644s ]

[ 2018-03-09T12:32:40+08:00 ] 127.0.0.1 /luomansi/index.php/Home/Install/index.html
INFO: [ app_init ] --START--
INFO: Run Behavior\BuildLiteBehavior [ RunTime:0.000023s ]
INFO: [ app_init ] --END-- [ RunTime:0.000622s ]
INFO: [ app_begin ] --START--
INFO: Run Behavior\ReadHtmlCacheBehavior [ RunTime:0.000905s ]
INFO: [ app_begin ] --END-- [ RunTime:0.001009s ]
SQL: SHOW COLUMNS FROM `saleman_ad` [ RunTime:0.0057s ]
SQL: SELECT `ad` FROM `saleman_ad` WHERE ( id=1 ) LIMIT 1   [ RunTime:0.0005s ]
INFO: [ view_parse ] --START--
INFO: [ template_filter ] --START--
INFO: Run Behavior\ContentReplaceBehavior [ RunTime:0.000287s ]
INFO: [ template_filter ] --END-- [ RunTime:0.000484s ]
INFO: Run Behavior\ParseTemplateBehavior [ RunTime:0.016844s ]
INFO: [ view_parse ] --END-- [ RunTime:0.017075s ]
INFO: [ view_filter ] --START--
INFO: Run Behavior\WriteHtmlCacheBehavior [ RunTime:0.001155s ]
INFO: [ view_filter ] --END-- [ RunTime:0.001318s ]
INFO: [ app_end ] --START--
INFO: Run Behavior\ShowPageTraceBehavior [ RunTime:0.001149s ]
INFO: [ app_end ] --END-- [ RunTime:0.001266s ]

[ 2018-03-09T12:34:10+08:00 ] 127.0.0.1 /luomansi/index.php/Home/Install/index.html
INFO: [ app_init ] --START--
INFO: Run Behavior\BuildLiteBehavior [ RunTime:0.000026s ]
INFO: [ app_init ] --END-- [ RunTime:0.000613s ]
INFO: [ app_begin ] --START--
INFO: Run Behavior\ReadHtmlCacheBehavior [ RunTime:0.000772s ]
INFO: [ app_begin ] --END-- [ RunTime:0.000874s ]
SQL: SHOW COLUMNS FROM `saleman_ad` [ RunTime:0.0090s ]
SQL: SELECT `ad` FROM `saleman_ad` WHERE ( id=1 ) LIMIT 1   [ RunTime:0.0008s ]
INFO: [ view_parse ] --START--
INFO: [ template_filter ] --START--
INFO: Run Behavior\ContentReplaceBehavior [ RunTime:0.000146s ]
INFO: [ template_filter ] --END-- [ RunTime:0.000251s ]
INFO: Run Behavior\ParseTemplateBehavior [ RunTime:0.017986s ]
INFO: [ view_parse ] --END-- [ RunTime:0.018185s ]
INFO: [ view_filter ] --START--
INFO: Run Behavior\WriteHtmlCacheBehavior [ RunTime:0.000546s ]
INFO: [ view_filter ] --END-- [ RunTime:0.000639s ]
INFO: [ app_end ] --START--
INFO: Run Behavior\ShowPageTraceBehavior [ RunTime:0.000775s ]
INFO: [ app_end ] --END-- [ RunTime:0.000868s ]

[ 2018-03-09T12:34:12+08:00 ] 127.0.0.1 /luomansi/index.php/Home/Install/index.html
INFO: [ app_init ] --START--
INFO: Run Behavior\BuildLiteBehavior [ RunTime:0.000047s ]
INFO: [ app_init ] --END-- [ RunTime:0.000969s ]
INFO: [ app_begin ] --START--
INFO: Run Behavior\ReadHtmlCacheBehavior [ RunTime:0.001119s ]
INFO: [ app_begin ] --END-- [ RunTime:0.001313s ]
SQL: SHOW COLUMNS FROM `saleman_ad` [ RunTime:0.0035s ]
SQL: SELECT `ad` FROM `saleman_ad` WHERE ( id=1 ) LIMIT 1   [ RunTime:0.0003s ]
INFO: [ view_parse ] --START--
INFO: [ template_filter ] --START--
INFO: Run Behavior\ContentReplaceBehavior [ RunTime:0.000164s ]
INFO: [ template_filter ] --END-- [ RunTime:0.000277s ]
INFO: Run Behavior\ParseTemplateBehavior [ RunTime:0.010001s ]
INFO: [ view_parse ] --END-- [ RunTime:0.010121s ]
INFO: [ view_filter ] --START--
INFO: Run Behavior\WriteHtmlCacheBehavior [ RunTime:0.000691s ]
INFO: [ view_filter ] --END-- [ RunTime:0.000795s ]
INFO: [ app_end ] --START--
INFO: Run Behavior\ShowPageTraceBehavior [ RunTime:0.001060s ]
INFO: [ app_end ] --END-- [ RunTime:0.001174s ]

[ 2018-03-09T12:37:27+08:00 ] 127.0.0.1 /luomansi/index.php/Home/Install/index.html
INFO: [ app_init ] --START--
INFO: Run Behavior\BuildLiteBehavior [ RunTime:0.000051s ]
INFO: [ app_init ] --END-- [ RunTime:0.000904s ]
INFO: [ app_begin ] --START--
INFO: Run Behavior\ReadHtmlCacheBehavior [ RunTime:0.000811s ]
INFO: [ app_begin ] --END-- [ RunTime:0.000930s ]
SQL: SHOW COLUMNS FROM `saleman_ad` [ RunTime:0.0037s ]
SQL: SELECT `ad` FROM `saleman_ad` WHERE ( id=1 ) LIMIT 1   [ RunTime:0.0004s ]
INFO: [ view_parse ] --START--
INFO: [ template_filter ] --START--
INFO: Run Behavior\ContentReplaceBehavior [ RunTime:0.000148s ]
INFO: [ template_filter ] --END-- [ RunTime:0.000261s ]
INFO: Run Behavior\ParseTemplateBehavior [ RunTime:0.008980s ]
INFO: [ view_parse ] --END-- [ RunTime:0.009087s ]
INFO: [ view_filter ] --START--
INFO: Run Behavior\WriteHtmlCacheBehavior [ RunTime:0.000541s ]
INFO: [ view_filter ] --END-- [ RunTime:0.000633s ]
INFO: [ app_end ] --START--
INFO: Run Behavior\ShowPageTraceBehavior [ RunTime:0.000767s ]
INFO: [ app_end ] --END-- [ RunTime:0.000862s ]

[ 2018-03-09T12:39:06+08:00 ] 127.0.0.1 /luomansi/index.php/Home/Install/index.html
INFO: [ app_init ] --START--
INFO: Run Behavior\BuildLiteBehavior [ RunTime:0.000044s ]
INFO: [ app_init ] --END-- [ RunTime:0.000662s ]
INFO: [ app_begin ] --START--
INFO: Run Behavior\ReadHtmlCacheBehavior [ RunTime:0.000914s ]
INFO: [ app_begin ] --END-- [ RunTime:0.001026s ]
SQL: SHOW COLUMNS FROM `saleman_ad` [ RunTime:0.0035s ]
SQL: SELECT `ad` FROM `saleman_ad` WHERE ( id=1 ) LIMIT 1   [ RunTime:0.0004s ]
INFO: [ view_parse ] --START--
INFO: [ template_filter ] --START--
INFO: Run Behavior\ContentReplaceBehavior [ RunTime:0.000154s ]
INFO: [ template_filter ] --END-- [ RunTime:0.000261s ]
INFO: Run Behavior\ParseTemplateBehavior [ RunTime:0.009316s ]
INFO: [ view_parse ] --END-- [ RunTime:0.009440s ]
INFO: [ view_filter ] --START--
INFO: Run Behavior\WriteHtmlCacheBehavior [ RunTime:0.000529s ]
INFO: [ view_filter ] --END-- [ RunTime:0.000622s ]
INFO: [ app_end ] --START--
INFO: Run Behavior\ShowPageTraceBehavior [ RunTime:0.000833s ]
INFO: [ app_end ] --END-- [ RunTime:0.000942s ]

[ 2018-03-09T12:46:17+08:00 ] 127.0.0.1 /luomansi/index.php/Home/Install/record.html
INFO: [ app_init ] --START--
INFO: Run Behavior\BuildLiteBehavior [ RunTime:0.000032s ]
INFO: [ app_init ] --END-- [ RunTime:0.000689s ]
INFO: [ app_begin ] --START--
INFO: Run Behavior\ReadHtmlCacheBehavior [ RunTime:0.000909s ]
INFO: [ app_begin ] --END-- [ RunTime:0.001001s ]
SQL: SHOW COLUMNS FROM `saleman_code` [ RunTime:0.0041s ]
SQL: SELECT COUNT(*) AS tp_count FROM `saleman_code` WHERE `goodsCode` = 'R3BB8D17117F3DBAC' LIMIT 1   [ RunTime:0.0003s ]
SQL: SHOW COLUMNS FROM `saleman_service_admin` [ RunTime:0.0038s ]
SQL: SELECT * FROM `saleman_service_admin` WHERE ( id=1 ) LIMIT 1   [ RunTime:0.0004s ]
SQL: SHOW COLUMNS FROM `saleman_install` [ RunTime:0.0115s ]
SQL: INSERT INTO `saleman_install` (`serviceId`,`name`,`phone`,`area`,`address`,`goodsCode`,`installphoto`,`installimg`,`salemanId`,`saleman`,`salemanPhone`,`serName`,`serPhone`,`enTime`) VALUES ('1','aaa','13555555555','北京市东城区','wwwww','R3BB8D17117F3DBAC','install/code/lms_1520570776198.jpg','install/code/lms_1520570776717.jpg','3','cdc','13555555555','陈先生','13555555555','2018-03-09 12:46:16') [ RunTime:0.1400s ]

[ 2018-03-09T12:48:06+08:00 ] 127.0.0.1 /luomansi/index.php/Home/Install/index.html
INFO: [ app_init ] --START--
INFO: Run Behavior\BuildLiteBehavior [ RunTime:0.000025s ]
INFO: [ app_init ] --END-- [ RunTime:0.000645s ]
INFO: [ app_begin ] --START--
INFO: Run Behavior\ReadHtmlCacheBehavior [ RunTime:0.000931s ]
INFO: [ app_begin ] --END-- [ RunTime:0.001046s ]
SQL: SHOW COLUMNS FROM `saleman_ad` [ RunTime:0.0050s ]
SQL: SELECT `ad` FROM `saleman_ad` WHERE ( id=1 ) LIMIT 1   [ RunTime:0.0004s ]
INFO: [ view_parse ] --START--
INFO: [ template_filter ] --START--
INFO: Run Behavior\ContentReplaceBehavior [ RunTime:0.000151s ]
INFO: [ template_filter ] --END-- [ RunTime:0.000256s ]
INFO: Run Behavior\ParseTemplateBehavior [ RunTime:0.009797s ]
INFO: [ view_parse ] --END-- [ RunTime:0.009925s ]
INFO: [ view_filter ] --START--
INFO: Run Behavior\WriteHtmlCacheBehavior [ RunTime:0.000714s ]
INFO: [ view_filter ] --END-- [ RunTime:0.000806s ]
INFO: [ app_end ] --START--
INFO: Run Behavior\ShowPageTraceBehavior [ RunTime:0.000915s ]
INFO: [ app_end ] --END-- [ RunTime:0.001012s ]

[ 2018-03-09T13:15:20+08:00 ] 127.0.0.1 /luomansi/index.php/Home/Maintain/index.html
INFO: [ app_init ] --START--
INFO: Run Behavior\BuildLiteBehavior [ RunTime:0.000028s ]
INFO: [ app_init ] --END-- [ RunTime:0.000598s ]
INFO: [ app_begin ] --START--
INFO: Run Behavior\ReadHtmlCacheBehavior [ RunTime:0.000891s ]
INFO: [ app_begin ] --END-- [ RunTime:0.001012s ]
SQL: SHOW COLUMNS FROM `saleman_maintain` [ RunTime:0.0070s ]
SQL: SELECT * FROM `saleman_maintain` WHERE ( serviceStatus=0 and serviceId=1 ) ORDER BY id desc  [ RunTime:0.0009s ]
SQL: SHOW COLUMNS FROM `saleman_ad` [ RunTime:0.0057s ]
SQL: SELECT `ad` FROM `saleman_ad` WHERE ( id=1 ) LIMIT 1   [ RunTime:0.0005s ]
INFO: [ view_parse ] --START--
INFO: [ template_filter ] --START--
INFO: Run Behavior\ContentReplaceBehavior [ RunTime:0.000364s ]
INFO: [ template_filter ] --END-- [ RunTime:0.000676s ]
INFO: Run Behavior\ParseTemplateBehavior [ RunTime:0.245887s ]
INFO: [ view_parse ] --END-- [ RunTime:0.246150s ]
INFO: [ view_filter ] --START--
INFO: Run Behavior\WriteHtmlCacheBehavior [ RunTime:0.003090s ]
INFO: [ view_filter ] --END-- [ RunTime:0.003388s ]
INFO: [ app_end ] --START--
INFO: Run Behavior\ShowPageTraceBehavior [ RunTime:0.003525s ]
INFO: [ app_end ] --END-- [ RunTime:0.003820s ]

[ 2018-03-09T13:15:23+08:00 ] 127.0.0.1 /luomansi/index.php/Home/Maintain/service.html
INFO: [ app_init ] --START--
INFO: Run Behavior\BuildLiteBehavior [ RunTime:0.000026s ]
INFO: [ app_init ] --END-- [ RunTime:0.000596s ]
INFO: [ app_begin ] --START--
INFO: Run Behavior\ReadHtmlCacheBehavior [ RunTime:0.000800s ]
INFO: [ app_begin ] --END-- [ RunTime:0.000920s ]
SQL: SHOW COLUMNS FROM `saleman_maintain` [ RunTime:0.0043s ]
SQL: SELECT * FROM `saleman_maintain` WHERE ( serviceStatus=1 and serviceId=1 ) ORDER BY id desc  [ RunTime:0.0006s ]
SQL: SHOW COLUMNS FROM `saleman_ad` [ RunTime:0.0048s ]
SQL: SELECT `ad` FROM `saleman_ad` WHERE ( id=1 ) LIMIT 1   [ RunTime:0.0004s ]
INFO: [ view_parse ] --START--
INFO: [ template_filter ] --START--
INFO: Run Behavior\ContentReplaceBehavior [ RunTime:0.000173s ]
INFO: [ template_filter ] --END-- [ RunTime:0.000302s ]
INFO: Run Behavior\ParseTemplateBehavior [ RunTime:0.012924s ]
INFO: [ view_parse ] --END-- [ RunTime:0.013094s ]
INFO: [ view_filter ] --START--
INFO: Run Behavior\WriteHtmlCacheBehavior [ RunTime:0.000580s ]
INFO: [ view_filter ] --END-- [ RunTime:0.000673s ]
INFO: [ app_end ] --START--
INFO: Run Behavior\ShowPageTraceBehavior [ RunTime:0.000813s ]
INFO: [ app_end ] --END-- [ RunTime:0.000914s ]

[ 2018-03-09T13:16:09+08:00 ] 127.0.0.1 /luomansi/index.php/Home/Maintain/service.html
INFO: [ app_init ] --START--
INFO: Run Behavior\BuildLiteBehavior [ RunTime:0.000025s ]
INFO: [ app_init ] --END-- [ RunTime:0.000517s ]
INFO: [ app_begin ] --START--
INFO: Run Behavior\ReadHtmlCacheBehavior [ RunTime:0.000652s ]
INFO: [ app_begin ] --END-- [ RunTime:0.000764s ]
SQL: SHOW COLUMNS FROM `saleman_maintain` [ RunTime:0.0042s ]
SQL: SELECT * FROM `saleman_maintain` WHERE ( serviceStatus=1 and serviceId=1 ) ORDER BY id desc  [ RunTime:0.0005s ]
SQL: SHOW COLUMNS FROM `saleman_ad` [ RunTime:0.0042s ]
SQL: SELECT `ad` FROM `saleman_ad` WHERE ( id=1 ) LIMIT 1   [ RunTime:0.0003s ]
INFO: [ view_parse ] --START--
INFO: [ template_filter ] --START--
INFO: Run Behavior\ContentReplaceBehavior [ RunTime:0.000328s ]
INFO: [ template_filter ] --END-- [ RunTime:0.000511s ]
INFO: Run Behavior\ParseTemplateBehavior [ RunTime:0.014125s ]
INFO: [ view_parse ] --END-- [ RunTime:0.014244s ]
INFO: [ view_filter ] --START--
INFO: Run Behavior\WriteHtmlCacheBehavior [ RunTime:0.000448s ]
INFO: [ view_filter ] --END-- [ RunTime:0.000556s ]
INFO: [ app_end ] --START--
INFO: Run Behavior\ShowPageTraceBehavior [ RunTime:0.000724s ]
INFO: [ app_end ] --END-- [ RunTime:0.000831s ]

[ 2018-03-09T13:16:43+08:00 ] 127.0.0.1 /luomansi/index.php/Home/Maintain/completeService.html
INFO: [ app_init ] --START--
INFO: Run Behavior\BuildLiteBehavior [ RunTime:0.000028s ]
INFO: [ app_init ] --END-- [ RunTime:0.000575s ]
INFO: [ app_begin ] --START--
INFO: Run Behavior\ReadHtmlCacheBehavior [ RunTime:0.000895s ]
INFO: [ app_begin ] --END-- [ RunTime:0.001013s ]

[ 2018-03-09T13:21:03+08:00 ] 127.0.0.1 /luomansi/index.php/Home/Maintain/completeService.html
INFO: [ app_init ] --START--
INFO: Run Behavior\BuildLiteBehavior [ RunTime:0.000023s ]
INFO: [ app_init ] --END-- [ RunTime:0.000617s ]
INFO: [ app_begin ] --START--
INFO: Run Behavior\ReadHtmlCacheBehavior [ RunTime:0.000868s ]
INFO: [ app_begin ] --END-- [ RunTime:0.000970s ]
SQL: SHOW COLUMNS FROM `saleman_code` [ RunTime:0.0061s ]
SQL: SELECT COUNT(*) AS tp_count FROM `saleman_code` WHERE `goodsCode` = '111' LIMIT 1   [ RunTime:0.0004s ]

[ 2018-03-09T13:21:18+08:00 ] 127.0.0.1 /luomansi/index.php/Home/Maintain/completeService.html
INFO: [ app_init ] --START--
INFO: Run Behavior\BuildLiteBehavior [ RunTime:0.000024s ]
INFO: [ app_init ] --END-- [ RunTime:0.000640s ]
INFO: [ app_begin ] --START--
INFO: Run Behavior\ReadHtmlCacheBehavior [ RunTime:0.000889s ]
INFO: [ app_begin ] --END-- [ RunTime:0.000996s ]
SQL: SHOW COLUMNS FROM `saleman_code` [ RunTime:0.0080s ]
SQL: SELECT COUNT(*) AS tp_count FROM `saleman_code` WHERE `goodsCode` = 'R3BB8D17117F3DBAC' LIMIT 1   [ RunTime:0.0009s ]
SQL: SHOW COLUMNS FROM `saleman_maintain` [ RunTime:0.0055s ]
SQL: SELECT `serLog` FROM `saleman_maintain` WHERE `serviceId` = 1 AND `id` = 2 LIMIT 1   [ RunTime:0.0004s ]
SQL: UPDATE `saleman_maintain` SET `serviceStatus`='1',`comImg`='maintain/code/lms_1520572878421.jpg',`serLog`='数据记录时间：2018-03-09 13:21:18
服务时间：2018-03-09 00:00至00:00
产品码：R3BB8D17117F3DBAC
维护结果：未完成
未完成原因：111

' WHERE `serviceId` = 1 AND `id` = 2 [ RunTime:0.1734s ]

[ 2018-03-09T13:21:19+08:00 ] 127.0.0.1 /luomansi/index.php/Home/Maintain/service.html
INFO: [ app_init ] --START--
INFO: Run Behavior\BuildLiteBehavior [ RunTime:0.000029s ]
INFO: [ app_init ] --END-- [ RunTime:0.000791s ]
INFO: [ app_begin ] --START--
INFO: Run Behavior\ReadHtmlCacheBehavior [ RunTime:0.001342s ]
INFO: [ app_begin ] --END-- [ RunTime:0.001546s ]
SQL: SHOW COLUMNS FROM `saleman_maintain` [ RunTime:0.0071s ]
SQL: SELECT * FROM `saleman_maintain` WHERE ( serviceStatus=1 and serviceId=1 ) ORDER BY id desc  [ RunTime:0.0009s ]
SQL: SHOW COLUMNS FROM `saleman_ad` [ RunTime:0.0061s ]
SQL: SELECT `ad` FROM `saleman_ad` WHERE ( id=1 ) LIMIT 1   [ RunTime:0.0003s ]
INFO: [ view_parse ] --START--
INFO: [ template_filter ] --START--
INFO: Run Behavior\ContentReplaceBehavior [ RunTime:0.000302s ]
INFO: [ template_filter ] --END-- [ RunTime:0.000512s ]
INFO: Run Behavior\ParseTemplateBehavior [ RunTime:0.016880s ]
INFO: [ view_parse ] --END-- [ RunTime:0.017060s ]
INFO: [ view_filter ] --START--
INFO: Run Behavior\WriteHtmlCacheBehavior [ RunTime:0.000947s ]
INFO: [ view_filter ] --END-- [ RunTime:0.001134s ]
INFO: [ app_end ] --START--
INFO: Run Behavior\ShowPageTraceBehavior [ RunTime:0.000910s ]
INFO: [ app_end ] --END-- [ RunTime:0.001019s ]

[ 2018-03-09T14:42:26+08:00 ] 127.0.0.1 /luomansi/index.php/Home/Maintain/service.html
INFO: [ app_init ] --START--
INFO: Run Behavior\BuildLiteBehavior [ RunTime:0.000056s ]
INFO: [ app_init ] --END-- [ RunTime:0.000641s ]
INFO: [ app_begin ] --START--
INFO: Run Behavior\ReadHtmlCacheBehavior [ RunTime:0.000890s ]
INFO: [ app_begin ] --END-- [ RunTime:0.000994s ]
SQL: SHOW COLUMNS FROM `saleman_maintain` [ RunTime:0.0052s ]
SQL: SELECT * FROM `saleman_maintain` WHERE ( serviceStatus=1 and serviceId=1 ) ORDER BY id desc  [ RunTime:0.0005s ]
SQL: SHOW COLUMNS FROM `saleman_ad` [ RunTime:0.0123s ]
SQL: SELECT `ad` FROM `saleman_ad` WHERE ( id=1 ) LIMIT 1   [ RunTime:0.0007s ]
INFO: [ view_parse ] --START--
INFO: [ template_filter ] --START--
INFO: Run Behavior\ContentReplaceBehavior [ RunTime:0.000246s ]
INFO: [ template_filter ] --END-- [ RunTime:0.000385s ]
INFO: Run Behavior\ParseTemplateBehavior [ RunTime:0.028021s ]
INFO: [ view_parse ] --END-- [ RunTime:0.028228s ]
INFO: [ view_filter ] --START--
INFO: Run Behavior\WriteHtmlCacheBehavior [ RunTime:0.000711s ]
INFO: [ view_filter ] --END-- [ RunTime:0.000806s ]
INFO: [ app_end ] --START--
INFO: Run Behavior\ShowPageTraceBehavior [ RunTime:0.001031s ]
INFO: [ app_end ] --END-- [ RunTime:0.001206s ]

[ 2018-03-09T14:42:47+08:00 ] 127.0.0.1 /luomansi/index.php/Home/Maintain/service.html
INFO: [ app_init ] --START--
INFO: Run Behavior\BuildLiteBehavior [ RunTime:0.000027s ]
INFO: [ app_init ] --END-- [ RunTime:0.000605s ]
INFO: [ app_begin ] --START--
INFO: Run Behavior\ReadHtmlCacheBehavior [ RunTime:0.000986s ]
INFO: [ app_begin ] --END-- [ RunTime:0.001102s ]
SQL: SHOW COLUMNS FROM `saleman_maintain` [ RunTime:0.0049s ]
SQL: SELECT * FROM `saleman_maintain` WHERE ( serviceStatus=1 and serviceId=1 ) ORDER BY id desc  [ RunTime:0.0005s ]
SQL: SHOW COLUMNS FROM `saleman_ad` [ RunTime:0.0113s ]
SQL: SELECT `ad` FROM `saleman_ad` WHERE ( id=1 ) LIMIT 1   [ RunTime:0.0005s ]
INFO: [ view_parse ] --START--
INFO: [ template_filter ] --START--
INFO: Run Behavior\ContentReplaceBehavior [ RunTime:0.000386s ]
INFO: [ template_filter ] --END-- [ RunTime:0.000620s ]
INFO: Run Behavior\ParseTemplateBehavior [ RunTime:0.026886s ]
INFO: [ view_parse ] --END-- [ RunTime:0.027118s ]
INFO: [ view_filter ] --START--
INFO: Run Behavior\WriteHtmlCacheBehavior [ RunTime:0.001074s ]
INFO: [ view_filter ] --END-- [ RunTime:0.001251s ]
INFO: [ app_end ] --START--
INFO: Run Behavior\ShowPageTraceBehavior [ RunTime:0.001201s ]
INFO: [ app_end ] --END-- [ RunTime:0.001335s ]

[ 2018-03-09T14:42:50+08:00 ] 127.0.0.1 /luomansi/index.php/Home/Maintain/service.html
INFO: [ app_init ] --START--
INFO: Run Behavior\BuildLiteBehavior [ RunTime:0.000037s ]
INFO: [ app_init ] --END-- [ RunTime:0.000666s ]
INFO: [ app_begin ] --START--
INFO: Run Behavior\ReadHtmlCacheBehavior [ RunTime:0.000912s ]
INFO: [ app_begin ] --END-- [ RunTime:0.001021s ]
SQL: SHOW COLUMNS FROM `saleman_maintain` [ RunTime:0.0046s ]
SQL: SELECT * FROM `saleman_maintain` WHERE ( serviceStatus=1 and serviceId=1 ) ORDER BY id desc  [ RunTime:0.0005s ]
SQL: SHOW COLUMNS FROM `saleman_ad` [ RunTime:0.0132s ]
SQL: SELECT `ad` FROM `saleman_ad` WHERE ( id=1 ) LIMIT 1   [ RunTime:0.0008s ]
INFO: [ view_parse ] --START--
INFO: [ template_filter ] --START--
INFO: Run Behavior\ContentReplaceBehavior [ RunTime:0.000181s ]
INFO: [ template_filter ] --END-- [ RunTime:0.000293s ]
INFO: Run Behavior\ParseTemplateBehavior [ RunTime:0.022189s ]
INFO: [ view_parse ] --END-- [ RunTime:0.022410s ]
INFO: [ view_filter ] --START--
INFO: Run Behavior\WriteHtmlCacheBehavior [ RunTime:0.000747s ]
INFO: [ view_filter ] --END-- [ RunTime:0.000868s ]
INFO: [ app_end ] --START--
INFO: Run Behavior\ShowPageTraceBehavior [ RunTime:0.001109s ]
INFO: [ app_end ] --END-- [ RunTime:0.001230s ]

[ 2018-03-09T14:44:50+08:00 ] 127.0.0.1 /luomansi/index.php/Home/Maintain/service.html
INFO: [ app_init ] --START--
INFO: Run Behavior\BuildLiteBehavior [ RunTime:0.000023s ]
INFO: [ app_init ] --END-- [ RunTime:0.000593s ]
INFO: [ app_begin ] --START--
INFO: Run Behavior\ReadHtmlCacheBehavior [ RunTime:0.000893s ]
INFO: [ app_begin ] --END-- [ RunTime:0.000994s ]
SQL: SHOW COLUMNS FROM `saleman_maintain` [ RunTime:0.0048s ]
SQL: SELECT * FROM `saleman_maintain` WHERE ( serviceStatus=1 and serviceId=1 ) ORDER BY id desc  [ RunTime:0.0005s ]
SQL: SHOW COLUMNS FROM `saleman_ad` [ RunTime:0.0039s ]
SQL: SELECT `ad` FROM `saleman_ad` WHERE ( id=1 ) LIMIT 1   [ RunTime:0.0003s ]
INFO: [ view_parse ] --START--
INFO: [ template_filter ] --START--
INFO: Run Behavior\ContentReplaceBehavior [ RunTime:0.000234s ]
INFO: [ template_filter ] --END-- [ RunTime:0.000340s ]
INFO: Run Behavior\ParseTemplateBehavior [ RunTime:0.012928s ]
INFO: [ view_parse ] --END-- [ RunTime:0.013068s ]
INFO: [ view_filter ] --START--
INFO: Run Behavior\WriteHtmlCacheBehavior [ RunTime:0.000694s ]
INFO: [ view_filter ] --END-- [ RunTime:0.000787s ]
INFO: [ app_end ] --START--
INFO: Run Behavior\ShowPageTraceBehavior [ RunTime:0.000918s ]
INFO: [ app_end ] --END-- [ RunTime:0.001013s ]

[ 2018-03-09T14:44:51+08:00 ] 127.0.0.1 /luomansi/index.php/Home/Maintain/service.html
INFO: [ app_init ] --START--
INFO: Run Behavior\BuildLiteBehavior [ RunTime:0.000026s ]
INFO: [ app_init ] --END-- [ RunTime:0.000631s ]
INFO: [ app_begin ] --START--
INFO: Run Behavior\ReadHtmlCacheBehavior [ RunTime:0.001101s ]
INFO: [ app_begin ] --END-- [ RunTime:0.001208s ]
SQL: SHOW COLUMNS FROM `saleman_maintain` [ RunTime:0.0050s ]
SQL: SELECT * FROM `saleman_maintain` WHERE ( serviceStatus=1 and serviceId=1 ) ORDER BY id desc  [ RunTime:0.0005s ]
SQL: SHOW COLUMNS FROM `saleman_ad` [ RunTime:0.0043s ]
SQL: SELECT `ad` FROM `saleman_ad` WHERE ( id=1 ) LIMIT 1   [ RunTime:0.0003s ]
INFO: [ view_parse ] --START--
INFO: [ template_filter ] --START--
INFO: Run Behavior\ContentReplaceBehavior [ RunTime:0.000177s ]
INFO: [ template_filter ] --END-- [ RunTime:0.000287s ]
INFO: Run Behavior\ParseTemplateBehavior [ RunTime:0.013392s ]
INFO: [ view_parse ] --END-- [ RunTime:0.013511s ]
INFO: [ view_filter ] --START--
INFO: Run Behavior\WriteHtmlCacheBehavior [ RunTime:0.000822s ]
INFO: [ view_filter ] --END-- [ RunTime:0.000940s ]
INFO: [ app_end ] --START--
INFO: Run Behavior\ShowPageTraceBehavior [ RunTime:0.001068s ]
INFO: [ app_end ] --END-- [ RunTime:0.001190s ]

[ 2018-03-09T14:44:52+08:00 ] 127.0.0.1 /luomansi/index.php/Home/Maintain/service.html
INFO: [ app_init ] --START--
INFO: Run Behavior\BuildLiteBehavior [ RunTime:0.000148s ]
INFO: [ app_init ] --END-- [ RunTime:0.001949s ]
INFO: [ app_begin ] --START--
INFO: Run Behavior\ReadHtmlCacheBehavior [ RunTime:0.001784s ]
INFO: [ app_begin ] --END-- [ RunTime:0.002030s ]
SQL: SHOW COLUMNS FROM `saleman_maintain` [ RunTime:0.0060s ]
SQL: SELECT * FROM `saleman_maintain` WHERE ( serviceStatus=1 and serviceId=1 ) ORDER BY id desc  [ RunTime:0.0005s ]
SQL: SHOW COLUMNS FROM `saleman_ad` [ RunTime:0.0057s ]
SQL: SELECT `ad` FROM `saleman_ad` WHERE ( id=1 ) LIMIT 1   [ RunTime:0.0003s ]
INFO: [ view_parse ] --START--
INFO: [ template_filter ] --START--
INFO: Run Behavior\ContentReplaceBehavior [ RunTime:0.000208s ]
INFO: [ template_filter ] --END-- [ RunTime:0.000331s ]
INFO: Run Behavior\ParseTemplateBehavior [ RunTime:0.017026s ]
INFO: [ view_parse ] --END-- [ RunTime:0.017152s ]
INFO: [ view_filter ] --START--
INFO: Run Behavior\WriteHtmlCacheBehavior [ RunTime:0.000684s ]
INFO: [ view_filter ] --END-- [ RunTime:0.000786s ]
INFO: [ app_end ] --START--
INFO: Run Behavior\ShowPageTraceBehavior [ RunTime:0.000920s ]
INFO: [ app_end ] --END-- [ RunTime:0.001026s ]

[ 2018-03-09T14:44:52+08:00 ] 127.0.0.1 /luomansi/index.php/Home/Maintain/service.html
INFO: [ app_init ] --START--
INFO: Run Behavior\BuildLiteBehavior [ RunTime:0.000040s ]
INFO: [ app_init ] --END-- [ RunTime:0.001479s ]
INFO: [ app_begin ] --START--
INFO: Run Behavior\ReadHtmlCacheBehavior [ RunTime:0.002202s ]
INFO: [ app_begin ] --END-- [ RunTime:0.002704s ]
SQL: SHOW COLUMNS FROM `saleman_maintain` [ RunTime:0.0068s ]
SQL: SELECT * FROM `saleman_maintain` WHERE ( serviceStatus=1 and serviceId=1 ) ORDER BY id desc  [ RunTime:0.0008s ]
SQL: SHOW COLUMNS FROM `saleman_ad` [ RunTime:0.0084s ]
SQL: SELECT `ad` FROM `saleman_ad` WHERE ( id=1 ) LIMIT 1   [ RunTime:0.0005s ]
INFO: [ view_parse ] --START--
INFO: [ template_filter ] --START--
INFO: Run Behavior\ContentReplaceBehavior [ RunTime:0.000206s ]
INFO: [ template_filter ] --END-- [ RunTime:0.000340s ]
INFO: Run Behavior\ParseTemplateBehavior [ RunTime:0.019343s ]
INFO: [ view_parse ] --END-- [ RunTime:0.019544s ]
INFO: [ view_filter ] --START--
INFO: Run Behavior\WriteHtmlCacheBehavior [ RunTime:0.001201s ]
INFO: [ view_filter ] --END-- [ RunTime:0.001377s ]
INFO: [ app_end ] --START--
INFO: Run Behavior\ShowPageTraceBehavior [ RunTime:0.001291s ]
INFO: [ app_end ] --END-- [ RunTime:0.001426s ]

[ 2018-03-09T14:44:52+08:00 ] 127.0.0.1 /luomansi/index.php/Home/Maintain/service.html
INFO: [ app_init ] --START--
INFO: Run Behavior\BuildLiteBehavior [ RunTime:0.000026s ]
INFO: [ app_init ] --END-- [ RunTime:0.000567s ]
INFO: [ app_begin ] --START--
INFO: Run Behavior\ReadHtmlCacheBehavior [ RunTime:0.000918s ]
INFO: [ app_begin ] --END-- [ RunTime:0.001060s ]
SQL: SHOW COLUMNS FROM `saleman_maintain` [ RunTime:0.0049s ]
SQL: SELECT * FROM `saleman_maintain` WHERE ( serviceStatus=1 and serviceId=1 ) ORDER BY id desc  [ RunTime:0.0005s ]
SQL: SHOW COLUMNS FROM `saleman_ad` [ RunTime:0.0040s ]
SQL: SELECT `ad` FROM `saleman_ad` WHERE ( id=1 ) LIMIT 1   [ RunTime:0.0004s ]
INFO: [ view_parse ] --START--
INFO: [ template_filter ] --START--
INFO: Run Behavior\ContentReplaceBehavior [ RunTime:0.000177s ]
INFO: [ template_filter ] --END-- [ RunTime:0.000317s ]
INFO: Run Behavior\ParseTemplateBehavior [ RunTime:0.012877s ]
INFO: [ view_parse ] --END-- [ RunTime:0.013010s ]
INFO: [ view_filter ] --START--
INFO: Run Behavior\WriteHtmlCacheBehavior [ RunTime:0.000602s ]
INFO: [ view_filter ] --END-- [ RunTime:0.000711s ]
INFO: [ app_end ] --START--
INFO: Run Behavior\ShowPageTraceBehavior [ RunTime:0.000926s ]
INFO: [ app_end ] --END-- [ RunTime:0.001018s ]

[ 2018-03-09T14:44:52+08:00 ] 127.0.0.1 /luomansi/index.php/Home/Maintain/service.html
INFO: [ app_init ] --START--
INFO: Run Behavior\BuildLiteBehavior [ RunTime:0.000054s ]
INFO: [ app_init ] --END-- [ RunTime:0.001501s ]
INFO: [ app_begin ] --START--
INFO: Run Behavior\ReadHtmlCacheBehavior [ RunTime:0.001075s ]
INFO: [ app_begin ] --END-- [ RunTime:0.001208s ]
SQL: SHOW COLUMNS FROM `saleman_maintain` [ RunTime:0.0058s ]
SQL: SELECT * FROM `saleman_maintain` WHERE ( serviceStatus=1 and serviceId=1 ) ORDER BY id desc  [ RunTime:0.0006s ]
SQL: SHOW COLUMNS FROM `saleman_ad` [ RunTime:0.0044s ]
SQL: SELECT `ad` FROM `saleman_ad` WHERE ( id=1 ) LIMIT 1   [ RunTime:0.0003s ]
INFO: [ view_parse ] --START--
INFO: [ template_filter ] --START--
INFO: Run Behavior\ContentReplaceBehavior [ RunTime:0.000210s ]
INFO: [ template_filter ] --END-- [ RunTime:0.000350s ]
INFO: Run Behavior\ParseTemplateBehavior [ RunTime:0.013836s ]
INFO: [ view_parse ] --END-- [ RunTime:0.014007s ]
INFO: [ view_filter ] --START--
INFO: Run Behavior\WriteHtmlCacheBehavior [ RunTime:0.000656s ]
INFO: [ view_filter ] --END-- [ RunTime:0.000766s ]
INFO: [ app_end ] --START--
INFO: Run Behavior\ShowPageTraceBehavior [ RunTime:0.000860s ]
INFO: [ app_end ] --END-- [ RunTime:0.000968s ]

[ 2018-03-09T14:44:53+08:00 ] 127.0.0.1 /luomansi/index.php/Home/Maintain/service.html
INFO: [ app_init ] --START--
INFO: Run Behavior\BuildLiteBehavior [ RunTime:0.000077s ]
INFO: [ app_init ] --END-- [ RunTime:0.001683s ]
INFO: [ app_begin ] --START--
INFO: Run Behavior\ReadHtmlCacheBehavior [ RunTime:0.001435s ]
INFO: [ app_begin ] --END-- [ RunTime:0.001671s ]
SQL: SHOW COLUMNS FROM `saleman_maintain` [ RunTime:0.0047s ]
SQL: SELECT * FROM `saleman_maintain` WHERE ( serviceStatus=1 and serviceId=1 ) ORDER BY id desc  [ RunTime:0.0006s ]
SQL: SHOW COLUMNS FROM `saleman_ad` [ RunTime:0.0055s ]
SQL: SELECT `ad` FROM `saleman_ad` WHERE ( id=1 ) LIMIT 1   [ RunTime:0.0003s ]
INFO: [ view_parse ] --START--
INFO: [ template_filter ] --START--
INFO: Run Behavior\ContentReplaceBehavior [ RunTime:0.000204s ]
INFO: [ template_filter ] --END-- [ RunTime:0.000332s ]
INFO: Run Behavior\ParseTemplateBehavior [ RunTime:0.014559s ]
INFO: [ view_parse ] --END-- [ RunTime:0.014704s ]
INFO: [ view_filter ] --START--
INFO: Run Behavior\WriteHtmlCacheBehavior [ RunTime:0.000747s ]
INFO: [ view_filter ] --END-- [ RunTime:0.000870s ]
INFO: [ app_end ] --START--
INFO: Run Behavior\ShowPageTraceBehavior [ RunTime:0.000922s ]
INFO: [ app_end ] --END-- [ RunTime:0.001039s ]

[ 2018-03-09T14:45:21+08:00 ] 127.0.0.1 /luomansi/index.php/Home/Maintain/service.html
INFO: [ app_init ] --START--
INFO: Run Behavior\BuildLiteBehavior [ RunTime:0.000027s ]
INFO: [ app_init ] --END-- [ RunTime:0.000629s ]
INFO: [ app_begin ] --START--
INFO: Run Behavior\ReadHtmlCacheBehavior [ RunTime:0.000906s ]
INFO: [ app_begin ] --END-- [ RunTime:0.001035s ]
SQL: SHOW COLUMNS FROM `saleman_maintain` [ RunTime:0.0045s ]
SQL: SELECT * FROM `saleman_maintain` WHERE ( serviceStatus=1 and serviceId=1 ) ORDER BY id desc  [ RunTime:0.0005s ]
SQL: SHOW COLUMNS FROM `saleman_ad` [ RunTime:0.0050s ]
SQL: SELECT `ad` FROM `saleman_ad` WHERE ( id=1 ) LIMIT 1   [ RunTime:0.0004s ]
INFO: [ view_parse ] --START--
INFO: [ template_filter ] --START--
INFO: Run Behavior\ContentReplaceBehavior [ RunTime:0.000216s ]
INFO: [ template_filter ] --END-- [ RunTime:0.000346s ]
INFO: Run Behavior\ParseTemplateBehavior [ RunTime:0.013102s ]
INFO: [ view_parse ] --END-- [ RunTime:0.013304s ]
INFO: [ view_filter ] --START--
INFO: Run Behavior\WriteHtmlCacheBehavior [ RunTime:0.000883s ]
INFO: [ view_filter ] --END-- [ RunTime:0.001007s ]
INFO: [ app_end ] --START--
INFO: Run Behavior\ShowPageTraceBehavior [ RunTime:0.000999s ]
INFO: [ app_end ] --END-- [ RunTime:0.001122s ]

[ 2018-03-09T14:45:51+08:00 ] 127.0.0.1 /luomansi/index.php/Home/Maintain/index.html
INFO: [ app_init ] --START--
INFO: Run Behavior\BuildLiteBehavior [ RunTime:0.000027s ]
INFO: [ app_init ] --END-- [ RunTime:0.000548s ]
INFO: [ app_begin ] --START--
INFO: Run Behavior\ReadHtmlCacheBehavior [ RunTime:0.000864s ]
INFO: [ app_begin ] --END-- [ RunTime:0.000987s ]

[ 2018-03-09T14:45:52+08:00 ] 127.0.0.1 /luomansi/index.php/Home/Login/maintainLogin.html
INFO: [ app_init ] --START--
INFO: Run Behavior\BuildLiteBehavior [ RunTime:0.000028s ]
INFO: [ app_init ] --END-- [ RunTime:0.000608s ]
INFO: [ app_begin ] --START--
INFO: Run Behavior\ReadHtmlCacheBehavior [ RunTime:0.000891s ]
INFO: [ app_begin ] --END-- [ RunTime:0.001016s ]
SQL: SHOW COLUMNS FROM `saleman_ad` [ RunTime:0.0042s ]
SQL: SELECT `ad` FROM `saleman_ad` WHERE ( id=1 ) LIMIT 1   [ RunTime:0.0004s ]
INFO: [ view_parse ] --START--
INFO: [ template_filter ] --START--
INFO: Run Behavior\ContentReplaceBehavior [ RunTime:0.000105s ]
INFO: [ template_filter ] --END-- [ RunTime:0.000232s ]
INFO: Run Behavior\ParseTemplateBehavior [ RunTime:0.008064s ]
INFO: [ view_parse ] --END-- [ RunTime:0.008174s ]
INFO: [ view_filter ] --START--
INFO: Run Behavior\WriteHtmlCacheBehavior [ RunTime:0.000764s ]
INFO: [ view_filter ] --END-- [ RunTime:0.000880s ]
INFO: [ app_end ] --START--
INFO: Run Behavior\ShowPageTraceBehavior [ RunTime:0.001142s ]
INFO: [ app_end ] --END-- [ RunTime:0.001503s ]

[ 2018-03-09T14:45:55+08:00 ] 127.0.0.1 /luomansi/index.php/Home/Login/maintainLogin.html
INFO: [ app_init ] --START--
INFO: Run Behavior\BuildLiteBehavior [ RunTime:0.000039s ]
INFO: [ app_init ] --END-- [ RunTime:0.000717s ]
INFO: [ app_begin ] --START--
INFO: Run Behavior\ReadHtmlCacheBehavior [ RunTime:0.001356s ]
INFO: [ app_begin ] --END-- [ RunTime:0.001540s ]
SQL: SHOW COLUMNS FROM `saleman_ad` [ RunTime:0.0045s ]
SQL: SELECT `ad` FROM `saleman_ad` WHERE ( id=1 ) LIMIT 1   [ RunTime:0.0003s ]
INFO: [ view_parse ] --START--
INFO: [ template_filter ] --START--
INFO: Run Behavior\ContentReplaceBehavior [ RunTime:0.000105s ]
INFO: [ template_filter ] --END-- [ RunTime:0.000219s ]
INFO: Run Behavior\ParseTemplateBehavior [ RunTime:0.008473s ]
INFO: [ view_parse ] --END-- [ RunTime:0.008594s ]
INFO: [ view_filter ] --START--
INFO: Run Behavior\WriteHtmlCacheBehavior [ RunTime:0.000712s ]
INFO: [ view_filter ] --END-- [ RunTime:0.000810s ]
INFO: [ app_end ] --START--
INFO: Run Behavior\ShowPageTraceBehavior [ RunTime:0.000893s ]
INFO: [ app_end ] --END-- [ RunTime:0.001016s ]

[ 2018-03-09T14:46:04+08:00 ] 127.0.0.1 /luomansi/index.php/Home/Login/serviceAdmin.html
INFO: [ app_init ] --START--
INFO: Run Behavior\BuildLiteBehavior [ RunTime:0.000032s ]
INFO: [ app_init ] --END-- [ RunTime:0.001220s ]
INFO: [ app_begin ] --START--
INFO: Run Behavior\ReadHtmlCacheBehavior [ RunTime:0.001754s ]
INFO: [ app_begin ] --END-- [ RunTime:0.001926s ]
SQL: SHOW COLUMNS FROM `saleman_service_admin` [ RunTime:0.0049s ]
SQL: SELECT * FROM `saleman_service_admin` WHERE `username` = '13555555555' LIMIT 1   [ RunTime:0.0004s ]

[ 2018-03-09T14:46:04+08:00 ] 127.0.0.1 /luomansi/index.php/Home/Maintain/index.html
INFO: [ app_init ] --START--
INFO: Run Behavior\BuildLiteBehavior [ RunTime:0.000027s ]
INFO: [ app_init ] --END-- [ RunTime:0.000534s ]
INFO: [ app_begin ] --START--
INFO: Run Behavior\ReadHtmlCacheBehavior [ RunTime:0.000786s ]
INFO: [ app_begin ] --END-- [ RunTime:0.000912s ]
SQL: SHOW COLUMNS FROM `saleman_maintain` [ RunTime:0.0053s ]
SQL: SELECT * FROM `saleman_maintain` WHERE ( serviceStatus=0 and serviceId=1 ) ORDER BY id desc  [ RunTime:0.0004s ]
SQL: SHOW COLUMNS FROM `saleman_ad` [ RunTime:0.0045s ]
SQL: SELECT `ad` FROM `saleman_ad` WHERE ( id=1 ) LIMIT 1   [ RunTime:0.0003s ]
INFO: [ view_parse ] --START--
INFO: [ template_filter ] --START--
INFO: Run Behavior\ContentReplaceBehavior [ RunTime:0.000128s ]
INFO: [ template_filter ] --END-- [ RunTime:0.000236s ]
INFO: Run Behavior\ParseTemplateBehavior [ RunTime:0.011344s ]
INFO: [ view_parse ] --END-- [ RunTime:0.011471s ]
INFO: [ view_filter ] --START--
INFO: Run Behavior\WriteHtmlCacheBehavior [ RunTime:0.000534s ]
INFO: [ view_filter ] --END-- [ RunTime:0.000629s ]
INFO: [ app_end ] --START--
INFO: Run Behavior\ShowPageTraceBehavior [ RunTime:0.000742s ]
INFO: [ app_end ] --END-- [ RunTime:0.000838s ]

[ 2018-03-09T14:46:05+08:00 ] 127.0.0.1 /luomansi/index.php/Home/Maintain/service.html
INFO: [ app_init ] --START--
INFO: Run Behavior\BuildLiteBehavior [ RunTime:0.000044s ]
INFO: [ app_init ] --END-- [ RunTime:0.001194s ]
INFO: [ app_begin ] --START--
INFO: Run Behavior\ReadHtmlCacheBehavior [ RunTime:0.001198s ]
INFO: [ app_begin ] --END-- [ RunTime:0.001397s ]
SQL: SHOW COLUMNS FROM `saleman_maintain` [ RunTime:0.0055s ]
SQL: SELECT * FROM `saleman_maintain` WHERE ( serviceStatus=1 and serviceId=1 ) ORDER BY id desc  [ RunTime:0.0006s ]
SQL: SHOW COLUMNS FROM `saleman_ad` [ RunTime:0.0053s ]
SQL: SELECT `ad` FROM `saleman_ad` WHERE ( id=1 ) LIMIT 1   [ RunTime:0.0004s ]
INFO: [ view_parse ] --START--
INFO: [ template_filter ] --START--
INFO: Run Behavior\ContentReplaceBehavior [ RunTime:0.000358s ]
INFO: [ template_filter ] --END-- [ RunTime:0.000563s ]
INFO: Run Behavior\ParseTemplateBehavior [ RunTime:0.015705s ]
INFO: [ view_parse ] --END-- [ RunTime:0.015863s ]
INFO: [ view_filter ] --START--
INFO: Run Behavior\WriteHtmlCacheBehavior [ RunTime:0.000636s ]
INFO: [ view_filter ] --END-- [ RunTime:0.000748s ]
INFO: [ app_end ] --START--
INFO: Run Behavior\ShowPageTraceBehavior [ RunTime:0.000854s ]
INFO: [ app_end ] --END-- [ RunTime:0.000965s ]

[ 2018-03-09T14:47:41+08:00 ] 127.0.0.1 /luomansi/index.php/Home/Maintain/service.html
INFO: [ app_init ] --START--
INFO: Run Behavior\BuildLiteBehavior [ RunTime:0.000028s ]
INFO: [ app_init ] --END-- [ RunTime:0.000558s ]
INFO: [ app_begin ] --START--
INFO: Run Behavior\ReadHtmlCacheBehavior [ RunTime:0.000885s ]
INFO: [ app_begin ] --END-- [ RunTime:0.001017s ]
SQL: SHOW COLUMNS FROM `saleman_maintain` [ RunTime:0.0046s ]
SQL: SELECT * FROM `saleman_maintain` WHERE ( serviceStatus=1 and serviceId=1 ) ORDER BY id desc  [ RunTime:0.0006s ]
SQL: SHOW COLUMNS FROM `saleman_ad` [ RunTime:0.0053s ]
SQL: SELECT `ad` FROM `saleman_ad` WHERE ( id=1 ) LIMIT 1   [ RunTime:0.0003s ]
INFO: [ view_parse ] --START--
INFO: [ template_filter ] --START--
INFO: Run Behavior\ContentReplaceBehavior [ RunTime:0.000192s ]
INFO: [ template_filter ] --END-- [ RunTime:0.000313s ]
INFO: Run Behavior\ParseTemplateBehavior [ RunTime:0.014829s ]
INFO: [ view_parse ] --END-- [ RunTime:0.014961s ]
INFO: [ view_filter ] --START--
INFO: Run Behavior\WriteHtmlCacheBehavior [ RunTime:0.000716s ]
INFO: [ view_filter ] --END-- [ RunTime:0.000827s ]
INFO: [ app_end ] --START--
INFO: Run Behavior\ShowPageTraceBehavior [ RunTime:0.000871s ]
INFO: [ app_end ] --END-- [ RunTime:0.000976s ]

[ 2018-03-09T14:50:06+08:00 ] 127.0.0.1 /luomansi/index.php/Home/Maintain/service.html
INFO: [ app_init ] --START--
INFO: Run Behavior\BuildLiteBehavior [ RunTime:0.000029s ]
INFO: [ app_init ] --END-- [ RunTime:0.000616s ]
INFO: [ app_begin ] --START--
INFO: Run Behavior\ReadHtmlCacheBehavior [ RunTime:0.001515s ]
INFO: [ app_begin ] --END-- [ RunTime:0.001730s ]
SQL: SHOW COLUMNS FROM `saleman_maintain` [ RunTime:0.0057s ]
SQL: SELECT * FROM `saleman_maintain` WHERE ( serviceStatus=1 and serviceId=1 ) ORDER BY id desc  [ RunTime:0.0005s ]
SQL: SHOW COLUMNS FROM `saleman_ad` [ RunTime:0.0052s ]
SQL: SELECT `ad` FROM `saleman_ad` WHERE ( id=1 ) LIMIT 1   [ RunTime:0.0003s ]
INFO: [ view_parse ] --START--
INFO: [ template_filter ] --START--
INFO: Run Behavior\ContentReplaceBehavior [ RunTime:0.000193s ]
INFO: [ template_filter ] --END-- [ RunTime:0.000313s ]
INFO: Run Behavior\ParseTemplateBehavior [ RunTime:0.013466s ]
INFO: [ view_parse ] --END-- [ RunTime:0.013602s ]
INFO: [ view_filter ] --START--
INFO: Run Behavior\WriteHtmlCacheBehavior [ RunTime:0.000624s ]
INFO: [ view_filter ] --END-- [ RunTime:0.000738s ]
INFO: [ app_end ] --START--
INFO: Run Behavior\ShowPageTraceBehavior [ RunTime:0.000853s ]
INFO: [ app_end ] --END-- [ RunTime:0.000963s ]

[ 2018-03-09T14:50:25+08:00 ] 127.0.0.1 /luomansi/index.php/Home/Maintain/service.html
INFO: [ app_init ] --START--
INFO: Run Behavior\BuildLiteBehavior [ RunTime:0.000028s ]
INFO: [ app_init ] --END-- [ RunTime:0.000561s ]
INFO: [ app_begin ] --START--
INFO: Run Behavior\ReadHtmlCacheBehavior [ RunTime:0.000899s ]
INFO: [ app_begin ] --END-- [ RunTime:0.001009s ]
SQL: SHOW COLUMNS FROM `saleman_maintain` [ RunTime:0.0049s ]
SQL: SELECT * FROM `saleman_maintain` WHERE ( serviceStatus=1 and serviceId=1 ) ORDER BY id desc  [ RunTime:0.0005s ]
SQL: SHOW COLUMNS FROM `saleman_ad` [ RunTime:0.0045s ]
SQL: SELECT `ad` FROM `saleman_ad` WHERE ( id=1 ) LIMIT 1   [ RunTime:0.0003s ]
INFO: [ view_parse ] --START--
INFO: [ template_filter ] --START--
INFO: Run Behavior\ContentReplaceBehavior [ RunTime:0.000177s ]
INFO: [ template_filter ] --END-- [ RunTime:0.000294s ]
INFO: Run Behavior\ParseTemplateBehavior [ RunTime:0.013267s ]
INFO: [ view_parse ] --END-- [ RunTime:0.013390s ]
INFO: [ view_filter ] --START--
INFO: Run Behavior\WriteHtmlCacheBehavior [ RunTime:0.000718s ]
INFO: [ view_filter ] --END-- [ RunTime:0.000818s ]
INFO: [ app_end ] --START--
INFO: Run Behavior\ShowPageTraceBehavior [ RunTime:0.000931s ]
INFO: [ app_end ] --END-- [ RunTime:0.001027s ]

[ 2018-03-09T14:52:33+08:00 ] 127.0.0.1 /luomansi/index.php/Home/Maintain/service.html
INFO: [ app_init ] --START--
INFO: Run Behavior\BuildLiteBehavior [ RunTime:0.000040s ]
INFO: [ app_init ] --END-- [ RunTime:0.000831s ]
INFO: [ app_begin ] --START--
INFO: Run Behavior\ReadHtmlCacheBehavior [ RunTime:0.001084s ]
INFO: [ app_begin ] --END-- [ RunTime:0.001237s ]
SQL: SHOW COLUMNS FROM `saleman_maintain` [ RunTime:0.0045s ]
SQL: SELECT * FROM `saleman_maintain` WHERE ( serviceStatus=1 and serviceId=1 ) ORDER BY id desc  [ RunTime:0.0006s ]
SQL: SHOW COLUMNS FROM `saleman_ad` [ RunTime:0.0056s ]
SQL: SELECT `ad` FROM `saleman_ad` WHERE ( id=1 ) LIMIT 1   [ RunTime:0.0003s ]
INFO: [ view_parse ] --START--
INFO: [ template_filter ] --START--
INFO: Run Behavior\ContentReplaceBehavior [ RunTime:0.000207s ]
INFO: [ template_filter ] --END-- [ RunTime:0.000354s ]
INFO: Run Behavior\ParseTemplateBehavior [ RunTime:0.016975s ]
INFO: [ view_parse ] --END-- [ RunTime:0.017139s ]
INFO: [ view_filter ] --START--
INFO: Run Behavior\WriteHtmlCacheBehavior [ RunTime:0.000686s ]
INFO: [ view_filter ] --END-- [ RunTime:0.000804s ]
INFO: [ app_end ] --START--
INFO: Run Behavior\ShowPageTraceBehavior [ RunTime:0.000880s ]
INFO: [ app_end ] --END-- [ RunTime:0.000996s ]

[ 2018-03-09T14:52:49+08:00 ] 127.0.0.1 /luomansi/index.php/Home/Maintain/service.html
INFO: [ app_init ] --START--
INFO: Run Behavior\BuildLiteBehavior [ RunTime:0.000026s ]
INFO: [ app_init ] --END-- [ RunTime:0.000604s ]
INFO: [ app_begin ] --START--
INFO: Run Behavior\ReadHtmlCacheBehavior [ RunTime:0.000872s ]
INFO: [ app_begin ] --END-- [ RunTime:0.001012s ]
SQL: SHOW COLUMNS FROM `saleman_maintain` [ RunTime:0.0054s ]
SQL: SELECT * FROM `saleman_maintain` WHERE ( serviceStatus=1 and serviceId=1 ) ORDER BY id desc  [ RunTime:0.0005s ]
SQL: SHOW COLUMNS FROM `saleman_ad` [ RunTime:0.0043s ]
SQL: SELECT `ad` FROM `saleman_ad` WHERE ( id=1 ) LIMIT 1   [ RunTime:0.0003s ]
INFO: [ view_parse ] --START--
INFO: [ template_filter ] --START--
INFO: Run Behavior\ContentReplaceBehavior [ RunTime:0.000209s ]
INFO: [ template_filter ] --END-- [ RunTime:0.000360s ]
INFO: Run Behavior\ParseTemplateBehavior [ RunTime:0.015557s ]
INFO: [ view_parse ] --END-- [ RunTime:0.015704s ]
INFO: [ view_filter ] --START--
INFO: Run Behavior\WriteHtmlCacheBehavior [ RunTime:0.000705s ]
INFO: [ view_filter ] --END-- [ RunTime:0.000827s ]
INFO: [ app_end ] --START--
INFO: Run Behavior\ShowPageTraceBehavior [ RunTime:0.000925s ]
INFO: [ app_end ] --END-- [ RunTime:0.001043s ]

[ 2018-03-09T16:23:48+08:00 ] 127.0.0.1 /luomansi/index.php/Home/Maintain/index.html
INFO: [ app_init ] --START--
INFO: Run Behavior\BuildLiteBehavior [ RunTime:0.000026s ]
INFO: [ app_init ] --END-- [ RunTime:0.000596s ]
INFO: [ app_begin ] --START--
INFO: Run Behavior\ReadHtmlCacheBehavior [ RunTime:0.001433s ]
INFO: [ app_begin ] --END-- [ RunTime:0.001693s ]
SQL: SHOW COLUMNS FROM `saleman_maintain` [ RunTime:0.0045s ]
SQL: SELECT * FROM `saleman_maintain` WHERE ( serviceStatus=0 and serviceId=1 ) ORDER BY id desc  [ RunTime:0.0005s ]
SQL: SHOW COLUMNS FROM `saleman_ad` [ RunTime:0.0035s ]
SQL: SELECT `ad` FROM `saleman_ad` WHERE ( id=1 ) LIMIT 1   [ RunTime:0.0004s ]
INFO: [ view_parse ] --START--
INFO: [ template_filter ] --START--
INFO: Run Behavior\ContentReplaceBehavior [ RunTime:0.000128s ]
INFO: [ template_filter ] --END-- [ RunTime:0.000251s ]
INFO: Run Behavior\ParseTemplateBehavior [ RunTime:0.012781s ]
INFO: [ view_parse ] --END-- [ RunTime:0.012948s ]
INFO: [ view_filter ] --START--
INFO: Run Behavior\WriteHtmlCacheBehavior [ RunTime:0.000670s ]
INFO: [ view_filter ] --END-- [ RunTime:0.000790s ]
INFO: [ app_end ] --START--
INFO: Run Behavior\ShowPageTraceBehavior [ RunTime:0.000799s ]
INFO: [ app_end ] --END-- [ RunTime:0.000901s ]

[ 2018-03-09T16:23:50+08:00 ] 127.0.0.1 /luomansi/index.php/Home/Maintain/service.html
INFO: [ app_init ] --START--
INFO: Run Behavior\BuildLiteBehavior [ RunTime:0.000042s ]
INFO: [ app_init ] --END-- [ RunTime:0.000823s ]
INFO: [ app_begin ] --START--
INFO: Run Behavior\ReadHtmlCacheBehavior [ RunTime:0.000793s ]
INFO: [ app_begin ] --END-- [ RunTime:0.000917s ]
SQL: SHOW COLUMNS FROM `saleman_maintain` [ RunTime:0.0043s ]
SQL: SELECT * FROM `saleman_maintain` WHERE ( serviceStatus=1 and serviceId=1 ) ORDER BY id desc  [ RunTime:0.0005s ]
SQL: SHOW COLUMNS FROM `saleman_ad` [ RunTime:0.0114s ]
SQL: SELECT `ad` FROM `saleman_ad` WHERE ( id=1 ) LIMIT 1   [ RunTime:0.0009s ]
INFO: [ view_parse ] --START--
INFO: [ template_filter ] --START--
INFO: Run Behavior\ContentReplaceBehavior [ RunTime:0.000175s ]
INFO: [ template_filter ] --END-- [ RunTime:0.000283s ]
INFO: Run Behavior\ParseTemplateBehavior [ RunTime:0.017733s ]
INFO: [ view_parse ] --END-- [ RunTime:0.018019s ]
INFO: [ view_filter ] --START--
INFO: Run Behavior\WriteHtmlCacheBehavior [ RunTime:0.000983s ]
INFO: [ view_filter ] --END-- [ RunTime:0.001155s ]
INFO: [ app_end ] --START--
INFO: Run Behavior\ShowPageTraceBehavior [ RunTime:0.000949s ]
INFO: [ app_end ] --END-- [ RunTime:0.001063s ]

[ 2018-03-09T16:24:25+08:00 ] 127.0.0.1 /luomansi/index.php/Home/Maintain/completeService.html
INFO: [ app_init ] --START--
INFO: Run Behavior\BuildLiteBehavior [ RunTime:0.000025s ]
INFO: [ app_init ] --END-- [ RunTime:0.000553s ]
INFO: [ app_begin ] --START--
INFO: Run Behavior\ReadHtmlCacheBehavior [ RunTime:0.000631s ]
INFO: [ app_begin ] --END-- [ RunTime:0.000740s ]
SQL: SHOW COLUMNS FROM `saleman_code` [ RunTime:0.0051s ]
SQL: SELECT COUNT(*) AS tp_count FROM `saleman_code` WHERE `goodsCode` = 'R3BB8D17117F3DBAC' LIMIT 1   [ RunTime:0.0003s ]
SQL: SHOW COLUMNS FROM `saleman_maintain` [ RunTime:0.0052s ]
SQL: SELECT `serLog` FROM `saleman_maintain` WHERE `serviceId` = 1 AND `id` = 2 LIMIT 1   [ RunTime:0.0003s ]
SQL: UPDATE `saleman_maintain` SET `serviceStatus`='2',`comPhoto`='maintain/photo/lms_1520583865644.jpg',`comImg`='maintain/code/lms_1520583865409.jpg',`serLog`='数据记录时间：2018-03-09 13:21:18
服务时间：2018-03-09 00:00至00:00
产品码：R3BB8D17117F3DBAC
维护结果：未完成
未完成原因：111

数据记录时间：2018-03-09 16:24:25
服务时间：2018-03-09 00:00至00:00
产品码：R3BB8D17117F3DBAC
维护结果：已完成

' WHERE `serviceId` = 1 AND `id` = 2 [ RunTime:0.1427s ]

[ 2018-03-09T16:24:26+08:00 ] 127.0.0.1 /luomansi/index.php/Home/Maintain/complete.html
INFO: [ app_init ] --START--
INFO: Run Behavior\BuildLiteBehavior [ RunTime:0.000026s ]
INFO: [ app_init ] --END-- [ RunTime:0.000500s ]
INFO: [ app_begin ] --START--
INFO: Run Behavior\ReadHtmlCacheBehavior [ RunTime:0.000638s ]
INFO: [ app_begin ] --END-- [ RunTime:0.000759s ]
SQL: SHOW COLUMNS FROM `saleman_maintain` [ RunTime:0.0075s ]
SQL: SELECT * FROM `saleman_maintain` WHERE ( serviceStatus=2 and serviceId=1 ) ORDER BY id desc  [ RunTime:0.0005s ]
SQL: SHOW COLUMNS FROM `saleman_ad` [ RunTime:0.0053s ]
SQL: SELECT `ad` FROM `saleman_ad` WHERE ( id=1 ) LIMIT 1   [ RunTime:0.0007s ]
SQL: SELECT `ad` FROM `saleman_ad` WHERE ( id=1 ) LIMIT 1   [ RunTime:0.0009s ]
INFO: [ view_parse ] --START--
INFO: [ template_filter ] --START--
INFO: Run Behavior\ContentReplaceBehavior [ RunTime:0.000134s ]
INFO: [ template_filter ] --END-- [ RunTime:0.000259s ]
INFO: Run Behavior\ParseTemplateBehavior [ RunTime:0.057962s ]
INFO: [ view_parse ] --END-- [ RunTime:0.058170s ]
INFO: [ view_filter ] --START--
INFO: Run Behavior\WriteHtmlCacheBehavior [ RunTime:0.000816s ]
INFO: [ view_filter ] --END-- [ RunTime:0.000988s ]
INFO: [ app_end ] --START--
INFO: Run Behavior\ShowPageTraceBehavior [ RunTime:0.001087s ]
INFO: [ app_end ] --END-- [ RunTime:0.001263s ]

[ 2018-03-09T16:27:14+08:00 ] 127.0.0.1 /luomansi/index.php/Home/Maintain/service.html
INFO: [ app_init ] --START--
INFO: Run Behavior\BuildLiteBehavior [ RunTime:0.000026s ]
INFO: [ app_init ] --END-- [ RunTime:0.000594s ]
INFO: [ app_begin ] --START--
INFO: Run Behavior\ReadHtmlCacheBehavior [ RunTime:0.000920s ]
INFO: [ app_begin ] --END-- [ RunTime:0.001059s ]
SQL: SHOW COLUMNS FROM `saleman_maintain` [ RunTime:0.0067s ]
SQL: SELECT * FROM `saleman_maintain` WHERE ( serviceStatus=1 and serviceId=1 ) ORDER BY id desc  [ RunTime:0.0009s ]
SQL: SHOW COLUMNS FROM `saleman_ad` [ RunTime:0.0042s ]
SQL: SELECT `ad` FROM `saleman_ad` WHERE ( id=1 ) LIMIT 1   [ RunTime:0.0003s ]
INFO: [ view_parse ] --START--
INFO: [ template_filter ] --START--
INFO: Run Behavior\ContentReplaceBehavior [ RunTime:0.000397s ]
INFO: [ template_filter ] --END-- [ RunTime:0.000607s ]
INFO: Run Behavior\ParseTemplateBehavior [ RunTime:0.019421s ]
INFO: [ view_parse ] --END-- [ RunTime:0.019603s ]
INFO: [ view_filter ] --START--
INFO: Run Behavior\WriteHtmlCacheBehavior [ RunTime:0.000738s ]
INFO: [ view_filter ] --END-- [ RunTime:0.000882s ]
INFO: [ app_end ] --START--
INFO: Run Behavior\ShowPageTraceBehavior [ RunTime:0.000883s ]
INFO: [ app_end ] --END-- [ RunTime:0.000999s ]

[ 2018-03-09T16:27:40+08:00 ] 127.0.0.1 /luomansi/index.php/Home/Maintain/completeService.html
INFO: [ app_init ] --START--
INFO: Run Behavior\BuildLiteBehavior [ RunTime:0.000033s ]
INFO: [ app_init ] --END-- [ RunTime:0.000961s ]
INFO: [ app_begin ] --START--
INFO: Run Behavior\ReadHtmlCacheBehavior [ RunTime:0.001339s ]
INFO: [ app_begin ] --END-- [ RunTime:0.001550s ]
SQL: SHOW COLUMNS FROM `saleman_code` [ RunTime:0.0058s ]
SQL: SELECT COUNT(*) AS tp_count FROM `saleman_code` WHERE `goodsCode` = 'R3BB8D17117F3DBAC' LIMIT 1   [ RunTime:0.0004s ]
SQL: SHOW COLUMNS FROM `saleman_maintain` [ RunTime:0.0053s ]
SQL: SELECT `serLog` FROM `saleman_maintain` WHERE `serviceId` = 1 AND `id` = 2 LIMIT 1   [ RunTime:0.0004s ]
SQL: UPDATE `saleman_maintain` SET `serviceStatus`='2',`comPhoto`='maintain/photo/lms_1520584060256.jpg',`comImg`='maintain/code/lms_1520584060391.jpg',`serLog`='数据记录时间：2018-03-09 13:21:18
服务时间：2018-03-09 00:00至00:00
产品码：R3BB8D17117F3DBAC
维护结果：未完成
未完成原因：111

数据记录时间：2018-03-09 16:24:25
服务时间：2018-03-09 00:00至00:00
产品码：R3BB8D17117F3DBAC
维护结果：已完成

时间：2018-03-09 16:26:24
回访者：cdc(代理商)
回访获悉服务异常，重新执行维护

数据记录时间：2018-03-09 16:27:40
服务时间：2018-03-09 00:00至00:00
产品码：R3BB8D17117F3DBAC
维护结果：已完成

' WHERE `serviceId` = 1 AND `id` = 2 [ RunTime:0.3019s ]

[ 2018-03-09T16:27:41+08:00 ] 127.0.0.1 /luomansi/index.php/Home/Maintain/complete.html
INFO: [ app_init ] --START--
INFO: Run Behavior\BuildLiteBehavior [ RunTime:0.000044s ]
INFO: [ app_init ] --END-- [ RunTime:0.001193s ]
INFO: [ app_begin ] --START--
INFO: Run Behavior\ReadHtmlCacheBehavior [ RunTime:0.000874s ]
INFO: [ app_begin ] --END-- [ RunTime:0.001025s ]
SQL: SHOW COLUMNS FROM `saleman_maintain` [ RunTime:0.0048s ]
SQL: SELECT * FROM `saleman_maintain` WHERE ( serviceStatus=2 and serviceId=1 ) ORDER BY id desc  [ RunTime:0.0008s ]
SQL: SHOW COLUMNS FROM `saleman_ad` [ RunTime:0.0071s ]
SQL: SELECT `ad` FROM `saleman_ad` WHERE ( id=1 ) LIMIT 1   [ RunTime:0.0005s ]
SQL: SELECT `ad` FROM `saleman_ad` WHERE ( id=1 ) LIMIT 1   [ RunTime:0.0011s ]
INFO: [ view_parse ] --START--
INFO: [ template_filter ] --START--
INFO: Run Behavior\ContentReplaceBehavior [ RunTime:0.000141s ]
INFO: [ template_filter ] --END-- [ RunTime:0.000279s ]
INFO: Run Behavior\ParseTemplateBehavior [ RunTime:0.013495s ]
INFO: [ view_parse ] --END-- [ RunTime:0.013677s ]
INFO: [ view_filter ] --START--
INFO: Run Behavior\WriteHtmlCacheBehavior [ RunTime:0.000912s ]
INFO: [ view_filter ] --END-- [ RunTime:0.001069s ]
INFO: [ app_end ] --START--
INFO: Run Behavior\ShowPageTraceBehavior [ RunTime:0.004294s ]
INFO: [ app_end ] --END-- [ RunTime:0.004480s ]

[ 2018-03-09T16:29:05+08:00 ] 127.0.0.1 /luomansi/index.php/Home/Maintain/index.html
INFO: [ app_init ] --START--
INFO: Run Behavior\BuildLiteBehavior [ RunTime:0.000026s ]
INFO: [ app_init ] --END-- [ RunTime:0.000625s ]
INFO: [ app_begin ] --START--
INFO: Run Behavior\ReadHtmlCacheBehavior [ RunTime:0.000807s ]
INFO: [ app_begin ] --END-- [ RunTime:0.000919s ]
SQL: SHOW COLUMNS FROM `saleman_maintain` [ RunTime:0.0064s ]
SQL: SELECT * FROM `saleman_maintain` WHERE ( serviceStatus=0 and serviceId=1 ) ORDER BY id desc  [ RunTime:0.0005s ]
SQL: SHOW COLUMNS FROM `saleman_ad` [ RunTime:0.0038s ]
SQL: SELECT `ad` FROM `saleman_ad` WHERE ( id=1 ) LIMIT 1   [ RunTime:0.0003s ]
INFO: [ view_parse ] --START--
INFO: [ template_filter ] --START--
INFO: Run Behavior\ContentReplaceBehavior [ RunTime:0.000158s ]
INFO: [ template_filter ] --END-- [ RunTime:0.000298s ]
INFO: Run Behavior\ParseTemplateBehavior [ RunTime:0.011777s ]
INFO: [ view_parse ] --END-- [ RunTime:0.011908s ]
INFO: [ view_filter ] --START--
INFO: Run Behavior\WriteHtmlCacheBehavior [ RunTime:0.000663s ]
INFO: [ view_filter ] --END-- [ RunTime:0.000775s ]
INFO: [ app_end ] --START--
INFO: Run Behavior\ShowPageTraceBehavior [ RunTime:0.000841s ]
INFO: [ app_end ] --END-- [ RunTime:0.000937s ]

[ 2018-03-09T16:29:08+08:00 ] 127.0.0.1 /luomansi/index.php/Home/Maintain/startService.html
INFO: [ app_init ] --START--
INFO: Run Behavior\BuildLiteBehavior [ RunTime:0.000025s ]
INFO: [ app_init ] --END-- [ RunTime:0.000600s ]
INFO: [ app_begin ] --START--
INFO: Run Behavior\ReadHtmlCacheBehavior [ RunTime:0.002155s ]
INFO: [ app_begin ] --END-- [ RunTime:0.002692s ]
SQL: SHOW COLUMNS FROM `saleman_maintain` [ RunTime:0.0045s ]
SQL: UPDATE `saleman_maintain` SET `serviceStatus`='1',`serStartTime`='2018-03-09 16:29:08' WHERE `serviceId` = 1 AND `id` = 3 [ RunTime:0.1689s ]

[ 2018-03-09T16:29:08+08:00 ] 127.0.0.1 /luomansi/index.php/Home/Maintain/service.html
INFO: [ app_init ] --START--
INFO: Run Behavior\BuildLiteBehavior [ RunTime:0.000026s ]
INFO: [ app_init ] --END-- [ RunTime:0.000590s ]
INFO: [ app_begin ] --START--
INFO: Run Behavior\ReadHtmlCacheBehavior [ RunTime:0.000853s ]
INFO: [ app_begin ] --END-- [ RunTime:0.000991s ]
SQL: SHOW COLUMNS FROM `saleman_maintain` [ RunTime:0.0051s ]
SQL: SELECT * FROM `saleman_maintain` WHERE ( serviceStatus=1 and serviceId=1 ) ORDER BY id desc  [ RunTime:0.0005s ]
SQL: SHOW COLUMNS FROM `saleman_ad` [ RunTime:0.0040s ]
SQL: SELECT `ad` FROM `saleman_ad` WHERE ( id=1 ) LIMIT 1   [ RunTime:0.0003s ]
INFO: [ view_parse ] --START--
INFO: [ template_filter ] --START--
INFO: Run Behavior\ContentReplaceBehavior [ RunTime:0.000269s ]
INFO: [ template_filter ] --END-- [ RunTime:0.000416s ]
INFO: Run Behavior\ParseTemplateBehavior [ RunTime:0.013291s ]
INFO: [ view_parse ] --END-- [ RunTime:0.013439s ]
INFO: [ view_filter ] --START--
INFO: Run Behavior\WriteHtmlCacheBehavior [ RunTime:0.000691s ]
INFO: [ view_filter ] --END-- [ RunTime:0.000792s ]
INFO: [ app_end ] --START--
INFO: Run Behavior\ShowPageTraceBehavior [ RunTime:0.000837s ]
INFO: [ app_end ] --END-- [ RunTime:0.000935s ]

[ 2018-03-09T16:29:27+08:00 ] 127.0.0.1 /luomansi/index.php/Home/Maintain/completeService.html
INFO: [ app_init ] --START--
INFO: Run Behavior\BuildLiteBehavior [ RunTime:0.000031s ]
INFO: [ app_init ] --END-- [ RunTime:0.000710s ]
INFO: [ app_begin ] --START--
INFO: Run Behavior\ReadHtmlCacheBehavior [ RunTime:0.000874s ]
INFO: [ app_begin ] --END-- [ RunTime:0.000993s ]
SQL: SHOW COLUMNS FROM `saleman_code` [ RunTime:0.0043s ]
SQL: SELECT COUNT(*) AS tp_count FROM `saleman_code` WHERE `goodsCode` = 'R3BB8D17117F3DBAC' LIMIT 1   [ RunTime:0.0003s ]
SQL: SHOW COLUMNS FROM `saleman_maintain` [ RunTime:0.0046s ]
SQL: SELECT `serLog` FROM `saleman_maintain` WHERE `serviceId` = 1 AND `id` = 3 LIMIT 1   [ RunTime:0.0004s ]
SQL: UPDATE `saleman_maintain` SET `serviceStatus`='2',`comPhoto`='maintain/photo/lms_1520584166887.jpg',`comImg`='maintain/code/lms_1520584166688.jpg',`serLog`='数据记录时间：2018-03-09 16:29:26
服务时间：2018-03-09 00:00至00:00
产品码：R3BB8D17117F3DBAC
维护结果：已完成

' WHERE `serviceId` = 1 AND `id` = 3 [ RunTime:0.1634s ]

[ 2018-03-09T16:29:28+08:00 ] 127.0.0.1 /luomansi/index.php/Home/Maintain/complete.html
INFO: [ app_init ] --START--
INFO: Run Behavior\BuildLiteBehavior [ RunTime:0.000029s ]
INFO: [ app_init ] --END-- [ RunTime:0.000554s ]
INFO: [ app_begin ] --START--
INFO: Run Behavior\ReadHtmlCacheBehavior [ RunTime:0.000826s ]
INFO: [ app_begin ] --END-- [ RunTime:0.000962s ]
SQL: SHOW COLUMNS FROM `saleman_maintain` [ RunTime:0.0074s ]
SQL: SELECT * FROM `saleman_maintain` WHERE ( serviceStatus=2 and serviceId=1 ) ORDER BY id desc  [ RunTime:0.0005s ]
SQL: SHOW COLUMNS FROM `saleman_ad` [ RunTime:0.0039s ]
SQL: SELECT `ad` FROM `saleman_ad` WHERE ( id=1 ) LIMIT 1   [ RunTime:0.0004s ]
SQL: SELECT `ad` FROM `saleman_ad` WHERE ( id=1 ) LIMIT 1   [ RunTime:0.0003s ]
INFO: [ view_parse ] --START--
INFO: [ template_filter ] --START--
INFO: Run Behavior\ContentReplaceBehavior [ RunTime:0.000141s ]
INFO: [ template_filter ] --END-- [ RunTime:0.000268s ]
INFO: Run Behavior\ParseTemplateBehavior [ RunTime:0.013754s ]
INFO: [ view_parse ] --END-- [ RunTime:0.013943s ]
INFO: [ view_filter ] --START--
INFO: Run Behavior\WriteHtmlCacheBehavior [ RunTime:0.000755s ]
INFO: [ view_filter ] --END-- [ RunTime:0.000896s ]
INFO: [ app_end ] --START--
INFO: Run Behavior\ShowPageTraceBehavior [ RunTime:0.000867s ]
INFO: [ app_end ] --END-- [ RunTime:0.000983s ]

[ 2018-03-09T16:42:43+08:00 ] 127.0.0.1 /luomansi/index.php/Home/Maintain/service.html
INFO: [ app_init ] --START--
INFO: Run Behavior\BuildLiteBehavior [ RunTime:0.000026s ]
INFO: [ app_init ] --END-- [ RunTime:0.000706s ]
INFO: [ app_begin ] --START--
INFO: Run Behavior\ReadHtmlCacheBehavior [ RunTime:0.000904s ]
INFO: [ app_begin ] --END-- [ RunTime:0.001021s ]
SQL: SHOW COLUMNS FROM `saleman_maintain` [ RunTime:0.0048s ]
SQL: SELECT * FROM `saleman_maintain` WHERE ( serviceStatus=1 and serviceId=1 ) ORDER BY id desc  [ RunTime:0.0005s ]
SQL: SHOW COLUMNS FROM `saleman_ad` [ RunTime:0.0115s ]
SQL: SELECT `ad` FROM `saleman_ad` WHERE ( id=1 ) LIMIT 1   [ RunTime:0.0009s ]
INFO: [ view_parse ] --START--
INFO: [ template_filter ] --START--
INFO: Run Behavior\ContentReplaceBehavior [ RunTime:0.000185s ]
INFO: [ template_filter ] --END-- [ RunTime:0.000301s ]
INFO: Run Behavior\ParseTemplateBehavior [ RunTime:0.026061s ]
INFO: [ view_parse ] --END-- [ RunTime:0.026329s ]
INFO: [ view_filter ] --START--
INFO: Run Behavior\WriteHtmlCacheBehavior [ RunTime:0.000727s ]
INFO: [ view_filter ] --END-- [ RunTime:0.000831s ]
INFO: [ app_end ] --START--
INFO: Run Behavior\ShowPageTraceBehavior [ RunTime:0.000920s ]
INFO: [ app_end ] --END-- [ RunTime:0.001017s ]

[ 2018-03-09T16:42:45+08:00 ] 127.0.0.1 /luomansi/index.php/Home/Maintain/complete.html
INFO: [ app_init ] --START--
INFO: Run Behavior\BuildLiteBehavior [ RunTime:0.000026s ]
INFO: [ app_init ] --END-- [ RunTime:0.000540s ]
INFO: [ app_begin ] --START--
INFO: Run Behavior\ReadHtmlCacheBehavior [ RunTime:0.000887s ]
INFO: [ app_begin ] --END-- [ RunTime:0.001020s ]
SQL: SHOW COLUMNS FROM `saleman_maintain` [ RunTime:0.0046s ]
SQL: SELECT * FROM `saleman_maintain` WHERE ( serviceStatus=2 and serviceId=1 ) ORDER BY id desc  [ RunTime:0.0006s ]
SQL: SHOW COLUMNS FROM `saleman_ad` [ RunTime:0.0054s ]
SQL: SELECT `ad` FROM `saleman_ad` WHERE ( id=1 ) LIMIT 1   [ RunTime:0.0003s ]
SQL: SELECT `ad` FROM `saleman_ad` WHERE ( id=1 ) LIMIT 1   [ RunTime:0.0002s ]
INFO: [ view_parse ] --START--
INFO: [ template_filter ] --START--
INFO: Run Behavior\ContentReplaceBehavior [ RunTime:0.000218s ]
INFO: [ template_filter ] --END-- [ RunTime:0.000452s ]
INFO: Run Behavior\ParseTemplateBehavior [ RunTime:0.012800s ]
INFO: [ view_parse ] --END-- [ RunTime:0.012937s ]
INFO: [ view_filter ] --START--
INFO: Run Behavior\WriteHtmlCacheBehavior [ RunTime:0.000772s ]
INFO: [ view_filter ] --END-- [ RunTime:0.000884s ]
INFO: [ app_end ] --START--
INFO: Run Behavior\ShowPageTraceBehavior [ RunTime:0.000902s ]
INFO: [ app_end ] --END-- [ RunTime:0.001010s ]

[ 2018-03-09T16:42:46+08:00 ] 127.0.0.1 /luomansi/index.php/Home/Maintain/service.html
INFO: [ app_init ] --START--
INFO: Run Behavior\BuildLiteBehavior [ RunTime:0.000026s ]
INFO: [ app_init ] --END-- [ RunTime:0.000597s ]
INFO: [ app_begin ] --START--
INFO: Run Behavior\ReadHtmlCacheBehavior [ RunTime:0.000959s ]
INFO: [ app_begin ] --END-- [ RunTime:0.001085s ]
SQL: SHOW COLUMNS FROM `saleman_maintain` [ RunTime:0.0054s ]
SQL: SELECT * FROM `saleman_maintain` WHERE ( serviceStatus=1 and serviceId=1 ) ORDER BY id desc  [ RunTime:0.0009s ]
SQL: SHOW COLUMNS FROM `saleman_ad` [ RunTime:0.0043s ]
SQL: SELECT `ad` FROM `saleman_ad` WHERE ( id=1 ) LIMIT 1   [ RunTime:0.0003s ]
INFO: [ view_parse ] --START--
INFO: [ template_filter ] --START--
INFO: Run Behavior\ContentReplaceBehavior [ RunTime:0.000251s ]
INFO: [ template_filter ] --END-- [ RunTime:0.000402s ]
INFO: Run Behavior\ParseTemplateBehavior [ RunTime:0.014269s ]
INFO: [ view_parse ] --END-- [ RunTime:0.014459s ]
INFO: [ view_filter ] --START--
INFO: Run Behavior\WriteHtmlCacheBehavior [ RunTime:0.001181s ]
INFO: [ view_filter ] --END-- [ RunTime:0.001314s ]
INFO: [ app_end ] --START--
INFO: Run Behavior\ShowPageTraceBehavior [ RunTime:0.000979s ]
INFO: [ app_end ] --END-- [ RunTime:0.001078s ]

[ 2018-03-09T16:43:00+08:00 ] 127.0.0.1 /luomansi/index.php/Home/Maintain/index.html
INFO: [ app_init ] --START--
INFO: Run Behavior\BuildLiteBehavior [ RunTime:0.000027s ]
INFO: [ app_init ] --END-- [ RunTime:0.000662s ]
INFO: [ app_begin ] --START--
INFO: Run Behavior\ReadHtmlCacheBehavior [ RunTime:0.000903s ]
INFO: [ app_begin ] --END-- [ RunTime:0.001029s ]
SQL: SHOW COLUMNS FROM `saleman_maintain` [ RunTime:0.0046s ]
SQL: SELECT * FROM `saleman_maintain` WHERE ( serviceStatus=0 and serviceId=1 ) ORDER BY id desc  [ RunTime:0.0006s ]
SQL: SHOW COLUMNS FROM `saleman_ad` [ RunTime:0.0053s ]
SQL: SELECT `ad` FROM `saleman_ad` WHERE ( id=1 ) LIMIT 1   [ RunTime:0.0003s ]
INFO: [ view_parse ] --START--
INFO: [ template_filter ] --START--
INFO: Run Behavior\ContentReplaceBehavior [ RunTime:0.000166s ]
INFO: [ template_filter ] --END-- [ RunTime:0.000304s ]
INFO: Run Behavior\ParseTemplateBehavior [ RunTime:0.011263s ]
INFO: [ view_parse ] --END-- [ RunTime:0.011420s ]
INFO: [ view_filter ] --START--
INFO: Run Behavior\WriteHtmlCacheBehavior [ RunTime:0.000738s ]
INFO: [ view_filter ] --END-- [ RunTime:0.000845s ]
INFO: [ app_end ] --START--
INFO: Run Behavior\ShowPageTraceBehavior [ RunTime:0.001453s ]
INFO: [ app_end ] --END-- [ RunTime:0.001754s ]

[ 2018-03-09T16:43:03+08:00 ] 127.0.0.1 /luomansi/index.php/Home/Maintain/startService.html
INFO: [ app_init ] --START--
INFO: Run Behavior\BuildLiteBehavior [ RunTime:0.000027s ]
INFO: [ app_init ] --END-- [ RunTime:0.000630s ]
INFO: [ app_begin ] --START--
INFO: Run Behavior\ReadHtmlCacheBehavior [ RunTime:0.001213s ]
INFO: [ app_begin ] --END-- [ RunTime:0.001358s ]
SQL: SHOW COLUMNS FROM `saleman_maintain` [ RunTime:0.0049s ]
SQL: UPDATE `saleman_maintain` SET `serviceStatus`='1',`serStartTime`='2018-03-09 16:43:03' WHERE `serviceId` = 1 AND `id` = 3 [ RunTime:0.2902s ]

[ 2018-03-09T16:43:04+08:00 ] 127.0.0.1 /luomansi/index.php/Home/Maintain/service.html
INFO: [ app_init ] --START--
INFO: Run Behavior\BuildLiteBehavior [ RunTime:0.000024s ]
INFO: [ app_init ] --END-- [ RunTime:0.000598s ]
INFO: [ app_begin ] --START--
INFO: Run Behavior\ReadHtmlCacheBehavior [ RunTime:0.000865s ]
INFO: [ app_begin ] --END-- [ RunTime:0.000980s ]
SQL: SHOW COLUMNS FROM `saleman_maintain` [ RunTime:0.0048s ]
SQL: SELECT * FROM `saleman_maintain` WHERE ( serviceStatus=1 and serviceId=1 ) ORDER BY id desc  [ RunTime:0.0009s ]
SQL: SHOW COLUMNS FROM `saleman_ad` [ RunTime:0.0045s ]
SQL: SELECT `ad` FROM `saleman_ad` WHERE ( id=1 ) LIMIT 1   [ RunTime:0.0004s ]
INFO: [ view_parse ] --START--
INFO: [ template_filter ] --START--
INFO: Run Behavior\ContentReplaceBehavior [ RunTime:0.000173s ]
INFO: [ template_filter ] --END-- [ RunTime:0.000287s ]
INFO: Run Behavior\ParseTemplateBehavior [ RunTime:0.013946s ]
INFO: [ view_parse ] --END-- [ RunTime:0.014101s ]
INFO: [ view_filter ] --START--
INFO: Run Behavior\WriteHtmlCacheBehavior [ RunTime:0.000728s ]
INFO: [ view_filter ] --END-- [ RunTime:0.000855s ]
INFO: [ app_end ] --START--
INFO: Run Behavior\ShowPageTraceBehavior [ RunTime:0.001069s ]
INFO: [ app_end ] --END-- [ RunTime:0.001204s ]

[ 2018-03-09T16:43:34+08:00 ] 127.0.0.1 /luomansi/index.php/Home/Maintain/completeService.html
INFO: [ app_init ] --START--
INFO: Run Behavior\BuildLiteBehavior [ RunTime:0.000036s ]
INFO: [ app_init ] --END-- [ RunTime:0.000560s ]
INFO: [ app_begin ] --START--
INFO: Run Behavior\ReadHtmlCacheBehavior [ RunTime:0.000882s ]
INFO: [ app_begin ] --END-- [ RunTime:0.001008s ]
SQL: SHOW COLUMNS FROM `saleman_code` [ RunTime:0.0044s ]
SQL: SELECT COUNT(*) AS tp_count FROM `saleman_code` WHERE `goodsCode` = 'R3BB8D17117F3DBAC' LIMIT 1   [ RunTime:0.0004s ]
SQL: SHOW COLUMNS FROM `saleman_maintain` [ RunTime:0.0048s ]
SQL: SELECT `serviceName`,`servicePhone`,`serLog` FROM `saleman_maintain` WHERE `serviceId` = 1 AND `id` = 3 LIMIT 1   [ RunTime:0.0003s ]
SQL: UPDATE `saleman_maintain` SET `serviceStatus`='1',`comPhoto`='maintain/photo/lms_1520585014367.jpg',`comImg`='maintain/code/lms_1520585014382.jpg',`serLog`='数据记录时间：2018-03-09 16:29:26
服务时间：2018-03-09 00:00至00:00
产品码：R3BB8D17117F3DBAC
维护结果：已完成

维护人员：陈先生(13555555555)
服务时间：2018-03-09 00:00至00:00
产品码：R3BB8D17117F3DBAC
维护结果：未完成
未完成原因：111

' WHERE `serviceId` = 1 AND `id` = 3 [ RunTime:0.1903s ]

[ 2018-03-09T16:43:35+08:00 ] 127.0.0.1 /luomansi/index.php/Home/Maintain/service.html
INFO: [ app_init ] --START--
INFO: Run Behavior\BuildLiteBehavior [ RunTime:0.000037s ]
INFO: [ app_init ] --END-- [ RunTime:0.000969s ]
INFO: [ app_begin ] --START--
INFO: Run Behavior\ReadHtmlCacheBehavior [ RunTime:0.001988s ]
INFO: [ app_begin ] --END-- [ RunTime:0.002200s ]
SQL: SHOW COLUMNS FROM `saleman_maintain` [ RunTime:0.0079s ]
SQL: SELECT * FROM `saleman_maintain` WHERE ( serviceStatus=1 and serviceId=1 ) ORDER BY id desc  [ RunTime:0.0006s ]
SQL: SHOW COLUMNS FROM `saleman_ad` [ RunTime:0.0043s ]
SQL: SELECT `ad` FROM `saleman_ad` WHERE ( id=1 ) LIMIT 1   [ RunTime:0.0004s ]
INFO: [ view_parse ] --START--
INFO: [ template_filter ] --START--
INFO: Run Behavior\ContentReplaceBehavior [ RunTime:0.000213s ]
INFO: [ template_filter ] --END-- [ RunTime:0.000340s ]
INFO: Run Behavior\ParseTemplateBehavior [ RunTime:0.015519s ]
INFO: [ view_parse ] --END-- [ RunTime:0.015682s ]
INFO: [ view_filter ] --START--
INFO: Run Behavior\WriteHtmlCacheBehavior [ RunTime:0.000680s ]
INFO: [ view_filter ] --END-- [ RunTime:0.000785s ]
INFO: [ app_end ] --START--
INFO: Run Behavior\ShowPageTraceBehavior [ RunTime:0.000916s ]
INFO: [ app_end ] --END-- [ RunTime:0.001014s ]

[ 2018-03-09T16:44:01+08:00 ] 127.0.0.1 /luomansi/index.php/Home/Maintain/service.html
INFO: [ app_init ] --START--
INFO: Run Behavior\BuildLiteBehavior [ RunTime:0.000024s ]
INFO: [ app_init ] --END-- [ RunTime:0.000587s ]
INFO: [ app_begin ] --START--
INFO: Run Behavior\ReadHtmlCacheBehavior [ RunTime:0.000901s ]
INFO: [ app_begin ] --END-- [ RunTime:0.001040s ]
SQL: SHOW COLUMNS FROM `saleman_maintain` [ RunTime:0.0051s ]
SQL: SELECT * FROM `saleman_maintain` WHERE ( serviceStatus=1 and serviceId=1 ) ORDER BY id desc  [ RunTime:0.0005s ]
SQL: SHOW COLUMNS FROM `saleman_ad` [ RunTime:0.0084s ]
SQL: SELECT `ad` FROM `saleman_ad` WHERE ( id=1 ) LIMIT 1   [ RunTime:0.0005s ]
INFO: [ view_parse ] --START--
INFO: [ template_filter ] --START--
INFO: Run Behavior\ContentReplaceBehavior [ RunTime:0.000329s ]
INFO: [ template_filter ] --END-- [ RunTime:0.000544s ]
INFO: Run Behavior\ParseTemplateBehavior [ RunTime:0.022714s ]
INFO: [ view_parse ] --END-- [ RunTime:0.022938s ]
INFO: [ view_filter ] --START--
INFO: Run Behavior\WriteHtmlCacheBehavior [ RunTime:0.001333s ]
INFO: [ view_filter ] --END-- [ RunTime:0.001542s ]
INFO: [ app_end ] --START--
INFO: Run Behavior\ShowPageTraceBehavior [ RunTime:0.001588s ]
INFO: [ app_end ] --END-- [ RunTime:0.001776s ]

[ 2018-03-09T17:36:51+08:00 ] 127.0.0.1 /luomansi/index.php/Home/Maintain/index.html
INFO: [ app_init ] --START--
INFO: Run Behavior\BuildLiteBehavior [ RunTime:0.000039s ]
INFO: [ app_init ] --END-- [ RunTime:0.000695s ]
INFO: [ app_begin ] --START--
INFO: Run Behavior\ReadHtmlCacheBehavior [ RunTime:0.000958s ]
INFO: [ app_begin ] --END-- [ RunTime:0.001088s ]
SQL: SHOW COLUMNS FROM `saleman_maintain` [ RunTime:0.0051s ]
SQL: SELECT * FROM `saleman_maintain` WHERE ( serviceStatus=0 and serviceId=1 ) ORDER BY id desc  [ RunTime:0.0005s ]
SQL: SHOW COLUMNS FROM `saleman_ad` [ RunTime:0.0041s ]
SQL: SELECT `ad` FROM `saleman_ad` WHERE ( id=1 ) LIMIT 1   [ RunTime:0.0003s ]
INFO: [ view_parse ] --START--
INFO: [ template_filter ] --START--
INFO: Run Behavior\ContentReplaceBehavior [ RunTime:0.000130s ]
INFO: [ template_filter ] --END-- [ RunTime:0.000248s ]
INFO: Run Behavior\ParseTemplateBehavior [ RunTime:0.011202s ]
INFO: [ view_parse ] --END-- [ RunTime:0.011384s ]
INFO: [ view_filter ] --START--
INFO: Run Behavior\WriteHtmlCacheBehavior [ RunTime:0.000681s ]
INFO: [ view_filter ] --END-- [ RunTime:0.000799s ]
INFO: [ app_end ] --START--
INFO: Run Behavior\ShowPageTraceBehavior [ RunTime:0.000824s ]
INFO: [ app_end ] --END-- [ RunTime:0.000920s ]

[ 2018-03-09T17:36:55+08:00 ] 127.0.0.1 /luomansi/index.php/Home/Install/index.html
INFO: [ app_init ] --START--
INFO: Run Behavior\BuildLiteBehavior [ RunTime:0.000041s ]
INFO: [ app_init ] --END-- [ RunTime:0.000674s ]
INFO: [ app_begin ] --START--
INFO: Run Behavior\ReadHtmlCacheBehavior [ RunTime:0.000894s ]
INFO: [ app_begin ] --END-- [ RunTime:0.001016s ]
SQL: SHOW COLUMNS FROM `saleman_ad` [ RunTime:0.0064s ]
SQL: SELECT `ad` FROM `saleman_ad` WHERE ( id=1 ) LIMIT 1   [ RunTime:0.0003s ]
INFO: [ view_parse ] --START--
INFO: [ template_filter ] --START--
INFO: Run Behavior\ContentReplaceBehavior [ RunTime:0.000182s ]
INFO: [ template_filter ] --END-- [ RunTime:0.000309s ]
INFO: Run Behavior\ParseTemplateBehavior [ RunTime:0.010099s ]
INFO: [ view_parse ] --END-- [ RunTime:0.010237s ]
INFO: [ view_filter ] --START--
INFO: Run Behavior\WriteHtmlCacheBehavior [ RunTime:0.000681s ]
INFO: [ view_filter ] --END-- [ RunTime:0.000783s ]
INFO: [ app_end ] --START--
INFO: Run Behavior\ShowPageTraceBehavior [ RunTime:0.000902s ]
INFO: [ app_end ] --END-- [ RunTime:0.000999s ]

[ 2018-03-09T17:37:18+08:00 ] 127.0.0.1 /luomansi/index.php/Home/Install/record.html
INFO: [ app_init ] --START--
INFO: Run Behavior\BuildLiteBehavior [ RunTime:0.000028s ]
INFO: [ app_init ] --END-- [ RunTime:0.000695s ]
INFO: [ app_begin ] --START--
INFO: Run Behavior\ReadHtmlCacheBehavior [ RunTime:0.001837s ]
INFO: [ app_begin ] --END-- [ RunTime:0.002003s ]
SQL: SHOW COLUMNS FROM `saleman_code` [ RunTime:0.0043s ]
SQL: SELECT COUNT(*) AS tp_count FROM `saleman_code` WHERE `goodsCode` LIKE '%111%' LIMIT 1   [ RunTime:0.0004s ]

[ 2018-03-09T17:37:34+08:00 ] 127.0.0.1 /luomansi/index.php/Home/Install/record.html
INFO: [ app_init ] --START--
INFO: Run Behavior\BuildLiteBehavior [ RunTime:0.000024s ]
INFO: [ app_init ] --END-- [ RunTime:0.000762s ]
INFO: [ app_begin ] --START--
INFO: Run Behavior\ReadHtmlCacheBehavior [ RunTime:0.000959s ]
INFO: [ app_begin ] --END-- [ RunTime:0.001084s ]
SQL: SHOW COLUMNS FROM `saleman_code` [ RunTime:0.0039s ]
SQL: SELECT COUNT(*) AS tp_count FROM `saleman_code` WHERE `goodsCode` LIKE '%R3BB8D17117F3D%' LIMIT 1   [ RunTime:0.0004s ]
SQL: SHOW COLUMNS FROM `saleman_service_admin` [ RunTime:0.0041s ]
SQL: SELECT * FROM `saleman_service_admin` WHERE ( id=1 ) LIMIT 1   [ RunTime:0.0004s ]
SQL: SHOW COLUMNS FROM `saleman_install` [ RunTime:0.0055s ]
SQL: INSERT INTO `saleman_install` (`serviceId`,`name`,`phone`,`area`,`address`,`goodsCode`,`installphoto`,`installimg`,`salemanId`,`saleman`,`salemanPhone`,`serName`,`serPhone`,`enTime`) VALUES ('1','sdfa','13555554444','北京市东城区','rrrr','R3BB8D17117F3D','install/photo/lms_1520588254484.jpg','install/code/lms_1520588254796.jpg','3','cdc','13555555555','陈先生','13555555555','2018-03-09 17:37:34') [ RunTime:0.1595s ]

[ 2018-03-09T17:37:37+08:00 ] 127.0.0.1 /luomansi/index.php/Home/Install/index.html
INFO: [ app_init ] --START--
INFO: Run Behavior\BuildLiteBehavior [ RunTime:0.000030s ]
INFO: [ app_init ] --END-- [ RunTime:0.000790s ]
INFO: [ app_begin ] --START--
INFO: Run Behavior\ReadHtmlCacheBehavior [ RunTime:0.000955s ]
INFO: [ app_begin ] --END-- [ RunTime:0.001110s ]
SQL: SHOW COLUMNS FROM `saleman_ad` [ RunTime:0.0072s ]
SQL: SELECT `ad` FROM `saleman_ad` WHERE ( id=1 ) LIMIT 1   [ RunTime:0.0005s ]
INFO: [ view_parse ] --START--
INFO: [ template_filter ] --START--
INFO: Run Behavior\ContentReplaceBehavior [ RunTime:0.000313s ]
INFO: [ template_filter ] --END-- [ RunTime:0.000543s ]
INFO: Run Behavior\ParseTemplateBehavior [ RunTime:0.019317s ]
INFO: [ view_parse ] --END-- [ RunTime:0.019595s ]
INFO: [ view_filter ] --START--
INFO: Run Behavior\WriteHtmlCacheBehavior [ RunTime:0.001221s ]
INFO: [ view_filter ] --END-- [ RunTime:0.001429s ]
INFO: [ app_end ] --START--
INFO: Run Behavior\ShowPageTraceBehavior [ RunTime:0.001578s ]
INFO: [ app_end ] --END-- [ RunTime:0.001777s ]

[ 2018-03-09T17:37:57+08:00 ] 127.0.0.1 /luomansi/index.php/Home/Install/record.html
INFO: [ app_init ] --START--
INFO: Run Behavior\BuildLiteBehavior [ RunTime:0.000032s ]
INFO: [ app_init ] --END-- [ RunTime:0.000678s ]
INFO: [ app_begin ] --START--
INFO: Run Behavior\ReadHtmlCacheBehavior [ RunTime:0.000924s ]
INFO: [ app_begin ] --END-- [ RunTime:0.001053s ]
SQL: SHOW COLUMNS FROM `saleman_code` [ RunTime:0.0049s ]
SQL: SELECT COUNT(*) AS tp_count FROM `saleman_code` WHERE `goodsCode` LIKE '%R3BB8D17117F3DBAC%' LIMIT 1   [ RunTime:0.0004s ]
SQL: SHOW COLUMNS FROM `saleman_service_admin` [ RunTime:0.0043s ]
SQL: SELECT * FROM `saleman_service_admin` WHERE ( id=1 ) LIMIT 1   [ RunTime:0.0004s ]
SQL: SHOW COLUMNS FROM `saleman_install` [ RunTime:0.0054s ]
SQL: INSERT INTO `saleman_install` (`serviceId`,`name`,`phone`,`area`,`address`,`goodsCode`,`installphoto`,`installimg`,`salemanId`,`saleman`,`salemanPhone`,`serName`,`serPhone`,`enTime`) VALUES ('1','deeve','13566554455','北京市东城区','hhhh','R3BB8D17117F3DBAC','install/photo/lms_1520588277321.jpg','install/code/lms_1520588277629.jpg','3','cdc','13555555555','陈先生','13555555555','2018-03-09 17:37:57') [ RunTime:0.1495s ]

[ 2018-03-09T17:41:21+08:00 ] 127.0.0.1 /luomansi/index.php/Home/Install/index.html
INFO: [ app_init ] --START--
INFO: Run Behavior\BuildLiteBehavior [ RunTime:0.000026s ]
INFO: [ app_init ] --END-- [ RunTime:0.000651s ]
INFO: [ app_begin ] --START--
INFO: Run Behavior\ReadHtmlCacheBehavior [ RunTime:0.000901s ]
INFO: [ app_begin ] --END-- [ RunTime:0.001011s ]
SQL: SHOW COLUMNS FROM `saleman_ad` [ RunTime:0.0041s ]
SQL: SELECT `ad` FROM `saleman_ad` WHERE ( id=1 ) LIMIT 1   [ RunTime:0.0004s ]
INFO: [ view_parse ] --START--
INFO: [ template_filter ] --START--
INFO: Run Behavior\ContentReplaceBehavior [ RunTime:0.000193s ]
INFO: [ template_filter ] --END-- [ RunTime:0.000315s ]
INFO: Run Behavior\ParseTemplateBehavior [ RunTime:0.011073s ]
INFO: [ view_parse ] --END-- [ RunTime:0.011242s ]
INFO: [ view_filter ] --START--
INFO: Run Behavior\WriteHtmlCacheBehavior [ RunTime:0.000673s ]
INFO: [ view_filter ] --END-- [ RunTime:0.000770s ]
INFO: [ app_end ] --START--
INFO: Run Behavior\ShowPageTraceBehavior [ RunTime:0.000935s ]
INFO: [ app_end ] --END-- [ RunTime:0.001047s ]

[ 2018-03-09T17:41:29+08:00 ] 127.0.0.1 /luomansi/index.php/Home/Install/index.html
INFO: [ app_init ] --START--
INFO: Run Behavior\BuildLiteBehavior [ RunTime:0.000026s ]
INFO: [ app_init ] --END-- [ RunTime:0.000615s ]
INFO: [ app_begin ] --START--
INFO: Run Behavior\ReadHtmlCacheBehavior [ RunTime:0.000846s ]
INFO: [ app_begin ] --END-- [ RunTime:0.000956s ]
SQL: SHOW COLUMNS FROM `saleman_ad` [ RunTime:0.0045s ]
SQL: SELECT `ad` FROM `saleman_ad` WHERE ( id=1 ) LIMIT 1   [ RunTime:0.0003s ]
INFO: [ view_parse ] --START--
INFO: [ template_filter ] --START--
INFO: Run Behavior\ContentReplaceBehavior [ RunTime:0.000154s ]
INFO: [ template_filter ] --END-- [ RunTime:0.000265s ]
INFO: Run Behavior\ParseTemplateBehavior [ RunTime:0.011508s ]
INFO: [ view_parse ] --END-- [ RunTime:0.011629s ]
INFO: [ view_filter ] --START--
INFO: Run Behavior\WriteHtmlCacheBehavior [ RunTime:0.000638s ]
INFO: [ view_filter ] --END-- [ RunTime:0.000750s ]
INFO: [ app_end ] --START--
INFO: Run Behavior\ShowPageTraceBehavior [ RunTime:0.001015s ]
INFO: [ app_end ] --END-- [ RunTime:0.001123s ]

[ 2018-03-09T17:41:43+08:00 ] 127.0.0.1 /luomansi/index.php/Home/Install/index.html
INFO: [ app_init ] --START--
INFO: Run Behavior\BuildLiteBehavior [ RunTime:0.000028s ]
INFO: [ app_init ] --END-- [ RunTime:0.000583s ]
INFO: [ app_begin ] --START--
INFO: Run Behavior\ReadHtmlCacheBehavior [ RunTime:0.000871s ]
INFO: [ app_begin ] --END-- [ RunTime:0.000994s ]
SQL: SHOW COLUMNS FROM `saleman_ad` [ RunTime:0.0052s ]
SQL: SELECT `ad` FROM `saleman_ad` WHERE ( id=1 ) LIMIT 1   [ RunTime:0.0004s ]
INFO: [ view_parse ] --START--
INFO: [ template_filter ] --START--
INFO: Run Behavior\ContentReplaceBehavior [ RunTime:0.000173s ]
INFO: [ template_filter ] --END-- [ RunTime:0.000305s ]
INFO: Run Behavior\ParseTemplateBehavior [ RunTime:0.011243s ]
INFO: [ view_parse ] --END-- [ RunTime:0.011439s ]
INFO: [ view_filter ] --START--
INFO: Run Behavior\WriteHtmlCacheBehavior [ RunTime:0.000886s ]
INFO: [ view_filter ] --END-- [ RunTime:0.001046s ]
INFO: [ app_end ] --START--
INFO: Run Behavior\ShowPageTraceBehavior [ RunTime:0.001181s ]
INFO: [ app_end ] --END-- [ RunTime:0.001335s ]

