[ 2018-01-25T14:27:01+08:00 ] 127.0.0.1 /luomansi/index.php/Home/Login/login
INFO: [ app_init ] --START--
INFO: Run Behavior\BuildLiteBehavior [ RunTime:0.000060s ]
INFO: [ app_init ] --END-- [ RunTime:0.001916s ]
INFO: [ app_begin ] --START--
INFO: Run Behavior\ReadHtmlCacheBehavior [ RunTime:0.002472s ]
INFO: [ app_begin ] --END-- [ RunTime:0.002764s ]
INFO: [ view_parse ] --START--
INFO: [ template_filter ] --START--
INFO: Run Behavior\ContentReplaceBehavior [ RunTime:0.000287s ]
INFO: [ template_filter ] --END-- [ RunTime:0.000609s ]
INFO: Run Behavior\ParseTemplateBehavior [ RunTime:0.042797s ]
INFO: [ view_parse ] --END-- [ RunTime:0.043151s ]
INFO: [ view_filter ] --START--
INFO: Run Behavior\WriteHtmlCacheBehavior [ RunTime:0.016531s ]
INFO: [ view_filter ] --END-- [ RunTime:0.016845s ]
INFO: [ app_end ] --START--
INFO: Run Behavior\ShowPageTraceBehavior [ RunTime:0.002850s ]
INFO: [ app_end ] --END-- [ RunTime:0.003144s ]

[ 2018-01-25T14:27:11+08:00 ] 127.0.0.1 /luomansi/index.php/Home/Login/login.html
INFO: [ app_init ] --START--
INFO: Run Behavior\BuildLiteBehavior [ RunTime:0.000026s ]
INFO: [ app_init ] --END-- [ RunTime:0.000835s ]
INFO: [ app_begin ] --START--
INFO: Run Behavior\ReadHtmlCacheBehavior [ RunTime:0.000892s ]
INFO: [ app_begin ] --END-- [ RunTime:0.000999s ]
SQL: SHOW COLUMNS FROM `saleman_sys_admin` [ RunTime:0.0095s ]
SQL: SELECT * FROM `saleman_sys_admin` WHERE `username` = 'a123456' AND `group` = 2 LIMIT 1   [ RunTime:0.0013s ]
SQL: UPDATE `saleman_sys_admin` SET `login_num`=login_num+1 WHERE `id` = 3 [ RunTime:0.0881s ]

[ 2018-01-25T14:27:11+08:00 ] 127.0.0.1 /luomansi/index.php/Home/Shop/index
INFO: [ app_init ] --START--
INFO: Run Behavior\BuildLiteBehavior [ RunTime:0.000028s ]
INFO: [ app_init ] --END-- [ RunTime:0.000717s ]
INFO: [ app_begin ] --START--
INFO: Run Behavior\ReadHtmlCacheBehavior [ RunTime:0.000700s ]
INFO: [ app_begin ] --END-- [ RunTime:0.000878s ]

[ 2018-01-25T14:27:30+08:00 ] 127.0.0.1 /luomansi/index.php/Home/Shop/index
INFO: [ app_init ] --START--
INFO: Run Behavior\BuildLiteBehavior [ RunTime:0.000026s ]
INFO: [ app_init ] --END-- [ RunTime:0.000594s ]
INFO: [ app_begin ] --START--
INFO: Run Behavior\ReadHtmlCacheBehavior [ RunTime:0.000721s ]
INFO: [ app_begin ] --END-- [ RunTime:0.000832s ]

[ 2018-01-25T14:28:01+08:00 ] 127.0.0.1 /luomansi/index.php/Home/Shop/index
INFO: [ app_init ] --START--
INFO: Run Behavior\BuildLiteBehavior [ RunTime:0.000064s ]
INFO: [ app_init ] --END-- [ RunTime:0.000875s ]
INFO: [ app_begin ] --START--
INFO: Run Behavior\ReadHtmlCacheBehavior [ RunTime:0.000855s ]
INFO: [ app_begin ] --END-- [ RunTime:0.001029s ]
ERR: 1146:Table 'luomansi.saleman_goods_info_permission' doesn't exist
 [ SQL语句 ] : SHOW COLUMNS FROM `saleman_goods_info_permission`
ERR: 1146:Table 'luomansi.saleman_goods_info_permission' doesn't exist
 [ SQL语句 ] : SHOW COLUMNS FROM `saleman_goods_info_permission`

[ 2018-01-25T14:28:33+08:00 ] 127.0.0.1 /luomansi/index.php/Home/Shop/index
INFO: [ app_init ] --START--
INFO: Run Behavior\BuildLiteBehavior [ RunTime:0.000041s ]
INFO: [ app_init ] --END-- [ RunTime:0.000826s ]
INFO: [ app_begin ] --START--
INFO: Run Behavior\ReadHtmlCacheBehavior [ RunTime:0.000917s ]
INFO: [ app_begin ] --END-- [ RunTime:0.001094s ]
ERR: 1146:Table 'luomansi.saleman_goods_info_permission' doesn't exist
 [ SQL语句 ] : SHOW COLUMNS FROM `saleman_goods_info_permission`
ERR: 1146:Table 'luomansi.saleman_goods_info_permission' doesn't exist
 [ SQL语句 ] : SHOW COLUMNS FROM `saleman_goods_info_permission`

[ 2018-01-25T14:28:59+08:00 ] 127.0.0.1 /luomansi/index.php/Home/Shop/index
INFO: [ app_init ] --START--
INFO: Run Behavior\BuildLiteBehavior [ RunTime:0.000026s ]
INFO: [ app_init ] --END-- [ RunTime:0.000540s ]
INFO: [ app_begin ] --START--
INFO: Run Behavior\ReadHtmlCacheBehavior [ RunTime:0.000573s ]
INFO: [ app_begin ] --END-- [ RunTime:0.000692s ]
SQL: SHOW COLUMNS FROM `saleman_goods_permission` [ RunTime:0.0046s ]
SQL: SELECT `goodsInfoId` FROM `saleman_goods_permission` WHERE `salemanId` = 3 LIMIT 1   [ RunTime:0.0004s ]
ERR: 1054:Unknown column 'Array' in 'where clause'
 [ SQL语句 ] : SELECT id,goodsName 
                            FROM saleman_goods
                            WHERE id
                            IN (
                            SELECT DISTINCT goodsId
                            FROM saleman_goods_info
                            WHERE id
                            IN (Array)
                            ) order by id asc
ERR: 1054:Unknown column 'Array' in 'where clause'
 [ SQL语句 ] : SELECT id,goodsName 
                            FROM saleman_goods
                            WHERE id
                            IN (
                            SELECT DISTINCT goodsId
                            FROM saleman_goods_info
                            WHERE id
                            IN (Array)
                            ) order by id asc

[ 2018-01-25T14:29:36+08:00 ] 127.0.0.1 /luomansi/index.php/Home/Shop/index
INFO: [ app_init ] --START--
INFO: Run Behavior\BuildLiteBehavior [ RunTime:0.000024s ]
INFO: [ app_init ] --END-- [ RunTime:0.000583s ]
INFO: [ app_begin ] --START--
INFO: Run Behavior\ReadHtmlCacheBehavior [ RunTime:0.000713s ]
INFO: [ app_begin ] --END-- [ RunTime:0.000849s ]
SQL: SHOW COLUMNS FROM `saleman_goods_permission` [ RunTime:0.0039s ]
SQL: SELECT `goodsInfoId` FROM `saleman_goods_permission` WHERE `salemanId` = 3 LIMIT 1   [ RunTime:0.0004s ]
NOTIC: [8] Undefined offset: 0 D:\wamp\www\luomansi\Application\Home\Controller\ShopController.class.php 第 19 行.
ERR: 1064:You have an error in your SQL syntax; check the manual that corresponds to your MySQL server version for the right syntax to use near ')
                            ) order by id asc' at line 8
 [ SQL语句 ] : SELECT id,goodsName 
                            FROM saleman_goods
                            WHERE id
                            IN (
                            SELECT DISTINCT goodsId
                            FROM saleman_goods_info
                            WHERE id
                            IN ()
                            ) order by id asc
ERR: 1064:You have an error in your SQL syntax; check the manual that corresponds to your MySQL server version for the right syntax to use near ')
                            ) order by id asc' at line 8
 [ SQL语句 ] : SELECT id,goodsName 
                            FROM saleman_goods
                            WHERE id
                            IN (
                            SELECT DISTINCT goodsId
                            FROM saleman_goods_info
                            WHERE id
                            IN ()
                            ) order by id asc

[ 2018-01-25T14:29:56+08:00 ] 127.0.0.1 /luomansi/index.php/Home/Shop/index
INFO: [ app_init ] --START--
INFO: Run Behavior\BuildLiteBehavior [ RunTime:0.000039s ]
INFO: [ app_init ] --END-- [ RunTime:0.000611s ]
INFO: [ app_begin ] --START--
INFO: Run Behavior\ReadHtmlCacheBehavior [ RunTime:0.000606s ]
INFO: [ app_begin ] --END-- [ RunTime:0.000780s ]
SQL: SHOW COLUMNS FROM `saleman_goods_permission` [ RunTime:0.0034s ]
SQL: SELECT `goodsInfoId` FROM `saleman_goods_permission` WHERE `salemanId` = 3 LIMIT 1   [ RunTime:0.0004s ]
NOTIC: [8] Undefined offset: 0 D:\wamp\www\luomansi\Application\Home\Controller\ShopController.class.php 第 20 行.
ERR: 1064:You have an error in your SQL syntax; check the manual that corresponds to your MySQL server version for the right syntax to use near ')
                            ) order by id asc' at line 8
 [ SQL语句 ] : SELECT id,goodsName 
                            FROM saleman_goods
                            WHERE id
                            IN (
                            SELECT DISTINCT goodsId
                            FROM saleman_goods_info
                            WHERE id
                            IN ()
                            ) order by id asc
ERR: 1064:You have an error in your SQL syntax; check the manual that corresponds to your MySQL server version for the right syntax to use near ')
                            ) order by id asc' at line 8
 [ SQL语句 ] : SELECT id,goodsName 
                            FROM saleman_goods
                            WHERE id
                            IN (
                            SELECT DISTINCT goodsId
                            FROM saleman_goods_info
                            WHERE id
                            IN ()
                            ) order by id asc

[ 2018-01-25T14:30:22+08:00 ] 127.0.0.1 /luomansi/index.php/Home/Shop/index
INFO: [ app_init ] --START--
INFO: Run Behavior\BuildLiteBehavior [ RunTime:0.000030s ]
INFO: [ app_init ] --END-- [ RunTime:0.000527s ]
INFO: [ app_begin ] --START--
INFO: Run Behavior\ReadHtmlCacheBehavior [ RunTime:0.000739s ]
INFO: [ app_begin ] --END-- [ RunTime:0.000871s ]
SQL: SHOW COLUMNS FROM `saleman_goods_permission` [ RunTime:0.0043s ]
SQL: SELECT `goodsInfoId` FROM `saleman_goods_permission` WHERE `salemanId` = 3 LIMIT 1   [ RunTime:0.0008s ]
NOTIC: [8] Undefined index: goodsInfoId D:\wamp\www\luomansi\Application\Home\Controller\ShopController.class.php 第 20 行.
ERR: 1064:You have an error in your SQL syntax; check the manual that corresponds to your MySQL server version for the right syntax to use near ')
                            ) order by id asc' at line 8
 [ SQL语句 ] : SELECT id,goodsName 
                            FROM saleman_goods
                            WHERE id
                            IN (
                            SELECT DISTINCT goodsId
                            FROM saleman_goods_info
                            WHERE id
                            IN ()
                            ) order by id asc
ERR: 1064:You have an error in your SQL syntax; check the manual that corresponds to your MySQL server version for the right syntax to use near ')
                            ) order by id asc' at line 8
 [ SQL语句 ] : SELECT id,goodsName 
                            FROM saleman_goods
                            WHERE id
                            IN (
                            SELECT DISTINCT goodsId
                            FROM saleman_goods_info
                            WHERE id
                            IN ()
                            ) order by id asc

[ 2018-01-25T14:30:33+08:00 ] 127.0.0.1 /luomansi/index.php/Home/Shop/index
INFO: [ app_init ] --START--
INFO: Run Behavior\BuildLiteBehavior [ RunTime:0.000044s ]
INFO: [ app_init ] --END-- [ RunTime:0.000911s ]
INFO: [ app_begin ] --START--
INFO: Run Behavior\ReadHtmlCacheBehavior [ RunTime:0.000826s ]
INFO: [ app_begin ] --END-- [ RunTime:0.001022s ]
SQL: SHOW COLUMNS FROM `saleman_goods_permission` [ RunTime:0.0042s ]
SQL: SELECT `goodsInfoId` FROM `saleman_goods_permission` WHERE `salemanId` = 3 LIMIT 1   [ RunTime:0.0003s ]
NOTIC: [8] Undefined index: goodsInfoId D:\wamp\www\luomansi\Application\Home\Controller\ShopController.class.php 第 20 行.
ERR: 1064:You have an error in your SQL syntax; check the manual that corresponds to your MySQL server version for the right syntax to use near ')
                            ) order by id asc' at line 8
 [ SQL语句 ] : SELECT id,goodsName 
                            FROM saleman_goods
                            WHERE id
                            IN (
                            SELECT DISTINCT goodsId
                            FROM saleman_goods_info
                            WHERE id
                            IN ()
                            ) order by id asc
ERR: 1064:You have an error in your SQL syntax; check the manual that corresponds to your MySQL server version for the right syntax to use near ')
                            ) order by id asc' at line 8
 [ SQL语句 ] : SELECT id,goodsName 
                            FROM saleman_goods
                            WHERE id
                            IN (
                            SELECT DISTINCT goodsId
                            FROM saleman_goods_info
                            WHERE id
                            IN ()
                            ) order by id asc

[ 2018-01-25T14:30:54+08:00 ] 127.0.0.1 /luomansi/index.php/Home/Shop/index
INFO: [ app_init ] --START--
INFO: Run Behavior\BuildLiteBehavior [ RunTime:0.000024s ]
INFO: [ app_init ] --END-- [ RunTime:0.000711s ]
INFO: [ app_begin ] --START--
INFO: Run Behavior\ReadHtmlCacheBehavior [ RunTime:0.000832s ]
INFO: [ app_begin ] --END-- [ RunTime:0.000951s ]
SQL: SHOW COLUMNS FROM `saleman_goods_permission` [ RunTime:0.0033s ]
SQL: SELECT `goodsInfoId` FROM `saleman_goods_permission` WHERE `salemanId` = 3 LIMIT 1   [ RunTime:0.0004s ]
SQL: SELECT id,goodsName 
                            FROM saleman_goods
                            WHERE id
                            IN (
                            SELECT DISTINCT goodsId
                            FROM saleman_goods_info
                            WHERE id
                            IN (1,2,3,4,7,10,11,20,30)
                            ) order by id asc [ RunTime:0.0005s ]
INFO: [ app_end ] --START--
INFO: Run Behavior\ShowPageTraceBehavior [ RunTime:0.001000s ]
INFO: [ app_end ] --END-- [ RunTime:0.001154s ]

[ 2018-01-25T14:31:05+08:00 ] 127.0.0.1 /luomansi/index.php/Home/Shop/index
INFO: [ app_init ] --START--
INFO: Run Behavior\BuildLiteBehavior [ RunTime:0.000026s ]
INFO: [ app_init ] --END-- [ RunTime:0.000617s ]
INFO: [ app_begin ] --START--
INFO: Run Behavior\ReadHtmlCacheBehavior [ RunTime:0.000639s ]
INFO: [ app_begin ] --END-- [ RunTime:0.000746s ]
SQL: SHOW COLUMNS FROM `saleman_goods_permission` [ RunTime:0.0036s ]
SQL: SELECT `goodsInfoId` FROM `saleman_goods_permission` WHERE `salemanId` = 3 LIMIT 1   [ RunTime:0.0004s ]
SQL: SELECT id,goodsName 
                            FROM saleman_goods
                            WHERE id
                            IN (
                            SELECT DISTINCT goodsId
                            FROM saleman_goods_info
                            WHERE id
                            IN (1,2,3,4,7,10,11,20,30)
                            ) order by id asc [ RunTime:0.0005s ]
INFO: [ app_end ] --START--
INFO: Run Behavior\ShowPageTraceBehavior [ RunTime:0.000901s ]
INFO: [ app_end ] --END-- [ RunTime:0.001038s ]

[ 2018-01-25T14:32:11+08:00 ] 127.0.0.1 /luomansi/index.php/Home/Shop/index
INFO: [ app_init ] --START--
INFO: Run Behavior\BuildLiteBehavior [ RunTime:0.000031s ]
INFO: [ app_init ] --END-- [ RunTime:0.000614s ]
INFO: [ app_begin ] --START--
INFO: Run Behavior\ReadHtmlCacheBehavior [ RunTime:0.000748s ]
INFO: [ app_begin ] --END-- [ RunTime:0.000876s ]
SQL: SHOW COLUMNS FROM `saleman_goods_permission` [ RunTime:0.0046s ]
SQL: SELECT `goodsInfoId` FROM `saleman_goods_permission` WHERE `salemanId` = 3 LIMIT 1   [ RunTime:0.0004s ]
SQL: SELECT id,goodsName 
                            FROM saleman_goods
                            WHERE id
                            IN (
                            SELECT DISTINCT goodsId
                            FROM saleman_goods_info
                            WHERE id
                            IN (1,2,3,4,7,10,11,20,30)
                            ) order by id asc [ RunTime:0.0006s ]
INFO: [ view_parse ] --START--
INFO: [ template_filter ] --START--
INFO: Run Behavior\ContentReplaceBehavior [ RunTime:0.000202s ]
INFO: [ template_filter ] --END-- [ RunTime:0.000370s ]
INFO: Run Behavior\ParseTemplateBehavior [ RunTime:0.097858s ]
INFO: [ view_parse ] --END-- [ RunTime:0.098015s ]
INFO: [ view_filter ] --START--
INFO: Run Behavior\WriteHtmlCacheBehavior [ RunTime:0.000610s ]
INFO: [ view_filter ] --END-- [ RunTime:0.000756s ]
INFO: [ app_end ] --START--
INFO: Run Behavior\ShowPageTraceBehavior [ RunTime:0.000924s ]
INFO: [ app_end ] --END-- [ RunTime:0.001090s ]

[ 2018-01-25T14:32:23+08:00 ] 127.0.0.1 /luomansi/index.php/Home/Shop/index
INFO: [ app_init ] --START--
INFO: Run Behavior\BuildLiteBehavior [ RunTime:0.000041s ]
INFO: [ app_init ] --END-- [ RunTime:0.000734s ]
INFO: [ app_begin ] --START--
INFO: Run Behavior\ReadHtmlCacheBehavior [ RunTime:0.000846s ]
INFO: [ app_begin ] --END-- [ RunTime:0.000982s ]
SQL: SHOW COLUMNS FROM `saleman_goods_permission` [ RunTime:0.0040s ]
SQL: SELECT `goodsInfoId` FROM `saleman_goods_permission` WHERE `salemanId` = 3 LIMIT 1   [ RunTime:0.0006s ]
SQL: SELECT id,goodsName 
                            FROM saleman_goods
                            WHERE id
                            IN (
                            SELECT DISTINCT goodsId
                            FROM saleman_goods_info
                            WHERE id
                            IN (1,2,3,4,7,10,11,20,30)
                            ) order by id asc [ RunTime:0.0013s ]
INFO: [ view_parse ] --START--
INFO: [ template_filter ] --START--
INFO: Run Behavior\ContentReplaceBehavior [ RunTime:0.000129s ]
INFO: [ template_filter ] --END-- [ RunTime:0.000272s ]
INFO: Run Behavior\ParseTemplateBehavior [ RunTime:0.014068s ]
INFO: [ view_parse ] --END-- [ RunTime:0.014284s ]
INFO: [ view_filter ] --START--
INFO: Run Behavior\WriteHtmlCacheBehavior [ RunTime:0.001021s ]
INFO: [ view_filter ] --END-- [ RunTime:0.001218s ]
INFO: [ app_end ] --START--
INFO: Run Behavior\ShowPageTraceBehavior [ RunTime:0.001266s ]
INFO: [ app_end ] --END-- [ RunTime:0.001462s ]

[ 2018-01-25T14:33:43+08:00 ] 127.0.0.1 /luomansi/index.php/Home/Shop/index
INFO: [ app_init ] --START--
INFO: Run Behavior\BuildLiteBehavior [ RunTime:0.000048s ]
INFO: [ app_init ] --END-- [ RunTime:0.001024s ]
INFO: [ app_begin ] --START--
INFO: Run Behavior\ReadHtmlCacheBehavior [ RunTime:0.000880s ]
INFO: [ app_begin ] --END-- [ RunTime:0.001040s ]
SQL: SHOW COLUMNS FROM `saleman_goods_permission` [ RunTime:0.0036s ]
SQL: SELECT `goodsInfoId` FROM `saleman_goods_permission` WHERE `salemanId` = 3 LIMIT 1   [ RunTime:0.0004s ]
SQL: SELECT id,goodsName 
                            FROM saleman_goods
                            WHERE id
                            IN (
                            SELECT DISTINCT goodsId
                            FROM saleman_goods_info
                            WHERE id
                            IN (1,2,3,4,7,10,11,20,30)
                            ) order by id asc [ RunTime:0.0005s ]
INFO: [ view_parse ] --START--
INFO: [ template_filter ] --START--
INFO: Run Behavior\ContentReplaceBehavior [ RunTime:0.000111s ]
INFO: [ template_filter ] --END-- [ RunTime:0.000252s ]
INFO: Run Behavior\ParseTemplateBehavior [ RunTime:0.010065s ]
INFO: [ view_parse ] --END-- [ RunTime:0.010203s ]
INFO: [ view_filter ] --START--
INFO: Run Behavior\WriteHtmlCacheBehavior [ RunTime:0.000429s ]
INFO: [ view_filter ] --END-- [ RunTime:0.000521s ]
INFO: [ app_end ] --START--
INFO: Run Behavior\ShowPageTraceBehavior [ RunTime:0.000798s ]
INFO: [ app_end ] --END-- [ RunTime:0.000959s ]

[ 2018-01-25T14:34:23+08:00 ] 127.0.0.1 /luomansi/index.php/Home/Shop/index
INFO: [ app_init ] --START--
INFO: Run Behavior\BuildLiteBehavior [ RunTime:0.000026s ]
INFO: [ app_init ] --END-- [ RunTime:0.000657s ]
INFO: [ app_begin ] --START--
INFO: Run Behavior\ReadHtmlCacheBehavior [ RunTime:0.001010s ]
INFO: [ app_begin ] --END-- [ RunTime:0.001115s ]
SQL: SHOW COLUMNS FROM `saleman_goods_permission` [ RunTime:0.0034s ]
SQL: SELECT `goodsInfoId` FROM `saleman_goods_permission` WHERE `salemanId` = 3 LIMIT 1   [ RunTime:0.0004s ]
SQL: SELECT id,goodsName 
                            FROM saleman_goods
                            WHERE id
                            IN (
                            SELECT DISTINCT goodsId
                            FROM saleman_goods_info
                            WHERE id
                            IN (1,2,3,4,7,10,11,20)
                            ) order by id asc [ RunTime:0.0006s ]
INFO: [ view_parse ] --START--
INFO: [ template_filter ] --START--
INFO: Run Behavior\ContentReplaceBehavior [ RunTime:0.000116s ]
INFO: [ template_filter ] --END-- [ RunTime:0.000252s ]
INFO: Run Behavior\ParseTemplateBehavior [ RunTime:0.010505s ]
INFO: [ view_parse ] --END-- [ RunTime:0.010647s ]
INFO: [ view_filter ] --START--
INFO: Run Behavior\WriteHtmlCacheBehavior [ RunTime:0.000611s ]
INFO: [ view_filter ] --END-- [ RunTime:0.000705s ]
INFO: [ app_end ] --START--
INFO: Run Behavior\ShowPageTraceBehavior [ RunTime:0.000842s ]
INFO: [ app_end ] --END-- [ RunTime:0.000935s ]

[ 2018-01-25T14:34:32+08:00 ] 127.0.0.1 /luomansi/index.php/Home/Shop/index
INFO: [ app_init ] --START--
INFO: Run Behavior\BuildLiteBehavior [ RunTime:0.000040s ]
INFO: [ app_init ] --END-- [ RunTime:0.000954s ]
INFO: [ app_begin ] --START--
INFO: Run Behavior\ReadHtmlCacheBehavior [ RunTime:0.001540s ]
INFO: [ app_begin ] --END-- [ RunTime:0.001693s ]
SQL: SHOW COLUMNS FROM `saleman_goods_permission` [ RunTime:0.0031s ]
SQL: SELECT `goodsInfoId` FROM `saleman_goods_permission` WHERE `salemanId` = 3 LIMIT 1   [ RunTime:0.0003s ]
SQL: SELECT id,goodsName 
                            FROM saleman_goods
                            WHERE id
                            IN (
                            SELECT DISTINCT goodsId
                            FROM saleman_goods_info
                            WHERE id
                            IN (1,2,3,4,7,10,11,20)
                            ) order by id asc [ RunTime:0.0005s ]
INFO: [ view_parse ] --START--
INFO: [ template_filter ] --START--
INFO: Run Behavior\ContentReplaceBehavior [ RunTime:0.000109s ]
INFO: [ template_filter ] --END-- [ RunTime:0.000234s ]
INFO: Run Behavior\ParseTemplateBehavior [ RunTime:0.010581s ]
INFO: [ view_parse ] --END-- [ RunTime:0.010712s ]
INFO: [ view_filter ] --START--
INFO: Run Behavior\WriteHtmlCacheBehavior [ RunTime:0.000497s ]
INFO: [ view_filter ] --END-- [ RunTime:0.000589s ]
INFO: [ app_end ] --START--
INFO: Run Behavior\ShowPageTraceBehavior [ RunTime:0.000832s ]
INFO: [ app_end ] --END-- [ RunTime:0.000927s ]

[ 2018-01-25T14:44:13+08:00 ] 127.0.0.1 /luomansi/index.php/Home/Shop/goodsInfo.html
INFO: [ app_init ] --START--
INFO: Run Behavior\BuildLiteBehavior [ RunTime:0.000025s ]
INFO: [ app_init ] --END-- [ RunTime:0.000775s ]
INFO: [ app_begin ] --START--
INFO: Run Behavior\ReadHtmlCacheBehavior [ RunTime:0.000814s ]
INFO: [ app_begin ] --END-- [ RunTime:0.000906s ]
SQL: SHOW COLUMNS FROM `saleman_goods_permission` [ RunTime:0.0034s ]
NOTIC: [8] Undefined variable: admin_id D:\wamp\www\luomansi\Application\Home\Controller\ShopController.class.php 第 41 行.
SQL: SELECT `goodsInfoId` FROM `saleman_goods_permission` WHERE `salemanId` = null LIMIT 1   [ RunTime:0.0004s ]

[ 2018-01-25T14:44:31+08:00 ] 127.0.0.1 /luomansi/index.php/Home/Shop/index
INFO: [ app_init ] --START--
INFO: Run Behavior\BuildLiteBehavior [ RunTime:0.000099s ]
INFO: [ app_init ] --END-- [ RunTime:0.001326s ]
INFO: [ app_begin ] --START--
INFO: Run Behavior\ReadHtmlCacheBehavior [ RunTime:0.001503s ]
INFO: [ app_begin ] --END-- [ RunTime:0.001732s ]
SQL: SHOW COLUMNS FROM `saleman_goods_permission` [ RunTime:0.0059s ]
SQL: SELECT `goodsInfoId` FROM `saleman_goods_permission` WHERE `salemanId` = 3 LIMIT 1   [ RunTime:0.0004s ]
SQL: SELECT id,goodsName 
                            FROM saleman_goods
                            WHERE id
                            IN (
                            SELECT DISTINCT goodsId
                            FROM saleman_goods_info
                            WHERE id
                            IN (1,2,3,4,7,10,11,20)
                            ) order by id asc [ RunTime:0.0007s ]
INFO: [ view_parse ] --START--
INFO: [ template_filter ] --START--
INFO: Run Behavior\ContentReplaceBehavior [ RunTime:0.000134s ]
INFO: [ template_filter ] --END-- [ RunTime:0.000271s ]
INFO: Run Behavior\ParseTemplateBehavior [ RunTime:0.013232s ]
INFO: [ view_parse ] --END-- [ RunTime:0.013437s ]
INFO: [ view_filter ] --START--
INFO: Run Behavior\WriteHtmlCacheBehavior [ RunTime:0.000655s ]
INFO: [ view_filter ] --END-- [ RunTime:0.000762s ]
INFO: [ app_end ] --START--
INFO: Run Behavior\ShowPageTraceBehavior [ RunTime:0.000892s ]
INFO: [ app_end ] --END-- [ RunTime:0.001009s ]

[ 2018-01-25T14:44:33+08:00 ] 127.0.0.1 /luomansi/index.php/Home/Shop/goodsInfo.html
INFO: [ app_init ] --START--
INFO: Run Behavior\BuildLiteBehavior [ RunTime:0.000029s ]
INFO: [ app_init ] --END-- [ RunTime:0.000551s ]
INFO: [ app_begin ] --START--
INFO: Run Behavior\ReadHtmlCacheBehavior [ RunTime:0.000815s ]
INFO: [ app_begin ] --END-- [ RunTime:0.000924s ]
SQL: select id,goodsColor,colorCode,hand,falseLock from saleman_goods_info where goodsId=1 and id in (1,2,3,4,7,10,11,20) [ RunTime:0.0009s ]
INFO: [ app_end ] --START--
INFO: Run Behavior\ShowPageTraceBehavior [ RunTime:0.001604s ]
INFO: [ app_end ] --END-- [ RunTime:0.001802s ]

[ 2018-01-25T14:44:43+08:00 ] 127.0.0.1 /luomansi/index.php/Home/Shop/index
INFO: [ app_init ] --START--
INFO: Run Behavior\BuildLiteBehavior [ RunTime:0.000045s ]
INFO: [ app_init ] --END-- [ RunTime:0.001057s ]
INFO: [ app_begin ] --START--
INFO: Run Behavior\ReadHtmlCacheBehavior [ RunTime:0.001233s ]
INFO: [ app_begin ] --END-- [ RunTime:0.001457s ]
SQL: SHOW COLUMNS FROM `saleman_goods_permission` [ RunTime:0.0035s ]
SQL: SELECT `goodsInfoId` FROM `saleman_goods_permission` WHERE `salemanId` = 3 LIMIT 1   [ RunTime:0.0003s ]
SQL: SELECT id,goodsName 
                            FROM saleman_goods
                            WHERE id
                            IN (
                            SELECT DISTINCT goodsId
                            FROM saleman_goods_info
                            WHERE id
                            IN (1,2,3,4,7,10,11,20)
                            ) order by id asc [ RunTime:0.0005s ]
INFO: [ view_parse ] --START--
INFO: [ template_filter ] --START--
INFO: Run Behavior\ContentReplaceBehavior [ RunTime:0.000129s ]
INFO: [ template_filter ] --END-- [ RunTime:0.000294s ]
INFO: Run Behavior\ParseTemplateBehavior [ RunTime:0.014294s ]
INFO: [ view_parse ] --END-- [ RunTime:0.014474s ]
INFO: [ view_filter ] --START--
INFO: Run Behavior\WriteHtmlCacheBehavior [ RunTime:0.000600s ]
INFO: [ view_filter ] --END-- [ RunTime:0.000694s ]
INFO: [ app_end ] --START--
INFO: Run Behavior\ShowPageTraceBehavior [ RunTime:0.001042s ]
INFO: [ app_end ] --END-- [ RunTime:0.001176s ]

[ 2018-01-25T14:44:43+08:00 ] 127.0.0.1 /luomansi/index.php/Home/Shop/goodsInfo.html
INFO: [ app_init ] --START--
INFO: Run Behavior\BuildLiteBehavior [ RunTime:0.000026s ]
INFO: [ app_init ] --END-- [ RunTime:0.001008s ]
INFO: [ app_begin ] --START--
INFO: Run Behavior\ReadHtmlCacheBehavior [ RunTime:0.000820s ]
INFO: [ app_begin ] --END-- [ RunTime:0.000913s ]
SQL: select id,goodsColor,colorCode,hand,falseLock from saleman_goods_info where goodsId=2 and id in (1,2,3,4,7,10,11,20) [ RunTime:0.0005s ]
INFO: [ app_end ] --START--
INFO: Run Behavior\ShowPageTraceBehavior [ RunTime:0.001344s ]
INFO: [ app_end ] --END-- [ RunTime:0.001492s ]

[ 2018-01-25T14:45:06+08:00 ] 127.0.0.1 /luomansi/index.php/Home/Shop/index
INFO: [ app_init ] --START--
INFO: Run Behavior\BuildLiteBehavior [ RunTime:0.000039s ]
INFO: [ app_init ] --END-- [ RunTime:0.000882s ]
INFO: [ app_begin ] --START--
INFO: Run Behavior\ReadHtmlCacheBehavior [ RunTime:0.001918s ]
INFO: [ app_begin ] --END-- [ RunTime:0.002131s ]
SQL: SHOW COLUMNS FROM `saleman_goods_permission` [ RunTime:0.0035s ]
SQL: SELECT `goodsInfoId` FROM `saleman_goods_permission` WHERE `salemanId` = 3 LIMIT 1   [ RunTime:0.0004s ]
SQL: SELECT id,goodsName 
                            FROM saleman_goods
                            WHERE id
                            IN (
                            SELECT DISTINCT goodsId
                            FROM saleman_goods_info
                            WHERE id
                            IN (1,2,3,4,7,10,11,20)
                            ) order by id asc [ RunTime:0.0007s ]
INFO: [ view_parse ] --START--
INFO: [ template_filter ] --START--
INFO: Run Behavior\ContentReplaceBehavior [ RunTime:0.000129s ]
INFO: [ template_filter ] --END-- [ RunTime:0.000258s ]
INFO: Run Behavior\ParseTemplateBehavior [ RunTime:0.011223s ]
INFO: [ view_parse ] --END-- [ RunTime:0.011397s ]
INFO: [ view_filter ] --START--
INFO: Run Behavior\WriteHtmlCacheBehavior [ RunTime:0.000635s ]
INFO: [ view_filter ] --END-- [ RunTime:0.000768s ]
INFO: [ app_end ] --START--
INFO: Run Behavior\ShowPageTraceBehavior [ RunTime:0.000884s ]
INFO: [ app_end ] --END-- [ RunTime:0.000978s ]

[ 2018-01-25T14:45:07+08:00 ] 127.0.0.1 /luomansi/index.php/Home/Shop/goodsInfo.html
INFO: [ app_init ] --START--
INFO: Run Behavior\BuildLiteBehavior [ RunTime:0.000027s ]
INFO: [ app_init ] --END-- [ RunTime:0.000588s ]
INFO: [ app_begin ] --START--
INFO: Run Behavior\ReadHtmlCacheBehavior [ RunTime:0.000913s ]
INFO: [ app_begin ] --END-- [ RunTime:0.001043s ]
SQL: select id,goodsColor,colorCode,hand,falseLock from saleman_goods_info where goodsId=1 and id in (1,2,3,4,7,10,11,20) [ RunTime:0.0005s ]
INFO: [ app_end ] --START--
INFO: Run Behavior\ShowPageTraceBehavior [ RunTime:0.000925s ]
INFO: [ app_end ] --END-- [ RunTime:0.001036s ]

[ 2018-01-25T14:45:31+08:00 ] 127.0.0.1 /luomansi/index.php/Home/Shop/index
INFO: [ app_init ] --START--
INFO: Run Behavior\BuildLiteBehavior [ RunTime:0.000048s ]
INFO: [ app_init ] --END-- [ RunTime:0.000915s ]
INFO: [ app_begin ] --START--
INFO: Run Behavior\ReadHtmlCacheBehavior [ RunTime:0.001749s ]
INFO: [ app_begin ] --END-- [ RunTime:0.002012s ]
SQL: SHOW COLUMNS FROM `saleman_goods_permission` [ RunTime:0.0043s ]
SQL: SELECT `goodsInfoId` FROM `saleman_goods_permission` WHERE `salemanId` = 3 LIMIT 1   [ RunTime:0.0006s ]
SQL: SELECT id,goodsName 
                            FROM saleman_goods
                            WHERE id
                            IN (
                            SELECT DISTINCT goodsId
                            FROM saleman_goods_info
                            WHERE id
                            IN (1,2,3,4,7,10,11,20)
                            ) order by id asc [ RunTime:0.0006s ]
INFO: [ view_parse ] --START--
INFO: [ template_filter ] --START--
INFO: Run Behavior\ContentReplaceBehavior [ RunTime:0.000220s ]
INFO: [ template_filter ] --END-- [ RunTime:0.000434s ]
INFO: Run Behavior\ParseTemplateBehavior [ RunTime:0.016286s ]
INFO: [ view_parse ] --END-- [ RunTime:0.016448s ]
INFO: [ view_filter ] --START--
INFO: Run Behavior\WriteHtmlCacheBehavior [ RunTime:0.000651s ]
INFO: [ view_filter ] --END-- [ RunTime:0.000789s ]
INFO: [ app_end ] --START--
INFO: Run Behavior\ShowPageTraceBehavior [ RunTime:0.000962s ]
INFO: [ app_end ] --END-- [ RunTime:0.001110s ]

[ 2018-01-25T14:45:32+08:00 ] 127.0.0.1 /luomansi/index.php/Home/Shop/goodsInfo.html
INFO: [ app_init ] --START--
INFO: Run Behavior\BuildLiteBehavior [ RunTime:0.000029s ]
INFO: [ app_init ] --END-- [ RunTime:0.000807s ]
INFO: [ app_begin ] --START--
INFO: Run Behavior\ReadHtmlCacheBehavior [ RunTime:0.000837s ]
INFO: [ app_begin ] --END-- [ RunTime:0.000955s ]
SQL: select id,goodsColor,colorCode,hand,falseLock from saleman_goods_info where goodsId=2 and id in (1,2,3,4,7,10,11,20) [ RunTime:0.0004s ]
INFO: [ app_end ] --START--
INFO: Run Behavior\ShowPageTraceBehavior [ RunTime:0.000923s ]
INFO: [ app_end ] --END-- [ RunTime:0.001031s ]

[ 2018-01-25T14:46:05+08:00 ] 127.0.0.1 /luomansi/index.php/Home/Shop/index
INFO: [ app_init ] --START--
INFO: Run Behavior\BuildLiteBehavior [ RunTime:0.000041s ]
INFO: [ app_init ] --END-- [ RunTime:0.000860s ]
INFO: [ app_begin ] --START--
INFO: Run Behavior\ReadHtmlCacheBehavior [ RunTime:0.001823s ]
INFO: [ app_begin ] --END-- [ RunTime:0.002081s ]
SQL: SHOW COLUMNS FROM `saleman_goods_permission` [ RunTime:0.0035s ]
SQL: SELECT `goodsInfoId` FROM `saleman_goods_permission` WHERE `salemanId` = 3 LIMIT 1   [ RunTime:0.0004s ]
SQL: SELECT id,goodsName 
                            FROM saleman_goods
                            WHERE id
                            IN (
                            SELECT DISTINCT goodsId
                            FROM saleman_goods_info
                            WHERE id
                            IN (1,2,3,4,7,10,11,20)
                            ) order by id asc [ RunTime:0.0006s ]
INFO: [ view_parse ] --START--
INFO: [ template_filter ] --START--
INFO: Run Behavior\ContentReplaceBehavior [ RunTime:0.000134s ]
INFO: [ template_filter ] --END-- [ RunTime:0.000275s ]
INFO: Run Behavior\ParseTemplateBehavior [ RunTime:0.013151s ]
INFO: [ view_parse ] --END-- [ RunTime:0.013279s ]
INFO: [ view_filter ] --START--
INFO: Run Behavior\WriteHtmlCacheBehavior [ RunTime:0.000644s ]
INFO: [ view_filter ] --END-- [ RunTime:0.000753s ]
INFO: [ app_end ] --START--
INFO: Run Behavior\ShowPageTraceBehavior [ RunTime:0.001851s ]
INFO: [ app_end ] --END-- [ RunTime:0.002013s ]

[ 2018-01-25T14:46:06+08:00 ] 127.0.0.1 /luomansi/index.php/Home/Shop/goodsInfo.html
INFO: [ app_init ] --START--
INFO: Run Behavior\BuildLiteBehavior [ RunTime:0.000029s ]
INFO: [ app_init ] --END-- [ RunTime:0.000839s ]
INFO: [ app_begin ] --START--
INFO: Run Behavior\ReadHtmlCacheBehavior [ RunTime:0.000785s ]
INFO: [ app_begin ] --END-- [ RunTime:0.000910s ]
SQL: SHOW COLUMNS FROM `saleman_goods_permission` [ RunTime:0.0034s ]
NOTIC: [8] Undefined variable: admin_id D:\wamp\www\luomansi\Application\Home\Controller\ShopController.class.php 第 41 行.
SQL: SELECT `goodsInfoId` FROM `saleman_goods_permission` WHERE `salemanId` = null LIMIT 1   [ RunTime:0.0003s ]
ERR: 1064:You have an error in your SQL syntax; check the manual that corresponds to your MySQL server version for the right syntax to use near ')' at line 1
 [ SQL语句 ] : select id,goodsColor,colorCode,hand,falseLock from saleman_goods_info where goodsId=2 and id in ()
ERR: 1064:You have an error in your SQL syntax; check the manual that corresponds to your MySQL server version for the right syntax to use near ')' at line 1
 [ SQL语句 ] : select id,goodsColor,colorCode,hand,falseLock from saleman_goods_info where goodsId=2 and id in ()

[ 2018-01-25T14:46:36+08:00 ] 127.0.0.1 /luomansi/index.php/Home/Shop/index
INFO: [ app_init ] --START--
INFO: Run Behavior\BuildLiteBehavior [ RunTime:0.000031s ]
INFO: [ app_init ] --END-- [ RunTime:0.000897s ]
INFO: [ app_begin ] --START--
INFO: Run Behavior\ReadHtmlCacheBehavior [ RunTime:0.001152s ]
INFO: [ app_begin ] --END-- [ RunTime:0.001320s ]
SQL: SHOW COLUMNS FROM `saleman_goods_permission` [ RunTime:0.0061s ]
SQL: SELECT `goodsInfoId` FROM `saleman_goods_permission` WHERE `salemanId` = 3 LIMIT 1   [ RunTime:0.0004s ]
SQL: SELECT id,goodsName 
                            FROM saleman_goods
                            WHERE id
                            IN (
                            SELECT DISTINCT goodsId
                            FROM saleman_goods_info
                            WHERE id
                            IN (1,2,3,4,7,10,11,20)
                            ) order by id asc [ RunTime:0.0005s ]
INFO: [ view_parse ] --START--
INFO: [ template_filter ] --START--
INFO: Run Behavior\ContentReplaceBehavior [ RunTime:0.000364s ]
INFO: [ template_filter ] --END-- [ RunTime:0.000893s ]
INFO: Run Behavior\ParseTemplateBehavior [ RunTime:0.013411s ]
INFO: [ view_parse ] --END-- [ RunTime:0.013541s ]
INFO: [ view_filter ] --START--
INFO: Run Behavior\WriteHtmlCacheBehavior [ RunTime:0.000644s ]
INFO: [ view_filter ] --END-- [ RunTime:0.000739s ]
INFO: [ app_end ] --START--
INFO: Run Behavior\ShowPageTraceBehavior [ RunTime:0.000804s ]
INFO: [ app_end ] --END-- [ RunTime:0.000900s ]

[ 2018-01-25T14:46:37+08:00 ] 127.0.0.1 /luomansi/index.php/Home/Shop/goodsInfo.html
INFO: [ app_init ] --START--
INFO: Run Behavior\BuildLiteBehavior [ RunTime:0.000026s ]
INFO: [ app_init ] --END-- [ RunTime:0.000591s ]
INFO: [ app_begin ] --START--
INFO: Run Behavior\ReadHtmlCacheBehavior [ RunTime:0.001696s ]
INFO: [ app_begin ] --END-- [ RunTime:0.001902s ]
SQL: SHOW COLUMNS FROM `saleman_goods_permission` [ RunTime:0.0033s ]
NOTIC: [8] Undefined variable: admin_id D:\wamp\www\luomansi\Application\Home\Controller\ShopController.class.php 第 41 行.
SQL: SELECT `goodsInfoId` FROM `saleman_goods_permission` WHERE `salemanId` = null LIMIT 1   [ RunTime:0.0003s ]
ERR: 1064:You have an error in your SQL syntax; check the manual that corresponds to your MySQL server version for the right syntax to use near ')' at line 1
 [ SQL语句 ] : select id,goodsColor,colorCode,hand,falseLock from saleman_goods_info where goodsId=2 and id in ()
ERR: 1064:You have an error in your SQL syntax; check the manual that corresponds to your MySQL server version for the right syntax to use near ')' at line 1
 [ SQL语句 ] : select id,goodsColor,colorCode,hand,falseLock from saleman_goods_info where goodsId=2 and id in ()

[ 2018-01-25T14:47:06+08:00 ] 127.0.0.1 /luomansi/index.php/Home/Shop/index
INFO: [ app_init ] --START--
INFO: Run Behavior\BuildLiteBehavior [ RunTime:0.000028s ]
INFO: [ app_init ] --END-- [ RunTime:0.000621s ]
INFO: [ app_begin ] --START--
INFO: Run Behavior\ReadHtmlCacheBehavior [ RunTime:0.001737s ]
INFO: [ app_begin ] --END-- [ RunTime:0.001981s ]
SQL: SHOW COLUMNS FROM `saleman_goods_permission` [ RunTime:0.0038s ]
SQL: SELECT `goodsInfoId` FROM `saleman_goods_permission` WHERE `salemanId` = 3 LIMIT 1   [ RunTime:0.0003s ]
SQL: SELECT id,goodsName 
                            FROM saleman_goods
                            WHERE id
                            IN (
                            SELECT DISTINCT goodsId
                            FROM saleman_goods_info
                            WHERE id
                            IN (1,2,3,4,7,10,11,20)
                            ) order by id asc [ RunTime:0.0005s ]
INFO: [ view_parse ] --START--
INFO: [ template_filter ] --START--
INFO: Run Behavior\ContentReplaceBehavior [ RunTime:0.000184s ]
INFO: [ template_filter ] --END-- [ RunTime:0.000370s ]
INFO: Run Behavior\ParseTemplateBehavior [ RunTime:0.015352s ]
INFO: [ view_parse ] --END-- [ RunTime:0.015568s ]
INFO: [ view_filter ] --START--
INFO: Run Behavior\WriteHtmlCacheBehavior [ RunTime:0.000825s ]
INFO: [ view_filter ] --END-- [ RunTime:0.000976s ]
INFO: [ app_end ] --START--
INFO: Run Behavior\ShowPageTraceBehavior [ RunTime:0.001209s ]
INFO: [ app_end ] --END-- [ RunTime:0.001410s ]

[ 2018-01-25T14:47:07+08:00 ] 127.0.0.1 /luomansi/index.php/Home/Shop/goodsInfo.html
INFO: [ app_init ] --START--
INFO: Run Behavior\BuildLiteBehavior [ RunTime:0.000033s ]
INFO: [ app_init ] --END-- [ RunTime:0.000917s ]
INFO: [ app_begin ] --START--
INFO: Run Behavior\ReadHtmlCacheBehavior [ RunTime:0.000818s ]
INFO: [ app_begin ] --END-- [ RunTime:0.000927s ]
SQL: SHOW COLUMNS FROM `saleman_goods_permission` [ RunTime:0.0033s ]
NOTIC: [8] Undefined variable: admin_id D:\wamp\www\luomansi\Application\Home\Controller\ShopController.class.php 第 41 行.
SQL: SELECT `goodsInfoId` FROM `saleman_goods_permission` WHERE `salemanId` = null LIMIT 1   [ RunTime:0.0004s ]
ERR: 1064:You have an error in your SQL syntax; check the manual that corresponds to your MySQL server version for the right syntax to use near ')' at line 1
 [ SQL语句 ] : select id,goodsColor,colorCode,hand,falseLock from saleman_goods_info where goodsId=2 and id in ()
ERR: 1064:You have an error in your SQL syntax; check the manual that corresponds to your MySQL server version for the right syntax to use near ')' at line 1
 [ SQL语句 ] : select id,goodsColor,colorCode,hand,falseLock from saleman_goods_info where goodsId=2 and id in ()

[ 2018-01-25T14:47:46+08:00 ] 127.0.0.1 /luomansi/index.php/Home/Shop/index
INFO: [ app_init ] --START--
INFO: Run Behavior\BuildLiteBehavior [ RunTime:0.000049s ]
INFO: [ app_init ] --END-- [ RunTime:0.001692s ]
INFO: [ app_begin ] --START--
INFO: Run Behavior\ReadHtmlCacheBehavior [ RunTime:0.001541s ]
INFO: [ app_begin ] --END-- [ RunTime:0.001863s ]
SQL: SHOW COLUMNS FROM `saleman_goods_permission` [ RunTime:0.0047s ]
SQL: SELECT `goodsInfoId` FROM `saleman_goods_permission` WHERE `salemanId` = 3 LIMIT 1   [ RunTime:0.0006s ]
SQL: SELECT id,goodsName 
                            FROM saleman_goods
                            WHERE id
                            IN (
                            SELECT DISTINCT goodsId
                            FROM saleman_goods_info
                            WHERE id
                            IN (1,2,3,4,7,10,11,20)
                            ) order by id asc [ RunTime:0.0007s ]
INFO: [ view_parse ] --START--
INFO: [ template_filter ] --START--
INFO: Run Behavior\ContentReplaceBehavior [ RunTime:0.000212s ]
INFO: [ template_filter ] --END-- [ RunTime:0.000435s ]
INFO: Run Behavior\ParseTemplateBehavior [ RunTime:0.018352s ]
INFO: [ view_parse ] --END-- [ RunTime:0.018556s ]
INFO: [ view_filter ] --START--
INFO: Run Behavior\WriteHtmlCacheBehavior [ RunTime:0.000858s ]
INFO: [ view_filter ] --END-- [ RunTime:0.001002s ]
INFO: [ app_end ] --START--
INFO: Run Behavior\ShowPageTraceBehavior [ RunTime:0.000932s ]
INFO: [ app_end ] --END-- [ RunTime:0.001078s ]

[ 2018-01-25T14:47:46+08:00 ] 127.0.0.1 /luomansi/index.php/Home/Shop/goodsInfo.html
INFO: [ app_init ] --START--
INFO: Run Behavior\BuildLiteBehavior [ RunTime:0.000047s ]
INFO: [ app_init ] --END-- [ RunTime:0.001203s ]
INFO: [ app_begin ] --START--
INFO: Run Behavior\ReadHtmlCacheBehavior [ RunTime:0.001426s ]
INFO: [ app_begin ] --END-- [ RunTime:0.001721s ]
SQL: SHOW COLUMNS FROM `saleman_goods_permission` [ RunTime:0.0042s ]
NOTIC: [8] Undefined variable: admin_id D:\wamp\www\luomansi\Application\Home\Controller\ShopController.class.php 第 41 行.
SQL: SELECT `goodsInfoId` FROM `saleman_goods_permission` WHERE `salemanId` = null LIMIT 1   [ RunTime:0.0004s ]
ERR: 1064:You have an error in your SQL syntax; check the manual that corresponds to your MySQL server version for the right syntax to use near ')' at line 1
 [ SQL语句 ] : select id,goodsColor,colorCode,hand,falseLock from saleman_goods_info where goodsId=2 and id in ()
ERR: 1064:You have an error in your SQL syntax; check the manual that corresponds to your MySQL server version for the right syntax to use near ')' at line 1
 [ SQL语句 ] : select id,goodsColor,colorCode,hand,falseLock from saleman_goods_info where goodsId=2 and id in ()

[ 2018-01-25T14:48:04+08:00 ] 127.0.0.1 /luomansi/index.php/Home/Shop/index
INFO: [ app_init ] --START--
INFO: Run Behavior\BuildLiteBehavior [ RunTime:0.000029s ]
INFO: [ app_init ] --END-- [ RunTime:0.000587s ]
INFO: [ app_begin ] --START--
INFO: Run Behavior\ReadHtmlCacheBehavior [ RunTime:0.001530s ]
INFO: [ app_begin ] --END-- [ RunTime:0.001755s ]
SQL: SHOW COLUMNS FROM `saleman_goods_permission` [ RunTime:0.0037s ]
SQL: SELECT `goodsInfoId` FROM `saleman_goods_permission` WHERE `salemanId` = 3 LIMIT 1   [ RunTime:0.0011s ]
SQL: SELECT id,goodsName 
                            FROM saleman_goods
                            WHERE id
                            IN (
                            SELECT DISTINCT goodsId
                            FROM saleman_goods_info
                            WHERE id
                            IN (1,2,3,4,7,10,11,20)
                            ) order by id asc [ RunTime:0.0008s ]
INFO: [ view_parse ] --START--
INFO: [ template_filter ] --START--
INFO: Run Behavior\ContentReplaceBehavior [ RunTime:0.000116s ]
INFO: [ template_filter ] --END-- [ RunTime:0.000230s ]
INFO: Run Behavior\ParseTemplateBehavior [ RunTime:0.010218s ]
INFO: [ view_parse ] --END-- [ RunTime:0.010411s ]
INFO: [ view_filter ] --START--
INFO: Run Behavior\WriteHtmlCacheBehavior [ RunTime:0.000485s ]
INFO: [ view_filter ] --END-- [ RunTime:0.000597s ]
INFO: [ app_end ] --START--
INFO: Run Behavior\ShowPageTraceBehavior [ RunTime:0.000761s ]
INFO: [ app_end ] --END-- [ RunTime:0.000872s ]

[ 2018-01-25T14:48:04+08:00 ] 127.0.0.1 /luomansi/index.php/Home/Shop/goodsInfo.html
INFO: [ app_init ] --START--
INFO: Run Behavior\BuildLiteBehavior [ RunTime:0.000070s ]
INFO: [ app_init ] --END-- [ RunTime:0.001482s ]
INFO: [ app_begin ] --START--
INFO: Run Behavior\ReadHtmlCacheBehavior [ RunTime:0.001373s ]
INFO: [ app_begin ] --END-- [ RunTime:0.001735s ]
SQL: SHOW COLUMNS FROM `saleman_goods_permission` [ RunTime:0.0035s ]
NOTIC: [8] Undefined variable: admin_id D:\wamp\www\luomansi\Application\Home\Controller\ShopController.class.php 第 41 行.
SQL: SELECT `goodsInfoId` FROM `saleman_goods_permission` WHERE `salemanId` = null LIMIT 1   [ RunTime:0.0008s ]
NOTIC: [8] Undefined variable: goodsInfo D:\wamp\www\luomansi\Application\Home\Controller\ShopController.class.php 第 52 行.
INFO: [ app_end ] --START--
INFO: Run Behavior\ShowPageTraceBehavior [ RunTime:0.000960s ]
INFO: [ app_end ] --END-- [ RunTime:0.001086s ]

[ 2018-01-25T14:49:25+08:00 ] 127.0.0.1 /luomansi/index.php/Home/Shop/index
INFO: [ app_init ] --START--
INFO: Run Behavior\BuildLiteBehavior [ RunTime:0.000048s ]
INFO: [ app_init ] --END-- [ RunTime:0.000894s ]
INFO: [ app_begin ] --START--
INFO: Run Behavior\ReadHtmlCacheBehavior [ RunTime:0.001232s ]
INFO: [ app_begin ] --END-- [ RunTime:0.001551s ]
SQL: SHOW COLUMNS FROM `saleman_goods_permission` [ RunTime:0.0045s ]
SQL: SELECT `goodsInfoId` FROM `saleman_goods_permission` WHERE `salemanId` = 3 LIMIT 1   [ RunTime:0.0004s ]
SQL: SELECT id,goodsName 
                            FROM saleman_goods
                            WHERE id
                            IN (
                            SELECT DISTINCT goodsId
                            FROM saleman_goods_info
                            WHERE id
                            IN (1,2,3,4,7,10,11,20)
                            ) order by id asc [ RunTime:0.0009s ]
INFO: [ view_parse ] --START--
INFO: [ template_filter ] --START--
INFO: Run Behavior\ContentReplaceBehavior [ RunTime:0.000226s ]
INFO: [ template_filter ] --END-- [ RunTime:0.000461s ]
INFO: Run Behavior\ParseTemplateBehavior [ RunTime:0.014035s ]
INFO: [ view_parse ] --END-- [ RunTime:0.014238s ]
INFO: [ view_filter ] --START--
INFO: Run Behavior\WriteHtmlCacheBehavior [ RunTime:0.000532s ]
INFO: [ view_filter ] --END-- [ RunTime:0.000707s ]
INFO: [ app_end ] --START--
INFO: Run Behavior\ShowPageTraceBehavior [ RunTime:0.000877s ]
INFO: [ app_end ] --END-- [ RunTime:0.001051s ]

[ 2018-01-25T14:49:26+08:00 ] 127.0.0.1 /luomansi/index.php/Home/Shop/goodsInfo.html
INFO: [ app_init ] --START--
INFO: Run Behavior\BuildLiteBehavior [ RunTime:0.000026s ]
INFO: [ app_init ] --END-- [ RunTime:0.000522s ]
INFO: [ app_begin ] --START--
INFO: Run Behavior\ReadHtmlCacheBehavior [ RunTime:0.000736s ]
INFO: [ app_begin ] --END-- [ RunTime:0.000847s ]
SQL: SHOW COLUMNS FROM `saleman_goods_permission` [ RunTime:0.0042s ]
NOTIC: [8] Undefined variable: admin_id D:\wamp\www\luomansi\Application\Home\Controller\ShopController.class.php 第 41 行.
SQL: SELECT `goodsInfoId` FROM `saleman_goods_permission` WHERE `salemanId` = null LIMIT 1   [ RunTime:0.0006s ]
NOTIC: [8] Undefined variable: goodsInfo D:\wamp\www\luomansi\Application\Home\Controller\ShopController.class.php 第 52 行.
INFO: [ app_end ] --START--
INFO: Run Behavior\ShowPageTraceBehavior [ RunTime:0.001384s ]
INFO: [ app_end ] --END-- [ RunTime:0.001573s ]

[ 2018-01-25T14:49:51+08:00 ] 127.0.0.1 /luomansi/index.php/Home/Shop/index
INFO: [ app_init ] --START--
INFO: Run Behavior\BuildLiteBehavior [ RunTime:0.000047s ]
INFO: [ app_init ] --END-- [ RunTime:0.001550s ]
INFO: [ app_begin ] --START--
INFO: Run Behavior\ReadHtmlCacheBehavior [ RunTime:0.000985s ]
INFO: [ app_begin ] --END-- [ RunTime:0.001153s ]
SQL: SHOW COLUMNS FROM `saleman_goods_permission` [ RunTime:0.0035s ]
SQL: SELECT `goodsInfoId` FROM `saleman_goods_permission` WHERE `salemanId` = 3 LIMIT 1   [ RunTime:0.0003s ]
SQL: SELECT id,goodsName 
                            FROM saleman_goods
                            WHERE id
                            IN (
                            SELECT DISTINCT goodsId
                            FROM saleman_goods_info
                            WHERE id
                            IN (1,2,3,4,7,10,11,20)
                            ) order by id asc [ RunTime:0.0005s ]
INFO: [ view_parse ] --START--
INFO: [ template_filter ] --START--
INFO: Run Behavior\ContentReplaceBehavior [ RunTime:0.000132s ]
INFO: [ template_filter ] --END-- [ RunTime:0.000256s ]
INFO: Run Behavior\ParseTemplateBehavior [ RunTime:0.011654s ]
INFO: [ view_parse ] --END-- [ RunTime:0.011783s ]
INFO: [ view_filter ] --START--
INFO: Run Behavior\WriteHtmlCacheBehavior [ RunTime:0.000576s ]
INFO: [ view_filter ] --END-- [ RunTime:0.000679s ]
INFO: [ app_end ] --START--
INFO: Run Behavior\ShowPageTraceBehavior [ RunTime:0.000932s ]
INFO: [ app_end ] --END-- [ RunTime:0.001044s ]

[ 2018-01-25T14:49:52+08:00 ] 127.0.0.1 /luomansi/index.php/Home/Shop/goodsInfo.html
INFO: [ app_init ] --START--
INFO: Run Behavior\BuildLiteBehavior [ RunTime:0.000026s ]
INFO: [ app_init ] --END-- [ RunTime:0.000904s ]
INFO: [ app_begin ] --START--
INFO: Run Behavior\ReadHtmlCacheBehavior [ RunTime:0.001727s ]
INFO: [ app_begin ] --END-- [ RunTime:0.002194s ]
SQL: SHOW COLUMNS FROM `saleman_goods_permission` [ RunTime:0.0035s ]
NOTIC: [8] Undefined variable: admin_id D:\wamp\www\luomansi\Application\Home\Controller\ShopController.class.php 第 41 行.
SQL: SELECT `goodsInfoId` FROM `saleman_goods_permission` WHERE `salemanId` = null LIMIT 1   [ RunTime:0.0003s ]
NOTIC: [8] Undefined variable: goodsInfo D:\wamp\www\luomansi\Application\Home\Controller\ShopController.class.php 第 53 行.
INFO: [ app_end ] --START--
INFO: Run Behavior\ShowPageTraceBehavior [ RunTime:0.001088s ]
INFO: [ app_end ] --END-- [ RunTime:0.001204s ]

[ 2018-01-25T14:50:23+08:00 ] 127.0.0.1 /luomansi/index.php/Home/Shop/index
INFO: [ app_init ] --START--
INFO: Run Behavior\BuildLiteBehavior [ RunTime:0.000050s ]
INFO: [ app_init ] --END-- [ RunTime:0.000899s ]
INFO: [ app_begin ] --START--
INFO: Run Behavior\ReadHtmlCacheBehavior [ RunTime:0.001474s ]
INFO: [ app_begin ] --END-- [ RunTime:0.001839s ]
SQL: SHOW COLUMNS FROM `saleman_goods_permission` [ RunTime:0.0062s ]
SQL: SELECT `goodsInfoId` FROM `saleman_goods_permission` WHERE `salemanId` = 3 LIMIT 1   [ RunTime:0.0005s ]
SQL: SELECT id,goodsName 
                            FROM saleman_goods
                            WHERE id
                            IN (
                            SELECT DISTINCT goodsId
                            FROM saleman_goods_info
                            WHERE id
                            IN (1,2,3,4,7,10,11,20)
                            ) order by id asc [ RunTime:0.0016s ]
INFO: [ view_parse ] --START--
INFO: [ template_filter ] --START--
INFO: Run Behavior\ContentReplaceBehavior [ RunTime:0.000135s ]
INFO: [ template_filter ] --END-- [ RunTime:0.000274s ]
INFO: Run Behavior\ParseTemplateBehavior [ RunTime:0.016226s ]
INFO: [ view_parse ] --END-- [ RunTime:0.016548s ]
INFO: [ view_filter ] --START--
INFO: Run Behavior\WriteHtmlCacheBehavior [ RunTime:0.000518s ]
INFO: [ view_filter ] --END-- [ RunTime:0.000657s ]
INFO: [ app_end ] --START--
INFO: Run Behavior\ShowPageTraceBehavior [ RunTime:0.000745s ]
INFO: [ app_end ] --END-- [ RunTime:0.000859s ]

[ 2018-01-25T14:50:26+08:00 ] 127.0.0.1 /luomansi/index.php/Home/Shop/goodsInfo.html
INFO: [ app_init ] --START--
INFO: Run Behavior\BuildLiteBehavior [ RunTime:0.000028s ]
INFO: [ app_init ] --END-- [ RunTime:0.000628s ]
INFO: [ app_begin ] --START--
INFO: Run Behavior\ReadHtmlCacheBehavior [ RunTime:0.001215s ]
INFO: [ app_begin ] --END-- [ RunTime:0.001574s ]
SQL: SHOW COLUMNS FROM `saleman_goods_permission` [ RunTime:0.0048s ]
SQL: SELECT `goodsInfoId` FROM `saleman_goods_permission` WHERE `salemanId` = 3 LIMIT 1   [ RunTime:0.0004s ]
NOTIC: [8] Undefined variable: goodsInfo D:\wamp\www\luomansi\Application\Home\Controller\ShopController.class.php 第 54 行.
INFO: [ app_end ] --START--
INFO: Run Behavior\ShowPageTraceBehavior [ RunTime:0.000789s ]
INFO: [ app_end ] --END-- [ RunTime:0.000898s ]

[ 2018-01-25T14:50:43+08:00 ] 127.0.0.1 /luomansi/index.php/Home/Shop/index
INFO: [ app_init ] --START--
INFO: Run Behavior\BuildLiteBehavior [ RunTime:0.000054s ]
INFO: [ app_init ] --END-- [ RunTime:0.000954s ]
INFO: [ app_begin ] --START--
INFO: Run Behavior\ReadHtmlCacheBehavior [ RunTime:0.000890s ]
INFO: [ app_begin ] --END-- [ RunTime:0.001046s ]
SQL: SHOW COLUMNS FROM `saleman_goods_permission` [ RunTime:0.0069s ]
SQL: SELECT `goodsInfoId` FROM `saleman_goods_permission` WHERE `salemanId` = 3 LIMIT 1   [ RunTime:0.0006s ]
SQL: SELECT id,goodsName 
                            FROM saleman_goods
                            WHERE id
                            IN (
                            SELECT DISTINCT goodsId
                            FROM saleman_goods_info
                            WHERE id
                            IN (1,2,3,4,7,10,11,20)
                            ) order by id asc [ RunTime:0.0012s ]
INFO: [ view_parse ] --START--
INFO: [ template_filter ] --START--
INFO: Run Behavior\ContentReplaceBehavior [ RunTime:0.000312s ]
INFO: [ template_filter ] --END-- [ RunTime:0.000704s ]
INFO: Run Behavior\ParseTemplateBehavior [ RunTime:0.015110s ]
INFO: [ view_parse ] --END-- [ RunTime:0.015362s ]
INFO: [ view_filter ] --START--
INFO: Run Behavior\WriteHtmlCacheBehavior [ RunTime:0.000565s ]
INFO: [ view_filter ] --END-- [ RunTime:0.000709s ]
INFO: [ app_end ] --START--
INFO: Run Behavior\ShowPageTraceBehavior [ RunTime:0.000619s ]
INFO: [ app_end ] --END-- [ RunTime:0.000747s ]

[ 2018-01-25T14:50:44+08:00 ] 127.0.0.1 /luomansi/index.php/Home/Shop/goodsInfo.html
INFO: [ app_init ] --START--
INFO: Run Behavior\BuildLiteBehavior [ RunTime:0.000055s ]
INFO: [ app_init ] --END-- [ RunTime:0.001100s ]
INFO: [ app_begin ] --START--
INFO: Run Behavior\ReadHtmlCacheBehavior [ RunTime:0.000619s ]
INFO: [ app_begin ] --END-- [ RunTime:0.000748s ]
SQL: SHOW COLUMNS FROM `saleman_goods_permission` [ RunTime:0.0047s ]
SQL: SELECT `goodsInfoId` FROM `saleman_goods_permission` WHERE `salemanId` = 3 LIMIT 1   [ RunTime:0.0005s ]
SQL: select id,goodsColor,colorCode,hand,falseLock from saleman_goods_info where goodsId=2 and id in (0) [ RunTime:0.0003s ]
INFO: [ app_end ] --START--
INFO: Run Behavior\ShowPageTraceBehavior [ RunTime:0.000811s ]
INFO: [ app_end ] --END-- [ RunTime:0.000914s ]

[ 2018-01-25T14:54:54+08:00 ] 127.0.0.1 /luomansi/index.php/Home/Shop/index
INFO: [ app_init ] --START--
INFO: Run Behavior\BuildLiteBehavior [ RunTime:0.000036s ]
INFO: [ app_init ] --END-- [ RunTime:0.000749s ]
INFO: [ app_begin ] --START--
INFO: Run Behavior\ReadHtmlCacheBehavior [ RunTime:0.001994s ]
INFO: [ app_begin ] --END-- [ RunTime:0.002298s ]
SQL: SHOW COLUMNS FROM `saleman_goods_permission` [ RunTime:0.0037s ]
SQL: SELECT `goodsInfoId` FROM `saleman_goods_permission` WHERE `salemanId` = 3 LIMIT 1   [ RunTime:0.0003s ]
SQL: SELECT id,goodsName 
                            FROM saleman_goods
                            WHERE id
                            IN (
                            SELECT DISTINCT goodsId
                            FROM saleman_goods_info
                            WHERE id
                            IN (1,2,3,4,7,10,11,20)
                            ) order by id asc [ RunTime:0.0006s ]
INFO: [ view_parse ] --START--
INFO: [ template_filter ] --START--
INFO: Run Behavior\ContentReplaceBehavior [ RunTime:0.000116s ]
INFO: [ template_filter ] --END-- [ RunTime:0.000233s ]
INFO: Run Behavior\ParseTemplateBehavior [ RunTime:0.010827s ]
INFO: [ view_parse ] --END-- [ RunTime:0.010973s ]
INFO: [ view_filter ] --START--
INFO: Run Behavior\WriteHtmlCacheBehavior [ RunTime:0.000548s ]
INFO: [ view_filter ] --END-- [ RunTime:0.000650s ]
INFO: [ app_end ] --START--
INFO: Run Behavior\ShowPageTraceBehavior [ RunTime:0.000840s ]
INFO: [ app_end ] --END-- [ RunTime:0.000938s ]

[ 2018-01-25T14:54:55+08:00 ] 127.0.0.1 /luomansi/index.php/Home/Shop/goodsInfo.html
INFO: [ app_init ] --START--
INFO: Run Behavior\BuildLiteBehavior [ RunTime:0.000043s ]
INFO: [ app_init ] --END-- [ RunTime:0.000780s ]
INFO: [ app_begin ] --START--
INFO: Run Behavior\ReadHtmlCacheBehavior [ RunTime:0.001710s ]
INFO: [ app_begin ] --END-- [ RunTime:0.002076s ]
SQL: select id,goodsColor,colorCode,hand,falseLock from saleman_goods_info where goodsId=2 and id in (1,2,3,4,7,10,11,20) [ RunTime:0.0004s ]

[ 2018-01-25T14:55:40+08:00 ] 127.0.0.1 /luomansi/index.php/Home/Shop/index
INFO: [ app_init ] --START--
INFO: Run Behavior\BuildLiteBehavior [ RunTime:0.000051s ]
INFO: [ app_init ] --END-- [ RunTime:0.001578s ]
INFO: [ app_begin ] --START--
INFO: Run Behavior\ReadHtmlCacheBehavior [ RunTime:0.000918s ]
INFO: [ app_begin ] --END-- [ RunTime:0.001120s ]
SQL: SHOW COLUMNS FROM `saleman_goods_permission` [ RunTime:0.0036s ]
SQL: SELECT `goodsInfoId` FROM `saleman_goods_permission` WHERE `salemanId` = 3 LIMIT 1   [ RunTime:0.0004s ]
SQL: SELECT id,goodsName 
                            FROM saleman_goods
                            WHERE id
                            IN (
                            SELECT DISTINCT goodsId
                            FROM saleman_goods_info
                            WHERE id
                            IN (1,2,3,4,7,10,11,20)
                            ) order by id asc [ RunTime:0.0014s ]
INFO: [ view_parse ] --START--
INFO: [ template_filter ] --START--
INFO: Run Behavior\ContentReplaceBehavior [ RunTime:0.000116s ]
INFO: [ template_filter ] --END-- [ RunTime:0.000230s ]
INFO: Run Behavior\ParseTemplateBehavior [ RunTime:0.010162s ]
INFO: [ view_parse ] --END-- [ RunTime:0.010341s ]
INFO: [ view_filter ] --START--
INFO: Run Behavior\WriteHtmlCacheBehavior [ RunTime:0.000407s ]
INFO: [ view_filter ] --END-- [ RunTime:0.000530s ]
INFO: [ app_end ] --START--
INFO: Run Behavior\ShowPageTraceBehavior [ RunTime:0.000621s ]
INFO: [ app_end ] --END-- [ RunTime:0.000718s ]

[ 2018-01-25T14:55:41+08:00 ] 127.0.0.1 /luomansi/index.php/Home/Shop/goodsInfo.html
INFO: [ app_init ] --START--
INFO: Run Behavior\BuildLiteBehavior [ RunTime:0.000024s ]
INFO: [ app_init ] --END-- [ RunTime:0.000597s ]
INFO: [ app_begin ] --START--
INFO: Run Behavior\ReadHtmlCacheBehavior [ RunTime:0.000800s ]
INFO: [ app_begin ] --END-- [ RunTime:0.000897s ]
SQL: select id,goodsColor,colorCode,hand,falseLock from saleman_goods_info where goodsId=2 and id in (1,2,3,4,7,10,11,20) [ RunTime:0.0004s ]
INFO: [ app_end ] --START--
INFO: Run Behavior\ShowPageTraceBehavior [ RunTime:0.001157s ]
INFO: [ app_end ] --END-- [ RunTime:0.001291s ]

[ 2018-01-25T14:56:55+08:00 ] 127.0.0.1 /luomansi/index.php/Home/Shop/index
INFO: [ app_init ] --START--
INFO: Run Behavior\BuildLiteBehavior [ RunTime:0.000053s ]
INFO: [ app_init ] --END-- [ RunTime:0.000726s ]
INFO: [ app_begin ] --START--
INFO: Run Behavior\ReadHtmlCacheBehavior [ RunTime:0.001100s ]
INFO: [ app_begin ] --END-- [ RunTime:0.001239s ]
SQL: SHOW COLUMNS FROM `saleman_goods_permission` [ RunTime:0.0039s ]
SQL: SELECT `goodsInfoId` FROM `saleman_goods_permission` WHERE `salemanId` = 3 LIMIT 1   [ RunTime:0.0004s ]
SQL: SELECT id,goodsName 
                            FROM saleman_goods
                            WHERE id
                            IN (
                            SELECT DISTINCT goodsId
                            FROM saleman_goods_info
                            WHERE id
                            IN (1,2,3,4,7,10,11,20)
                            ) order by id asc [ RunTime:0.0007s ]
INFO: [ view_parse ] --START--
INFO: [ template_filter ] --START--
INFO: Run Behavior\ContentReplaceBehavior [ RunTime:0.000135s ]
INFO: [ template_filter ] --END-- [ RunTime:0.000289s ]
INFO: Run Behavior\ParseTemplateBehavior [ RunTime:0.013521s ]
INFO: [ view_parse ] --END-- [ RunTime:0.013674s ]
INFO: [ view_filter ] --START--
INFO: Run Behavior\WriteHtmlCacheBehavior [ RunTime:0.000573s ]
INFO: [ view_filter ] --END-- [ RunTime:0.000678s ]
INFO: [ app_end ] --START--
INFO: Run Behavior\ShowPageTraceBehavior [ RunTime:0.000922s ]
INFO: [ app_end ] --END-- [ RunTime:0.001042s ]

[ 2018-01-25T14:56:56+08:00 ] 127.0.0.1 /luomansi/index.php/Home/Shop/goodsInfo.html
INFO: [ app_init ] --START--
INFO: Run Behavior\BuildLiteBehavior [ RunTime:0.000027s ]
INFO: [ app_init ] --END-- [ RunTime:0.000636s ]
INFO: [ app_begin ] --START--
INFO: Run Behavior\ReadHtmlCacheBehavior [ RunTime:0.000861s ]
INFO: [ app_begin ] --END-- [ RunTime:0.000967s ]
SQL: select id,goodsColor,colorCode,hand,falseLock from saleman_goods_info where goodsId=2 and id in (1,2,3,4,7,10,11,20) [ RunTime:0.0004s ]

[ 2018-01-25T15:02:58+08:00 ] 127.0.0.1 /luomansi/index.php/Home/Shop/index
INFO: [ app_init ] --START--
INFO: Run Behavior\BuildLiteBehavior [ RunTime:0.000027s ]
INFO: [ app_init ] --END-- [ RunTime:0.000630s ]
INFO: [ app_begin ] --START--
INFO: Run Behavior\ReadHtmlCacheBehavior [ RunTime:0.000832s ]
INFO: [ app_begin ] --END-- [ RunTime:0.000935s ]
SQL: SHOW COLUMNS FROM `saleman_goods_permission` [ RunTime:0.0037s ]
SQL: SELECT `goodsInfoId` FROM `saleman_goods_permission` WHERE `salemanId` = 3 LIMIT 1   [ RunTime:0.0004s ]
SQL: SELECT id,goodsName 
                            FROM saleman_goods
                            WHERE id
                            IN (
                            SELECT DISTINCT goodsId
                            FROM saleman_goods_info
                            WHERE id
                            IN (1,2,3,4,7,10,11,20)
                            ) order by id asc [ RunTime:0.0005s ]
INFO: [ view_parse ] --START--
INFO: [ template_filter ] --START--
INFO: Run Behavior\ContentReplaceBehavior [ RunTime:0.000115s ]
INFO: [ template_filter ] --END-- [ RunTime:0.000254s ]
INFO: Run Behavior\ParseTemplateBehavior [ RunTime:0.011071s ]
INFO: [ view_parse ] --END-- [ RunTime:0.011197s ]
INFO: [ view_filter ] --START--
INFO: Run Behavior\WriteHtmlCacheBehavior [ RunTime:0.000640s ]
INFO: [ view_filter ] --END-- [ RunTime:0.000735s ]
INFO: [ app_end ] --START--
INFO: Run Behavior\ShowPageTraceBehavior [ RunTime:0.000842s ]
INFO: [ app_end ] --END-- [ RunTime:0.000935s ]

[ 2018-01-25T15:03:21+08:00 ] 127.0.0.1 /luomansi/index.php/Home/Shop/index
INFO: [ app_init ] --START--
INFO: Run Behavior\BuildLiteBehavior [ RunTime:0.000024s ]
INFO: [ app_init ] --END-- [ RunTime:0.000578s ]
INFO: [ app_begin ] --START--
INFO: Run Behavior\ReadHtmlCacheBehavior [ RunTime:0.000939s ]
INFO: [ app_begin ] --END-- [ RunTime:0.001084s ]
SQL: SHOW COLUMNS FROM `saleman_goods_permission` [ RunTime:0.0038s ]
SQL: SELECT `goodsInfoId` FROM `saleman_goods_permission` WHERE `salemanId` = 3 LIMIT 1   [ RunTime:0.0003s ]
SQL: SELECT id,goodsName 
                            FROM saleman_goods
                            WHERE id
                            IN (
                            SELECT DISTINCT goodsId
                            FROM saleman_goods_info
                            WHERE id
                            IN (1,2,3,4,7,10,11,20)
                            ) order by id asc [ RunTime:0.0005s ]
INFO: [ view_parse ] --START--
INFO: [ template_filter ] --START--
INFO: Run Behavior\ContentReplaceBehavior [ RunTime:0.000114s ]
INFO: [ template_filter ] --END-- [ RunTime:0.000232s ]
INFO: Run Behavior\ParseTemplateBehavior [ RunTime:0.010645s ]
INFO: [ view_parse ] --END-- [ RunTime:0.010770s ]
INFO: [ view_filter ] --START--
INFO: Run Behavior\WriteHtmlCacheBehavior [ RunTime:0.000623s ]
INFO: [ view_filter ] --END-- [ RunTime:0.000718s ]
INFO: [ app_end ] --START--
INFO: Run Behavior\ShowPageTraceBehavior [ RunTime:0.000832s ]
INFO: [ app_end ] --END-- [ RunTime:0.000932s ]

[ 2018-01-25T15:03:32+08:00 ] 127.0.0.1 /luomansi/index.php/Home/Shop/index
INFO: [ app_init ] --START--
INFO: Run Behavior\BuildLiteBehavior [ RunTime:0.000037s ]
INFO: [ app_init ] --END-- [ RunTime:0.000685s ]
INFO: [ app_begin ] --START--
INFO: Run Behavior\ReadHtmlCacheBehavior [ RunTime:0.000817s ]
INFO: [ app_begin ] --END-- [ RunTime:0.000943s ]
SQL: SHOW COLUMNS FROM `saleman_goods_permission` [ RunTime:0.0055s ]
SQL: SELECT `goodsInfoId` FROM `saleman_goods_permission` WHERE `salemanId` = 3 LIMIT 1   [ RunTime:0.0004s ]
SQL: SELECT id,goodsName 
                            FROM saleman_goods
                            WHERE id
                            IN (
                            SELECT DISTINCT goodsId
                            FROM saleman_goods_info
                            WHERE id
                            IN (1,2,3,4,7,10,11,20)
                            ) order by id asc [ RunTime:0.0005s ]
INFO: [ view_parse ] --START--
INFO: [ template_filter ] --START--
INFO: Run Behavior\ContentReplaceBehavior [ RunTime:0.000118s ]
INFO: [ template_filter ] --END-- [ RunTime:0.000241s ]
INFO: Run Behavior\ParseTemplateBehavior [ RunTime:0.011259s ]
INFO: [ view_parse ] --END-- [ RunTime:0.011381s ]
INFO: [ view_filter ] --START--
INFO: Run Behavior\WriteHtmlCacheBehavior [ RunTime:0.000591s ]
INFO: [ view_filter ] --END-- [ RunTime:0.000712s ]
INFO: [ app_end ] --START--
INFO: Run Behavior\ShowPageTraceBehavior [ RunTime:0.000822s ]
INFO: [ app_end ] --END-- [ RunTime:0.000921s ]

[ 2018-01-25T15:03:32+08:00 ] 127.0.0.1 /luomansi/index.php/Home/Shop/goodsInfo.html
INFO: [ app_init ] --START--
INFO: Run Behavior\BuildLiteBehavior [ RunTime:0.000026s ]
INFO: [ app_init ] --END-- [ RunTime:0.000574s ]
INFO: [ app_begin ] --START--
INFO: Run Behavior\ReadHtmlCacheBehavior [ RunTime:0.001007s ]
INFO: [ app_begin ] --END-- [ RunTime:0.001135s ]
SQL: select id,goodsColor,colorCode,hand,falseLock from saleman_goods_info where goodsId=1 and id in (1,2,3,4,7,10,11,20) [ RunTime:0.0005s ]

[ 2018-01-25T15:03:37+08:00 ] 127.0.0.1 /luomansi/index.php/Home/Shop/index
INFO: [ app_init ] --START--
INFO: Run Behavior\BuildLiteBehavior [ RunTime:0.000027s ]
INFO: [ app_init ] --END-- [ RunTime:0.000538s ]
INFO: [ app_begin ] --START--
INFO: Run Behavior\ReadHtmlCacheBehavior [ RunTime:0.000794s ]
INFO: [ app_begin ] --END-- [ RunTime:0.000908s ]
SQL: SHOW COLUMNS FROM `saleman_goods_permission` [ RunTime:0.0031s ]
SQL: SELECT `goodsInfoId` FROM `saleman_goods_permission` WHERE `salemanId` = 3 LIMIT 1   [ RunTime:0.0003s ]
SQL: SELECT id,goodsName 
                            FROM saleman_goods
                            WHERE id
                            IN (
                            SELECT DISTINCT goodsId
                            FROM saleman_goods_info
                            WHERE id
                            IN (1,2,3,4,7,10,11,20)
                            ) order by id asc [ RunTime:0.0005s ]
INFO: [ view_parse ] --START--
INFO: [ template_filter ] --START--
INFO: Run Behavior\ContentReplaceBehavior [ RunTime:0.000129s ]
INFO: [ template_filter ] --END-- [ RunTime:0.000247s ]
INFO: Run Behavior\ParseTemplateBehavior [ RunTime:0.010994s ]
INFO: [ view_parse ] --END-- [ RunTime:0.011105s ]
INFO: [ view_filter ] --START--
INFO: Run Behavior\WriteHtmlCacheBehavior [ RunTime:0.000534s ]
INFO: [ view_filter ] --END-- [ RunTime:0.000634s ]
INFO: [ app_end ] --START--
INFO: Run Behavior\ShowPageTraceBehavior [ RunTime:0.000787s ]
INFO: [ app_end ] --END-- [ RunTime:0.000893s ]

[ 2018-01-25T15:03:37+08:00 ] 127.0.0.1 /luomansi/index.php/Home/Shop/goodsInfo.html
INFO: [ app_init ] --START--
INFO: Run Behavior\BuildLiteBehavior [ RunTime:0.000028s ]
INFO: [ app_init ] --END-- [ RunTime:0.000525s ]
INFO: [ app_begin ] --START--
INFO: Run Behavior\ReadHtmlCacheBehavior [ RunTime:0.000668s ]
INFO: [ app_begin ] --END-- [ RunTime:0.000774s ]
SQL: select id,goodsColor,colorCode,hand,falseLock from saleman_goods_info where goodsId=1 and id in (1,2,3,4,7,10,11,20) [ RunTime:0.0004s ]

[ 2018-01-25T15:03:38+08:00 ] 127.0.0.1 /luomansi/index.php/Home/Shop/goodsInfo.html
INFO: [ app_init ] --START--
INFO: Run Behavior\BuildLiteBehavior [ RunTime:0.000024s ]
INFO: [ app_init ] --END-- [ RunTime:0.000509s ]
INFO: [ app_begin ] --START--
INFO: Run Behavior\ReadHtmlCacheBehavior [ RunTime:0.000737s ]
INFO: [ app_begin ] --END-- [ RunTime:0.000837s ]
SQL: select id,goodsColor,colorCode,hand,falseLock from saleman_goods_info where goodsId=1 and id in (1,2,3,4,7,10,11,20) [ RunTime:0.0004s ]

[ 2018-01-25T15:06:29+08:00 ] 127.0.0.1 /luomansi/index.php/Home/Shop/index
INFO: [ app_init ] --START--
INFO: Run Behavior\BuildLiteBehavior [ RunTime:0.000026s ]
INFO: [ app_init ] --END-- [ RunTime:0.000540s ]
INFO: [ app_begin ] --START--
INFO: Run Behavior\ReadHtmlCacheBehavior [ RunTime:0.001445s ]
INFO: [ app_begin ] --END-- [ RunTime:0.001628s ]
SQL: SHOW COLUMNS FROM `saleman_goods_permission` [ RunTime:0.0040s ]
SQL: SELECT `goodsInfoId` FROM `saleman_goods_permission` WHERE `salemanId` = 3 LIMIT 1   [ RunTime:0.0003s ]
SQL: SELECT id,goodsName 
                            FROM saleman_goods
                            WHERE id
                            IN (
                            SELECT DISTINCT goodsId
                            FROM saleman_goods_info
                            WHERE id
                            IN (1,2,3,4,7,10,11,20)
                            ) order by id asc [ RunTime:0.0005s ]
INFO: [ view_parse ] --START--
INFO: [ template_filter ] --START--
INFO: Run Behavior\ContentReplaceBehavior [ RunTime:0.000199s ]
INFO: [ template_filter ] --END-- [ RunTime:0.000449s ]
INFO: Run Behavior\ParseTemplateBehavior [ RunTime:0.011492s ]
INFO: [ view_parse ] --END-- [ RunTime:0.011652s ]
INFO: [ view_filter ] --START--
INFO: Run Behavior\WriteHtmlCacheBehavior [ RunTime:0.000606s ]
INFO: [ view_filter ] --END-- [ RunTime:0.000711s ]
INFO: [ app_end ] --START--
INFO: Run Behavior\ShowPageTraceBehavior [ RunTime:0.000835s ]
INFO: [ app_end ] --END-- [ RunTime:0.000944s ]

[ 2018-01-25T15:06:30+08:00 ] 127.0.0.1 /luomansi/index.php/Home/Shop/goodsInfo.html
INFO: [ app_init ] --START--
INFO: Run Behavior\BuildLiteBehavior [ RunTime:0.000030s ]
INFO: [ app_init ] --END-- [ RunTime:0.000924s ]
INFO: [ app_begin ] --START--
INFO: Run Behavior\ReadHtmlCacheBehavior [ RunTime:0.000840s ]
INFO: [ app_begin ] --END-- [ RunTime:0.000950s ]
SQL: select id,goodsColor,colorCode,hand,falseLock from saleman_goods_info where goodsId=2 and id in (1,2,3,4,7,10,11,20) [ RunTime:0.0005s ]

[ 2018-01-25T15:08:53+08:00 ] 127.0.0.1 /luomansi/index.php/Home/Shop/index
INFO: [ app_init ] --START--
INFO: Run Behavior\BuildLiteBehavior [ RunTime:0.000025s ]
INFO: [ app_init ] --END-- [ RunTime:0.000637s ]
INFO: [ app_begin ] --START--
INFO: Run Behavior\ReadHtmlCacheBehavior [ RunTime:0.000914s ]
INFO: [ app_begin ] --END-- [ RunTime:0.001198s ]
SQL: SHOW COLUMNS FROM `saleman_goods_permission` [ RunTime:0.0036s ]
SQL: SELECT `goodsInfoId` FROM `saleman_goods_permission` WHERE `salemanId` = 3 LIMIT 1   [ RunTime:0.0004s ]
SQL: SELECT id,goodsName 
                            FROM saleman_goods
                            WHERE id
                            IN (
                            SELECT DISTINCT goodsId
                            FROM saleman_goods_info
                            WHERE id
                            IN (1,2,3,4,7,10,11,20)
                            ) order by id asc [ RunTime:0.0005s ]
INFO: [ view_parse ] --START--
INFO: [ template_filter ] --START--
INFO: Run Behavior\ContentReplaceBehavior [ RunTime:0.000117s ]
INFO: [ template_filter ] --END-- [ RunTime:0.000237s ]
INFO: Run Behavior\ParseTemplateBehavior [ RunTime:0.010888s ]
INFO: [ view_parse ] --END-- [ RunTime:0.011082s ]
INFO: [ view_filter ] --START--
INFO: Run Behavior\WriteHtmlCacheBehavior [ RunTime:0.000569s ]
INFO: [ view_filter ] --END-- [ RunTime:0.000672s ]
INFO: [ app_end ] --START--
INFO: Run Behavior\ShowPageTraceBehavior [ RunTime:0.000773s ]
INFO: [ app_end ] --END-- [ RunTime:0.000870s ]

[ 2018-01-25T15:08:54+08:00 ] 127.0.0.1 /luomansi/index.php/Home/Shop/goodsInfo.html
INFO: [ app_init ] --START--
INFO: Run Behavior\BuildLiteBehavior [ RunTime:0.000027s ]
INFO: [ app_init ] --END-- [ RunTime:0.000530s ]
INFO: [ app_begin ] --START--
INFO: Run Behavior\ReadHtmlCacheBehavior [ RunTime:0.001772s ]
INFO: [ app_begin ] --END-- [ RunTime:0.002463s ]
SQL: select id,goodsColor,colorCode,hand,falseLock from saleman_goods_info where goodsId=2 and id in (1,2,3,4,7,10,11,20) [ RunTime:0.0005s ]

[ 2018-01-25T15:08:54+08:00 ] 127.0.0.1 /luomansi/index.php/Home/Shop/index
INFO: [ app_init ] --START--
INFO: Run Behavior\BuildLiteBehavior [ RunTime:0.000026s ]
INFO: [ app_init ] --END-- [ RunTime:0.000565s ]
INFO: [ app_begin ] --START--
INFO: Run Behavior\ReadHtmlCacheBehavior [ RunTime:0.000623s ]
INFO: [ app_begin ] --END-- [ RunTime:0.000734s ]
SQL: SHOW COLUMNS FROM `saleman_goods_permission` [ RunTime:0.0039s ]
SQL: SELECT `goodsInfoId` FROM `saleman_goods_permission` WHERE `salemanId` = 3 LIMIT 1   [ RunTime:0.0004s ]
SQL: SELECT id,goodsName 
                            FROM saleman_goods
                            WHERE id
                            IN (
                            SELECT DISTINCT goodsId
                            FROM saleman_goods_info
                            WHERE id
                            IN (1,2,3,4,7,10,11,20)
                            ) order by id asc [ RunTime:0.0005s ]
INFO: [ view_parse ] --START--
INFO: [ template_filter ] --START--
INFO: Run Behavior\ContentReplaceBehavior [ RunTime:0.000209s ]
INFO: [ template_filter ] --END-- [ RunTime:0.000369s ]
INFO: Run Behavior\ParseTemplateBehavior [ RunTime:0.010870s ]
INFO: [ view_parse ] --END-- [ RunTime:0.011029s ]
INFO: [ view_filter ] --START--
INFO: Run Behavior\WriteHtmlCacheBehavior [ RunTime:0.000916s ]
INFO: [ view_filter ] --END-- [ RunTime:0.001049s ]
INFO: [ app_end ] --START--
INFO: Run Behavior\ShowPageTraceBehavior [ RunTime:0.000800s ]
INFO: [ app_end ] --END-- [ RunTime:0.000926s ]

[ 2018-01-25T15:08:55+08:00 ] 127.0.0.1 /luomansi/index.php/Home/Shop/goodsInfo.html
INFO: [ app_init ] --START--
INFO: Run Behavior\BuildLiteBehavior [ RunTime:0.000031s ]
INFO: [ app_init ] --END-- [ RunTime:0.000727s ]
INFO: [ app_begin ] --START--
INFO: Run Behavior\ReadHtmlCacheBehavior [ RunTime:0.000914s ]
INFO: [ app_begin ] --END-- [ RunTime:0.001088s ]
SQL: select id,goodsColor,colorCode,hand,falseLock from saleman_goods_info where goodsId=1 and id in (1,2,3,4,7,10,11,20) [ RunTime:0.0005s ]

[ 2018-01-25T15:11:55+08:00 ] 127.0.0.1 /luomansi/index.php/Home/Shop/index
INFO: [ app_init ] --START--
INFO: Run Behavior\BuildLiteBehavior [ RunTime:0.000026s ]
INFO: [ app_init ] --END-- [ RunTime:0.000601s ]
INFO: [ app_begin ] --START--
INFO: Run Behavior\ReadHtmlCacheBehavior [ RunTime:0.000678s ]
INFO: [ app_begin ] --END-- [ RunTime:0.000786s ]
SQL: SHOW COLUMNS FROM `saleman_goods_permission` [ RunTime:0.0039s ]
SQL: SELECT `goodsInfoId` FROM `saleman_goods_permission` WHERE `salemanId` = 3 LIMIT 1   [ RunTime:0.0003s ]
SQL: SELECT id,goodsName 
                            FROM saleman_goods
                            WHERE id
                            IN (
                            SELECT DISTINCT goodsId
                            FROM saleman_goods_info
                            WHERE id
                            IN (1,2,3,4,7,10,11,20)
                            ) order by id asc [ RunTime:0.0005s ]
INFO: [ view_parse ] --START--
INFO: [ template_filter ] --START--
INFO: Run Behavior\ContentReplaceBehavior [ RunTime:0.000119s ]
INFO: [ template_filter ] --END-- [ RunTime:0.000231s ]
INFO: Run Behavior\ParseTemplateBehavior [ RunTime:0.010194s ]
INFO: [ view_parse ] --END-- [ RunTime:0.010378s ]
INFO: [ view_filter ] --START--
INFO: Run Behavior\WriteHtmlCacheBehavior [ RunTime:0.000557s ]
INFO: [ view_filter ] --END-- [ RunTime:0.000666s ]
INFO: [ app_end ] --START--
INFO: Run Behavior\ShowPageTraceBehavior [ RunTime:0.000720s ]
INFO: [ app_end ] --END-- [ RunTime:0.000817s ]

[ 2018-01-25T15:11:57+08:00 ] 127.0.0.1 /luomansi/index.php/Home/Shop/goodsInfo.html
INFO: [ app_init ] --START--
INFO: Run Behavior\BuildLiteBehavior [ RunTime:0.000026s ]
INFO: [ app_init ] --END-- [ RunTime:0.000526s ]
INFO: [ app_begin ] --START--
INFO: Run Behavior\ReadHtmlCacheBehavior [ RunTime:0.000770s ]
INFO: [ app_begin ] --END-- [ RunTime:0.000872s ]
SQL: select id,goodsColor,colorCode,hand,falseLock from saleman_goods_info where goodsId=2 and id in (1,2,3,4,7,10,11,20) [ RunTime:0.0004s ]

[ 2018-01-25T15:11:59+08:00 ] 127.0.0.1 /luomansi/index.php/Home/Shop/goodsInfo.html
INFO: [ app_init ] --START--
INFO: Run Behavior\BuildLiteBehavior [ RunTime:0.000030s ]
INFO: [ app_init ] --END-- [ RunTime:0.000673s ]
INFO: [ app_begin ] --START--
INFO: Run Behavior\ReadHtmlCacheBehavior [ RunTime:0.001049s ]
INFO: [ app_begin ] --END-- [ RunTime:0.001184s ]
SQL: select id,goodsColor,colorCode,hand,falseLock from saleman_goods_info where goodsId=1 and id in (1,2,3,4,7,10,11,20) [ RunTime:0.0004s ]

[ 2018-01-25T16:13:09+08:00 ] 127.0.0.1 /luomansi/index.php/Home/Shop/index
INFO: [ app_init ] --START--
INFO: Run Behavior\BuildLiteBehavior [ RunTime:0.000053s ]
INFO: [ app_init ] --END-- [ RunTime:0.001176s ]
INFO: [ app_begin ] --START--
INFO: Run Behavior\ReadHtmlCacheBehavior [ RunTime:0.001474s ]
INFO: [ app_begin ] --END-- [ RunTime:0.001617s ]
SQL: SHOW COLUMNS FROM `saleman_goods_permission` [ RunTime:0.0041s ]
SQL: SELECT `goodsInfoId` FROM `saleman_goods_permission` WHERE `salemanId` = 3 LIMIT 1   [ RunTime:0.0009s ]
SQL: SELECT id,goodsName 
                            FROM saleman_goods
                            WHERE id
                            IN (
                            SELECT DISTINCT goodsId
                            FROM saleman_goods_info
                            WHERE id
                            IN (1,2,3,4,7,10,11,20)
                            ) order by id asc [ RunTime:0.0019s ]
INFO: [ view_parse ] --START--
INFO: [ template_filter ] --START--
INFO: Run Behavior\ContentReplaceBehavior [ RunTime:0.000116s ]
INFO: [ template_filter ] --END-- [ RunTime:0.000222s ]
INFO: Run Behavior\ParseTemplateBehavior [ RunTime:0.009938s ]
INFO: [ view_parse ] --END-- [ RunTime:0.010100s ]
INFO: [ view_filter ] --START--
INFO: Run Behavior\WriteHtmlCacheBehavior [ RunTime:0.000635s ]
INFO: [ view_filter ] --END-- [ RunTime:0.000731s ]
INFO: [ app_end ] --START--
INFO: Run Behavior\ShowPageTraceBehavior [ RunTime:0.000839s ]
INFO: [ app_end ] --END-- [ RunTime:0.000934s ]

[ 2018-01-25T16:13:10+08:00 ] 127.0.0.1 /luomansi/index.php/Home/Shop/goodsInfo.html
INFO: [ app_init ] --START--
INFO: Run Behavior\BuildLiteBehavior [ RunTime:0.000027s ]
INFO: [ app_init ] --END-- [ RunTime:0.000523s ]
INFO: [ app_begin ] --START--
INFO: Run Behavior\ReadHtmlCacheBehavior [ RunTime:0.000843s ]
INFO: [ app_begin ] --END-- [ RunTime:0.000947s ]
SQL: select id,goodsColor,colorCode,hand,falseLock from saleman_goods_info where goodsId=1 and id in (1,2,3,4,7,10,11,20) [ RunTime:0.0007s ]

[ 2018-01-25T16:13:22+08:00 ] 127.0.0.1 /luomansi/index.php/Home/Shop/goodsInfo.html
INFO: [ app_init ] --START--
INFO: Run Behavior\BuildLiteBehavior [ RunTime:0.000072s ]
INFO: [ app_init ] --END-- [ RunTime:0.000928s ]
INFO: [ app_begin ] --START--
INFO: Run Behavior\ReadHtmlCacheBehavior [ RunTime:0.001151s ]
INFO: [ app_begin ] --END-- [ RunTime:0.001303s ]
SQL: select id,goodsColor,colorCode,hand,falseLock from saleman_goods_info where goodsId=1 and id in (1,2,3,4,7,10,11,20) [ RunTime:0.0005s ]

[ 2018-01-25T16:14:25+08:00 ] 127.0.0.1 /luomansi/index.php/Home/Shop/index
INFO: [ app_init ] --START--
INFO: Run Behavior\BuildLiteBehavior [ RunTime:0.000078s ]
INFO: [ app_init ] --END-- [ RunTime:0.001732s ]
INFO: [ app_begin ] --START--
INFO: Run Behavior\ReadHtmlCacheBehavior [ RunTime:0.002155s ]
INFO: [ app_begin ] --END-- [ RunTime:0.002453s ]
SQL: SHOW COLUMNS FROM `saleman_goods_permission` [ RunTime:0.0038s ]
SQL: SELECT `goodsInfoId` FROM `saleman_goods_permission` WHERE `salemanId` = 3 LIMIT 1   [ RunTime:0.0003s ]
SQL: SELECT id,goodsName 
                            FROM saleman_goods
                            WHERE id
                            IN (
                            SELECT DISTINCT goodsId
                            FROM saleman_goods_info
                            WHERE id
                            IN (1,2,3,4,7,10,11,20)
                            ) order by id asc [ RunTime:0.0005s ]
INFO: [ view_parse ] --START--
INFO: [ template_filter ] --START--
INFO: Run Behavior\ContentReplaceBehavior [ RunTime:0.000133s ]
INFO: [ template_filter ] --END-- [ RunTime:0.000255s ]
INFO: Run Behavior\ParseTemplateBehavior [ RunTime:0.011406s ]
INFO: [ view_parse ] --END-- [ RunTime:0.011566s ]
INFO: [ view_filter ] --START--
INFO: Run Behavior\WriteHtmlCacheBehavior [ RunTime:0.000817s ]
INFO: [ view_filter ] --END-- [ RunTime:0.000985s ]
INFO: [ app_end ] --START--
INFO: Run Behavior\ShowPageTraceBehavior [ RunTime:0.001151s ]
INFO: [ app_end ] --END-- [ RunTime:0.001324s ]

[ 2018-01-25T16:14:26+08:00 ] 127.0.0.1 /luomansi/index.php/Home/Shop/goodsInfo.html
INFO: [ app_init ] --START--
INFO: Run Behavior\BuildLiteBehavior [ RunTime:0.000032s ]
INFO: [ app_init ] --END-- [ RunTime:0.000624s ]
INFO: [ app_begin ] --START--
INFO: Run Behavior\ReadHtmlCacheBehavior [ RunTime:0.000711s ]
INFO: [ app_begin ] --END-- [ RunTime:0.000835s ]
SQL: select id,goodsColor,colorCode,hand,falseLock from saleman_goods_info where goodsId=1 and id in (1,2,3,4,7,10,11,20) [ RunTime:0.0008s ]

[ 2018-01-25T16:14:55+08:00 ] 127.0.0.1 /luomansi/index.php/Home/Shop/index
INFO: [ app_init ] --START--
INFO: Run Behavior\BuildLiteBehavior [ RunTime:0.000036s ]
INFO: [ app_init ] --END-- [ RunTime:0.000712s ]
INFO: [ app_begin ] --START--
INFO: Run Behavior\ReadHtmlCacheBehavior [ RunTime:0.000716s ]
INFO: [ app_begin ] --END-- [ RunTime:0.000854s ]
SQL: SHOW COLUMNS FROM `saleman_goods_permission` [ RunTime:0.0036s ]
SQL: SELECT `goodsInfoId` FROM `saleman_goods_permission` WHERE `salemanId` = 3 LIMIT 1   [ RunTime:0.0004s ]
SQL: SELECT id,goodsName 
                            FROM saleman_goods
                            WHERE id
                            IN (
                            SELECT DISTINCT goodsId
                            FROM saleman_goods_info
                            WHERE id
                            IN (1,2,3,4,7,10,11,20)
                            ) order by id asc [ RunTime:0.0005s ]
INFO: [ view_parse ] --START--
INFO: [ template_filter ] --START--
INFO: Run Behavior\ContentReplaceBehavior [ RunTime:0.000127s ]
INFO: [ template_filter ] --END-- [ RunTime:0.000250s ]
INFO: Run Behavior\ParseTemplateBehavior [ RunTime:0.010325s ]
INFO: [ view_parse ] --END-- [ RunTime:0.010495s ]
INFO: [ view_filter ] --START--
INFO: Run Behavior\WriteHtmlCacheBehavior [ RunTime:0.000512s ]
INFO: [ view_filter ] --END-- [ RunTime:0.000678s ]
INFO: [ app_end ] --START--
INFO: Run Behavior\ShowPageTraceBehavior [ RunTime:0.000816s ]
INFO: [ app_end ] --END-- [ RunTime:0.000952s ]

[ 2018-01-25T16:14:56+08:00 ] 127.0.0.1 /luomansi/index.php/Home/Shop/goodsInfo.html
INFO: [ app_init ] --START--
INFO: Run Behavior\BuildLiteBehavior [ RunTime:0.000038s ]
INFO: [ app_init ] --END-- [ RunTime:0.000608s ]
INFO: [ app_begin ] --START--
INFO: Run Behavior\ReadHtmlCacheBehavior [ RunTime:0.000837s ]
INFO: [ app_begin ] --END-- [ RunTime:0.001008s ]
SQL: select id,goodsColor,colorCode,hand,falseLock from saleman_goods_info where goodsId=1 and id in (1,2,3,4,7,10,11,20) [ RunTime:0.0005s ]

[ 2018-01-25T16:16:29+08:00 ] 127.0.0.1 /luomansi/index.php/Home/Shop/index
INFO: [ app_init ] --START--
INFO: Run Behavior\BuildLiteBehavior [ RunTime:0.000037s ]
INFO: [ app_init ] --END-- [ RunTime:0.001236s ]
INFO: [ app_begin ] --START--
INFO: Run Behavior\ReadHtmlCacheBehavior [ RunTime:0.000657s ]
INFO: [ app_begin ] --END-- [ RunTime:0.000797s ]
SQL: SHOW COLUMNS FROM `saleman_goods_permission` [ RunTime:0.0037s ]
SQL: SELECT `goodsInfoId` FROM `saleman_goods_permission` WHERE `salemanId` = 3 LIMIT 1   [ RunTime:0.0008s ]
SQL: SELECT id,goodsName 
                            FROM saleman_goods
                            WHERE id
                            IN (
                            SELECT DISTINCT goodsId
                            FROM saleman_goods_info
                            WHERE id
                            IN (1,2,3,4,7,10,11,20)
                            ) order by id asc [ RunTime:0.0005s ]
INFO: [ view_parse ] --START--
INFO: [ template_filter ] --START--
INFO: Run Behavior\ContentReplaceBehavior [ RunTime:0.000138s ]
INFO: [ template_filter ] --END-- [ RunTime:0.000268s ]
INFO: Run Behavior\ParseTemplateBehavior [ RunTime:0.011776s ]
INFO: [ view_parse ] --END-- [ RunTime:0.011910s ]
INFO: [ view_filter ] --START--
INFO: Run Behavior\WriteHtmlCacheBehavior [ RunTime:0.000504s ]
INFO: [ view_filter ] --END-- [ RunTime:0.000613s ]
INFO: [ app_end ] --START--
INFO: Run Behavior\ShowPageTraceBehavior [ RunTime:0.000754s ]
INFO: [ app_end ] --END-- [ RunTime:0.000884s ]

[ 2018-01-25T16:16:32+08:00 ] 127.0.0.1 /luomansi/index.php/Home/Shop/goodsInfo.html
INFO: [ app_init ] --START--
INFO: Run Behavior\BuildLiteBehavior [ RunTime:0.000025s ]
INFO: [ app_init ] --END-- [ RunTime:0.000597s ]
INFO: [ app_begin ] --START--
INFO: Run Behavior\ReadHtmlCacheBehavior [ RunTime:0.000793s ]
INFO: [ app_begin ] --END-- [ RunTime:0.000889s ]
SQL: select id,goodsColor,colorCode,hand,falseLock from saleman_goods_info where goodsId=1 and id in (1,2,3,4,7,10,11,20) [ RunTime:0.0004s ]

[ 2018-01-25T16:16:58+08:00 ] 127.0.0.1 /luomansi/index.php/Home/Shop/index
INFO: [ app_init ] --START--
INFO: Run Behavior\BuildLiteBehavior [ RunTime:0.000036s ]
INFO: [ app_init ] --END-- [ RunTime:0.000766s ]
INFO: [ app_begin ] --START--
INFO: Run Behavior\ReadHtmlCacheBehavior [ RunTime:0.001141s ]
INFO: [ app_begin ] --END-- [ RunTime:0.001315s ]
SQL: SHOW COLUMNS FROM `saleman_goods_permission` [ RunTime:0.0033s ]
SQL: SELECT `goodsInfoId` FROM `saleman_goods_permission` WHERE `salemanId` = 3 LIMIT 1   [ RunTime:0.0003s ]
SQL: SELECT id,goodsName 
                            FROM saleman_goods
                            WHERE id
                            IN (
                            SELECT DISTINCT goodsId
                            FROM saleman_goods_info
                            WHERE id
                            IN (1,2,3,4,7,10,11,20)
                            ) order by id asc [ RunTime:0.0005s ]
INFO: [ view_parse ] --START--
INFO: [ template_filter ] --START--
INFO: Run Behavior\ContentReplaceBehavior [ RunTime:0.000214s ]
INFO: [ template_filter ] --END-- [ RunTime:0.000419s ]
INFO: Run Behavior\ParseTemplateBehavior [ RunTime:0.015735s ]
INFO: [ view_parse ] --END-- [ RunTime:0.015907s ]
INFO: [ view_filter ] --START--
INFO: Run Behavior\WriteHtmlCacheBehavior [ RunTime:0.000884s ]
INFO: [ view_filter ] --END-- [ RunTime:0.001041s ]
INFO: [ app_end ] --START--
INFO: Run Behavior\ShowPageTraceBehavior [ RunTime:0.001131s ]
INFO: [ app_end ] --END-- [ RunTime:0.001286s ]

[ 2018-01-25T16:16:59+08:00 ] 127.0.0.1 /luomansi/index.php/Home/Shop/goodsInfo.html
INFO: [ app_init ] --START--
INFO: Run Behavior\BuildLiteBehavior [ RunTime:0.000024s ]
INFO: [ app_init ] --END-- [ RunTime:0.000577s ]
INFO: [ app_begin ] --START--
INFO: Run Behavior\ReadHtmlCacheBehavior [ RunTime:0.000792s ]
INFO: [ app_begin ] --END-- [ RunTime:0.000974s ]
SQL: select id,goodsColor,colorCode,hand,falseLock from saleman_goods_info where goodsId=1 and id in (1,2,3,4,7,10,11,20) [ RunTime:0.0004s ]

[ 2018-01-25T16:18:38+08:00 ] 127.0.0.1 /luomansi/index.php/Home/Shop/index
INFO: [ app_init ] --START--
INFO: Run Behavior\BuildLiteBehavior [ RunTime:0.000025s ]
INFO: [ app_init ] --END-- [ RunTime:0.000598s ]
INFO: [ app_begin ] --START--
INFO: Run Behavior\ReadHtmlCacheBehavior [ RunTime:0.000627s ]
INFO: [ app_begin ] --END-- [ RunTime:0.000733s ]
SQL: SHOW COLUMNS FROM `saleman_goods_permission` [ RunTime:0.0043s ]
SQL: SELECT `goodsInfoId` FROM `saleman_goods_permission` WHERE `salemanId` = 3 LIMIT 1   [ RunTime:0.0004s ]
SQL: SELECT id,goodsName 
                            FROM saleman_goods
                            WHERE id
                            IN (
                            SELECT DISTINCT goodsId
                            FROM saleman_goods_info
                            WHERE id
                            IN (1,2,3,4,7,10,11,20)
                            ) order by id asc [ RunTime:0.0005s ]
INFO: [ view_parse ] --START--
INFO: [ template_filter ] --START--
INFO: Run Behavior\ContentReplaceBehavior [ RunTime:0.000126s ]
INFO: [ template_filter ] --END-- [ RunTime:0.000244s ]
INFO: Run Behavior\ParseTemplateBehavior [ RunTime:0.010167s ]
INFO: [ view_parse ] --END-- [ RunTime:0.010307s ]
INFO: [ view_filter ] --START--
INFO: Run Behavior\WriteHtmlCacheBehavior [ RunTime:0.000513s ]
INFO: [ view_filter ] --END-- [ RunTime:0.000657s ]
INFO: [ app_end ] --START--
INFO: Run Behavior\ShowPageTraceBehavior [ RunTime:0.000743s ]
INFO: [ app_end ] --END-- [ RunTime:0.000867s ]

[ 2018-01-25T16:18:39+08:00 ] 127.0.0.1 /luomansi/index.php/Home/Shop/goodsInfo.html
INFO: [ app_init ] --START--
INFO: Run Behavior\BuildLiteBehavior [ RunTime:0.000031s ]
INFO: [ app_init ] --END-- [ RunTime:0.000616s ]
INFO: [ app_begin ] --START--
INFO: Run Behavior\ReadHtmlCacheBehavior [ RunTime:0.000742s ]
INFO: [ app_begin ] --END-- [ RunTime:0.000868s ]
SQL: select id,goodsColor,colorCode,hand,falseLock from saleman_goods_info where goodsId=1 and id in (1,2,3,4,7,10,11,20) [ RunTime:0.0005s ]

[ 2018-01-25T16:19:28+08:00 ] 127.0.0.1 /luomansi/index.php/Home/Shop/index
INFO: [ app_init ] --START--
INFO: Run Behavior\BuildLiteBehavior [ RunTime:0.000024s ]
INFO: [ app_init ] --END-- [ RunTime:0.000568s ]
INFO: [ app_begin ] --START--
INFO: Run Behavior\ReadHtmlCacheBehavior [ RunTime:0.000580s ]
INFO: [ app_begin ] --END-- [ RunTime:0.000693s ]
SQL: SHOW COLUMNS FROM `saleman_goods_permission` [ RunTime:0.0037s ]
SQL: SELECT `goodsInfoId` FROM `saleman_goods_permission` WHERE `salemanId` = 3 LIMIT 1   [ RunTime:0.0007s ]
SQL: SELECT id,goodsName 
                            FROM saleman_goods
                            WHERE id
                            IN (
                            SELECT DISTINCT goodsId
                            FROM saleman_goods_info
                            WHERE id
                            IN (1,2,3,4,7,10,11,20)
                            ) order by id asc [ RunTime:0.0006s ]
INFO: [ view_parse ] --START--
INFO: [ template_filter ] --START--
INFO: Run Behavior\ContentReplaceBehavior [ RunTime:0.000636s ]
INFO: [ template_filter ] --END-- [ RunTime:0.000852s ]
INFO: Run Behavior\ParseTemplateBehavior [ RunTime:0.013833s ]
INFO: [ view_parse ] --END-- [ RunTime:0.015038s ]
INFO: [ view_filter ] --START--
INFO: Run Behavior\WriteHtmlCacheBehavior [ RunTime:0.000516s ]
INFO: [ view_filter ] --END-- [ RunTime:0.000625s ]
INFO: [ app_end ] --START--
INFO: Run Behavior\ShowPageTraceBehavior [ RunTime:0.000952s ]
INFO: [ app_end ] --END-- [ RunTime:0.001086s ]

[ 2018-01-25T16:19:29+08:00 ] 127.0.0.1 /luomansi/index.php/Home/Shop/goodsInfo.html
INFO: [ app_init ] --START--
INFO: Run Behavior\BuildLiteBehavior [ RunTime:0.000026s ]
INFO: [ app_init ] --END-- [ RunTime:0.000609s ]
INFO: [ app_begin ] --START--
INFO: Run Behavior\ReadHtmlCacheBehavior [ RunTime:0.000977s ]
INFO: [ app_begin ] --END-- [ RunTime:0.001099s ]
SQL: select id,goodsColor,colorCode,hand,falseLock from saleman_goods_info where goodsId=1 and id in (1,2,3,4,7,10,11,20) [ RunTime:0.0005s ]

[ 2018-01-25T16:30:54+08:00 ] 127.0.0.1 /luomansi/index.php/Home/Shop/index
INFO: [ app_init ] --START--
INFO: Run Behavior\BuildLiteBehavior [ RunTime:0.000031s ]
INFO: [ app_init ] --END-- [ RunTime:0.000774s ]
INFO: [ app_begin ] --START--
INFO: Run Behavior\ReadHtmlCacheBehavior [ RunTime:0.000959s ]
INFO: [ app_begin ] --END-- [ RunTime:0.001066s ]
SQL: SHOW COLUMNS FROM `saleman_goods_permission` [ RunTime:0.0040s ]
SQL: SELECT `goodsInfoId` FROM `saleman_goods_permission` WHERE `salemanId` = 3 LIMIT 1   [ RunTime:0.0004s ]
SQL: SELECT id,goodsName 
                            FROM saleman_goods
                            WHERE id
                            IN (
                            SELECT DISTINCT goodsId
                            FROM saleman_goods_info
                            WHERE id
                            IN (1,2,3,4,7,10,11,20)
                            ) order by id asc [ RunTime:0.0007s ]
INFO: [ view_parse ] --START--
INFO: [ template_filter ] --START--
INFO: Run Behavior\ContentReplaceBehavior [ RunTime:0.000129s ]
INFO: [ template_filter ] --END-- [ RunTime:0.000247s ]
INFO: Run Behavior\ParseTemplateBehavior [ RunTime:0.011650s ]
INFO: [ view_parse ] --END-- [ RunTime:0.011791s ]
INFO: [ view_filter ] --START--
INFO: Run Behavior\WriteHtmlCacheBehavior [ RunTime:0.000632s ]
INFO: [ view_filter ] --END-- [ RunTime:0.000740s ]
INFO: [ app_end ] --START--
INFO: Run Behavior\ShowPageTraceBehavior [ RunTime:0.000832s ]
INFO: [ app_end ] --END-- [ RunTime:0.000941s ]

[ 2018-01-25T16:30:55+08:00 ] 127.0.0.1 /luomansi/index.php/Home/Shop/goodsInfo.html
INFO: [ app_init ] --START--
INFO: Run Behavior\BuildLiteBehavior [ RunTime:0.000031s ]
INFO: [ app_init ] --END-- [ RunTime:0.000632s ]
INFO: [ app_begin ] --START--
INFO: Run Behavior\ReadHtmlCacheBehavior [ RunTime:0.000814s ]
INFO: [ app_begin ] --END-- [ RunTime:0.000950s ]
SQL: select id,goodsColor,colorCode,hand,falseLock from saleman_goods_info where goodsId=1 and id in (1,2,3,4,7,10,11,20) [ RunTime:0.0004s ]

