[ 2018-01-31T09:29:46+08:00 ] 127.0.0.1 /luomansi/index.php/Home/Login/serviceAdmin.html
INFO: [ app_begin ] --START--
INFO: Run Behavior\ReadHtmlCacheBehavior [ RunTime:0.001069s ]
INFO: [ app_begin ] --END-- [ RunTime:0.001652s ]
SQL: SHOW COLUMNS FROM `saleman_service_admin` [ RunTime:0.0036s ]
SQL: SELECT * FROM `saleman_service_admin` WHERE `username` = '13555555555' LIMIT 1   [ RunTime:0.0004s ]
NOTIC: [8] Undefined index: is_status D:\wamp\www\luomansi\Application\Home\Controller\LoginController.class.php 第 41 行.

[ 2018-01-31T09:30:12+08:00 ] 127.0.0.1 /luomansi/index.php/Home/Login/serviceAdmin.html
INFO: [ app_begin ] --START--
INFO: Run Behavior\ReadHtmlCacheBehavior [ RunTime:0.000820s ]
INFO: [ app_begin ] --END-- [ RunTime:0.001417s ]
SQL: SHOW COLUMNS FROM `saleman_service_admin` [ RunTime:0.0033s ]
SQL: SELECT * FROM `saleman_service_admin` WHERE `username` = '13555555555' LIMIT 1   [ RunTime:0.0004s ]

[ 2018-01-31T09:30:12+08:00 ] 127.0.0.1 /luomansi/index.php/Home/Install/css/style.css
ERR: 非法操作:css

[ 2018-01-31T09:30:12+08:00 ] 127.0.0.1 /luomansi/index.php/Home/Install/js/jquery-1.11.0.min.js
ERR: 非法操作:js

[ 2018-01-31T09:30:12+08:00 ] 127.0.0.1 /luomansi/index.php/Home/Install/js/main.js
ERR: 非法操作:js

[ 2018-01-31T09:52:32+08:00 ] 127.0.0.1 /luomansi/index.php/Home/Install/record.html
INFO: [ app_begin ] --START--
INFO: Run Behavior\ReadHtmlCacheBehavior [ RunTime:0.000905s ]
INFO: [ app_begin ] --END-- [ RunTime:0.001459s ]
NOTIC: [8] Undefined variable: admin_id D:\wamp\www\luomansi\Application\Home\Controller\InstallController.class.php 第 22 行.
NOTIC: [8] Undefined variable: city D:\wamp\www\luomansi\Application\Home\Controller\InstallController.class.php 第 25 行.
SQL: SHOW COLUMNS FROM `saleman_install` [ RunTime:0.0033s ]
ERR: 1048:Column 'serviceId' cannot be null
 [ SQL语句 ] : INSERT INTO `saleman_install` (`serviceId`,`name`,`area`,`address`,`enTime`) VALUES (NULL,'cdc','北京市东城区','wefwef','2018-01-31 09:52:32')
ERR: 1048:Column 'serviceId' cannot be null
 [ SQL语句 ] : INSERT INTO `saleman_install` (`serviceId`,`name`,`area`,`address`,`enTime`) VALUES (NULL,'cdc','北京市东城区','wefwef','2018-01-31 09:52:32')

[ 2018-01-31T09:53:49+08:00 ] 127.0.0.1 /luomansi/index.php/Home/Install/record.html
INFO: [ app_begin ] --START--
INFO: Run Behavior\ReadHtmlCacheBehavior [ RunTime:0.000879s ]
INFO: [ app_begin ] --END-- [ RunTime:0.001442s ]
NOTIC: [8] Undefined variable: city D:\wamp\www\luomansi\Application\Home\Controller\InstallController.class.php 第 25 行.
SQL: SHOW COLUMNS FROM `saleman_install` [ RunTime:0.0034s ]
SQL: INSERT INTO `saleman_install` (`serviceId`,`name`,`area`,`address`,`enTime`) VALUES ('1','cdc','北京市东城区','wefwef','2018-01-31 09:53:49') [ RunTime:0.1669s ]

[ 2018-01-31T09:55:20+08:00 ] 127.0.0.1 /luomansi/index.php/Home/Install/record.html
INFO: [ app_begin ] --START--
INFO: Run Behavior\ReadHtmlCacheBehavior [ RunTime:0.000900s ]
INFO: [ app_begin ] --END-- [ RunTime:0.001527s ]
SQL: SHOW COLUMNS FROM `saleman_install` [ RunTime:0.0033s ]
SQL: INSERT INTO `saleman_install` (`serviceId`,`name`,`phone`,`area`,`address`,`enTime`) VALUES ('1','cdc','13555555555','北京市东城区','wefwef','2018-01-31 09:55:20') [ RunTime:0.1748s ]

[ 2018-01-31T09:56:26+08:00 ] 127.0.0.1 /luomansi/index.php/Home/Install/record.html
INFO: [ app_begin ] --START--
INFO: Run Behavior\ReadHtmlCacheBehavior [ RunTime:0.000855s ]
INFO: [ app_begin ] --END-- [ RunTime:0.001517s ]
SQL: SHOW COLUMNS FROM `saleman_install` [ RunTime:0.0037s ]
SQL: INSERT INTO `saleman_install` (`serviceId`,`name`,`phone`,`area`,`address`,`enTime`) VALUES ('1','aaa','13555565555','北京市东城区','rgergeg','2018-01-31 09:56:26') [ RunTime:0.1346s ]

[ 2018-01-31T09:58:59+08:00 ] 127.0.0.1 /luomansi/index.php/Home/Install/record.html
INFO: [ app_begin ] --START--
INFO: Run Behavior\ReadHtmlCacheBehavior [ RunTime:0.000674s ]
INFO: [ app_begin ] --END-- [ RunTime:0.001198s ]
SQL: SHOW COLUMNS FROM `saleman_install` [ RunTime:0.0031s ]
SQL: INSERT INTO `saleman_install` (`serviceId`,`name`,`phone`,`area`,`address`,`enTime`) VALUES ('1','\'wefw','13555555555','北京市东城区','wefwaefaw','2018-01-31 09:58:59') [ RunTime:0.1376s ]

[ 2018-01-31T10:03:03+08:00 ] 127.0.0.1 /luomansi/index.php/Home/Install/record.html
INFO: [ app_begin ] --START--
INFO: Run Behavior\ReadHtmlCacheBehavior [ RunTime:0.000746s ]
INFO: [ app_begin ] --END-- [ RunTime:0.001260s ]
SQL: SHOW COLUMNS FROM `saleman_install` [ RunTime:0.0037s ]
SQL: INSERT INTO `saleman_install` (`serviceId`,`name`,`phone`,`area`,`address`,`enTime`) VALUES ('1','wefawe','13555555566','北京市东城区','awefwef','2018-01-31 10:03:03') [ RunTime:0.0973s ]

[ 2018-01-31T10:12:04+08:00 ] 127.0.0.1 /luomansi/index.php/Home/Login/maintain
ERR: 非法操作:maintain

[ 2018-01-31T10:12:24+08:00 ] 127.0.0.1 /luomansi/index.php/Home/Login/serviceAdmin.html
INFO: [ app_begin ] --START--
INFO: Run Behavior\ReadHtmlCacheBehavior [ RunTime:0.000943s ]
INFO: [ app_begin ] --END-- [ RunTime:0.001789s ]
SQL: SHOW COLUMNS FROM `saleman_service_admin` [ RunTime:0.0035s ]
SQL: SELECT * FROM `saleman_service_admin` WHERE `username` = '13555555555' LIMIT 1   [ RunTime:0.0004s ]

[ 2018-01-31T10:13:23+08:00 ] 127.0.0.1 /luomansi/index.php/Home/Login/serviceAdmin.html
INFO: [ app_begin ] --START--
INFO: Run Behavior\ReadHtmlCacheBehavior [ RunTime:0.001174s ]
INFO: [ app_begin ] --END-- [ RunTime:0.001774s ]
SQL: SHOW COLUMNS FROM `saleman_service_admin` [ RunTime:0.0031s ]
SQL: SELECT * FROM `saleman_service_admin` WHERE `username` = '13555555555' LIMIT 1   [ RunTime:0.0004s ]

[ 2018-01-31T10:13:34+08:00 ] 127.0.0.1 /luomansi/index.php/Home/Maintain/css/style.css
ERR: 非法操作:css

[ 2018-01-31T10:13:34+08:00 ] 127.0.0.1 /luomansi/index.php/Home/Maintain/js/jquery-1.11.0.min.js
ERR: 非法操作:js

[ 2018-01-31T10:13:34+08:00 ] 127.0.0.1 /luomansi/index.php/Home/Maintain/js/main.js
ERR: 非法操作:js

[ 2018-01-31T10:13:34+08:00 ] 127.0.0.1 /luomansi/index.php/Home/Maintain/js/hammer.js
ERR: 非法操作:js

[ 2018-01-31T10:13:34+08:00 ] 127.0.0.1 /luomansi/index.php/Home/Maintain/js/maintain.js
ERR: 非法操作:js

[ 2018-01-31T10:13:34+08:00 ] 127.0.0.1 /luomansi/index.php/Home/Maintain/js/jquery.photoClip.min.js
ERR: 非法操作:js

[ 2018-01-31T10:13:34+08:00 ] 127.0.0.1 /luomansi/index.php/Home/Maintain/js/iscroll-zoom.js
ERR: 非法操作:js

[ 2018-01-31T10:13:34+08:00 ] 127.0.0.1 /luomansi/index.php/Home/Maintain/js/lrz.all.bundle.js
ERR: 非法操作:js

[ 2018-01-31T10:29:44+08:00 ] 127.0.0.1 /luomansi/index.php/Home/Login/login.html
INFO: [ app_begin ] --START--
INFO: Run Behavior\ReadHtmlCacheBehavior [ RunTime:0.000789s ]
INFO: [ app_begin ] --END-- [ RunTime:0.001298s ]
SQL: SHOW COLUMNS FROM `saleman_sys_admin` [ RunTime:0.0038s ]
SQL: SELECT * FROM `saleman_sys_admin` WHERE `username` = 'a123456' AND `group` = 1 LIMIT 1   [ RunTime:0.0005s ]
SQL: UPDATE `saleman_sys_admin` SET `login_num`=login_num+1 WHERE `id` = 3 [ RunTime:0.1450s ]

[ 2018-01-31T10:42:13+08:00 ] 127.0.0.1 /luomansi/index.php/Home/Shop/goodsInfo.html
INFO: [ app_begin ] --START--
INFO: Run Behavior\ReadHtmlCacheBehavior [ RunTime:0.000781s ]
INFO: [ app_begin ] --END-- [ RunTime:0.001310s ]
SQL: select id,goodsColor,colorCode,hand,falseLock from saleman_goods_info where goodsId=1 and id in (1,2,3,4,7,10,11,20) [ RunTime:0.0004s ]

[ 2018-01-31T10:42:58+08:00 ] 127.0.0.1 /luomansi/index.php/Home/Shop/goodsInfo.html
INFO: [ app_begin ] --START--
INFO: Run Behavior\ReadHtmlCacheBehavior [ RunTime:0.000748s ]
INFO: [ app_begin ] --END-- [ RunTime:0.001291s ]
SQL: select id,goodsColor,colorCode,hand,falseLock from saleman_goods_info where goodsId=1 and id in (1,2,3,4,7,10,11,20) [ RunTime:0.0005s ]

[ 2018-01-31T10:43:42+08:00 ] 127.0.0.1 /luomansi/index.php/Home/Shop/goodsInfo.html
INFO: [ app_begin ] --START--
INFO: Run Behavior\ReadHtmlCacheBehavior [ RunTime:0.001041s ]
INFO: [ app_begin ] --END-- [ RunTime:0.001612s ]
SQL: select id,goodsColor,colorCode,hand,falseLock from saleman_goods_info where goodsId=1 and id in (1,2,3,4,7,10,11,20) [ RunTime:0.0007s ]

[ 2018-01-31T10:44:19+08:00 ] 127.0.0.1 /luomansi/index.php/Home/Shop/goodsInfo.html
INFO: [ app_begin ] --START--
INFO: Run Behavior\ReadHtmlCacheBehavior [ RunTime:0.001525s ]
INFO: [ app_begin ] --END-- [ RunTime:0.002084s ]
SQL: select id,goodsColor,colorCode,hand,falseLock from saleman_goods_info where goodsId=1 and id in (1,2,3,4,7,10,11,20) [ RunTime:0.0005s ]

[ 2018-01-31T10:44:56+08:00 ] 127.0.0.1 /luomansi/index.php/Home/Shop/goodsInfo.html
INFO: [ app_begin ] --START--
INFO: Run Behavior\ReadHtmlCacheBehavior [ RunTime:0.001821s ]
INFO: [ app_begin ] --END-- [ RunTime:0.002738s ]
SQL: select id,goodsColor,colorCode,hand,falseLock from saleman_goods_info where goodsId=1 and id in (1,2,3,4,7,10,11,20) [ RunTime:0.0007s ]

[ 2018-01-31T10:46:41+08:00 ] 127.0.0.1 /luomansi/index.php/Home/Shop/goodsInfo.html
INFO: [ app_begin ] --START--
INFO: Run Behavior\ReadHtmlCacheBehavior [ RunTime:0.001011s ]
INFO: [ app_begin ] --END-- [ RunTime:0.001816s ]
SQL: select id,goodsColor,colorCode,hand,falseLock from saleman_goods_info where goodsId=1 and id in (1,2,3,4,7,10,11,20) [ RunTime:0.0004s ]

[ 2018-01-31T10:58:46+08:00 ] 127.0.0.1 /luomansi/index.php/Home/Shop/goodsInfo.html
INFO: [ app_begin ] --START--
INFO: Run Behavior\ReadHtmlCacheBehavior [ RunTime:0.000753s ]
INFO: [ app_begin ] --END-- [ RunTime:0.001318s ]
SQL: select id,goodsColor,colorCode,hand,falseLock from saleman_goods_info where goodsId=1 and id in (1,2,3,4,7,10,11,20) [ RunTime:0.0006s ]

[ 2018-01-31T11:04:27+08:00 ] 127.0.0.1 /luomansi/index.php/Home/Shop/goodsInfo.html
INFO: [ app_begin ] --START--
INFO: Run Behavior\ReadHtmlCacheBehavior [ RunTime:0.000972s ]
INFO: [ app_begin ] --END-- [ RunTime:0.002065s ]
SQL: select id,goodsColor,colorCode,hand,falseLock from saleman_goods_info where goodsId=1 and id in (1,2,3,4,7,10,11,20) [ RunTime:0.0004s ]

[ 2018-01-31T11:05:20+08:00 ] 127.0.0.1 /luomansi/index.php/Home/Shop/goodsInfo.html
INFO: [ app_begin ] --START--
INFO: Run Behavior\ReadHtmlCacheBehavior [ RunTime:0.000784s ]
INFO: [ app_begin ] --END-- [ RunTime:0.001296s ]
SQL: select id,goodsColor,colorCode,hand,falseLock from saleman_goods_info where goodsId=1 and id in (1,2,3,4,7,10,11,20) [ RunTime:0.0004s ]

[ 2018-01-31T11:05:43+08:00 ] 127.0.0.1 /luomansi/index.php/Home/Shop/goodsInfo.html
INFO: [ app_begin ] --START--
INFO: Run Behavior\ReadHtmlCacheBehavior [ RunTime:0.001020s ]
INFO: [ app_begin ] --END-- [ RunTime:0.001763s ]
SQL: select id,goodsColor,colorCode,hand,falseLock from saleman_goods_info where goodsId=1 and id in (1,2,3,4,7,10,11,20) [ RunTime:0.0005s ]

[ 2018-01-31T11:07:21+08:00 ] 127.0.0.1 /luomansi/index.php/Home/Shop/goodsInfo.html
INFO: [ app_begin ] --START--
INFO: Run Behavior\ReadHtmlCacheBehavior [ RunTime:0.001274s ]
INFO: [ app_begin ] --END-- [ RunTime:0.002497s ]
SQL: select id,goodsColor,colorCode,hand,falseLock from saleman_goods_info where goodsId=1 and id in (1,2,3,4,7,10,11,20) [ RunTime:0.0025s ]

[ 2018-01-31T11:07:48+08:00 ] 127.0.0.1 /luomansi/index.php/Home/Shop/goodsInfo.html
INFO: [ app_begin ] --START--
INFO: Run Behavior\ReadHtmlCacheBehavior [ RunTime:0.000973s ]
INFO: [ app_begin ] --END-- [ RunTime:0.001780s ]
SQL: select id,goodsColor,colorCode,hand,falseLock from saleman_goods_info where goodsId=1 and id in (1,2,3,4,7,10,11,20) [ RunTime:0.0006s ]

[ 2018-01-31T11:08:27+08:00 ] 127.0.0.1 /luomansi/index.php/Home/Shop/goodsInfo.html
INFO: [ app_begin ] --START--
INFO: Run Behavior\ReadHtmlCacheBehavior [ RunTime:0.001030s ]
INFO: [ app_begin ] --END-- [ RunTime:0.003229s ]
SQL: select id,goodsColor,colorCode,hand,falseLock from saleman_goods_info where goodsId=1 and id in (1,2,3,4,7,10,11,20) [ RunTime:0.0010s ]

[ 2018-01-31T11:08:42+08:00 ] 127.0.0.1 /luomansi/index.php/Home/Shop/goodsInfo.html
INFO: [ app_begin ] --START--
INFO: Run Behavior\ReadHtmlCacheBehavior [ RunTime:0.001369s ]
INFO: [ app_begin ] --END-- [ RunTime:0.002267s ]
SQL: select id,goodsColor,colorCode,hand,falseLock from saleman_goods_info where goodsId=1 and id in (1,2,3,4,7,10,11,20) [ RunTime:0.0004s ]

[ 2018-01-31T11:09:18+08:00 ] 127.0.0.1 /luomansi/index.php/Home/Shop/goodsInfo.html
INFO: [ app_begin ] --START--
INFO: Run Behavior\ReadHtmlCacheBehavior [ RunTime:0.000620s ]
INFO: [ app_begin ] --END-- [ RunTime:0.001093s ]
SQL: select id,goodsColor,colorCode,hand,falseLock from saleman_goods_info where goodsId=1 and id in (1,2,3,4,7,10,11,20) [ RunTime:0.0004s ]

[ 2018-01-31T11:09:46+08:00 ] 127.0.0.1 /luomansi/index.php/Home/Shop/goodsInfo.html
INFO: [ app_begin ] --START--
INFO: Run Behavior\ReadHtmlCacheBehavior [ RunTime:0.000786s ]
INFO: [ app_begin ] --END-- [ RunTime:0.001350s ]
SQL: select id,goodsColor,colorCode,hand,falseLock from saleman_goods_info where goodsId=1 and id in (1,2,3,4,7,10,11,20) [ RunTime:0.0004s ]

[ 2018-01-31T11:10:20+08:00 ] 127.0.0.1 /luomansi/index.php/Home/Shop/goodsInfo.html
INFO: [ app_begin ] --START--
INFO: Run Behavior\ReadHtmlCacheBehavior [ RunTime:0.000803s ]
INFO: [ app_begin ] --END-- [ RunTime:0.001446s ]
SQL: select id,goodsColor,colorCode,hand,falseLock from saleman_goods_info where goodsId=2 and id in (1,2,3,4,7,10,11,20) [ RunTime:0.0005s ]

[ 2018-01-31T11:11:04+08:00 ] 127.0.0.1 /luomansi/index.php/Home/Shop/goodsInfo.html
INFO: [ app_begin ] --START--
INFO: Run Behavior\ReadHtmlCacheBehavior [ RunTime:0.000849s ]
INFO: [ app_begin ] --END-- [ RunTime:0.001436s ]
SQL: select id,goodsColor,colorCode,hand,falseLock from saleman_goods_info where goodsId=2 and id in (1,2,3,4,7,10,11,20) [ RunTime:0.0004s ]

[ 2018-01-31T11:12:46+08:00 ] 127.0.0.1 /luomansi/index.php/Home/Shop/goodsInfo.html
INFO: [ app_begin ] --START--
INFO: Run Behavior\ReadHtmlCacheBehavior [ RunTime:0.000850s ]
INFO: [ app_begin ] --END-- [ RunTime:0.001445s ]
SQL: select id,goodsColor,colorCode,hand,falseLock from saleman_goods_info where goodsId=2 and id in (1,2,3,4,7,10,11,20) [ RunTime:0.0005s ]

[ 2018-01-31T11:13:12+08:00 ] 127.0.0.1 /luomansi/index.php/Home/Shop/goodsInfo.html
INFO: [ app_begin ] --START--
INFO: Run Behavior\ReadHtmlCacheBehavior [ RunTime:0.000749s ]
INFO: [ app_begin ] --END-- [ RunTime:0.001237s ]
SQL: select id,goodsColor,colorCode,hand,falseLock from saleman_goods_info where goodsId=2 and id in (1,2,3,4,7,10,11,20) [ RunTime:0.0007s ]

[ 2018-01-31T11:13:28+08:00 ] 127.0.0.1 /luomansi/index.php/Home/Shop/goodsInfo.html
INFO: [ app_begin ] --START--
INFO: Run Behavior\ReadHtmlCacheBehavior [ RunTime:0.000780s ]
INFO: [ app_begin ] --END-- [ RunTime:0.001339s ]
SQL: select id,goodsColor,colorCode,hand,falseLock from saleman_goods_info where goodsId=2 and id in (1,2,3,4,7,10,11,20) [ RunTime:0.0004s ]

[ 2018-01-31T11:14:41+08:00 ] 127.0.0.1 /luomansi/index.php/Home/Shop/goodsInfo.html
INFO: [ app_begin ] --START--
INFO: Run Behavior\ReadHtmlCacheBehavior [ RunTime:0.000670s ]
INFO: [ app_begin ] --END-- [ RunTime:0.001173s ]
SQL: select id,goodsColor,colorCode,hand,falseLock from saleman_goods_info where goodsId=2 and id in (1,2,3,4,7,10,11,20) [ RunTime:0.0004s ]

[ 2018-01-31T11:14:59+08:00 ] 127.0.0.1 /luomansi/index.php/Home/Shop/goodsInfo.html
INFO: [ app_begin ] --START--
INFO: Run Behavior\ReadHtmlCacheBehavior [ RunTime:0.000823s ]
INFO: [ app_begin ] --END-- [ RunTime:0.001394s ]
SQL: select id,goodsColor,colorCode,hand,falseLock from saleman_goods_info where goodsId=2 and id in (1,2,3,4,7,10,11,20) [ RunTime:0.0005s ]

[ 2018-01-31T11:15:12+08:00 ] 127.0.0.1 /luomansi/index.php/Home/Shop/goodsInfo.html
INFO: [ app_begin ] --START--
INFO: Run Behavior\ReadHtmlCacheBehavior [ RunTime:0.001117s ]
INFO: [ app_begin ] --END-- [ RunTime:0.002460s ]
SQL: select id,goodsColor,colorCode,hand,falseLock from saleman_goods_info where goodsId=2 and id in (1,2,3,4,7,10,11,20) [ RunTime:0.0004s ]

[ 2018-01-31T11:15:39+08:00 ] 127.0.0.1 /luomansi/index.php/Home/Shop/goodsInfo.html
INFO: [ app_begin ] --START--
INFO: Run Behavior\ReadHtmlCacheBehavior [ RunTime:0.000558s ]
INFO: [ app_begin ] --END-- [ RunTime:0.001071s ]
SQL: select id,goodsColor,colorCode,hand,falseLock from saleman_goods_info where goodsId=2 and id in (1,2,3,4,7,10,11,20) [ RunTime:0.0004s ]

[ 2018-01-31T11:16:32+08:00 ] 127.0.0.1 /luomansi/index.php/Home/Shop/goodsInfo.html
INFO: [ app_begin ] --START--
INFO: Run Behavior\ReadHtmlCacheBehavior [ RunTime:0.000745s ]
INFO: [ app_begin ] --END-- [ RunTime:0.001246s ]
SQL: select id,goodsColor,colorCode,hand,falseLock from saleman_goods_info where goodsId=2 and id in (1,2,3,4,7,10,11,20) [ RunTime:0.0006s ]

[ 2018-01-31T11:17:26+08:00 ] 127.0.0.1 /luomansi/index.php/Home/Shop/goodsInfo.html
INFO: [ app_begin ] --START--
INFO: Run Behavior\ReadHtmlCacheBehavior [ RunTime:0.000929s ]
INFO: [ app_begin ] --END-- [ RunTime:0.001569s ]
SQL: select id,goodsColor,colorCode,hand,falseLock from saleman_goods_info where goodsId=2 and id in (1,2,3,4,7,10,11,20) [ RunTime:0.0004s ]

[ 2018-01-31T11:18:09+08:00 ] 127.0.0.1 /luomansi/index.php/Home/Shop/goodsInfo.html
INFO: [ app_begin ] --START--
INFO: Run Behavior\ReadHtmlCacheBehavior [ RunTime:0.001497s ]
INFO: [ app_begin ] --END-- [ RunTime:0.002659s ]
SQL: select id,goodsColor,colorCode,hand,falseLock from saleman_goods_info where goodsId=2 and id in (1,2,3,4,7,10,11,20) [ RunTime:0.0005s ]

[ 2018-01-31T11:18:23+08:00 ] 127.0.0.1 /luomansi/index.php/Home/Shop/goodsInfo.html
INFO: [ app_begin ] --START--
INFO: Run Behavior\ReadHtmlCacheBehavior [ RunTime:0.000808s ]
INFO: [ app_begin ] --END-- [ RunTime:0.001357s ]
SQL: select id,goodsColor,colorCode,hand,falseLock from saleman_goods_info where goodsId=1 and id in (1,2,3,4,7,10,11,20) [ RunTime:0.0005s ]

[ 2018-01-31T11:19:03+08:00 ] 127.0.0.1 /luomansi/index.php/Home/Shop/goodsInfo.html
INFO: [ app_begin ] --START--
INFO: Run Behavior\ReadHtmlCacheBehavior [ RunTime:0.000801s ]
INFO: [ app_begin ] --END-- [ RunTime:0.001375s ]
SQL: select id,goodsColor,colorCode,hand,falseLock from saleman_goods_info where goodsId=2 and id in (1,2,3,4,7,10,11,20) [ RunTime:0.0009s ]

[ 2018-01-31T11:19:11+08:00 ] 127.0.0.1 /luomansi/index.php/Home/Shop/goodsInfo.html
INFO: [ app_begin ] --START--
INFO: Run Behavior\ReadHtmlCacheBehavior [ RunTime:0.000768s ]
INFO: [ app_begin ] --END-- [ RunTime:0.001291s ]
SQL: select id,goodsColor,colorCode,hand,falseLock from saleman_goods_info where goodsId=1 and id in (1,2,3,4,7,10,11,20) [ RunTime:0.0005s ]

[ 2018-01-31T11:19:13+08:00 ] 127.0.0.1 /luomansi/index.php/Home/Shop/goodsInfo.html
INFO: [ app_begin ] --START--
INFO: Run Behavior\ReadHtmlCacheBehavior [ RunTime:0.000792s ]
INFO: [ app_begin ] --END-- [ RunTime:0.001270s ]
SQL: select id,goodsColor,colorCode,hand,falseLock from saleman_goods_info where goodsId=2 and id in (1,2,3,4,7,10,11,20) [ RunTime:0.0005s ]

[ 2018-01-31T11:19:18+08:00 ] 127.0.0.1 /luomansi/index.php/Home/Shop/goodsInfo.html
INFO: [ app_begin ] --START--
INFO: Run Behavior\ReadHtmlCacheBehavior [ RunTime:0.001238s ]
INFO: [ app_begin ] --END-- [ RunTime:0.001868s ]
SQL: select id,goodsColor,colorCode,hand,falseLock from saleman_goods_info where goodsId=1 and id in (1,2,3,4,7,10,11,20) [ RunTime:0.0005s ]

[ 2018-01-31T11:19:20+08:00 ] 127.0.0.1 /luomansi/index.php/Home/Shop/goodsInfo.html
INFO: [ app_begin ] --START--
INFO: Run Behavior\ReadHtmlCacheBehavior [ RunTime:0.000874s ]
INFO: [ app_begin ] --END-- [ RunTime:0.001496s ]
SQL: select id,goodsColor,colorCode,hand,falseLock from saleman_goods_info where goodsId=2 and id in (1,2,3,4,7,10,11,20) [ RunTime:0.0005s ]

[ 2018-01-31T11:19:32+08:00 ] 127.0.0.1 /luomansi/index.php/Home/Shop/goodsInfo.html
INFO: [ app_begin ] --START--
INFO: Run Behavior\ReadHtmlCacheBehavior [ RunTime:0.000808s ]
INFO: [ app_begin ] --END-- [ RunTime:0.001380s ]
SQL: select id,goodsColor,colorCode,hand,falseLock from saleman_goods_info where goodsId=1 and id in (1,2,3,4,7,10,11,20) [ RunTime:0.0010s ]

[ 2018-01-31T11:20:24+08:00 ] 127.0.0.1 /luomansi/index.php/Home/Shop/goodsInfo.html
INFO: [ app_begin ] --START--
INFO: Run Behavior\ReadHtmlCacheBehavior [ RunTime:0.000773s ]
INFO: [ app_begin ] --END-- [ RunTime:0.001407s ]
SQL: select id,goodsColor,colorCode,hand,falseLock from saleman_goods_info where goodsId=2 and id in (1,2,3,4,7,10,11,20) [ RunTime:0.0005s ]

[ 2018-01-31T11:20:31+08:00 ] 127.0.0.1 /luomansi/index.php/Home/Shop/goodsInfo.html
INFO: [ app_begin ] --START--
INFO: Run Behavior\ReadHtmlCacheBehavior [ RunTime:0.000878s ]
INFO: [ app_begin ] --END-- [ RunTime:0.001856s ]
SQL: select id,goodsColor,colorCode,hand,falseLock from saleman_goods_info where goodsId=1 and id in (1,2,3,4,7,10,11,20) [ RunTime:0.0005s ]

[ 2018-01-31T11:20:33+08:00 ] 127.0.0.1 /luomansi/index.php/Home/Shop/goodsInfo.html
INFO: [ app_begin ] --START--
INFO: Run Behavior\ReadHtmlCacheBehavior [ RunTime:0.001173s ]
INFO: [ app_begin ] --END-- [ RunTime:0.001976s ]
SQL: select id,goodsColor,colorCode,hand,falseLock from saleman_goods_info where goodsId=1 and id in (1,2,3,4,7,10,11,20) [ RunTime:0.0004s ]

[ 2018-01-31T11:20:44+08:00 ] 127.0.0.1 /luomansi/index.php/Home/Shop/goodsInfo.html
INFO: [ app_begin ] --START--
INFO: Run Behavior\ReadHtmlCacheBehavior [ RunTime:0.000820s ]
INFO: [ app_begin ] --END-- [ RunTime:0.001371s ]
SQL: select id,goodsColor,colorCode,hand,falseLock from saleman_goods_info where goodsId=2 and id in (1,2,3,4,7,10,11,20) [ RunTime:0.0005s ]

[ 2018-01-31T11:21:38+08:00 ] 127.0.0.1 /luomansi/index.php/Home/Shop/goodsInfo.html
INFO: [ app_begin ] --START--
INFO: Run Behavior\ReadHtmlCacheBehavior [ RunTime:0.000994s ]
INFO: [ app_begin ] --END-- [ RunTime:0.001989s ]
SQL: select id,goodsColor,colorCode,hand,falseLock from saleman_goods_info where goodsId=2 and id in (1,2,3,4,7,10,11,20) [ RunTime:0.0005s ]

[ 2018-01-31T11:21:40+08:00 ] 127.0.0.1 /luomansi/index.php/Home/Shop/goodsInfo.html
INFO: [ app_begin ] --START--
INFO: Run Behavior\ReadHtmlCacheBehavior [ RunTime:0.001356s ]
INFO: [ app_begin ] --END-- [ RunTime:0.002498s ]
SQL: select id,goodsColor,colorCode,hand,falseLock from saleman_goods_info where goodsId=1 and id in (1,2,3,4,7,10,11,20) [ RunTime:0.0004s ]

[ 2018-01-31T11:21:43+08:00 ] 127.0.0.1 /luomansi/index.php/Home/Shop/goodsInfo.html
INFO: [ app_begin ] --START--
INFO: Run Behavior\ReadHtmlCacheBehavior [ RunTime:0.000804s ]
INFO: [ app_begin ] --END-- [ RunTime:0.001330s ]
SQL: select id,goodsColor,colorCode,hand,falseLock from saleman_goods_info where goodsId=2 and id in (1,2,3,4,7,10,11,20) [ RunTime:0.0005s ]

[ 2018-01-31T11:21:46+08:00 ] 127.0.0.1 /luomansi/index.php/Home/Shop/goodsInfo.html
INFO: [ app_begin ] --START--
INFO: Run Behavior\ReadHtmlCacheBehavior [ RunTime:0.000811s ]
INFO: [ app_begin ] --END-- [ RunTime:0.001404s ]
SQL: select id,goodsColor,colorCode,hand,falseLock from saleman_goods_info where goodsId=1 and id in (1,2,3,4,7,10,11,20) [ RunTime:0.0005s ]

[ 2018-01-31T11:21:48+08:00 ] 127.0.0.1 /luomansi/index.php/Home/Shop/goodsInfo.html
INFO: [ app_begin ] --START--
INFO: Run Behavior\ReadHtmlCacheBehavior [ RunTime:0.000743s ]
INFO: [ app_begin ] --END-- [ RunTime:0.001357s ]
SQL: select id,goodsColor,colorCode,hand,falseLock from saleman_goods_info where goodsId=2 and id in (1,2,3,4,7,10,11,20) [ RunTime:0.0005s ]

[ 2018-01-31T11:21:50+08:00 ] 127.0.0.1 /luomansi/index.php/Home/Shop/goodsInfo.html
INFO: [ app_begin ] --START--
INFO: Run Behavior\ReadHtmlCacheBehavior [ RunTime:0.000564s ]
INFO: [ app_begin ] --END-- [ RunTime:0.001049s ]
SQL: select id,goodsColor,colorCode,hand,falseLock from saleman_goods_info where goodsId=1 and id in (1,2,3,4,7,10,11,20) [ RunTime:0.0005s ]

[ 2018-01-31T11:21:51+08:00 ] 127.0.0.1 /luomansi/index.php/Home/Shop/goodsInfo.html
INFO: [ app_begin ] --START--
INFO: Run Behavior\ReadHtmlCacheBehavior [ RunTime:0.001671s ]
INFO: [ app_begin ] --END-- [ RunTime:0.002652s ]
SQL: select id,goodsColor,colorCode,hand,falseLock from saleman_goods_info where goodsId=2 and id in (1,2,3,4,7,10,11,20) [ RunTime:0.0005s ]

[ 2018-01-31T11:21:55+08:00 ] 127.0.0.1 /luomansi/index.php/Home/Shop/goodsInfo.html
INFO: [ app_begin ] --START--
INFO: Run Behavior\ReadHtmlCacheBehavior [ RunTime:0.000628s ]
INFO: [ app_begin ] --END-- [ RunTime:0.001216s ]
SQL: select id,goodsColor,colorCode,hand,falseLock from saleman_goods_info where goodsId=1 and id in (1,2,3,4,7,10,11,20) [ RunTime:0.0005s ]

[ 2018-01-31T11:21:56+08:00 ] 127.0.0.1 /luomansi/index.php/Home/Shop/goodsInfo.html
INFO: [ app_begin ] --START--
INFO: Run Behavior\ReadHtmlCacheBehavior [ RunTime:0.000777s ]
INFO: [ app_begin ] --END-- [ RunTime:0.001311s ]
SQL: select id,goodsColor,colorCode,hand,falseLock from saleman_goods_info where goodsId=2 and id in (1,2,3,4,7,10,11,20) [ RunTime:0.0005s ]

[ 2018-01-31T11:21:58+08:00 ] 127.0.0.1 /luomansi/index.php/Home/Shop/goodsInfo.html
INFO: [ app_begin ] --START--
INFO: Run Behavior\ReadHtmlCacheBehavior [ RunTime:0.000760s ]
INFO: [ app_begin ] --END-- [ RunTime:0.001286s ]
SQL: select id,goodsColor,colorCode,hand,falseLock from saleman_goods_info where goodsId=1 and id in (1,2,3,4,7,10,11,20) [ RunTime:0.0006s ]

[ 2018-01-31T11:22:01+08:00 ] 127.0.0.1 /luomansi/index.php/Home/Shop/goodsInfo.html
INFO: [ app_begin ] --START--
INFO: Run Behavior\ReadHtmlCacheBehavior [ RunTime:0.001097s ]
INFO: [ app_begin ] --END-- [ RunTime:0.001900s ]
SQL: select id,goodsColor,colorCode,hand,falseLock from saleman_goods_info where goodsId=2 and id in (1,2,3,4,7,10,11,20) [ RunTime:0.0006s ]

[ 2018-01-31T11:22:04+08:00 ] 127.0.0.1 /luomansi/index.php/Home/Shop/goodsInfo.html
INFO: [ app_begin ] --START--
INFO: Run Behavior\ReadHtmlCacheBehavior [ RunTime:0.000716s ]
INFO: [ app_begin ] --END-- [ RunTime:0.001311s ]
SQL: select id,goodsColor,colorCode,hand,falseLock from saleman_goods_info where goodsId=1 and id in (1,2,3,4,7,10,11,20) [ RunTime:0.0005s ]

[ 2018-01-31T11:22:05+08:00 ] 127.0.0.1 /luomansi/index.php/Home/Shop/goodsInfo.html
INFO: [ app_begin ] --START--
INFO: Run Behavior\ReadHtmlCacheBehavior [ RunTime:0.000843s ]
INFO: [ app_begin ] --END-- [ RunTime:0.001393s ]
SQL: select id,goodsColor,colorCode,hand,falseLock from saleman_goods_info where goodsId=1 and id in (1,2,3,4,7,10,11,20) [ RunTime:0.0004s ]

[ 2018-01-31T11:22:06+08:00 ] 127.0.0.1 /luomansi/index.php/Home/Shop/goodsInfo.html
INFO: [ app_begin ] --START--
INFO: Run Behavior\ReadHtmlCacheBehavior [ RunTime:0.001833s ]
INFO: [ app_begin ] --END-- [ RunTime:0.002561s ]
SQL: select id,goodsColor,colorCode,hand,falseLock from saleman_goods_info where goodsId=2 and id in (1,2,3,4,7,10,11,20) [ RunTime:0.0005s ]

[ 2018-01-31T11:22:14+08:00 ] 127.0.0.1 /luomansi/index.php/Home/Shop/goodsInfo.html
INFO: [ app_begin ] --START--
INFO: Run Behavior\ReadHtmlCacheBehavior [ RunTime:0.000769s ]
INFO: [ app_begin ] --END-- [ RunTime:0.001305s ]
SQL: select id,goodsColor,colorCode,hand,falseLock from saleman_goods_info where goodsId=1 and id in (1,2,3,4,7,10,11,20) [ RunTime:0.0005s ]

[ 2018-01-31T11:22:25+08:00 ] 127.0.0.1 /luomansi/index.php/Home/Shop/goodsInfo.html
INFO: [ app_begin ] --START--
INFO: Run Behavior\ReadHtmlCacheBehavior [ RunTime:0.000874s ]
INFO: [ app_begin ] --END-- [ RunTime:0.001536s ]
SQL: select id,goodsColor,colorCode,hand,falseLock from saleman_goods_info where goodsId=1 and id in (1,2,3,4,7,10,11,20) [ RunTime:0.0006s ]

[ 2018-01-31T11:22:36+08:00 ] 127.0.0.1 /luomansi/index.php/Home/Shop/goodsInfo.html
INFO: [ app_begin ] --START--
INFO: Run Behavior\ReadHtmlCacheBehavior [ RunTime:0.000811s ]
INFO: [ app_begin ] --END-- [ RunTime:0.001431s ]
SQL: select id,goodsColor,colorCode,hand,falseLock from saleman_goods_info where goodsId=2 and id in (1,2,3,4,7,10,11,20) [ RunTime:0.0005s ]

[ 2018-01-31T11:23:38+08:00 ] 127.0.0.1 /luomansi/index.php/Home/Shop/goodsInfo.html
INFO: [ app_begin ] --START--
INFO: Run Behavior\ReadHtmlCacheBehavior [ RunTime:0.001535s ]
INFO: [ app_begin ] --END-- [ RunTime:0.002196s ]
SQL: select id,goodsColor,colorCode,hand,falseLock from saleman_goods_info where goodsId=1 and id in (1,2,3,4,7,10,11,20) [ RunTime:0.0013s ]

[ 2018-01-31T11:23:40+08:00 ] 127.0.0.1 /luomansi/index.php/Home/Shop/goodsInfo.html
INFO: [ app_begin ] --START--
INFO: Run Behavior\ReadHtmlCacheBehavior [ RunTime:0.001378s ]
INFO: [ app_begin ] --END-- [ RunTime:0.002073s ]
SQL: select id,goodsColor,colorCode,hand,falseLock from saleman_goods_info where goodsId=2 and id in (1,2,3,4,7,10,11,20) [ RunTime:0.0005s ]

[ 2018-01-31T11:23:43+08:00 ] 127.0.0.1 /luomansi/index.php/Home/Shop/goodsInfo.html
INFO: [ app_begin ] --START--
INFO: Run Behavior\ReadHtmlCacheBehavior [ RunTime:0.001116s ]
INFO: [ app_begin ] --END-- [ RunTime:0.002359s ]
SQL: select id,goodsColor,colorCode,hand,falseLock from saleman_goods_info where goodsId=1 and id in (1,2,3,4,7,10,11,20) [ RunTime:0.0005s ]

[ 2018-01-31T11:23:46+08:00 ] 127.0.0.1 /luomansi/index.php/Home/Shop/goodsInfo.html
INFO: [ app_begin ] --START--
INFO: Run Behavior\ReadHtmlCacheBehavior [ RunTime:0.001176s ]
INFO: [ app_begin ] --END-- [ RunTime:0.001957s ]
SQL: select id,goodsColor,colorCode,hand,falseLock from saleman_goods_info where goodsId=2 and id in (1,2,3,4,7,10,11,20) [ RunTime:0.0010s ]

[ 2018-01-31T13:32:21+08:00 ] 127.0.0.1 /luomansi/index.php/Home/Login/serviceAdmin.html
INFO: [ app_begin ] --START--
INFO: Run Behavior\ReadHtmlCacheBehavior [ RunTime:0.001184s ]
INFO: [ app_begin ] --END-- [ RunTime:0.001893s ]
SQL: SHOW COLUMNS FROM `saleman_service_admin` [ RunTime:0.0034s ]
SQL: SELECT * FROM `saleman_service_admin` WHERE `username` = '13555555555' LIMIT 1   [ RunTime:0.0004s ]

[ 2018-01-31T13:51:46+08:00 ] 127.0.0.1 /luomansi/index.php/Home/Login/login.html
INFO: [ app_begin ] --START--
INFO: Run Behavior\ReadHtmlCacheBehavior [ RunTime:0.000761s ]
INFO: [ app_begin ] --END-- [ RunTime:0.001351s ]
SQL: SHOW COLUMNS FROM `saleman_sys_admin` [ RunTime:0.0035s ]
SQL: SELECT * FROM `saleman_sys_admin` WHERE `username` = 'a123456' AND `group` = 1 LIMIT 1   [ RunTime:0.0004s ]
SQL: UPDATE `saleman_sys_admin` SET `login_num`=login_num+1 WHERE `id` = 3 [ RunTime:0.1154s ]

[ 2018-01-31T13:51:48+08:00 ] 127.0.0.1 /luomansi/index.php/Home/Shop/goodsInfo.html
INFO: [ app_begin ] --START--
INFO: Run Behavior\ReadHtmlCacheBehavior [ RunTime:0.000698s ]
INFO: [ app_begin ] --END-- [ RunTime:0.001211s ]
SQL: select id,goodsColor,colorCode,hand,falseLock from saleman_goods_info where goodsId=1 and id in (1,2,3,4,7,10,11,20) and status=1 [ RunTime:0.0059s ]

[ 2018-01-31T13:55:57+08:00 ] 127.0.0.1 /luomansi/index.php/Home/Shop/goodsInfo.html
INFO: [ app_begin ] --START--
INFO: Run Behavior\ReadHtmlCacheBehavior [ RunTime:0.000770s ]
INFO: [ app_begin ] --END-- [ RunTime:0.001261s ]
SQL: select id,goodsColor,colorCode,hand,falseLock from saleman_goods_info where goodsId=2 and id in (1,2,3,4,7,10,11,20) and status=1 [ RunTime:0.0005s ]

[ 2018-01-31T13:56:06+08:00 ] 127.0.0.1 /luomansi/index.php/Home/Shop/goodsRecord.html
INFO: [ app_begin ] --START--
INFO: Run Behavior\ReadHtmlCacheBehavior [ RunTime:0.000865s ]
INFO: [ app_begin ] --END-- [ RunTime:0.001499s ]
SQL: SHOW COLUMNS FROM `saleman_shopcar` [ RunTime:0.0034s ]
SQL: INSERT INTO `saleman_shopcar` (`salemanId`,`goodsId`,`goodsModel`,`enTime`) VALUES ('3','2','-不带下拉手假锁','2018-01-31 13:56:06') [ RunTime:0.2075s ]

[ 2018-01-31T13:58:20+08:00 ] 127.0.0.1 /luomansi/index.php/Home/Shop/goodsInfo.html
INFO: [ app_begin ] --START--
INFO: Run Behavior\ReadHtmlCacheBehavior [ RunTime:0.001426s ]
INFO: [ app_begin ] --END-- [ RunTime:0.002322s ]
SQL: select id,goodsColor,colorCode,hand,falseLock from saleman_goods_info where goodsId=2 and id in (1,2,3,4,7,10,11,20) and status=1 [ RunTime:0.0005s ]

[ 2018-01-31T13:59:49+08:00 ] 127.0.0.1 /luomansi/index.php/Home/Shop/goodsInfo.html
INFO: [ app_begin ] --START--
INFO: Run Behavior\ReadHtmlCacheBehavior [ RunTime:0.000857s ]
INFO: [ app_begin ] --END-- [ RunTime:0.001459s ]
SQL: select id,goodsColor,colorCode,hand,falseLock from saleman_goods_info where goodsId=2 and id in (1,2,3,4,7,10,11,20) and status=1 [ RunTime:0.0004s ]

[ 2018-01-31T14:00:10+08:00 ] 127.0.0.1 /luomansi/index.php/Home/Shop/goodsInfo.html
INFO: [ app_begin ] --START--
INFO: Run Behavior\ReadHtmlCacheBehavior [ RunTime:0.000822s ]
INFO: [ app_begin ] --END-- [ RunTime:0.001382s ]
SQL: select id,goodsColor,colorCode,hand,falseLock from saleman_goods_info where goodsId=2 and id in (1,2,3,4,7,10,11,20) and status=1 [ RunTime:0.0006s ]

[ 2018-01-31T14:00:44+08:00 ] 127.0.0.1 /luomansi/index.php/Home/Shop/goodsInfo.html
INFO: [ app_begin ] --START--
INFO: Run Behavior\ReadHtmlCacheBehavior [ RunTime:0.000791s ]
INFO: [ app_begin ] --END-- [ RunTime:0.001399s ]
SQL: select id,goodsColor,colorCode,hand,falseLock from saleman_goods_info where goodsId=2 and id in (1,2,3,4,7,10,11,20) and status=1 [ RunTime:0.0006s ]

[ 2018-01-31T14:01:35+08:00 ] 127.0.0.1 /luomansi/index.php/Home/Shop/goodsInfo.html
INFO: [ app_begin ] --START--
INFO: Run Behavior\ReadHtmlCacheBehavior [ RunTime:0.000786s ]
INFO: [ app_begin ] --END-- [ RunTime:0.001291s ]
SQL: select id,goodsColor,colorCode,hand,falseLock from saleman_goods_info where goodsId=2 and id in (1,2,3,4,7,10,11,20) and status=1 [ RunTime:0.0007s ]

[ 2018-01-31T14:03:59+08:00 ] 127.0.0.1 /luomansi/index.php/Home/Shop/goodsInfo.html
INFO: [ app_begin ] --START--
INFO: Run Behavior\ReadHtmlCacheBehavior [ RunTime:0.000770s ]
INFO: [ app_begin ] --END-- [ RunTime:0.001271s ]
SQL: select id,goodsColor,colorCode,hand,falseLock from saleman_goods_info where goodsId=2 and id in (1,2,3,4,7,10,11,20) and status=1 [ RunTime:0.0005s ]

[ 2018-01-31T14:04:10+08:00 ] 127.0.0.1 /luomansi/index.php/Home/Shop/goodsInfo.html
INFO: [ app_begin ] --START--
INFO: Run Behavior\ReadHtmlCacheBehavior [ RunTime:0.000756s ]
INFO: [ app_begin ] --END-- [ RunTime:0.001277s ]
SQL: select id,goodsColor,colorCode,hand,falseLock from saleman_goods_info where goodsId=2 and id in (1,2,3,4,7,10,11,20) and status=1 [ RunTime:0.0004s ]

[ 2018-01-31T14:05:45+08:00 ] 127.0.0.1 /luomansi/index.php/Home/Shop/goodsInfo.html
INFO: [ app_begin ] --START--
INFO: Run Behavior\ReadHtmlCacheBehavior [ RunTime:0.001084s ]
INFO: [ app_begin ] --END-- [ RunTime:0.001868s ]
SQL: select id,goodsColor,colorCode,hand,falseLock from saleman_goods_info where goodsId=2 and id in (1,2,3,4,7,10,11,20) and status=1 [ RunTime:0.0005s ]

[ 2018-01-31T14:07:00+08:00 ] 127.0.0.1 /luomansi/index.php/Home/Shop/goodsInfo.html
INFO: [ app_begin ] --START--
INFO: Run Behavior\ReadHtmlCacheBehavior [ RunTime:0.000786s ]
INFO: [ app_begin ] --END-- [ RunTime:0.001393s ]
SQL: select id,goodsColor,colorCode,hand,falseLock from saleman_goods_info where goodsId=2 and id in (1,2,3,4,7,10,11,20) and status=1 [ RunTime:0.0007s ]

[ 2018-01-31T14:07:15+08:00 ] 127.0.0.1 /luomansi/index.php/Home/Shop/goodsInfo.html
INFO: [ app_begin ] --START--
INFO: Run Behavior\ReadHtmlCacheBehavior [ RunTime:0.000722s ]
INFO: [ app_begin ] --END-- [ RunTime:0.001267s ]
SQL: select id,goodsColor,colorCode,hand,falseLock from saleman_goods_info where goodsId=2 and id in (1,2,3,4,7,10,11,20) and status=1 [ RunTime:0.0006s ]

[ 2018-01-31T14:07:32+08:00 ] 127.0.0.1 /luomansi/index.php/Home/Shop/goodsInfo.html
INFO: [ app_begin ] --START--
INFO: Run Behavior\ReadHtmlCacheBehavior [ RunTime:0.000816s ]
INFO: [ app_begin ] --END-- [ RunTime:0.001400s ]
SQL: select id,goodsColor,colorCode,hand,falseLock from saleman_goods_info where goodsId=2 and id in (1,2,3,4,7,10,11,20) and status=1 [ RunTime:0.0004s ]

[ 2018-01-31T14:07:41+08:00 ] 127.0.0.1 /luomansi/index.php/Home/Shop/goodsInfo.html
INFO: [ app_begin ] --START--
INFO: Run Behavior\ReadHtmlCacheBehavior [ RunTime:0.000574s ]
INFO: [ app_begin ] --END-- [ RunTime:0.001065s ]
SQL: select id,goodsColor,colorCode,hand,falseLock from saleman_goods_info where goodsId=2 and id in (1,2,3,4,7,10,11,20) and status=1 [ RunTime:0.0005s ]

[ 2018-01-31T14:08:28+08:00 ] 127.0.0.1 /luomansi/index.php/Home/Shop/goodsInfo.html
INFO: [ app_begin ] --START--
INFO: Run Behavior\ReadHtmlCacheBehavior [ RunTime:0.000888s ]
INFO: [ app_begin ] --END-- [ RunTime:0.001500s ]
SQL: select id,goodsColor,colorCode,hand,falseLock from saleman_goods_info where goodsId=1 and id in (1,2,3,4,7,10,11,20) and status=1 [ RunTime:0.0006s ]

[ 2018-01-31T14:08:57+08:00 ] 127.0.0.1 /luomansi/index.php/Home/Shop/goodsInfo.html
INFO: [ app_begin ] --START--
INFO: Run Behavior\ReadHtmlCacheBehavior [ RunTime:0.000829s ]
INFO: [ app_begin ] --END-- [ RunTime:0.001404s ]
SQL: select id,goodsColor,colorCode,hand,falseLock from saleman_goods_info where goodsId=2 and id in (1,2,3,4,7,10,11,20) and status=1 [ RunTime:0.0005s ]

[ 2018-01-31T14:09:19+08:00 ] 127.0.0.1 /luomansi/index.php/Home/Shop/goodsInfo.html
INFO: [ app_begin ] --START--
INFO: Run Behavior\ReadHtmlCacheBehavior [ RunTime:0.000831s ]
INFO: [ app_begin ] --END-- [ RunTime:0.001717s ]
SQL: select id,goodsColor,colorCode,hand,falseLock from saleman_goods_info where goodsId=1 and id in (1,2,3,4,7,10,11,20) and status=1 [ RunTime:0.0006s ]

[ 2018-01-31T14:10:10+08:00 ] 127.0.0.1 /luomansi/index.php/Home/Shop/goodsInfo.html
INFO: [ app_begin ] --START--
INFO: Run Behavior\ReadHtmlCacheBehavior [ RunTime:0.001275s ]
INFO: [ app_begin ] --END-- [ RunTime:0.002108s ]
SQL: select id,goodsColor,colorCode,hand,falseLock from saleman_goods_info where goodsId=2 and id in (1,2,3,4,7,10,11,20) and status=1 [ RunTime:0.0005s ]

[ 2018-01-31T14:10:15+08:00 ] 127.0.0.1 /luomansi/index.php/Home/Shop/goodsRecord.html
INFO: [ app_begin ] --START--
INFO: Run Behavior\ReadHtmlCacheBehavior [ RunTime:0.000786s ]
INFO: [ app_begin ] --END-- [ RunTime:0.001353s ]
SQL: SHOW COLUMNS FROM `saleman_shopcar` [ RunTime:0.0035s ]
SQL: INSERT INTO `saleman_shopcar` (`salemanId`,`goodsId`,`goodsModel`,`enTime`) VALUES ('3','2','白金带下拉手假锁','2018-01-31 14:10:15') [ RunTime:0.1836s ]

[ 2018-01-31T14:11:45+08:00 ] 127.0.0.1 /luomansi/index.php/Home/Shop/goodsInfo.html
INFO: [ app_begin ] --START--
INFO: Run Behavior\ReadHtmlCacheBehavior [ RunTime:0.001146s ]
INFO: [ app_begin ] --END-- [ RunTime:0.001700s ]
SQL: select id,goodsColor,colorCode,hand,falseLock from saleman_goods_info where goodsId=2 and id in (1,2,3,4,7,10,11,20) and status=1 [ RunTime:0.0009s ]

[ 2018-01-31T14:11:49+08:00 ] 127.0.0.1 /luomansi/index.php/Home/Shop/goodsRecord.html
INFO: [ app_begin ] --START--
INFO: Run Behavior\ReadHtmlCacheBehavior [ RunTime:0.001405s ]
INFO: [ app_begin ] --END-- [ RunTime:0.003342s ]
SQL: SHOW COLUMNS FROM `saleman_shopcar` [ RunTime:0.0035s ]
SQL: INSERT INTO `saleman_shopcar` (`salemanId`,`goodsId`,`goodsModel`,`enTime`) VALUES ('3','2','白金不带下拉手','2018-01-31 14:11:49') [ RunTime:0.1806s ]

[ 2018-01-31T14:12:32+08:00 ] 127.0.0.1 /luomansi/index.php/Home/Shop/goodsInfo.html
INFO: [ app_begin ] --START--
INFO: Run Behavior\ReadHtmlCacheBehavior [ RunTime:0.001392s ]
INFO: [ app_begin ] --END-- [ RunTime:0.003459s ]
SQL: select id,goodsColor,colorCode,hand,falseLock from saleman_goods_info where goodsId=1 and id in (1,2,3,4,7,10,11,20) and status=1 [ RunTime:0.0005s ]

[ 2018-01-31T14:12:35+08:00 ] 127.0.0.1 /luomansi/index.php/Home/Shop/goodsRecord.html
INFO: [ app_begin ] --START--
INFO: Run Behavior\ReadHtmlCacheBehavior [ RunTime:0.000961s ]
INFO: [ app_begin ] --END-- [ RunTime:0.002069s ]
SQL: SHOW COLUMNS FROM `saleman_shopcar` [ RunTime:0.0059s ]
SQL: INSERT INTO `saleman_shopcar` (`salemanId`,`goodsId`,`goodsModel`,`enTime`) VALUES ('3','1','红古','2018-01-31 14:12:35') [ RunTime:0.2475s ]

[ 2018-01-31T14:13:24+08:00 ] 127.0.0.1 /luomansi/index.php/Home/Shop/goodsRecord.html
INFO: [ app_begin ] --START--
INFO: Run Behavior\ReadHtmlCacheBehavior [ RunTime:0.001082s ]
INFO: [ app_begin ] --END-- [ RunTime:0.001798s ]
SQL: SHOW COLUMNS FROM `saleman_shopcar` [ RunTime:0.0037s ]
SQL: INSERT INTO `saleman_shopcar` (`salemanId`,`goodsId`,`goodsModel`,`goodsNum`,`enTime`) VALUES ('3','1','白金假锁','10','2018-01-31 14:13:23') [ RunTime:0.1086s ]

[ 2018-01-31T14:47:23+08:00 ] 127.0.0.1 /luomansi/index.php/Home/Shopcar/orderRecord.html
INFO: [ app_begin ] --START--
INFO: Run Behavior\ReadHtmlCacheBehavior [ RunTime:0.000984s ]
INFO: [ app_begin ] --END-- [ RunTime:0.001777s ]
SQL: select name,phone,address from saleman_sys_admin where id=3 limit 1 [ RunTime:0.0004s ]
SQL: SHOW COLUMNS FROM `saleman_order` [ RunTime:0.0035s ]
SQL: INSERT INTO `saleman_order` (`salemanId`,`saleman`,`phone`,`address`,`orderCode`,`orderBak`,`enTime`) VALUES ('3','abc','13333333333','广州广州广州广州广州广州广州广州','LMS000201801311447228778','ergerg','2018-01-31 14:47:22') [ RunTime:0.2276s ]
SQL: SHOW COLUMNS FROM `saleman_shopcar` [ RunTime:0.0086s ]
SQL: UPDATE `saleman_shopcar` SET `orderId`='1' WHERE `salemanId` = 3 AND `orderId` = 0 [ RunTime:0.2063s ]

[ 2018-01-31T14:49:24+08:00 ] 127.0.0.1 /luomansi/index.php/Home/Shopcar/orderRecord.html
INFO: [ app_begin ] --START--
INFO: Run Behavior\ReadHtmlCacheBehavior [ RunTime:0.002230s ]
INFO: [ app_begin ] --END-- [ RunTime:0.002948s ]
SQL: select name,phone,address from saleman_sys_admin where id=3 limit 1 [ RunTime:0.0003s ]
SQL: SHOW COLUMNS FROM `saleman_order` [ RunTime:0.0032s ]
SQL: INSERT INTO `saleman_order` (`salemanId`,`saleman`,`phone`,`address`,`orderCode`,`orderBak`,`enTime`) VALUES ('3','abc','13333333333','广州广州广州广州广州广州广州广州','LMS000201801311449242144','','2018-01-31 14:49:24') [ RunTime:0.1493s ]
SQL: SHOW COLUMNS FROM `saleman_shopcar` [ RunTime:0.0080s ]
SQL: UPDATE `saleman_shopcar` SET `orderId`='2' WHERE `salemanId` = 3 AND `orderId` = 0 [ RunTime:0.0008s ]

[ 2018-01-31T14:54:21+08:00 ] 127.0.0.1 /luomansi/index.php/Home/Shopcar/orderRecord.html
INFO: [ app_begin ] --START--
INFO: Run Behavior\ReadHtmlCacheBehavior [ RunTime:0.000956s ]
INFO: [ app_begin ] --END-- [ RunTime:0.001557s ]
SQL: SHOW COLUMNS FROM `saleman_shopcar` [ RunTime:0.0042s ]
SQL: SELECT COUNT(*) AS tp_count FROM `saleman_shopcar` WHERE `salemanId` = 3 AND `orderId` = 0 LIMIT 1   [ RunTime:0.0004s ]

[ 2018-01-31T14:54:34+08:00 ] 127.0.0.1 /luomansi/index.php/Home/Shop/goodsInfo.html
INFO: [ app_begin ] --START--
INFO: Run Behavior\ReadHtmlCacheBehavior [ RunTime:0.000758s ]
INFO: [ app_begin ] --END-- [ RunTime:0.001537s ]
SQL: select id,goodsColor,colorCode,hand,falseLock from saleman_goods_info where goodsId=2 and id in (1,2,3,4,7,10,11,20) and status=1 [ RunTime:0.0005s ]

[ 2018-01-31T14:54:41+08:00 ] 127.0.0.1 /luomansi/index.php/Home/Shop/goodsRecord.html
INFO: [ app_begin ] --START--
INFO: Run Behavior\ReadHtmlCacheBehavior [ RunTime:0.000791s ]
INFO: [ app_begin ] --END-- [ RunTime:0.001401s ]
SQL: SHOW COLUMNS FROM `saleman_shopcar` [ RunTime:0.0041s ]
SQL: INSERT INTO `saleman_shopcar` (`salemanId`,`goodsId`,`goodsModel`,`goodsNum`,`enTime`) VALUES ('3','2','白金带下拉手','100','2018-01-31 14:54:41') [ RunTime:0.1357s ]

[ 2018-01-31T14:54:48+08:00 ] 127.0.0.1 /luomansi/index.php/Home/Shop/goodsRecord.html
INFO: [ app_begin ] --START--
INFO: Run Behavior\ReadHtmlCacheBehavior [ RunTime:0.000816s ]
INFO: [ app_begin ] --END-- [ RunTime:0.001423s ]
SQL: SHOW COLUMNS FROM `saleman_shopcar` [ RunTime:0.0038s ]
SQL: INSERT INTO `saleman_shopcar` (`salemanId`,`goodsId`,`goodsModel`,`goodsNum`,`enTime`) VALUES ('3','2','青古带下拉手','100','2018-01-31 14:54:48') [ RunTime:0.1465s ]

[ 2018-01-31T14:55:21+08:00 ] 127.0.0.1 /luomansi/index.php/Home/Shopcar/orderRecord.html
INFO: [ app_begin ] --START--
INFO: Run Behavior\ReadHtmlCacheBehavior [ RunTime:0.000824s ]
INFO: [ app_begin ] --END-- [ RunTime:0.001455s ]
SQL: SHOW COLUMNS FROM `saleman_shopcar` [ RunTime:0.0033s ]
SQL: SELECT COUNT(*) AS tp_count FROM `saleman_shopcar` WHERE `salemanId` = 3 AND `orderId` = 0 LIMIT 1   [ RunTime:0.0003s ]
SQL: select name,phone,address from saleman_sys_admin where id=3 limit 1 [ RunTime:0.0004s ]
SQL: SHOW COLUMNS FROM `saleman_order` [ RunTime:0.0038s ]
SQL: INSERT INTO `saleman_order` (`salemanId`,`saleman`,`phone`,`address`,`orderCode`,`orderBak`,`enTime`) VALUES ('3','abc','13333333333','广州广州广州广州广州广州广州广州','LMS000201801311455216705','trhrdd','2018-01-31 14:55:21') [ RunTime:0.1857s ]
SQL: SHOW COLUMNS FROM `saleman_shopcar` [ RunTime:0.0090s ]
SQL: UPDATE `saleman_shopcar` SET `orderId`='3' WHERE `salemanId` = 3 AND `orderId` = 0 [ RunTime:0.1254s ]

[ 2018-01-31T15:01:31+08:00 ] 127.0.0.1 /luomansi/index.php/Home/Shopcar/orderRecord.html
INFO: [ app_begin ] --START--
INFO: Run Behavior\ReadHtmlCacheBehavior [ RunTime:0.000890s ]
INFO: [ app_begin ] --END-- [ RunTime:0.001495s ]
SQL: SHOW COLUMNS FROM `saleman_shopcar` [ RunTime:0.0032s ]
SQL: SELECT COUNT(*) AS tp_count FROM `saleman_shopcar` WHERE `salemanId` = 3 AND `orderId` = 0 LIMIT 1   [ RunTime:0.0003s ]

[ 2018-01-31T15:02:46+08:00 ] 127.0.0.1 /luomansi/index.php/Home/Shopcar/orderRecord.html
INFO: [ app_begin ] --START--
INFO: Run Behavior\ReadHtmlCacheBehavior [ RunTime:0.000959s ]
INFO: [ app_begin ] --END-- [ RunTime:0.002117s ]
SQL: SHOW COLUMNS FROM `saleman_shopcar` [ RunTime:0.0060s ]
SQL: SELECT COUNT(*) AS tp_count FROM `saleman_shopcar` WHERE `salemanId` = 3 AND `orderId` = 0 LIMIT 1   [ RunTime:0.0004s ]

[ 2018-01-31T15:03:03+08:00 ] 127.0.0.1 /luomansi/index.php/Home/Shop/goodsInfo.html
INFO: [ app_begin ] --START--
INFO: Run Behavior\ReadHtmlCacheBehavior [ RunTime:0.001720s ]
INFO: [ app_begin ] --END-- [ RunTime:0.003029s ]
SQL: select id,goodsColor,colorCode,hand,falseLock from saleman_goods_info where goodsId=1 and id in (1,2,3,4,7,10,11,20) and status=1 [ RunTime:0.0004s ]

[ 2018-01-31T15:03:08+08:00 ] 127.0.0.1 /luomansi/index.php/Home/Shop/goodsRecord.html
INFO: [ app_begin ] --START--
INFO: Run Behavior\ReadHtmlCacheBehavior [ RunTime:0.000808s ]
INFO: [ app_begin ] --END-- [ RunTime:0.001371s ]
SQL: SHOW COLUMNS FROM `saleman_shopcar` [ RunTime:0.0053s ]
SQL: INSERT INTO `saleman_shopcar` (`salemanId`,`goodsId`,`goodsModel`,`goodsNum`,`enTime`) VALUES ('3','1','白金假锁','102','2018-01-31 15:03:08') [ RunTime:0.1379s ]

[ 2018-01-31T15:03:19+08:00 ] 127.0.0.1 /luomansi/index.php/Home/Shopcar/orderRecord.html
INFO: [ app_begin ] --START--
INFO: Run Behavior\ReadHtmlCacheBehavior [ RunTime:0.000874s ]
INFO: [ app_begin ] --END-- [ RunTime:0.001575s ]
SQL: SHOW COLUMNS FROM `saleman_shopcar` [ RunTime:0.0035s ]
SQL: SELECT COUNT(*) AS tp_count FROM `saleman_shopcar` WHERE `salemanId` = 3 AND `orderId` = 0 LIMIT 1   [ RunTime:0.0005s ]
SQL: select name,phone,address from saleman_sys_admin where id=3 limit 1 [ RunTime:0.0003s ]
SQL: SHOW COLUMNS FROM `saleman_order` [ RunTime:0.0037s ]
SQL: INSERT INTO `saleman_order` (`salemanId`,`saleman`,`phone`,`address`,`orderCode`,`orderBak`,`enTime`) VALUES ('3','abc','13333333333','广州广州广州广州广州广州广州广州','LMS000201801311503195153','','2018-01-31 15:03:19') [ RunTime:0.1500s ]
SQL: SHOW COLUMNS FROM `saleman_shopcar` [ RunTime:0.0073s ]
SQL: UPDATE `saleman_shopcar` SET `orderId`='4' WHERE `salemanId` = 3 AND `orderId` = 0 [ RunTime:0.2780s ]

[ 2018-01-31T15:04:48+08:00 ] 127.0.0.1 /luomansi/index.php/Home/Shop/goodsInfo.html
INFO: [ app_begin ] --START--
INFO: Run Behavior\ReadHtmlCacheBehavior [ RunTime:0.001621s ]
INFO: [ app_begin ] --END-- [ RunTime:0.002599s ]
SQL: select id,goodsColor,colorCode,hand,falseLock from saleman_goods_info where goodsId=2 and id in (1,2,3,4,7,10,11,20) and status=1 [ RunTime:0.0007s ]

[ 2018-01-31T15:04:50+08:00 ] 127.0.0.1 /luomansi/index.php/Home/Shop/goodsRecord.html
INFO: [ app_begin ] --START--
INFO: Run Behavior\ReadHtmlCacheBehavior [ RunTime:0.001861s ]
INFO: [ app_begin ] --END-- [ RunTime:0.002824s ]
SQL: SHOW COLUMNS FROM `saleman_shopcar` [ RunTime:0.0049s ]
SQL: INSERT INTO `saleman_shopcar` (`salemanId`,`goodsId`,`goodsModel`,`goodsNum`,`enTime`) VALUES ('3','2','白金不带下拉手','10','2018-01-31 15:04:50') [ RunTime:0.1738s ]

[ 2018-01-31T15:05:41+08:00 ] 127.0.0.1 /luomansi/index.php/Home/Shopcar/orderRecord.html
INFO: [ app_begin ] --START--
INFO: Run Behavior\ReadHtmlCacheBehavior [ RunTime:0.002407s ]
INFO: [ app_begin ] --END-- [ RunTime:0.003050s ]
SQL: SHOW COLUMNS FROM `saleman_shopcar` [ RunTime:0.0034s ]
SQL: SELECT COUNT(*) AS tp_count FROM `saleman_shopcar` WHERE `salemanId` = 3 AND `orderId` = 0 LIMIT 1   [ RunTime:0.0004s ]
SQL: select name,phone,address from saleman_sys_admin where id=3 limit 1 [ RunTime:0.0003s ]
SQL: SHOW COLUMNS FROM `saleman_order` [ RunTime:0.0041s ]
SQL: INSERT INTO `saleman_order` (`salemanId`,`saleman`,`phone`,`address`,`orderCode`,`orderBak`,`enTime`) VALUES ('3','abc','13333333333','广州广州广州广州广州广州广州广州','LMS000201801311505401116','','2018-01-31 15:05:40') [ RunTime:0.1795s ]
SQL: SHOW COLUMNS FROM `saleman_shopcar` [ RunTime:0.0097s ]
SQL: UPDATE `saleman_shopcar` SET `orderId`='5' WHERE `salemanId` = 3 AND `orderId` = 0 [ RunTime:0.0994s ]

[ 2018-01-31T15:11:04+08:00 ] 127.0.0.1 /luomansi/index.php/Home/Shop/goodsInfo.html
INFO: [ app_begin ] --START--
INFO: Run Behavior\ReadHtmlCacheBehavior [ RunTime:0.000737s ]
INFO: [ app_begin ] --END-- [ RunTime:0.001353s ]
SQL: select id,goodsColor,colorCode,hand,falseLock from saleman_goods_info where goodsId=2 and id in (1,2,3,4,7,10,11,20) and status=1 [ RunTime:0.0005s ]

[ 2018-01-31T15:11:06+08:00 ] 127.0.0.1 /luomansi/index.php/Home/Shop/goodsRecord.html
INFO: [ app_begin ] --START--
INFO: Run Behavior\ReadHtmlCacheBehavior [ RunTime:0.001117s ]
INFO: [ app_begin ] --END-- [ RunTime:0.001691s ]
SQL: SHOW COLUMNS FROM `saleman_shopcar` [ RunTime:0.0035s ]
SQL: INSERT INTO `saleman_shopcar` (`salemanId`,`goodsId`,`goodsModel`,`goodsNum`,`enTime`) VALUES ('3','2','青古带下拉手','10','2018-01-31 15:11:05') [ RunTime:0.2165s ]

[ 2018-01-31T15:12:55+08:00 ] 127.0.0.1 /luomansi/index.php/Home/Order/css/query.css
ERR: 非法操作:css

[ 2018-01-31T15:12:55+08:00 ] 127.0.0.1 /luomansi/index.php/Home/Order/js/main.js
ERR: 非法操作:js

[ 2018-01-31T15:12:55+08:00 ] 127.0.0.1 /luomansi/index.php/Home/Order/js/jquery-1.11.0.min.js
ERR: 非法操作:js

[ 2018-01-31T15:25:31+08:00 ] 127.0.0.1 /luomansi/index.php/Home/Order/index.html
ERR: 1064:You have an error in your SQL syntax; check the manual that corresponds to your MySQL server version for the right syntax to use near ') ORDER BY enTime desc' at line 1
 [ SQL语句 ] : SELECT * FROM `saleman_order` WHERE ( salemanId= ) ORDER BY enTime desc 

