[ 2018-05-10T14:24:26+08:00 ] 127.0.0.1 /luomansi/index.php/Admin/Login/index
INFO: [ app_init ] --START--
INFO: Run Behavior\BuildLiteBehavior [ RunTime:0.000000s ]
INFO: [ app_init ] --END-- [ RunTime:0.002000s ]
INFO: [ app_begin ] --START--
INFO: Run Behavior\ReadHtmlCacheBehavior [ RunTime:0.002000s ]
INFO: [ app_begin ] --END-- [ RunTime:0.003000s ]
SQL: SHOW COLUMNS FROM `saleman_ad` [ RunTime:0.0580s ]
SQL: SELECT * FROM `saleman_ad` WHERE ( id=1 ) LIMIT 1   [ RunTime:0.0010s ]
INFO: [ view_parse ] --START--
INFO: [ template_filter ] --START--
INFO: Run Behavior\ContentReplaceBehavior [ RunTime:0.000000s ]
INFO: [ template_filter ] --END-- [ RunTime:0.000000s ]
INFO: Run Behavior\ParseTemplateBehavior [ RunTime:0.061004s ]
INFO: [ view_parse ] --END-- [ RunTime:0.061004s ]
INFO: [ view_filter ] --START--
INFO: Run Behavior\WriteHtmlCacheBehavior [ RunTime:0.043002s ]
INFO: [ view_filter ] --END-- [ RunTime:0.043002s ]
INFO: [ app_end ] --START--
INFO: Run Behavior\ShowPageTraceBehavior [ RunTime:0.011001s ]
INFO: [ app_end ] --END-- [ RunTime:0.011001s ]

[ 2018-05-10T14:24:32+08:00 ] 127.0.0.1 /luomansi/index.php/Admin/Login/index
INFO: [ app_init ] --START--
INFO: Run Behavior\BuildLiteBehavior [ RunTime:0.000000s ]
INFO: [ app_init ] --END-- [ RunTime:0.001000s ]
INFO: [ app_begin ] --START--
INFO: Run Behavior\ReadHtmlCacheBehavior [ RunTime:0.001001s ]
INFO: [ app_begin ] --END-- [ RunTime:0.001001s ]
SQL: SHOW COLUMNS FROM `saleman_sys_admin` [ RunTime:0.0320s ]
SQL: SELECT * FROM `saleman_sys_admin` WHERE `username` = 'admin' LIMIT 1   [ RunTime:0.0000s ]
SQL: UPDATE `saleman_sys_admin` SET `login_num`=login_num+1 WHERE `id` = 2 [ RunTime:0.0930s ]

[ 2018-05-10T14:24:34+08:00 ] 127.0.0.1 /luomansi/index.php/Admin/Index/index.html
INFO: [ app_init ] --START--
INFO: Run Behavior\BuildLiteBehavior [ RunTime:0.000000s ]
INFO: [ app_init ] --END-- [ RunTime:0.001001s ]
INFO: [ app_begin ] --START--
INFO: Run Behavior\ReadHtmlCacheBehavior [ RunTime:0.001000s ]
INFO: [ app_begin ] --END-- [ RunTime:0.001000s ]
INFO: [ view_parse ] --START--
INFO: [ template_filter ] --START--
INFO: Run Behavior\ContentReplaceBehavior [ RunTime:0.000000s ]
INFO: [ template_filter ] --END-- [ RunTime:0.000000s ]
INFO: Run Behavior\ParseTemplateBehavior [ RunTime:0.068004s ]
INFO: [ view_parse ] --END-- [ RunTime:0.068004s ]
INFO: [ view_filter ] --START--
INFO: Run Behavior\WriteHtmlCacheBehavior [ RunTime:0.000000s ]
INFO: [ view_filter ] --END-- [ RunTime:0.000000s ]
INFO: [ app_end ] --START--
INFO: Run Behavior\ShowPageTraceBehavior [ RunTime:0.000000s ]
INFO: [ app_end ] --END-- [ RunTime:0.000000s ]

[ 2018-05-10T14:24:34+08:00 ] 127.0.0.1 /luomansi/index.php/Admin/Index/getNew.html
INFO: [ app_init ] --START--
INFO: Run Behavior\BuildLiteBehavior [ RunTime:0.000000s ]
INFO: [ app_init ] --END-- [ RunTime:0.001000s ]
INFO: [ app_begin ] --START--
INFO: Run Behavior\ReadHtmlCacheBehavior [ RunTime:0.001000s ]
INFO: [ app_begin ] --END-- [ RunTime:0.001000s ]
SQL: SHOW COLUMNS FROM `saleman_order` [ RunTime:0.0800s ]
SQL: SELECT COUNT(*) AS tp_count FROM `saleman_order` WHERE ( isNew=0 ) LIMIT 1   [ RunTime:0.0020s ]
SQL: SHOW COLUMNS FROM `saleman_install` [ RunTime:0.0320s ]
SQL: SELECT COUNT(*) AS tp_count FROM `saleman_install` WHERE ( isNew=0 ) LIMIT 1   [ RunTime:0.0010s ]

[ 2018-05-10T14:24:37+08:00 ] 127.0.0.1 /luomansi/index.php/Admin/Code/index.html
INFO: [ app_init ] --START--
INFO: Run Behavior\BuildLiteBehavior [ RunTime:0.000000s ]
INFO: [ app_init ] --END-- [ RunTime:0.000000s ]
INFO: [ app_begin ] --START--
INFO: Run Behavior\ReadHtmlCacheBehavior [ RunTime:0.001000s ]
INFO: [ app_begin ] --END-- [ RunTime:0.001000s ]
SQL: SHOW COLUMNS FROM `saleman_client` [ RunTime:0.8600s ]
SQL: SELECT * FROM `saleman_client` WHERE ( id=1 ) LIMIT 1   [ RunTime:0.0010s ]
INFO: [ view_parse ] --START--
INFO: [ template_filter ] --START--
INFO: Run Behavior\ContentReplaceBehavior [ RunTime:0.001000s ]
INFO: [ template_filter ] --END-- [ RunTime:0.001000s ]
INFO: Run Behavior\ParseTemplateBehavior [ RunTime:0.020001s ]
INFO: [ view_parse ] --END-- [ RunTime:0.020001s ]
INFO: [ view_filter ] --START--
INFO: Run Behavior\WriteHtmlCacheBehavior [ RunTime:0.001001s ]
INFO: [ view_filter ] --END-- [ RunTime:0.001001s ]
INFO: [ app_end ] --START--
INFO: Run Behavior\ShowPageTraceBehavior [ RunTime:0.001000s ]
INFO: [ app_end ] --END-- [ RunTime:0.001000s ]

[ 2018-05-10T14:24:38+08:00 ] 127.0.0.1 /luomansi/index.php/Admin/Index/getNew.html
INFO: [ app_init ] --START--
INFO: Run Behavior\BuildLiteBehavior [ RunTime:0.000000s ]
INFO: [ app_init ] --END-- [ RunTime:0.001000s ]
INFO: [ app_begin ] --START--
INFO: Run Behavior\ReadHtmlCacheBehavior [ RunTime:0.001000s ]
INFO: [ app_begin ] --END-- [ RunTime:0.001000s ]
SQL: SHOW COLUMNS FROM `saleman_order` [ RunTime:0.0030s ]
SQL: SELECT COUNT(*) AS tp_count FROM `saleman_order` WHERE ( isNew=0 ) LIMIT 1   [ RunTime:0.0010s ]
SQL: SHOW COLUMNS FROM `saleman_install` [ RunTime:0.0040s ]
SQL: SELECT COUNT(*) AS tp_count FROM `saleman_install` WHERE ( isNew=0 ) LIMIT 1   [ RunTime:0.0010s ]

[ 2018-05-10T14:24:38+08:00 ] 127.0.0.1 /luomansi/index.php/Admin/Code/index.html
INFO: [ app_init ] --START--
INFO: Run Behavior\BuildLiteBehavior [ RunTime:0.000000s ]
INFO: [ app_init ] --END-- [ RunTime:0.001000s ]
INFO: [ app_begin ] --START--
INFO: Run Behavior\ReadHtmlCacheBehavior [ RunTime:0.001000s ]
INFO: [ app_begin ] --END-- [ RunTime:0.001000s ]
SQL: SHOW COLUMNS FROM `saleman_code` [ RunTime:0.7110s ]
SQL: SELECT COUNT(*) AS tp_count FROM `saleman_code` WHERE ( goodsCode!=""  ) LIMIT 1   [ RunTime:0.0010s ]
SQL: SHOW COLUMNS FROM `saleman_code` [ RunTime:0.0010s ]
SQL: SELECT `id`,`goods`,`goodsModel`,`goodsCode`,`install`,`area`,`saleman`,`bak` FROM `saleman_code` WHERE ( goodsCode!=""  ) ORDER BY id desc LIMIT 0,12   [ RunTime:0.0000s ]

[ 2018-05-10T14:24:39+08:00 ] 127.0.0.1 /luomansi/index.php/Admin/Code/import.html
INFO: [ app_init ] --START--
INFO: Run Behavior\BuildLiteBehavior [ RunTime:0.000000s ]
INFO: [ app_init ] --END-- [ RunTime:0.001000s ]
INFO: [ app_begin ] --START--
INFO: Run Behavior\ReadHtmlCacheBehavior [ RunTime:0.001000s ]
INFO: [ app_begin ] --END-- [ RunTime:0.001000s ]
INFO: [ view_parse ] --START--
INFO: [ template_filter ] --START--
INFO: Run Behavior\ContentReplaceBehavior [ RunTime:0.000000s ]
INFO: [ template_filter ] --END-- [ RunTime:0.001000s ]
INFO: Run Behavior\ParseTemplateBehavior [ RunTime:0.023001s ]
INFO: [ view_parse ] --END-- [ RunTime:0.023001s ]
INFO: [ view_filter ] --START--
INFO: Run Behavior\WriteHtmlCacheBehavior [ RunTime:0.000000s ]
INFO: [ view_filter ] --END-- [ RunTime:0.000000s ]
INFO: [ app_end ] --START--
INFO: Run Behavior\ShowPageTraceBehavior [ RunTime:0.001000s ]
INFO: [ app_end ] --END-- [ RunTime:0.001000s ]

[ 2018-05-10T14:24:39+08:00 ] 127.0.0.1 /luomansi/index.php/Admin/Index/getNew.html
INFO: [ app_init ] --START--
INFO: Run Behavior\BuildLiteBehavior [ RunTime:0.000000s ]
INFO: [ app_init ] --END-- [ RunTime:0.000000s ]
INFO: [ app_begin ] --START--
INFO: Run Behavior\ReadHtmlCacheBehavior [ RunTime:0.001000s ]
INFO: [ app_begin ] --END-- [ RunTime:0.001000s ]
SQL: SHOW COLUMNS FROM `saleman_order` [ RunTime:0.0020s ]
SQL: SELECT COUNT(*) AS tp_count FROM `saleman_order` WHERE ( isNew=0 ) LIMIT 1   [ RunTime:0.0010s ]
SQL: SHOW COLUMNS FROM `saleman_install` [ RunTime:0.0020s ]
SQL: SELECT COUNT(*) AS tp_count FROM `saleman_install` WHERE ( isNew=0 ) LIMIT 1   [ RunTime:0.0010s ]

[ 2018-05-10T14:24:43+08:00 ] 127.0.0.1 /luomansi/index.php/Admin/Code/dle.html
INFO: [ app_init ] --START--
INFO: Run Behavior\BuildLiteBehavior [ RunTime:0.000000s ]
INFO: [ app_init ] --END-- [ RunTime:0.001000s ]
INFO: [ app_begin ] --START--
INFO: Run Behavior\ReadHtmlCacheBehavior [ RunTime:0.001000s ]
INFO: [ app_begin ] --END-- [ RunTime:0.001000s ]

[ 2018-05-10T14:24:49+08:00 ] 127.0.0.1 /luomansi/index.php/Admin/Index/getNew.html
INFO: [ app_init ] --START--
INFO: Run Behavior\BuildLiteBehavior [ RunTime:0.000000s ]
INFO: [ app_init ] --END-- [ RunTime:0.002000s ]
INFO: [ app_begin ] --START--
INFO: Run Behavior\ReadHtmlCacheBehavior [ RunTime:0.001000s ]
INFO: [ app_begin ] --END-- [ RunTime:0.001000s ]
SQL: SHOW COLUMNS FROM `saleman_order` [ RunTime:0.0020s ]
SQL: SELECT COUNT(*) AS tp_count FROM `saleman_order` WHERE ( isNew=0 ) LIMIT 1   [ RunTime:0.0000s ]
SQL: SHOW COLUMNS FROM `saleman_install` [ RunTime:0.0020s ]
SQL: SELECT COUNT(*) AS tp_count FROM `saleman_install` WHERE ( isNew=0 ) LIMIT 1   [ RunTime:0.0000s ]

[ 2018-05-10T14:24:59+08:00 ] 127.0.0.1 /luomansi/index.php/Admin/Index/getNew.html
INFO: [ app_init ] --START--
INFO: Run Behavior\BuildLiteBehavior [ RunTime:0.000000s ]
INFO: [ app_init ] --END-- [ RunTime:0.001001s ]
INFO: [ app_begin ] --START--
INFO: Run Behavior\ReadHtmlCacheBehavior [ RunTime:0.000000s ]
INFO: [ app_begin ] --END-- [ RunTime:0.001000s ]
SQL: SHOW COLUMNS FROM `saleman_order` [ RunTime:0.0020s ]
SQL: SELECT COUNT(*) AS tp_count FROM `saleman_order` WHERE ( isNew=0 ) LIMIT 1   [ RunTime:0.0010s ]
SQL: SHOW COLUMNS FROM `saleman_install` [ RunTime:0.0030s ]
SQL: SELECT COUNT(*) AS tp_count FROM `saleman_install` WHERE ( isNew=0 ) LIMIT 1   [ RunTime:0.0010s ]

[ 2018-05-10T14:25:09+08:00 ] 127.0.0.1 /luomansi/index.php/Admin/Index/getNew.html
INFO: [ app_init ] --START--
INFO: Run Behavior\BuildLiteBehavior [ RunTime:0.000000s ]
INFO: [ app_init ] --END-- [ RunTime:0.000000s ]
INFO: [ app_begin ] --START--
INFO: Run Behavior\ReadHtmlCacheBehavior [ RunTime:0.000000s ]
INFO: [ app_begin ] --END-- [ RunTime:0.000000s ]
SQL: SHOW COLUMNS FROM `saleman_order` [ RunTime:0.0020s ]
SQL: SELECT COUNT(*) AS tp_count FROM `saleman_order` WHERE ( isNew=0 ) LIMIT 1   [ RunTime:0.0000s ]
SQL: SHOW COLUMNS FROM `saleman_install` [ RunTime:0.0020s ]
SQL: SELECT COUNT(*) AS tp_count FROM `saleman_install` WHERE ( isNew=0 ) LIMIT 1   [ RunTime:0.0000s ]

[ 2018-05-10T14:25:19+08:00 ] 127.0.0.1 /luomansi/index.php/Admin/Index/getNew.html
INFO: [ app_init ] --START--
INFO: Run Behavior\BuildLiteBehavior [ RunTime:0.000000s ]
INFO: [ app_init ] --END-- [ RunTime:0.001001s ]
INFO: [ app_begin ] --START--
INFO: Run Behavior\ReadHtmlCacheBehavior [ RunTime:0.000000s ]
INFO: [ app_begin ] --END-- [ RunTime:0.001000s ]
SQL: SHOW COLUMNS FROM `saleman_order` [ RunTime:0.0030s ]
SQL: SELECT COUNT(*) AS tp_count FROM `saleman_order` WHERE ( isNew=0 ) LIMIT 1   [ RunTime:0.0010s ]
SQL: SHOW COLUMNS FROM `saleman_install` [ RunTime:0.0020s ]
SQL: SELECT COUNT(*) AS tp_count FROM `saleman_install` WHERE ( isNew=0 ) LIMIT 1   [ RunTime:0.0000s ]

[ 2018-05-10T14:25:29+08:00 ] 127.0.0.1 /luomansi/index.php/Admin/Index/getNew.html
INFO: [ app_init ] --START--
INFO: Run Behavior\BuildLiteBehavior [ RunTime:0.000000s ]
INFO: [ app_init ] --END-- [ RunTime:0.001000s ]
INFO: [ app_begin ] --START--
INFO: Run Behavior\ReadHtmlCacheBehavior [ RunTime:0.000000s ]
INFO: [ app_begin ] --END-- [ RunTime:0.000000s ]
SQL: SHOW COLUMNS FROM `saleman_order` [ RunTime:0.0020s ]
SQL: SELECT COUNT(*) AS tp_count FROM `saleman_order` WHERE ( isNew=0 ) LIMIT 1   [ RunTime:0.0000s ]
SQL: SHOW COLUMNS FROM `saleman_install` [ RunTime:0.0020s ]
SQL: SELECT COUNT(*) AS tp_count FROM `saleman_install` WHERE ( isNew=0 ) LIMIT 1   [ RunTime:0.0000s ]

[ 2018-05-10T14:25:39+08:00 ] 127.0.0.1 /luomansi/index.php/Admin/Index/getNew.html
INFO: [ app_init ] --START--
INFO: Run Behavior\BuildLiteBehavior [ RunTime:0.000000s ]
INFO: [ app_init ] --END-- [ RunTime:0.001000s ]
INFO: [ app_begin ] --START--
INFO: Run Behavior\ReadHtmlCacheBehavior [ RunTime:0.001000s ]
INFO: [ app_begin ] --END-- [ RunTime:0.001000s ]
SQL: SHOW COLUMNS FROM `saleman_order` [ RunTime:0.0020s ]
SQL: SELECT COUNT(*) AS tp_count FROM `saleman_order` WHERE ( isNew=0 ) LIMIT 1   [ RunTime:0.0000s ]
SQL: SHOW COLUMNS FROM `saleman_install` [ RunTime:0.0020s ]
SQL: SELECT COUNT(*) AS tp_count FROM `saleman_install` WHERE ( isNew=0 ) LIMIT 1   [ RunTime:0.0000s ]

[ 2018-05-10T14:25:41+08:00 ] 127.0.0.1 /luomansi/index.php/Admin/Code/excelUpload.html
INFO: [ app_init ] --START--
INFO: Run Behavior\BuildLiteBehavior [ RunTime:0.000000s ]
INFO: [ app_init ] --END-- [ RunTime:0.001000s ]
INFO: [ app_begin ] --START--
INFO: Run Behavior\ReadHtmlCacheBehavior [ RunTime:0.001000s ]
INFO: [ app_begin ] --END-- [ RunTime:0.001000s ]
NOTIC: [2] call_user_func() expects parameter 1 to be a valid callback, no array or string given D:\wamp64\www\luomansi\ThinkPHP\Library\Think\Upload.class.php 第 170 行.
INFO: [ app_end ] --START--
INFO: Run Behavior\ShowPageTraceBehavior [ RunTime:0.001000s ]
INFO: [ app_end ] --END-- [ RunTime:0.001000s ]

[ 2018-05-10T14:25:49+08:00 ] 127.0.0.1 /luomansi/index.php/Admin/Index/getNew.html
INFO: [ app_init ] --START--
INFO: Run Behavior\BuildLiteBehavior [ RunTime:0.000000s ]
INFO: [ app_init ] --END-- [ RunTime:0.001000s ]
INFO: [ app_begin ] --START--
INFO: Run Behavior\ReadHtmlCacheBehavior [ RunTime:0.002000s ]
INFO: [ app_begin ] --END-- [ RunTime:0.002000s ]
SQL: SHOW COLUMNS FROM `saleman_order` [ RunTime:0.0020s ]
SQL: SELECT COUNT(*) AS tp_count FROM `saleman_order` WHERE ( isNew=0 ) LIMIT 1   [ RunTime:0.0010s ]
SQL: SHOW COLUMNS FROM `saleman_install` [ RunTime:0.0020s ]
SQL: SELECT COUNT(*) AS tp_count FROM `saleman_install` WHERE ( isNew=0 ) LIMIT 1   [ RunTime:0.0000s ]

[ 2018-05-10T14:25:59+08:00 ] 127.0.0.1 /luomansi/index.php/Admin/Index/getNew.html
INFO: [ app_init ] --START--
INFO: Run Behavior\BuildLiteBehavior [ RunTime:0.000000s ]
INFO: [ app_init ] --END-- [ RunTime:0.001000s ]
INFO: [ app_begin ] --START--
INFO: Run Behavior\ReadHtmlCacheBehavior [ RunTime:0.001000s ]
INFO: [ app_begin ] --END-- [ RunTime:0.001000s ]
SQL: SHOW COLUMNS FROM `saleman_order` [ RunTime:0.0030s ]
SQL: SELECT COUNT(*) AS tp_count FROM `saleman_order` WHERE ( isNew=0 ) LIMIT 1   [ RunTime:0.0010s ]
SQL: SHOW COLUMNS FROM `saleman_install` [ RunTime:0.0020s ]
SQL: SELECT COUNT(*) AS tp_count FROM `saleman_install` WHERE ( isNew=0 ) LIMIT 1   [ RunTime:0.0010s ]

[ 2018-05-10T14:26:09+08:00 ] 127.0.0.1 /luomansi/index.php/Admin/Index/getNew.html
INFO: [ app_init ] --START--
INFO: Run Behavior\BuildLiteBehavior [ RunTime:0.000000s ]
INFO: [ app_init ] --END-- [ RunTime:0.000000s ]
INFO: [ app_begin ] --START--
INFO: Run Behavior\ReadHtmlCacheBehavior [ RunTime:0.001000s ]
INFO: [ app_begin ] --END-- [ RunTime:0.001000s ]
SQL: SHOW COLUMNS FROM `saleman_order` [ RunTime:0.0010s ]
SQL: SELECT COUNT(*) AS tp_count FROM `saleman_order` WHERE ( isNew=0 ) LIMIT 1   [ RunTime:0.0000s ]
SQL: SHOW COLUMNS FROM `saleman_install` [ RunTime:0.0020s ]
SQL: SELECT COUNT(*) AS tp_count FROM `saleman_install` WHERE ( isNew=0 ) LIMIT 1   [ RunTime:0.0010s ]

[ 2018-05-10T14:26:19+08:00 ] 127.0.0.1 /luomansi/index.php/Admin/Index/getNew.html
INFO: [ app_init ] --START--
INFO: Run Behavior\BuildLiteBehavior [ RunTime:0.000000s ]
INFO: [ app_init ] --END-- [ RunTime:0.002000s ]
INFO: [ app_begin ] --START--
INFO: Run Behavior\ReadHtmlCacheBehavior [ RunTime:0.001000s ]
INFO: [ app_begin ] --END-- [ RunTime:0.001000s ]
SQL: SHOW COLUMNS FROM `saleman_order` [ RunTime:0.0020s ]
SQL: SELECT COUNT(*) AS tp_count FROM `saleman_order` WHERE ( isNew=0 ) LIMIT 1   [ RunTime:0.0000s ]
SQL: SHOW COLUMNS FROM `saleman_install` [ RunTime:0.0020s ]
SQL: SELECT COUNT(*) AS tp_count FROM `saleman_install` WHERE ( isNew=0 ) LIMIT 1   [ RunTime:0.0010s ]

[ 2018-05-10T14:26:29+08:00 ] 127.0.0.1 /luomansi/index.php/Admin/Index/getNew.html
INFO: [ app_init ] --START--
INFO: Run Behavior\BuildLiteBehavior [ RunTime:0.000000s ]
INFO: [ app_init ] --END-- [ RunTime:0.001000s ]
INFO: [ app_begin ] --START--
INFO: Run Behavior\ReadHtmlCacheBehavior [ RunTime:0.002000s ]
INFO: [ app_begin ] --END-- [ RunTime:0.002000s ]
SQL: SHOW COLUMNS FROM `saleman_order` [ RunTime:0.0020s ]
SQL: SELECT COUNT(*) AS tp_count FROM `saleman_order` WHERE ( isNew=0 ) LIMIT 1   [ RunTime:0.0000s ]
SQL: SHOW COLUMNS FROM `saleman_install` [ RunTime:0.0020s ]
SQL: SELECT COUNT(*) AS tp_count FROM `saleman_install` WHERE ( isNew=0 ) LIMIT 1   [ RunTime:0.0010s ]

[ 2018-05-10T14:26:35+08:00 ] 127.0.0.1 /luomansi/index.php/Admin/Code/import.html
INFO: [ app_init ] --START--
INFO: Run Behavior\BuildLiteBehavior [ RunTime:0.000000s ]
INFO: [ app_init ] --END-- [ RunTime:0.000000s ]
INFO: [ app_begin ] --START--
INFO: Run Behavior\ReadHtmlCacheBehavior [ RunTime:0.001000s ]
INFO: [ app_begin ] --END-- [ RunTime:0.001000s ]
INFO: [ view_parse ] --START--
INFO: [ template_filter ] --START--
INFO: Run Behavior\ContentReplaceBehavior [ RunTime:0.000000s ]
INFO: [ template_filter ] --END-- [ RunTime:0.000000s ]
INFO: Run Behavior\ParseTemplateBehavior [ RunTime:0.009000s ]
INFO: [ view_parse ] --END-- [ RunTime:0.009000s ]
INFO: [ view_filter ] --START--
INFO: Run Behavior\WriteHtmlCacheBehavior [ RunTime:0.001000s ]
INFO: [ view_filter ] --END-- [ RunTime:0.001000s ]
INFO: [ app_end ] --START--
INFO: Run Behavior\ShowPageTraceBehavior [ RunTime:0.001000s ]
INFO: [ app_end ] --END-- [ RunTime:0.001000s ]

[ 2018-05-10T14:26:36+08:00 ] 127.0.0.1 /luomansi/index.php/Admin/Index/getNew.html
INFO: [ app_init ] --START--
INFO: Run Behavior\BuildLiteBehavior [ RunTime:0.000000s ]
INFO: [ app_init ] --END-- [ RunTime:0.001000s ]
INFO: [ app_begin ] --START--
INFO: Run Behavior\ReadHtmlCacheBehavior [ RunTime:0.001000s ]
INFO: [ app_begin ] --END-- [ RunTime:0.001000s ]
SQL: SHOW COLUMNS FROM `saleman_order` [ RunTime:0.0010s ]
SQL: SELECT COUNT(*) AS tp_count FROM `saleman_order` WHERE ( isNew=0 ) LIMIT 1   [ RunTime:0.0010s ]
SQL: SHOW COLUMNS FROM `saleman_install` [ RunTime:0.0000s ]
SQL: SELECT COUNT(*) AS tp_count FROM `saleman_install` WHERE ( isNew=0 ) LIMIT 1   [ RunTime:0.0000s ]

[ 2018-05-10T14:26:47+08:00 ] 127.0.0.1 /luomansi/index.php/Admin/Index/getNew.html
INFO: [ app_init ] --START--
INFO: Run Behavior\BuildLiteBehavior [ RunTime:0.000000s ]
INFO: [ app_init ] --END-- [ RunTime:0.001000s ]
INFO: [ app_begin ] --START--
INFO: Run Behavior\ReadHtmlCacheBehavior [ RunTime:0.002000s ]
INFO: [ app_begin ] --END-- [ RunTime:0.002000s ]
SQL: SHOW COLUMNS FROM `saleman_order` [ RunTime:0.0030s ]
SQL: SELECT COUNT(*) AS tp_count FROM `saleman_order` WHERE ( isNew=0 ) LIMIT 1   [ RunTime:0.0010s ]
SQL: SHOW COLUMNS FROM `saleman_install` [ RunTime:0.0030s ]
SQL: SELECT COUNT(*) AS tp_count FROM `saleman_install` WHERE ( isNew=0 ) LIMIT 1   [ RunTime:0.0010s ]

[ 2018-05-10T14:26:49+08:00 ] 127.0.0.1 /luomansi/index.php/Admin/Code/import.html
INFO: [ app_init ] --START--
INFO: Run Behavior\BuildLiteBehavior [ RunTime:0.000000s ]
INFO: [ app_init ] --END-- [ RunTime:0.001000s ]
INFO: [ app_begin ] --START--
INFO: Run Behavior\ReadHtmlCacheBehavior [ RunTime:0.000000s ]
INFO: [ app_begin ] --END-- [ RunTime:0.000000s ]
INFO: [ view_parse ] --START--
INFO: [ template_filter ] --START--
INFO: Run Behavior\ContentReplaceBehavior [ RunTime:0.000000s ]
INFO: [ template_filter ] --END-- [ RunTime:0.000000s ]
INFO: Run Behavior\ParseTemplateBehavior [ RunTime:0.014000s ]
INFO: [ view_parse ] --END-- [ RunTime:0.014000s ]
INFO: [ view_filter ] --START--
INFO: Run Behavior\WriteHtmlCacheBehavior [ RunTime:0.000000s ]
INFO: [ view_filter ] --END-- [ RunTime:0.000000s ]
INFO: [ app_end ] --START--
INFO: Run Behavior\ShowPageTraceBehavior [ RunTime:0.001000s ]
INFO: [ app_end ] --END-- [ RunTime:0.001000s ]

[ 2018-05-10T14:26:50+08:00 ] 127.0.0.1 /luomansi/index.php/Admin/Index/getNew.html
INFO: [ app_init ] --START--
INFO: Run Behavior\BuildLiteBehavior [ RunTime:0.000000s ]
INFO: [ app_init ] --END-- [ RunTime:0.001000s ]
INFO: [ app_begin ] --START--
INFO: Run Behavior\ReadHtmlCacheBehavior [ RunTime:0.001001s ]
INFO: [ app_begin ] --END-- [ RunTime:0.001001s ]
SQL: SHOW COLUMNS FROM `saleman_order` [ RunTime:0.0010s ]
SQL: SELECT COUNT(*) AS tp_count FROM `saleman_order` WHERE ( isNew=0 ) LIMIT 1   [ RunTime:0.0000s ]
SQL: SHOW COLUMNS FROM `saleman_install` [ RunTime:0.0010s ]
SQL: SELECT COUNT(*) AS tp_count FROM `saleman_install` WHERE ( isNew=0 ) LIMIT 1   [ RunTime:0.0000s ]

[ 2018-05-10T14:27:00+08:00 ] 127.0.0.1 /luomansi/index.php/Admin/Index/getNew.html
INFO: [ app_init ] --START--
INFO: Run Behavior\BuildLiteBehavior [ RunTime:0.000000s ]
INFO: [ app_init ] --END-- [ RunTime:0.001000s ]
INFO: [ app_begin ] --START--
INFO: Run Behavior\ReadHtmlCacheBehavior [ RunTime:0.000000s ]
INFO: [ app_begin ] --END-- [ RunTime:0.001001s ]
SQL: SHOW COLUMNS FROM `saleman_order` [ RunTime:0.0010s ]
SQL: SELECT COUNT(*) AS tp_count FROM `saleman_order` WHERE ( isNew=0 ) LIMIT 1   [ RunTime:0.0000s ]
SQL: SHOW COLUMNS FROM `saleman_install` [ RunTime:0.0020s ]
SQL: SELECT COUNT(*) AS tp_count FROM `saleman_install` WHERE ( isNew=0 ) LIMIT 1   [ RunTime:0.0010s ]

[ 2018-05-10T14:27:10+08:00 ] 127.0.0.1 /luomansi/index.php/Admin/Index/getNew.html
INFO: [ app_init ] --START--
INFO: Run Behavior\BuildLiteBehavior [ RunTime:0.000000s ]
INFO: [ app_init ] --END-- [ RunTime:0.001000s ]
INFO: [ app_begin ] --START--
INFO: Run Behavior\ReadHtmlCacheBehavior [ RunTime:0.001000s ]
INFO: [ app_begin ] --END-- [ RunTime:0.001000s ]
SQL: SHOW COLUMNS FROM `saleman_order` [ RunTime:0.0010s ]
SQL: SELECT COUNT(*) AS tp_count FROM `saleman_order` WHERE ( isNew=0 ) LIMIT 1   [ RunTime:0.0010s ]
SQL: SHOW COLUMNS FROM `saleman_install` [ RunTime:0.0010s ]
SQL: SELECT COUNT(*) AS tp_count FROM `saleman_install` WHERE ( isNew=0 ) LIMIT 1   [ RunTime:0.0010s ]

[ 2018-05-10T14:27:20+08:00 ] 127.0.0.1 /luomansi/index.php/Admin/Index/getNew.html
INFO: [ app_init ] --START--
INFO: Run Behavior\BuildLiteBehavior [ RunTime:0.000000s ]
INFO: [ app_init ] --END-- [ RunTime:0.000000s ]
INFO: [ app_begin ] --START--
INFO: Run Behavior\ReadHtmlCacheBehavior [ RunTime:0.000000s ]
INFO: [ app_begin ] --END-- [ RunTime:0.000000s ]
SQL: SHOW COLUMNS FROM `saleman_order` [ RunTime:0.0010s ]
SQL: SELECT COUNT(*) AS tp_count FROM `saleman_order` WHERE ( isNew=0 ) LIMIT 1   [ RunTime:0.0010s ]
SQL: SHOW COLUMNS FROM `saleman_install` [ RunTime:0.0010s ]
SQL: SELECT COUNT(*) AS tp_count FROM `saleman_install` WHERE ( isNew=0 ) LIMIT 1   [ RunTime:0.0000s ]

[ 2018-05-10T14:27:23+08:00 ] 127.0.0.1 /luomansi/index.php/Admin/Code/excelUpload.html
INFO: [ app_init ] --START--
INFO: Run Behavior\BuildLiteBehavior [ RunTime:0.000000s ]
INFO: [ app_init ] --END-- [ RunTime:0.001000s ]
INFO: [ app_begin ] --START--
INFO: Run Behavior\ReadHtmlCacheBehavior [ RunTime:0.001000s ]
INFO: [ app_begin ] --END-- [ RunTime:0.001000s ]
NOTIC: [2] call_user_func() expects parameter 1 to be a valid callback, no array or string given D:\wamp64\www\luomansi\ThinkPHP\Library\Think\Upload.class.php 第 170 行.
INFO: [ app_end ] --START--
INFO: Run Behavior\ShowPageTraceBehavior [ RunTime:0.001000s ]
INFO: [ app_end ] --END-- [ RunTime:0.002000s ]

[ 2018-05-10T14:27:30+08:00 ] 127.0.0.1 /luomansi/index.php/Admin/Index/getNew.html
INFO: [ app_init ] --START--
INFO: Run Behavior\BuildLiteBehavior [ RunTime:0.000000s ]
INFO: [ app_init ] --END-- [ RunTime:0.001000s ]
INFO: [ app_begin ] --START--
INFO: Run Behavior\ReadHtmlCacheBehavior [ RunTime:0.002000s ]
INFO: [ app_begin ] --END-- [ RunTime:0.002000s ]
SQL: SHOW COLUMNS FROM `saleman_order` [ RunTime:0.0010s ]
SQL: SELECT COUNT(*) AS tp_count FROM `saleman_order` WHERE ( isNew=0 ) LIMIT 1   [ RunTime:0.0010s ]
SQL: SHOW COLUMNS FROM `saleman_install` [ RunTime:0.0010s ]
SQL: SELECT COUNT(*) AS tp_count FROM `saleman_install` WHERE ( isNew=0 ) LIMIT 1   [ RunTime:0.0000s ]

[ 2018-05-10T14:27:40+08:00 ] 127.0.0.1 /luomansi/index.php/Admin/Index/getNew.html
INFO: [ app_init ] --START--
INFO: Run Behavior\BuildLiteBehavior [ RunTime:0.000000s ]
INFO: [ app_init ] --END-- [ RunTime:0.001000s ]
INFO: [ app_begin ] --START--
INFO: Run Behavior\ReadHtmlCacheBehavior [ RunTime:0.001000s ]
INFO: [ app_begin ] --END-- [ RunTime:0.002001s ]
SQL: SHOW COLUMNS FROM `saleman_order` [ RunTime:0.0010s ]
SQL: SELECT COUNT(*) AS tp_count FROM `saleman_order` WHERE ( isNew=0 ) LIMIT 1   [ RunTime:0.0000s ]
SQL: SHOW COLUMNS FROM `saleman_install` [ RunTime:0.0010s ]
SQL: SELECT COUNT(*) AS tp_count FROM `saleman_install` WHERE ( isNew=0 ) LIMIT 1   [ RunTime:0.0010s ]

[ 2018-05-10T14:27:50+08:00 ] 127.0.0.1 /luomansi/index.php/Admin/Index/getNew.html
INFO: [ app_init ] --START--
INFO: Run Behavior\BuildLiteBehavior [ RunTime:0.000000s ]
INFO: [ app_init ] --END-- [ RunTime:0.001000s ]
INFO: [ app_begin ] --START--
INFO: Run Behavior\ReadHtmlCacheBehavior [ RunTime:0.001000s ]
INFO: [ app_begin ] --END-- [ RunTime:0.001000s ]
SQL: SHOW COLUMNS FROM `saleman_order` [ RunTime:0.0010s ]
SQL: SELECT COUNT(*) AS tp_count FROM `saleman_order` WHERE ( isNew=0 ) LIMIT 1   [ RunTime:0.0000s ]
SQL: SHOW COLUMNS FROM `saleman_install` [ RunTime:0.0010s ]
SQL: SELECT COUNT(*) AS tp_count FROM `saleman_install` WHERE ( isNew=0 ) LIMIT 1   [ RunTime:0.0010s ]

[ 2018-05-10T14:28:00+08:00 ] 127.0.0.1 /luomansi/index.php/Admin/Index/getNew.html
INFO: [ app_init ] --START--
INFO: Run Behavior\BuildLiteBehavior [ RunTime:0.000000s ]
INFO: [ app_init ] --END-- [ RunTime:0.001000s ]
INFO: [ app_begin ] --START--
INFO: Run Behavior\ReadHtmlCacheBehavior [ RunTime:0.000000s ]
INFO: [ app_begin ] --END-- [ RunTime:0.001000s ]
SQL: SHOW COLUMNS FROM `saleman_order` [ RunTime:0.0000s ]
SQL: SELECT COUNT(*) AS tp_count FROM `saleman_order` WHERE ( isNew=0 ) LIMIT 1   [ RunTime:0.0000s ]
SQL: SHOW COLUMNS FROM `saleman_install` [ RunTime:0.0000s ]
SQL: SELECT COUNT(*) AS tp_count FROM `saleman_install` WHERE ( isNew=0 ) LIMIT 1   [ RunTime:0.0000s ]

[ 2018-05-10T14:28:10+08:00 ] 127.0.0.1 /luomansi/index.php/Admin/Index/getNew.html
INFO: [ app_init ] --START--
INFO: Run Behavior\BuildLiteBehavior [ RunTime:0.000000s ]
INFO: [ app_init ] --END-- [ RunTime:0.000000s ]
INFO: [ app_begin ] --START--
INFO: Run Behavior\ReadHtmlCacheBehavior [ RunTime:0.001000s ]
INFO: [ app_begin ] --END-- [ RunTime:0.001000s ]
SQL: SHOW COLUMNS FROM `saleman_order` [ RunTime:0.0010s ]
SQL: SELECT COUNT(*) AS tp_count FROM `saleman_order` WHERE ( isNew=0 ) LIMIT 1   [ RunTime:0.0010s ]
SQL: SHOW COLUMNS FROM `saleman_install` [ RunTime:0.0010s ]
SQL: SELECT COUNT(*) AS tp_count FROM `saleman_install` WHERE ( isNew=0 ) LIMIT 1   [ RunTime:0.0000s ]

[ 2018-05-10T14:28:20+08:00 ] 127.0.0.1 /luomansi/index.php/Admin/Index/getNew.html
INFO: [ app_init ] --START--
INFO: Run Behavior\BuildLiteBehavior [ RunTime:0.000000s ]
INFO: [ app_init ] --END-- [ RunTime:0.000000s ]
INFO: [ app_begin ] --START--
INFO: Run Behavior\ReadHtmlCacheBehavior [ RunTime:0.001000s ]
INFO: [ app_begin ] --END-- [ RunTime:0.001000s ]
SQL: SHOW COLUMNS FROM `saleman_order` [ RunTime:0.0010s ]
SQL: SELECT COUNT(*) AS tp_count FROM `saleman_order` WHERE ( isNew=0 ) LIMIT 1   [ RunTime:0.0000s ]
SQL: SHOW COLUMNS FROM `saleman_install` [ RunTime:0.0010s ]
SQL: SELECT COUNT(*) AS tp_count FROM `saleman_install` WHERE ( isNew=0 ) LIMIT 1   [ RunTime:0.0000s ]

[ 2018-05-10T14:28:30+08:00 ] 127.0.0.1 /luomansi/index.php/Admin/Index/getNew.html
INFO: [ app_init ] --START--
INFO: Run Behavior\BuildLiteBehavior [ RunTime:0.000000s ]
INFO: [ app_init ] --END-- [ RunTime:0.001000s ]
INFO: [ app_begin ] --START--
INFO: Run Behavior\ReadHtmlCacheBehavior [ RunTime:0.001000s ]
INFO: [ app_begin ] --END-- [ RunTime:0.001000s ]
SQL: SHOW COLUMNS FROM `saleman_order` [ RunTime:0.0010s ]
SQL: SELECT COUNT(*) AS tp_count FROM `saleman_order` WHERE ( isNew=0 ) LIMIT 1   [ RunTime:0.0000s ]
SQL: SHOW COLUMNS FROM `saleman_install` [ RunTime:0.0010s ]
SQL: SELECT COUNT(*) AS tp_count FROM `saleman_install` WHERE ( isNew=0 ) LIMIT 1   [ RunTime:0.0010s ]

[ 2018-05-10T14:28:40+08:00 ] 127.0.0.1 /luomansi/index.php/Admin/Index/getNew.html
INFO: [ app_init ] --START--
INFO: Run Behavior\BuildLiteBehavior [ RunTime:0.001000s ]
INFO: [ app_init ] --END-- [ RunTime:0.001000s ]
INFO: [ app_begin ] --START--
INFO: Run Behavior\ReadHtmlCacheBehavior [ RunTime:0.001000s ]
INFO: [ app_begin ] --END-- [ RunTime:0.001000s ]
SQL: SHOW COLUMNS FROM `saleman_order` [ RunTime:0.0000s ]
SQL: SELECT COUNT(*) AS tp_count FROM `saleman_order` WHERE ( isNew=0 ) LIMIT 1   [ RunTime:0.0000s ]
SQL: SHOW COLUMNS FROM `saleman_install` [ RunTime:0.0010s ]
SQL: SELECT COUNT(*) AS tp_count FROM `saleman_install` WHERE ( isNew=0 ) LIMIT 1   [ RunTime:0.0000s ]

[ 2018-05-10T14:28:45+08:00 ] 127.0.0.1 /luomansi/index.php/Admin/Code/import.html
INFO: [ app_init ] --START--
INFO: Run Behavior\BuildLiteBehavior [ RunTime:0.000000s ]
INFO: [ app_init ] --END-- [ RunTime:0.000000s ]
INFO: [ app_begin ] --START--
INFO: Run Behavior\ReadHtmlCacheBehavior [ RunTime:0.001000s ]
INFO: [ app_begin ] --END-- [ RunTime:0.001000s ]
INFO: [ view_parse ] --START--
INFO: [ template_filter ] --START--
INFO: Run Behavior\ContentReplaceBehavior [ RunTime:0.001000s ]
INFO: [ template_filter ] --END-- [ RunTime:0.001000s ]
INFO: Run Behavior\ParseTemplateBehavior [ RunTime:0.010000s ]
INFO: [ view_parse ] --END-- [ RunTime:0.010000s ]
INFO: [ view_filter ] --START--
INFO: Run Behavior\WriteHtmlCacheBehavior [ RunTime:0.001000s ]
INFO: [ view_filter ] --END-- [ RunTime:0.001000s ]
INFO: [ app_end ] --START--
INFO: Run Behavior\ShowPageTraceBehavior [ RunTime:0.001001s ]
INFO: [ app_end ] --END-- [ RunTime:0.001001s ]

[ 2018-05-10T14:28:46+08:00 ] 127.0.0.1 /luomansi/index.php/Admin/Index/getNew.html
INFO: [ app_init ] --START--
INFO: Run Behavior\BuildLiteBehavior [ RunTime:0.000000s ]
INFO: [ app_init ] --END-- [ RunTime:0.001000s ]
INFO: [ app_begin ] --START--
INFO: Run Behavior\ReadHtmlCacheBehavior [ RunTime:0.001000s ]
INFO: [ app_begin ] --END-- [ RunTime:0.001000s ]
SQL: SHOW COLUMNS FROM `saleman_order` [ RunTime:0.0010s ]
SQL: SELECT COUNT(*) AS tp_count FROM `saleman_order` WHERE ( isNew=0 ) LIMIT 1   [ RunTime:0.0010s ]
SQL: SHOW COLUMNS FROM `saleman_install` [ RunTime:0.0020s ]
SQL: SELECT COUNT(*) AS tp_count FROM `saleman_install` WHERE ( isNew=0 ) LIMIT 1   [ RunTime:0.0000s ]

[ 2018-05-10T14:28:52+08:00 ] 127.0.0.1 /luomansi/index.php/Admin/Code/excelUpload.html
INFO: [ app_init ] --START--
INFO: Run Behavior\BuildLiteBehavior [ RunTime:0.000000s ]
INFO: [ app_init ] --END-- [ RunTime:0.001000s ]
INFO: [ app_begin ] --START--
INFO: Run Behavior\ReadHtmlCacheBehavior [ RunTime:0.001000s ]
INFO: [ app_begin ] --END-- [ RunTime:0.001000s ]
NOTIC: [2] call_user_func() expects parameter 1 to be a valid callback, no array or string given D:\wamp64\www\luomansi\ThinkPHP\Library\Think\Upload.class.php 第 170 行.
INFO: [ app_end ] --START--
INFO: Run Behavior\ShowPageTraceBehavior [ RunTime:0.001000s ]
INFO: [ app_end ] --END-- [ RunTime:0.001000s ]

[ 2018-05-10T14:28:55+08:00 ] 127.0.0.1 /luomansi/index.php/Admin/Code/import.html
INFO: [ app_init ] --START--
INFO: Run Behavior\BuildLiteBehavior [ RunTime:0.000000s ]
INFO: [ app_init ] --END-- [ RunTime:0.001000s ]
INFO: [ app_begin ] --START--
INFO: Run Behavior\ReadHtmlCacheBehavior [ RunTime:0.001000s ]
INFO: [ app_begin ] --END-- [ RunTime:0.001000s ]
INFO: [ view_parse ] --START--
INFO: [ template_filter ] --START--
INFO: Run Behavior\ContentReplaceBehavior [ RunTime:0.000000s ]
INFO: [ template_filter ] --END-- [ RunTime:0.000000s ]
INFO: Run Behavior\ParseTemplateBehavior [ RunTime:0.008001s ]
INFO: [ view_parse ] --END-- [ RunTime:0.009001s ]
INFO: [ view_filter ] --START--
INFO: Run Behavior\WriteHtmlCacheBehavior [ RunTime:0.002000s ]
INFO: [ view_filter ] --END-- [ RunTime:0.002000s ]
INFO: [ app_end ] --START--
INFO: Run Behavior\ShowPageTraceBehavior [ RunTime:0.001000s ]
INFO: [ app_end ] --END-- [ RunTime:0.001000s ]

[ 2018-05-10T14:28:55+08:00 ] 127.0.0.1 /luomansi/index.php/Admin/Index/getNew.html
INFO: [ app_init ] --START--
INFO: Run Behavior\BuildLiteBehavior [ RunTime:0.000000s ]
INFO: [ app_init ] --END-- [ RunTime:0.001000s ]
INFO: [ app_begin ] --START--
INFO: Run Behavior\ReadHtmlCacheBehavior [ RunTime:0.001000s ]
INFO: [ app_begin ] --END-- [ RunTime:0.001000s ]
SQL: SHOW COLUMNS FROM `saleman_order` [ RunTime:0.0020s ]
SQL: SELECT COUNT(*) AS tp_count FROM `saleman_order` WHERE ( isNew=0 ) LIMIT 1   [ RunTime:0.0010s ]
SQL: SHOW COLUMNS FROM `saleman_install` [ RunTime:0.0020s ]
SQL: SELECT COUNT(*) AS tp_count FROM `saleman_install` WHERE ( isNew=0 ) LIMIT 1   [ RunTime:0.0010s ]

[ 2018-05-10T14:29:05+08:00 ] 127.0.0.1 /luomansi/index.php/Admin/Index/getNew.html
INFO: [ app_init ] --START--
INFO: Run Behavior\BuildLiteBehavior [ RunTime:0.000000s ]
INFO: [ app_init ] --END-- [ RunTime:0.001000s ]
INFO: [ app_begin ] --START--
INFO: Run Behavior\ReadHtmlCacheBehavior [ RunTime:0.001000s ]
INFO: [ app_begin ] --END-- [ RunTime:0.001000s ]
SQL: SHOW COLUMNS FROM `saleman_order` [ RunTime:0.0010s ]
SQL: SELECT COUNT(*) AS tp_count FROM `saleman_order` WHERE ( isNew=0 ) LIMIT 1   [ RunTime:0.0000s ]
SQL: SHOW COLUMNS FROM `saleman_install` [ RunTime:0.0010s ]
SQL: SELECT COUNT(*) AS tp_count FROM `saleman_install` WHERE ( isNew=0 ) LIMIT 1   [ RunTime:0.0000s ]

[ 2018-05-10T14:29:15+08:00 ] 127.0.0.1 /luomansi/index.php/Admin/Index/getNew.html
INFO: [ app_init ] --START--
INFO: Run Behavior\BuildLiteBehavior [ RunTime:0.000000s ]
INFO: [ app_init ] --END-- [ RunTime:0.001000s ]
INFO: [ app_begin ] --START--
INFO: Run Behavior\ReadHtmlCacheBehavior [ RunTime:0.001000s ]
INFO: [ app_begin ] --END-- [ RunTime:0.001000s ]
SQL: SHOW COLUMNS FROM `saleman_order` [ RunTime:0.0010s ]
SQL: SELECT COUNT(*) AS tp_count FROM `saleman_order` WHERE ( isNew=0 ) LIMIT 1   [ RunTime:0.0000s ]
SQL: SHOW COLUMNS FROM `saleman_install` [ RunTime:0.0010s ]
SQL: SELECT COUNT(*) AS tp_count FROM `saleman_install` WHERE ( isNew=0 ) LIMIT 1   [ RunTime:0.0000s ]

[ 2018-05-10T14:29:25+08:00 ] 127.0.0.1 /luomansi/index.php/Admin/Index/getNew.html
INFO: [ app_init ] --START--
INFO: Run Behavior\BuildLiteBehavior [ RunTime:0.000000s ]
INFO: [ app_init ] --END-- [ RunTime:0.001000s ]
INFO: [ app_begin ] --START--
INFO: Run Behavior\ReadHtmlCacheBehavior [ RunTime:0.001000s ]
INFO: [ app_begin ] --END-- [ RunTime:0.001000s ]
SQL: SHOW COLUMNS FROM `saleman_order` [ RunTime:0.0010s ]
SQL: SELECT COUNT(*) AS tp_count FROM `saleman_order` WHERE ( isNew=0 ) LIMIT 1   [ RunTime:0.0000s ]
SQL: SHOW COLUMNS FROM `saleman_install` [ RunTime:0.0010s ]
SQL: SELECT COUNT(*) AS tp_count FROM `saleman_install` WHERE ( isNew=0 ) LIMIT 1   [ RunTime:0.0000s ]

[ 2018-05-10T14:29:36+08:00 ] 127.0.0.1 /luomansi/index.php/Admin/Index/getNew.html
INFO: [ app_init ] --START--
INFO: Run Behavior\BuildLiteBehavior [ RunTime:0.000000s ]
INFO: [ app_init ] --END-- [ RunTime:0.000000s ]
INFO: [ app_begin ] --START--
INFO: Run Behavior\ReadHtmlCacheBehavior [ RunTime:0.002000s ]
INFO: [ app_begin ] --END-- [ RunTime:0.002000s ]
SQL: SHOW COLUMNS FROM `saleman_order` [ RunTime:0.0020s ]
SQL: SELECT COUNT(*) AS tp_count FROM `saleman_order` WHERE ( isNew=0 ) LIMIT 1   [ RunTime:0.0010s ]
SQL: SHOW COLUMNS FROM `saleman_install` [ RunTime:0.0010s ]
SQL: SELECT COUNT(*) AS tp_count FROM `saleman_install` WHERE ( isNew=0 ) LIMIT 1   [ RunTime:0.0010s ]

[ 2018-05-10T14:29:46+08:00 ] 127.0.0.1 /luomansi/index.php/Admin/Index/getNew.html
INFO: [ app_init ] --START--
INFO: Run Behavior\BuildLiteBehavior [ RunTime:0.000000s ]
INFO: [ app_init ] --END-- [ RunTime:0.000000s ]
INFO: [ app_begin ] --START--
INFO: Run Behavior\ReadHtmlCacheBehavior [ RunTime:0.001000s ]
INFO: [ app_begin ] --END-- [ RunTime:0.001000s ]
SQL: SHOW COLUMNS FROM `saleman_order` [ RunTime:0.0010s ]
SQL: SELECT COUNT(*) AS tp_count FROM `saleman_order` WHERE ( isNew=0 ) LIMIT 1   [ RunTime:0.0000s ]
SQL: SHOW COLUMNS FROM `saleman_install` [ RunTime:0.0000s ]
SQL: SELECT COUNT(*) AS tp_count FROM `saleman_install` WHERE ( isNew=0 ) LIMIT 1   [ RunTime:0.0000s ]

[ 2018-05-10T14:29:56+08:00 ] 127.0.0.1 /luomansi/index.php/Admin/Index/getNew.html
INFO: [ app_init ] --START--
INFO: Run Behavior\BuildLiteBehavior [ RunTime:0.000000s ]
INFO: [ app_init ] --END-- [ RunTime:0.000000s ]
INFO: [ app_begin ] --START--
INFO: Run Behavior\ReadHtmlCacheBehavior [ RunTime:0.001000s ]
INFO: [ app_begin ] --END-- [ RunTime:0.001000s ]
SQL: SHOW COLUMNS FROM `saleman_order` [ RunTime:0.0020s ]
SQL: SELECT COUNT(*) AS tp_count FROM `saleman_order` WHERE ( isNew=0 ) LIMIT 1   [ RunTime:0.0010s ]
SQL: SHOW COLUMNS FROM `saleman_install` [ RunTime:0.0010s ]
SQL: SELECT COUNT(*) AS tp_count FROM `saleman_install` WHERE ( isNew=0 ) LIMIT 1   [ RunTime:0.0010s ]

[ 2018-05-10T14:30:06+08:00 ] 127.0.0.1 /luomansi/index.php/Admin/Index/getNew.html
INFO: [ app_init ] --START--
INFO: Run Behavior\BuildLiteBehavior [ RunTime:0.000000s ]
INFO: [ app_init ] --END-- [ RunTime:0.001000s ]
INFO: [ app_begin ] --START--
INFO: Run Behavior\ReadHtmlCacheBehavior [ RunTime:0.002000s ]
INFO: [ app_begin ] --END-- [ RunTime:0.002000s ]
SQL: SHOW COLUMNS FROM `saleman_order` [ RunTime:0.0020s ]
SQL: SELECT COUNT(*) AS tp_count FROM `saleman_order` WHERE ( isNew=0 ) LIMIT 1   [ RunTime:0.0010s ]
SQL: SHOW COLUMNS FROM `saleman_install` [ RunTime:0.0020s ]
SQL: SELECT COUNT(*) AS tp_count FROM `saleman_install` WHERE ( isNew=0 ) LIMIT 1   [ RunTime:0.0000s ]

[ 2018-05-10T14:30:16+08:00 ] 127.0.0.1 /luomansi/index.php/Admin/Index/getNew.html
INFO: [ app_init ] --START--
INFO: Run Behavior\BuildLiteBehavior [ RunTime:0.000000s ]
INFO: [ app_init ] --END-- [ RunTime:0.001000s ]
INFO: [ app_begin ] --START--
INFO: Run Behavior\ReadHtmlCacheBehavior [ RunTime:0.000000s ]
INFO: [ app_begin ] --END-- [ RunTime:0.001000s ]
SQL: SHOW COLUMNS FROM `saleman_order` [ RunTime:0.0010s ]
SQL: SELECT COUNT(*) AS tp_count FROM `saleman_order` WHERE ( isNew=0 ) LIMIT 1   [ RunTime:0.0010s ]
SQL: SHOW COLUMNS FROM `saleman_install` [ RunTime:0.0010s ]
SQL: SELECT COUNT(*) AS tp_count FROM `saleman_install` WHERE ( isNew=0 ) LIMIT 1   [ RunTime:0.0010s ]

[ 2018-05-10T14:30:26+08:00 ] 127.0.0.1 /luomansi/index.php/Admin/Index/getNew.html
INFO: [ app_init ] --START--
INFO: Run Behavior\BuildLiteBehavior [ RunTime:0.000000s ]
INFO: [ app_init ] --END-- [ RunTime:0.001000s ]
INFO: [ app_begin ] --START--
INFO: Run Behavior\ReadHtmlCacheBehavior [ RunTime:0.001000s ]
INFO: [ app_begin ] --END-- [ RunTime:0.001000s ]
SQL: SHOW COLUMNS FROM `saleman_order` [ RunTime:0.0010s ]
SQL: SELECT COUNT(*) AS tp_count FROM `saleman_order` WHERE ( isNew=0 ) LIMIT 1   [ RunTime:0.0010s ]
SQL: SHOW COLUMNS FROM `saleman_install` [ RunTime:0.0010s ]
SQL: SELECT COUNT(*) AS tp_count FROM `saleman_install` WHERE ( isNew=0 ) LIMIT 1   [ RunTime:0.0010s ]

[ 2018-05-10T14:30:36+08:00 ] 127.0.0.1 /luomansi/index.php/Admin/Index/getNew.html
INFO: [ app_init ] --START--
INFO: Run Behavior\BuildLiteBehavior [ RunTime:0.000000s ]
INFO: [ app_init ] --END-- [ RunTime:0.000000s ]
INFO: [ app_begin ] --START--
INFO: Run Behavior\ReadHtmlCacheBehavior [ RunTime:0.000000s ]
INFO: [ app_begin ] --END-- [ RunTime:0.001000s ]
SQL: SHOW COLUMNS FROM `saleman_order` [ RunTime:0.0000s ]
SQL: SELECT COUNT(*) AS tp_count FROM `saleman_order` WHERE ( isNew=0 ) LIMIT 1   [ RunTime:0.0000s ]
SQL: SHOW COLUMNS FROM `saleman_install` [ RunTime:0.0020s ]
SQL: SELECT COUNT(*) AS tp_count FROM `saleman_install` WHERE ( isNew=0 ) LIMIT 1   [ RunTime:0.0010s ]

[ 2018-05-10T14:30:46+08:00 ] 127.0.0.1 /luomansi/index.php/Admin/Index/getNew.html
INFO: [ app_init ] --START--
INFO: Run Behavior\BuildLiteBehavior [ RunTime:0.000000s ]
INFO: [ app_init ] --END-- [ RunTime:0.000000s ]
INFO: [ app_begin ] --START--
INFO: Run Behavior\ReadHtmlCacheBehavior [ RunTime:0.001000s ]
INFO: [ app_begin ] --END-- [ RunTime:0.001000s ]
SQL: SHOW COLUMNS FROM `saleman_order` [ RunTime:0.0020s ]
SQL: SELECT COUNT(*) AS tp_count FROM `saleman_order` WHERE ( isNew=0 ) LIMIT 1   [ RunTime:0.0000s ]
SQL: SHOW COLUMNS FROM `saleman_install` [ RunTime:0.0010s ]
SQL: SELECT COUNT(*) AS tp_count FROM `saleman_install` WHERE ( isNew=0 ) LIMIT 1   [ RunTime:0.0010s ]

[ 2018-05-10T14:30:56+08:00 ] 127.0.0.1 /luomansi/index.php/Admin/Index/getNew.html
INFO: [ app_init ] --START--
INFO: Run Behavior\BuildLiteBehavior [ RunTime:0.000000s ]
INFO: [ app_init ] --END-- [ RunTime:0.001000s ]
INFO: [ app_begin ] --START--
INFO: Run Behavior\ReadHtmlCacheBehavior [ RunTime:0.001000s ]
INFO: [ app_begin ] --END-- [ RunTime:0.002000s ]
SQL: SHOW COLUMNS FROM `saleman_order` [ RunTime:0.0010s ]
SQL: SELECT COUNT(*) AS tp_count FROM `saleman_order` WHERE ( isNew=0 ) LIMIT 1   [ RunTime:0.0000s ]
SQL: SHOW COLUMNS FROM `saleman_install` [ RunTime:0.0010s ]
SQL: SELECT COUNT(*) AS tp_count FROM `saleman_install` WHERE ( isNew=0 ) LIMIT 1   [ RunTime:0.0000s ]

[ 2018-05-10T14:31:06+08:00 ] 127.0.0.1 /luomansi/index.php/Admin/Index/getNew.html
INFO: [ app_init ] --START--
INFO: Run Behavior\BuildLiteBehavior [ RunTime:0.000000s ]
INFO: [ app_init ] --END-- [ RunTime:0.002000s ]
INFO: [ app_begin ] --START--
INFO: Run Behavior\ReadHtmlCacheBehavior [ RunTime:0.002000s ]
INFO: [ app_begin ] --END-- [ RunTime:0.002000s ]
SQL: SHOW COLUMNS FROM `saleman_order` [ RunTime:0.0010s ]
SQL: SELECT COUNT(*) AS tp_count FROM `saleman_order` WHERE ( isNew=0 ) LIMIT 1   [ RunTime:0.0000s ]
SQL: SHOW COLUMNS FROM `saleman_install` [ RunTime:0.0010s ]
SQL: SELECT COUNT(*) AS tp_count FROM `saleman_install` WHERE ( isNew=0 ) LIMIT 1   [ RunTime:0.0000s ]

[ 2018-05-10T14:31:16+08:00 ] 127.0.0.1 /luomansi/index.php/Admin/Index/getNew.html
INFO: [ app_init ] --START--
INFO: Run Behavior\BuildLiteBehavior [ RunTime:0.000000s ]
INFO: [ app_init ] --END-- [ RunTime:0.001001s ]
INFO: [ app_begin ] --START--
INFO: Run Behavior\ReadHtmlCacheBehavior [ RunTime:0.001000s ]
INFO: [ app_begin ] --END-- [ RunTime:0.001000s ]
SQL: SHOW COLUMNS FROM `saleman_order` [ RunTime:0.0010s ]
SQL: SELECT COUNT(*) AS tp_count FROM `saleman_order` WHERE ( isNew=0 ) LIMIT 1   [ RunTime:0.0000s ]
SQL: SHOW COLUMNS FROM `saleman_install` [ RunTime:0.0010s ]
SQL: SELECT COUNT(*) AS tp_count FROM `saleman_install` WHERE ( isNew=0 ) LIMIT 1   [ RunTime:0.0000s ]

[ 2018-05-10T14:31:26+08:00 ] 127.0.0.1 /luomansi/index.php/Admin/Index/getNew.html
INFO: [ app_init ] --START--
INFO: Run Behavior\BuildLiteBehavior [ RunTime:0.000000s ]
INFO: [ app_init ] --END-- [ RunTime:0.001000s ]
INFO: [ app_begin ] --START--
INFO: Run Behavior\ReadHtmlCacheBehavior [ RunTime:0.001000s ]
INFO: [ app_begin ] --END-- [ RunTime:0.002000s ]
SQL: SHOW COLUMNS FROM `saleman_order` [ RunTime:0.0010s ]
SQL: SELECT COUNT(*) AS tp_count FROM `saleman_order` WHERE ( isNew=0 ) LIMIT 1   [ RunTime:0.0000s ]
SQL: SHOW COLUMNS FROM `saleman_install` [ RunTime:0.0000s ]
SQL: SELECT COUNT(*) AS tp_count FROM `saleman_install` WHERE ( isNew=0 ) LIMIT 1   [ RunTime:0.0000s ]

[ 2018-05-10T14:31:36+08:00 ] 127.0.0.1 /luomansi/index.php/Admin/Index/getNew.html
INFO: [ app_init ] --START--
INFO: Run Behavior\BuildLiteBehavior [ RunTime:0.000000s ]
INFO: [ app_init ] --END-- [ RunTime:0.001000s ]
INFO: [ app_begin ] --START--
INFO: Run Behavior\ReadHtmlCacheBehavior [ RunTime:0.001000s ]
INFO: [ app_begin ] --END-- [ RunTime:0.001000s ]
SQL: SHOW COLUMNS FROM `saleman_order` [ RunTime:0.0010s ]
SQL: SELECT COUNT(*) AS tp_count FROM `saleman_order` WHERE ( isNew=0 ) LIMIT 1   [ RunTime:0.0010s ]
SQL: SHOW COLUMNS FROM `saleman_install` [ RunTime:0.0010s ]
SQL: SELECT COUNT(*) AS tp_count FROM `saleman_install` WHERE ( isNew=0 ) LIMIT 1   [ RunTime:0.0010s ]

[ 2018-05-10T14:31:46+08:00 ] 127.0.0.1 /luomansi/index.php/Admin/Index/getNew.html
INFO: [ app_init ] --START--
INFO: Run Behavior\BuildLiteBehavior [ RunTime:0.000000s ]
INFO: [ app_init ] --END-- [ RunTime:0.001000s ]
INFO: [ app_begin ] --START--
INFO: Run Behavior\ReadHtmlCacheBehavior [ RunTime:0.001000s ]
INFO: [ app_begin ] --END-- [ RunTime:0.001000s ]
SQL: SHOW COLUMNS FROM `saleman_order` [ RunTime:0.0010s ]
SQL: SELECT COUNT(*) AS tp_count FROM `saleman_order` WHERE ( isNew=0 ) LIMIT 1   [ RunTime:0.0000s ]
SQL: SHOW COLUMNS FROM `saleman_install` [ RunTime:0.0010s ]
SQL: SELECT COUNT(*) AS tp_count FROM `saleman_install` WHERE ( isNew=0 ) LIMIT 1   [ RunTime:0.0000s ]

[ 2018-05-10T14:31:56+08:00 ] 127.0.0.1 /luomansi/index.php/Admin/Index/getNew.html
INFO: [ app_init ] --START--
INFO: Run Behavior\BuildLiteBehavior [ RunTime:0.000000s ]
INFO: [ app_init ] --END-- [ RunTime:0.000000s ]
INFO: [ app_begin ] --START--
INFO: Run Behavior\ReadHtmlCacheBehavior [ RunTime:0.000000s ]
INFO: [ app_begin ] --END-- [ RunTime:0.000000s ]
SQL: SHOW COLUMNS FROM `saleman_order` [ RunTime:0.0010s ]
SQL: SELECT COUNT(*) AS tp_count FROM `saleman_order` WHERE ( isNew=0 ) LIMIT 1   [ RunTime:0.0010s ]
SQL: SHOW COLUMNS FROM `saleman_install` [ RunTime:0.0030s ]
SQL: SELECT COUNT(*) AS tp_count FROM `saleman_install` WHERE ( isNew=0 ) LIMIT 1   [ RunTime:0.0030s ]

[ 2018-05-10T14:32:06+08:00 ] 127.0.0.1 /luomansi/index.php/Admin/Index/getNew.html
INFO: [ app_init ] --START--
INFO: Run Behavior\BuildLiteBehavior [ RunTime:0.000000s ]
INFO: [ app_init ] --END-- [ RunTime:0.000000s ]
INFO: [ app_begin ] --START--
INFO: Run Behavior\ReadHtmlCacheBehavior [ RunTime:0.000000s ]
INFO: [ app_begin ] --END-- [ RunTime:0.000000s ]
SQL: SHOW COLUMNS FROM `saleman_order` [ RunTime:0.0010s ]
SQL: SELECT COUNT(*) AS tp_count FROM `saleman_order` WHERE ( isNew=0 ) LIMIT 1   [ RunTime:0.0010s ]
SQL: SHOW COLUMNS FROM `saleman_install` [ RunTime:0.0010s ]
SQL: SELECT COUNT(*) AS tp_count FROM `saleman_install` WHERE ( isNew=0 ) LIMIT 1   [ RunTime:0.0010s ]

[ 2018-05-10T14:32:16+08:00 ] 127.0.0.1 /luomansi/index.php/Admin/Index/getNew.html
INFO: [ app_init ] --START--
INFO: Run Behavior\BuildLiteBehavior [ RunTime:0.000000s ]
INFO: [ app_init ] --END-- [ RunTime:0.001000s ]
INFO: [ app_begin ] --START--
INFO: Run Behavior\ReadHtmlCacheBehavior [ RunTime:0.000000s ]
INFO: [ app_begin ] --END-- [ RunTime:0.000000s ]
SQL: SHOW COLUMNS FROM `saleman_order` [ RunTime:0.0010s ]
SQL: SELECT COUNT(*) AS tp_count FROM `saleman_order` WHERE ( isNew=0 ) LIMIT 1   [ RunTime:0.0000s ]
SQL: SHOW COLUMNS FROM `saleman_install` [ RunTime:0.0010s ]
SQL: SELECT COUNT(*) AS tp_count FROM `saleman_install` WHERE ( isNew=0 ) LIMIT 1   [ RunTime:0.0010s ]

[ 2018-05-10T14:32:26+08:00 ] 127.0.0.1 /luomansi/index.php/Admin/Index/getNew.html
INFO: [ app_init ] --START--
INFO: Run Behavior\BuildLiteBehavior [ RunTime:0.000000s ]
INFO: [ app_init ] --END-- [ RunTime:0.000000s ]
INFO: [ app_begin ] --START--
INFO: Run Behavior\ReadHtmlCacheBehavior [ RunTime:0.001000s ]
INFO: [ app_begin ] --END-- [ RunTime:0.001000s ]
SQL: SHOW COLUMNS FROM `saleman_order` [ RunTime:0.0010s ]
SQL: SELECT COUNT(*) AS tp_count FROM `saleman_order` WHERE ( isNew=0 ) LIMIT 1   [ RunTime:0.0000s ]
SQL: SHOW COLUMNS FROM `saleman_install` [ RunTime:0.0020s ]
SQL: SELECT COUNT(*) AS tp_count FROM `saleman_install` WHERE ( isNew=0 ) LIMIT 1   [ RunTime:0.0010s ]

[ 2018-05-10T14:32:36+08:00 ] 127.0.0.1 /luomansi/index.php/Admin/Index/getNew.html
INFO: [ app_init ] --START--
INFO: Run Behavior\BuildLiteBehavior [ RunTime:0.000000s ]
INFO: [ app_init ] --END-- [ RunTime:0.001000s ]
INFO: [ app_begin ] --START--
INFO: Run Behavior\ReadHtmlCacheBehavior [ RunTime:0.001000s ]
INFO: [ app_begin ] --END-- [ RunTime:0.001000s ]
SQL: SHOW COLUMNS FROM `saleman_order` [ RunTime:0.0000s ]
SQL: SELECT COUNT(*) AS tp_count FROM `saleman_order` WHERE ( isNew=0 ) LIMIT 1   [ RunTime:0.0000s ]
SQL: SHOW COLUMNS FROM `saleman_install` [ RunTime:0.0010s ]
SQL: SELECT COUNT(*) AS tp_count FROM `saleman_install` WHERE ( isNew=0 ) LIMIT 1   [ RunTime:0.0000s ]

[ 2018-05-10T14:32:46+08:00 ] 127.0.0.1 /luomansi/index.php/Admin/Index/getNew.html
INFO: [ app_init ] --START--
INFO: Run Behavior\BuildLiteBehavior [ RunTime:0.000000s ]
INFO: [ app_init ] --END-- [ RunTime:0.001000s ]
INFO: [ app_begin ] --START--
INFO: Run Behavior\ReadHtmlCacheBehavior [ RunTime:0.001000s ]
INFO: [ app_begin ] --END-- [ RunTime:0.001000s ]
SQL: SHOW COLUMNS FROM `saleman_order` [ RunTime:0.0010s ]
SQL: SELECT COUNT(*) AS tp_count FROM `saleman_order` WHERE ( isNew=0 ) LIMIT 1   [ RunTime:0.0000s ]
SQL: SHOW COLUMNS FROM `saleman_install` [ RunTime:0.0010s ]
SQL: SELECT COUNT(*) AS tp_count FROM `saleman_install` WHERE ( isNew=0 ) LIMIT 1   [ RunTime:0.0000s ]

[ 2018-05-10T14:32:56+08:00 ] 127.0.0.1 /luomansi/index.php/Admin/Index/getNew.html
INFO: [ app_init ] --START--
INFO: Run Behavior\BuildLiteBehavior [ RunTime:0.000000s ]
INFO: [ app_init ] --END-- [ RunTime:0.001000s ]
INFO: [ app_begin ] --START--
INFO: Run Behavior\ReadHtmlCacheBehavior [ RunTime:0.001001s ]
INFO: [ app_begin ] --END-- [ RunTime:0.001001s ]
SQL: SHOW COLUMNS FROM `saleman_order` [ RunTime:0.0010s ]
SQL: SELECT COUNT(*) AS tp_count FROM `saleman_order` WHERE ( isNew=0 ) LIMIT 1   [ RunTime:0.0000s ]
SQL: SHOW COLUMNS FROM `saleman_install` [ RunTime:0.0010s ]
SQL: SELECT COUNT(*) AS tp_count FROM `saleman_install` WHERE ( isNew=0 ) LIMIT 1   [ RunTime:0.0000s ]

[ 2018-05-10T14:33:06+08:00 ] 127.0.0.1 /luomansi/index.php/Admin/Index/getNew.html
INFO: [ app_init ] --START--
INFO: Run Behavior\BuildLiteBehavior [ RunTime:0.000000s ]
INFO: [ app_init ] --END-- [ RunTime:0.001000s ]
INFO: [ app_begin ] --START--
INFO: Run Behavior\ReadHtmlCacheBehavior [ RunTime:0.000000s ]
INFO: [ app_begin ] --END-- [ RunTime:0.000000s ]
SQL: SHOW COLUMNS FROM `saleman_order` [ RunTime:0.0010s ]
SQL: SELECT COUNT(*) AS tp_count FROM `saleman_order` WHERE ( isNew=0 ) LIMIT 1   [ RunTime:0.0010s ]
SQL: SHOW COLUMNS FROM `saleman_install` [ RunTime:0.0010s ]
SQL: SELECT COUNT(*) AS tp_count FROM `saleman_install` WHERE ( isNew=0 ) LIMIT 1   [ RunTime:0.0010s ]

[ 2018-05-10T14:33:16+08:00 ] 127.0.0.1 /luomansi/index.php/Admin/Index/getNew.html
INFO: [ app_init ] --START--
INFO: Run Behavior\BuildLiteBehavior [ RunTime:0.000000s ]
INFO: [ app_init ] --END-- [ RunTime:0.001000s ]
INFO: [ app_begin ] --START--
INFO: Run Behavior\ReadHtmlCacheBehavior [ RunTime:0.001000s ]
INFO: [ app_begin ] --END-- [ RunTime:0.001000s ]
SQL: SHOW COLUMNS FROM `saleman_order` [ RunTime:0.0010s ]
SQL: SELECT COUNT(*) AS tp_count FROM `saleman_order` WHERE ( isNew=0 ) LIMIT 1   [ RunTime:0.0020s ]
SQL: SHOW COLUMNS FROM `saleman_install` [ RunTime:0.0020s ]
SQL: SELECT COUNT(*) AS tp_count FROM `saleman_install` WHERE ( isNew=0 ) LIMIT 1   [ RunTime:0.0010s ]

[ 2018-05-10T14:33:26+08:00 ] 127.0.0.1 /luomansi/index.php/Admin/Index/getNew.html
INFO: [ app_init ] --START--
INFO: Run Behavior\BuildLiteBehavior [ RunTime:0.000000s ]
INFO: [ app_init ] --END-- [ RunTime:0.002000s ]
INFO: [ app_begin ] --START--
INFO: Run Behavior\ReadHtmlCacheBehavior [ RunTime:0.001001s ]
INFO: [ app_begin ] --END-- [ RunTime:0.001001s ]
SQL: SHOW COLUMNS FROM `saleman_order` [ RunTime:0.0010s ]
SQL: SELECT COUNT(*) AS tp_count FROM `saleman_order` WHERE ( isNew=0 ) LIMIT 1   [ RunTime:0.0000s ]
SQL: SHOW COLUMNS FROM `saleman_install` [ RunTime:0.0000s ]
SQL: SELECT COUNT(*) AS tp_count FROM `saleman_install` WHERE ( isNew=0 ) LIMIT 1   [ RunTime:0.0000s ]

[ 2018-05-10T14:33:36+08:00 ] 127.0.0.1 /luomansi/index.php/Admin/Index/getNew.html
INFO: [ app_init ] --START--
INFO: Run Behavior\BuildLiteBehavior [ RunTime:0.000000s ]
INFO: [ app_init ] --END-- [ RunTime:0.000000s ]
INFO: [ app_begin ] --START--
INFO: Run Behavior\ReadHtmlCacheBehavior [ RunTime:0.001000s ]
INFO: [ app_begin ] --END-- [ RunTime:0.001000s ]
SQL: SHOW COLUMNS FROM `saleman_order` [ RunTime:0.0010s ]
SQL: SELECT COUNT(*) AS tp_count FROM `saleman_order` WHERE ( isNew=0 ) LIMIT 1   [ RunTime:0.0010s ]
SQL: SHOW COLUMNS FROM `saleman_install` [ RunTime:0.0010s ]
SQL: SELECT COUNT(*) AS tp_count FROM `saleman_install` WHERE ( isNew=0 ) LIMIT 1   [ RunTime:0.0010s ]

[ 2018-05-10T14:33:46+08:00 ] 127.0.0.1 /luomansi/index.php/Admin/Index/getNew.html
INFO: [ app_init ] --START--
INFO: Run Behavior\BuildLiteBehavior [ RunTime:0.000000s ]
INFO: [ app_init ] --END-- [ RunTime:0.001000s ]
INFO: [ app_begin ] --START--
INFO: Run Behavior\ReadHtmlCacheBehavior [ RunTime:0.001000s ]
INFO: [ app_begin ] --END-- [ RunTime:0.001000s ]
SQL: SHOW COLUMNS FROM `saleman_order` [ RunTime:0.0010s ]
SQL: SELECT COUNT(*) AS tp_count FROM `saleman_order` WHERE ( isNew=0 ) LIMIT 1   [ RunTime:0.0000s ]
SQL: SHOW COLUMNS FROM `saleman_install` [ RunTime:0.0000s ]
SQL: SELECT COUNT(*) AS tp_count FROM `saleman_install` WHERE ( isNew=0 ) LIMIT 1   [ RunTime:0.0000s ]

[ 2018-05-10T14:33:56+08:00 ] 127.0.0.1 /luomansi/index.php/Admin/Index/getNew.html
INFO: [ app_init ] --START--
INFO: Run Behavior\BuildLiteBehavior [ RunTime:0.000000s ]
INFO: [ app_init ] --END-- [ RunTime:0.001000s ]
INFO: [ app_begin ] --START--
INFO: Run Behavior\ReadHtmlCacheBehavior [ RunTime:0.001000s ]
INFO: [ app_begin ] --END-- [ RunTime:0.001000s ]
SQL: SHOW COLUMNS FROM `saleman_order` [ RunTime:0.0010s ]
SQL: SELECT COUNT(*) AS tp_count FROM `saleman_order` WHERE ( isNew=0 ) LIMIT 1   [ RunTime:0.0000s ]
SQL: SHOW COLUMNS FROM `saleman_install` [ RunTime:0.0010s ]
SQL: SELECT COUNT(*) AS tp_count FROM `saleman_install` WHERE ( isNew=0 ) LIMIT 1   [ RunTime:0.0000s ]

[ 2018-05-10T14:34:06+08:00 ] 127.0.0.1 /luomansi/index.php/Admin/Index/getNew.html
INFO: [ app_init ] --START--
INFO: Run Behavior\BuildLiteBehavior [ RunTime:0.000000s ]
INFO: [ app_init ] --END-- [ RunTime:0.000000s ]
INFO: [ app_begin ] --START--
INFO: Run Behavior\ReadHtmlCacheBehavior [ RunTime:0.001000s ]
INFO: [ app_begin ] --END-- [ RunTime:0.001000s ]
SQL: SHOW COLUMNS FROM `saleman_order` [ RunTime:0.0000s ]
SQL: SELECT COUNT(*) AS tp_count FROM `saleman_order` WHERE ( isNew=0 ) LIMIT 1   [ RunTime:0.0000s ]
SQL: SHOW COLUMNS FROM `saleman_install` [ RunTime:0.0000s ]
SQL: SELECT COUNT(*) AS tp_count FROM `saleman_install` WHERE ( isNew=0 ) LIMIT 1   [ RunTime:0.0000s ]

[ 2018-05-10T14:34:16+08:00 ] 127.0.0.1 /luomansi/index.php/Admin/Index/getNew.html
INFO: [ app_init ] --START--
INFO: Run Behavior\BuildLiteBehavior [ RunTime:0.000000s ]
INFO: [ app_init ] --END-- [ RunTime:0.001000s ]
INFO: [ app_begin ] --START--
INFO: Run Behavior\ReadHtmlCacheBehavior [ RunTime:0.001000s ]
INFO: [ app_begin ] --END-- [ RunTime:0.001000s ]
SQL: SHOW COLUMNS FROM `saleman_order` [ RunTime:0.0010s ]
SQL: SELECT COUNT(*) AS tp_count FROM `saleman_order` WHERE ( isNew=0 ) LIMIT 1   [ RunTime:0.0010s ]
SQL: SHOW COLUMNS FROM `saleman_install` [ RunTime:0.0010s ]
SQL: SELECT COUNT(*) AS tp_count FROM `saleman_install` WHERE ( isNew=0 ) LIMIT 1   [ RunTime:0.0010s ]

[ 2018-05-10T14:34:26+08:00 ] 127.0.0.1 /luomansi/index.php/Admin/Index/getNew.html
INFO: [ app_init ] --START--
INFO: Run Behavior\BuildLiteBehavior [ RunTime:0.000000s ]
INFO: [ app_init ] --END-- [ RunTime:0.001000s ]
INFO: [ app_begin ] --START--
INFO: Run Behavior\ReadHtmlCacheBehavior [ RunTime:0.001000s ]
INFO: [ app_begin ] --END-- [ RunTime:0.001000s ]
SQL: SHOW COLUMNS FROM `saleman_order` [ RunTime:0.0010s ]
SQL: SELECT COUNT(*) AS tp_count FROM `saleman_order` WHERE ( isNew=0 ) LIMIT 1   [ RunTime:0.0010s ]
SQL: SHOW COLUMNS FROM `saleman_install` [ RunTime:0.0010s ]
SQL: SELECT COUNT(*) AS tp_count FROM `saleman_install` WHERE ( isNew=0 ) LIMIT 1   [ RunTime:0.0000s ]

[ 2018-05-10T14:34:36+08:00 ] 127.0.0.1 /luomansi/index.php/Admin/Index/getNew.html
INFO: [ app_init ] --START--
INFO: Run Behavior\BuildLiteBehavior [ RunTime:0.000000s ]
INFO: [ app_init ] --END-- [ RunTime:0.001000s ]
INFO: [ app_begin ] --START--
INFO: Run Behavior\ReadHtmlCacheBehavior [ RunTime:0.001000s ]
INFO: [ app_begin ] --END-- [ RunTime:0.001000s ]
SQL: SHOW COLUMNS FROM `saleman_order` [ RunTime:0.0010s ]
SQL: SELECT COUNT(*) AS tp_count FROM `saleman_order` WHERE ( isNew=0 ) LIMIT 1   [ RunTime:0.0000s ]
SQL: SHOW COLUMNS FROM `saleman_install` [ RunTime:0.0000s ]
SQL: SELECT COUNT(*) AS tp_count FROM `saleman_install` WHERE ( isNew=0 ) LIMIT 1   [ RunTime:0.0000s ]

[ 2018-05-10T14:34:46+08:00 ] 127.0.0.1 /luomansi/index.php/Admin/Index/getNew.html
INFO: [ app_init ] --START--
INFO: Run Behavior\BuildLiteBehavior [ RunTime:0.000000s ]
INFO: [ app_init ] --END-- [ RunTime:0.001000s ]
INFO: [ app_begin ] --START--
INFO: Run Behavior\ReadHtmlCacheBehavior [ RunTime:0.001000s ]
INFO: [ app_begin ] --END-- [ RunTime:0.001000s ]
SQL: SHOW COLUMNS FROM `saleman_order` [ RunTime:0.0010s ]
SQL: SELECT COUNT(*) AS tp_count FROM `saleman_order` WHERE ( isNew=0 ) LIMIT 1   [ RunTime:0.0000s ]
SQL: SHOW COLUMNS FROM `saleman_install` [ RunTime:0.0010s ]
SQL: SELECT COUNT(*) AS tp_count FROM `saleman_install` WHERE ( isNew=0 ) LIMIT 1   [ RunTime:0.0000s ]

[ 2018-05-10T14:34:56+08:00 ] 127.0.0.1 /luomansi/index.php/Admin/Index/getNew.html
INFO: [ app_init ] --START--
INFO: Run Behavior\BuildLiteBehavior [ RunTime:0.000000s ]
INFO: [ app_init ] --END-- [ RunTime:0.001000s ]
INFO: [ app_begin ] --START--
INFO: Run Behavior\ReadHtmlCacheBehavior [ RunTime:0.001000s ]
INFO: [ app_begin ] --END-- [ RunTime:0.001000s ]
SQL: SHOW COLUMNS FROM `saleman_order` [ RunTime:0.0000s ]
SQL: SELECT COUNT(*) AS tp_count FROM `saleman_order` WHERE ( isNew=0 ) LIMIT 1   [ RunTime:0.0000s ]
SQL: SHOW COLUMNS FROM `saleman_install` [ RunTime:0.0010s ]
SQL: SELECT COUNT(*) AS tp_count FROM `saleman_install` WHERE ( isNew=0 ) LIMIT 1   [ RunTime:0.0000s ]

[ 2018-05-10T14:35:06+08:00 ] 127.0.0.1 /luomansi/index.php/Admin/Index/getNew.html
INFO: [ app_init ] --START--
INFO: Run Behavior\BuildLiteBehavior [ RunTime:0.000000s ]
INFO: [ app_init ] --END-- [ RunTime:0.001000s ]
INFO: [ app_begin ] --START--
INFO: Run Behavior\ReadHtmlCacheBehavior [ RunTime:0.001000s ]
INFO: [ app_begin ] --END-- [ RunTime:0.001000s ]
SQL: SHOW COLUMNS FROM `saleman_order` [ RunTime:0.0010s ]
SQL: SELECT COUNT(*) AS tp_count FROM `saleman_order` WHERE ( isNew=0 ) LIMIT 1   [ RunTime:0.0000s ]
SQL: SHOW COLUMNS FROM `saleman_install` [ RunTime:0.0000s ]
SQL: SELECT COUNT(*) AS tp_count FROM `saleman_install` WHERE ( isNew=0 ) LIMIT 1   [ RunTime:0.0000s ]

[ 2018-05-10T14:35:16+08:00 ] 127.0.0.1 /luomansi/index.php/Admin/Index/getNew.html
INFO: [ app_init ] --START--
INFO: Run Behavior\BuildLiteBehavior [ RunTime:0.000000s ]
INFO: [ app_init ] --END-- [ RunTime:0.001000s ]
INFO: [ app_begin ] --START--
INFO: Run Behavior\ReadHtmlCacheBehavior [ RunTime:0.002000s ]
INFO: [ app_begin ] --END-- [ RunTime:0.002000s ]
SQL: SHOW COLUMNS FROM `saleman_order` [ RunTime:0.0010s ]
SQL: SELECT COUNT(*) AS tp_count FROM `saleman_order` WHERE ( isNew=0 ) LIMIT 1   [ RunTime:0.0000s ]
SQL: SHOW COLUMNS FROM `saleman_install` [ RunTime:0.0010s ]
SQL: SELECT COUNT(*) AS tp_count FROM `saleman_install` WHERE ( isNew=0 ) LIMIT 1   [ RunTime:0.0010s ]

[ 2018-05-10T14:35:26+08:00 ] 127.0.0.1 /luomansi/index.php/Admin/Index/getNew.html
INFO: [ app_init ] --START--
INFO: Run Behavior\BuildLiteBehavior [ RunTime:0.000000s ]
INFO: [ app_init ] --END-- [ RunTime:0.001000s ]
INFO: [ app_begin ] --START--
INFO: Run Behavior\ReadHtmlCacheBehavior [ RunTime:0.001000s ]
INFO: [ app_begin ] --END-- [ RunTime:0.001000s ]
SQL: SHOW COLUMNS FROM `saleman_order` [ RunTime:0.0010s ]
SQL: SELECT COUNT(*) AS tp_count FROM `saleman_order` WHERE ( isNew=0 ) LIMIT 1   [ RunTime:0.0000s ]
SQL: SHOW COLUMNS FROM `saleman_install` [ RunTime:0.0010s ]
SQL: SELECT COUNT(*) AS tp_count FROM `saleman_install` WHERE ( isNew=0 ) LIMIT 1   [ RunTime:0.0010s ]

[ 2018-05-10T14:35:36+08:00 ] 127.0.0.1 /luomansi/index.php/Admin/Index/getNew.html
INFO: [ app_init ] --START--
INFO: Run Behavior\BuildLiteBehavior [ RunTime:0.000000s ]
INFO: [ app_init ] --END-- [ RunTime:0.000000s ]
INFO: [ app_begin ] --START--
INFO: Run Behavior\ReadHtmlCacheBehavior [ RunTime:0.001000s ]
INFO: [ app_begin ] --END-- [ RunTime:0.001000s ]
SQL: SHOW COLUMNS FROM `saleman_order` [ RunTime:0.0000s ]
SQL: SELECT COUNT(*) AS tp_count FROM `saleman_order` WHERE ( isNew=0 ) LIMIT 1   [ RunTime:0.0000s ]
SQL: SHOW COLUMNS FROM `saleman_install` [ RunTime:0.0010s ]
SQL: SELECT COUNT(*) AS tp_count FROM `saleman_install` WHERE ( isNew=0 ) LIMIT 1   [ RunTime:0.0000s ]

[ 2018-05-10T14:35:46+08:00 ] 127.0.0.1 /luomansi/index.php/Admin/Index/getNew.html
INFO: [ app_init ] --START--
INFO: Run Behavior\BuildLiteBehavior [ RunTime:0.000000s ]
INFO: [ app_init ] --END-- [ RunTime:0.001000s ]
INFO: [ app_begin ] --START--
INFO: Run Behavior\ReadHtmlCacheBehavior [ RunTime:0.001000s ]
INFO: [ app_begin ] --END-- [ RunTime:0.001000s ]
SQL: SHOW COLUMNS FROM `saleman_order` [ RunTime:0.0010s ]
SQL: SELECT COUNT(*) AS tp_count FROM `saleman_order` WHERE ( isNew=0 ) LIMIT 1   [ RunTime:0.0000s ]
SQL: SHOW COLUMNS FROM `saleman_install` [ RunTime:0.0000s ]
SQL: SELECT COUNT(*) AS tp_count FROM `saleman_install` WHERE ( isNew=0 ) LIMIT 1   [ RunTime:0.0000s ]

[ 2018-05-10T14:35:56+08:00 ] 127.0.0.1 /luomansi/index.php/Admin/Index/getNew.html
INFO: [ app_init ] --START--
INFO: Run Behavior\BuildLiteBehavior [ RunTime:0.000000s ]
INFO: [ app_init ] --END-- [ RunTime:0.001001s ]
INFO: [ app_begin ] --START--
INFO: Run Behavior\ReadHtmlCacheBehavior [ RunTime:0.001000s ]
INFO: [ app_begin ] --END-- [ RunTime:0.001000s ]
SQL: SHOW COLUMNS FROM `saleman_order` [ RunTime:0.0010s ]
SQL: SELECT COUNT(*) AS tp_count FROM `saleman_order` WHERE ( isNew=0 ) LIMIT 1   [ RunTime:0.0000s ]
SQL: SHOW COLUMNS FROM `saleman_install` [ RunTime:0.0010s ]
SQL: SELECT COUNT(*) AS tp_count FROM `saleman_install` WHERE ( isNew=0 ) LIMIT 1   [ RunTime:0.0000s ]

[ 2018-05-10T14:36:06+08:00 ] 127.0.0.1 /luomansi/index.php/Admin/Index/getNew.html
INFO: [ app_init ] --START--
INFO: Run Behavior\BuildLiteBehavior [ RunTime:0.000000s ]
INFO: [ app_init ] --END-- [ RunTime:0.001000s ]
INFO: [ app_begin ] --START--
INFO: Run Behavior\ReadHtmlCacheBehavior [ RunTime:0.001000s ]
INFO: [ app_begin ] --END-- [ RunTime:0.001000s ]
SQL: SHOW COLUMNS FROM `saleman_order` [ RunTime:0.0010s ]
SQL: SELECT COUNT(*) AS tp_count FROM `saleman_order` WHERE ( isNew=0 ) LIMIT 1   [ RunTime:0.0000s ]
SQL: SHOW COLUMNS FROM `saleman_install` [ RunTime:0.0000s ]
SQL: SELECT COUNT(*) AS tp_count FROM `saleman_install` WHERE ( isNew=0 ) LIMIT 1   [ RunTime:0.0000s ]

[ 2018-05-10T14:36:16+08:00 ] 127.0.0.1 /luomansi/index.php/Admin/Index/getNew.html
INFO: [ app_init ] --START--
INFO: Run Behavior\BuildLiteBehavior [ RunTime:0.000000s ]
INFO: [ app_init ] --END-- [ RunTime:0.001000s ]
INFO: [ app_begin ] --START--
INFO: Run Behavior\ReadHtmlCacheBehavior [ RunTime:0.001000s ]
INFO: [ app_begin ] --END-- [ RunTime:0.001000s ]
SQL: SHOW COLUMNS FROM `saleman_order` [ RunTime:0.0010s ]
SQL: SELECT COUNT(*) AS tp_count FROM `saleman_order` WHERE ( isNew=0 ) LIMIT 1   [ RunTime:0.0000s ]
SQL: SHOW COLUMNS FROM `saleman_install` [ RunTime:0.0010s ]
SQL: SELECT COUNT(*) AS tp_count FROM `saleman_install` WHERE ( isNew=0 ) LIMIT 1   [ RunTime:0.0000s ]

[ 2018-05-10T14:36:26+08:00 ] 127.0.0.1 /luomansi/index.php/Admin/Index/getNew.html
INFO: [ app_init ] --START--
INFO: Run Behavior\BuildLiteBehavior [ RunTime:0.000000s ]
INFO: [ app_init ] --END-- [ RunTime:0.001000s ]
INFO: [ app_begin ] --START--
INFO: Run Behavior\ReadHtmlCacheBehavior [ RunTime:0.002000s ]
INFO: [ app_begin ] --END-- [ RunTime:0.002000s ]
SQL: SHOW COLUMNS FROM `saleman_order` [ RunTime:0.0000s ]
SQL: SELECT COUNT(*) AS tp_count FROM `saleman_order` WHERE ( isNew=0 ) LIMIT 1   [ RunTime:0.0000s ]
SQL: SHOW COLUMNS FROM `saleman_install` [ RunTime:0.0010s ]
SQL: SELECT COUNT(*) AS tp_count FROM `saleman_install` WHERE ( isNew=0 ) LIMIT 1   [ RunTime:0.0010s ]

[ 2018-05-10T14:36:36+08:00 ] 127.0.0.1 /luomansi/index.php/Admin/Index/getNew.html
INFO: [ app_init ] --START--
INFO: Run Behavior\BuildLiteBehavior [ RunTime:0.000000s ]
INFO: [ app_init ] --END-- [ RunTime:0.001000s ]
INFO: [ app_begin ] --START--
INFO: Run Behavior\ReadHtmlCacheBehavior [ RunTime:0.001000s ]
INFO: [ app_begin ] --END-- [ RunTime:0.001000s ]
SQL: SHOW COLUMNS FROM `saleman_order` [ RunTime:0.0000s ]
SQL: SELECT COUNT(*) AS tp_count FROM `saleman_order` WHERE ( isNew=0 ) LIMIT 1   [ RunTime:0.0000s ]
SQL: SHOW COLUMNS FROM `saleman_install` [ RunTime:0.0010s ]
SQL: SELECT COUNT(*) AS tp_count FROM `saleman_install` WHERE ( isNew=0 ) LIMIT 1   [ RunTime:0.0010s ]

[ 2018-05-10T14:36:46+08:00 ] 127.0.0.1 /luomansi/index.php/Admin/Index/getNew.html
INFO: [ app_init ] --START--
INFO: Run Behavior\BuildLiteBehavior [ RunTime:0.000000s ]
INFO: [ app_init ] --END-- [ RunTime:0.001000s ]
INFO: [ app_begin ] --START--
INFO: Run Behavior\ReadHtmlCacheBehavior [ RunTime:0.001001s ]
INFO: [ app_begin ] --END-- [ RunTime:0.001001s ]
SQL: SHOW COLUMNS FROM `saleman_order` [ RunTime:0.0010s ]
SQL: SELECT COUNT(*) AS tp_count FROM `saleman_order` WHERE ( isNew=0 ) LIMIT 1   [ RunTime:0.0000s ]
SQL: SHOW COLUMNS FROM `saleman_install` [ RunTime:0.0000s ]
SQL: SELECT COUNT(*) AS tp_count FROM `saleman_install` WHERE ( isNew=0 ) LIMIT 1   [ RunTime:0.0000s ]

[ 2018-05-10T14:36:56+08:00 ] 127.0.0.1 /luomansi/index.php/Admin/Index/getNew.html
INFO: [ app_init ] --START--
INFO: Run Behavior\BuildLiteBehavior [ RunTime:0.000000s ]
INFO: [ app_init ] --END-- [ RunTime:0.001000s ]
INFO: [ app_begin ] --START--
INFO: Run Behavior\ReadHtmlCacheBehavior [ RunTime:0.001000s ]
INFO: [ app_begin ] --END-- [ RunTime:0.001000s ]
SQL: SHOW COLUMNS FROM `saleman_order` [ RunTime:0.0010s ]
SQL: SELECT COUNT(*) AS tp_count FROM `saleman_order` WHERE ( isNew=0 ) LIMIT 1   [ RunTime:0.0010s ]
SQL: SHOW COLUMNS FROM `saleman_install` [ RunTime:0.0000s ]
SQL: SELECT COUNT(*) AS tp_count FROM `saleman_install` WHERE ( isNew=0 ) LIMIT 1   [ RunTime:0.0000s ]

[ 2018-05-10T14:37:06+08:00 ] 127.0.0.1 /luomansi/index.php/Admin/Index/getNew.html
INFO: [ app_init ] --START--
INFO: Run Behavior\BuildLiteBehavior [ RunTime:0.000000s ]
INFO: [ app_init ] --END-- [ RunTime:0.001001s ]
INFO: [ app_begin ] --START--
INFO: Run Behavior\ReadHtmlCacheBehavior [ RunTime:0.001000s ]
INFO: [ app_begin ] --END-- [ RunTime:0.001000s ]
SQL: SHOW COLUMNS FROM `saleman_order` [ RunTime:0.0010s ]
SQL: SELECT COUNT(*) AS tp_count FROM `saleman_order` WHERE ( isNew=0 ) LIMIT 1   [ RunTime:0.0010s ]
SQL: SHOW COLUMNS FROM `saleman_install` [ RunTime:0.0010s ]
SQL: SELECT COUNT(*) AS tp_count FROM `saleman_install` WHERE ( isNew=0 ) LIMIT 1   [ RunTime:0.0010s ]

[ 2018-05-10T14:37:16+08:00 ] 127.0.0.1 /luomansi/index.php/Admin/Index/getNew.html
INFO: [ app_init ] --START--
INFO: Run Behavior\BuildLiteBehavior [ RunTime:0.000000s ]
INFO: [ app_init ] --END-- [ RunTime:0.001000s ]
INFO: [ app_begin ] --START--
INFO: Run Behavior\ReadHtmlCacheBehavior [ RunTime:0.001000s ]
INFO: [ app_begin ] --END-- [ RunTime:0.001000s ]
SQL: SHOW COLUMNS FROM `saleman_order` [ RunTime:0.0010s ]
SQL: SELECT COUNT(*) AS tp_count FROM `saleman_order` WHERE ( isNew=0 ) LIMIT 1   [ RunTime:0.0000s ]
SQL: SHOW COLUMNS FROM `saleman_install` [ RunTime:0.0000s ]
SQL: SELECT COUNT(*) AS tp_count FROM `saleman_install` WHERE ( isNew=0 ) LIMIT 1   [ RunTime:0.0000s ]

[ 2018-05-10T14:37:26+08:00 ] 127.0.0.1 /luomansi/index.php/Admin/Index/getNew.html
INFO: [ app_init ] --START--
INFO: Run Behavior\BuildLiteBehavior [ RunTime:0.000000s ]
INFO: [ app_init ] --END-- [ RunTime:0.000000s ]
INFO: [ app_begin ] --START--
INFO: Run Behavior\ReadHtmlCacheBehavior [ RunTime:0.001000s ]
INFO: [ app_begin ] --END-- [ RunTime:0.001000s ]
SQL: SHOW COLUMNS FROM `saleman_order` [ RunTime:0.0010s ]
SQL: SELECT COUNT(*) AS tp_count FROM `saleman_order` WHERE ( isNew=0 ) LIMIT 1   [ RunTime:0.0000s ]
SQL: SHOW COLUMNS FROM `saleman_install` [ RunTime:0.0010s ]
SQL: SELECT COUNT(*) AS tp_count FROM `saleman_install` WHERE ( isNew=0 ) LIMIT 1   [ RunTime:0.0000s ]

[ 2018-05-10T14:37:36+08:00 ] 127.0.0.1 /luomansi/index.php/Admin/Index/getNew.html
INFO: [ app_init ] --START--
INFO: Run Behavior\BuildLiteBehavior [ RunTime:0.000000s ]
INFO: [ app_init ] --END-- [ RunTime:0.001000s ]
INFO: [ app_begin ] --START--
INFO: Run Behavior\ReadHtmlCacheBehavior [ RunTime:0.000000s ]
INFO: [ app_begin ] --END-- [ RunTime:0.000000s ]
SQL: SHOW COLUMNS FROM `saleman_order` [ RunTime:0.0010s ]
SQL: SELECT COUNT(*) AS tp_count FROM `saleman_order` WHERE ( isNew=0 ) LIMIT 1   [ RunTime:0.0000s ]
SQL: SHOW COLUMNS FROM `saleman_install` [ RunTime:0.0000s ]
SQL: SELECT COUNT(*) AS tp_count FROM `saleman_install` WHERE ( isNew=0 ) LIMIT 1   [ RunTime:0.0000s ]

[ 2018-05-10T14:37:46+08:00 ] 127.0.0.1 /luomansi/index.php/Admin/Index/getNew.html
INFO: [ app_init ] --START--
INFO: Run Behavior\BuildLiteBehavior [ RunTime:0.000000s ]
INFO: [ app_init ] --END-- [ RunTime:0.001000s ]
INFO: [ app_begin ] --START--
INFO: Run Behavior\ReadHtmlCacheBehavior [ RunTime:0.001000s ]
INFO: [ app_begin ] --END-- [ RunTime:0.002000s ]
SQL: SHOW COLUMNS FROM `saleman_order` [ RunTime:0.0010s ]
SQL: SELECT COUNT(*) AS tp_count FROM `saleman_order` WHERE ( isNew=0 ) LIMIT 1   [ RunTime:0.0000s ]
SQL: SHOW COLUMNS FROM `saleman_install` [ RunTime:0.0000s ]
SQL: SELECT COUNT(*) AS tp_count FROM `saleman_install` WHERE ( isNew=0 ) LIMIT 1   [ RunTime:0.0000s ]

[ 2018-05-10T14:37:56+08:00 ] 127.0.0.1 /luomansi/index.php/Admin/Index/getNew.html
INFO: [ app_init ] --START--
INFO: Run Behavior\BuildLiteBehavior [ RunTime:0.000000s ]
INFO: [ app_init ] --END-- [ RunTime:0.001000s ]
INFO: [ app_begin ] --START--
INFO: Run Behavior\ReadHtmlCacheBehavior [ RunTime:0.001000s ]
INFO: [ app_begin ] --END-- [ RunTime:0.001000s ]
SQL: SHOW COLUMNS FROM `saleman_order` [ RunTime:0.0010s ]
SQL: SELECT COUNT(*) AS tp_count FROM `saleman_order` WHERE ( isNew=0 ) LIMIT 1   [ RunTime:0.0010s ]
SQL: SHOW COLUMNS FROM `saleman_install` [ RunTime:0.0010s ]
SQL: SELECT COUNT(*) AS tp_count FROM `saleman_install` WHERE ( isNew=0 ) LIMIT 1   [ RunTime:0.0000s ]

[ 2018-05-10T14:38:06+08:00 ] 127.0.0.1 /luomansi/index.php/Admin/Index/getNew.html
INFO: [ app_init ] --START--
INFO: Run Behavior\BuildLiteBehavior [ RunTime:0.000000s ]
INFO: [ app_init ] --END-- [ RunTime:0.001000s ]
INFO: [ app_begin ] --START--
INFO: Run Behavior\ReadHtmlCacheBehavior [ RunTime:0.001000s ]
INFO: [ app_begin ] --END-- [ RunTime:0.001000s ]
SQL: SHOW COLUMNS FROM `saleman_order` [ RunTime:0.0000s ]
SQL: SELECT COUNT(*) AS tp_count FROM `saleman_order` WHERE ( isNew=0 ) LIMIT 1   [ RunTime:0.0000s ]
SQL: SHOW COLUMNS FROM `saleman_install` [ RunTime:0.0010s ]
SQL: SELECT COUNT(*) AS tp_count FROM `saleman_install` WHERE ( isNew=0 ) LIMIT 1   [ RunTime:0.0010s ]

[ 2018-05-10T14:38:16+08:00 ] 127.0.0.1 /luomansi/index.php/Admin/Index/getNew.html
INFO: [ app_init ] --START--
INFO: Run Behavior\BuildLiteBehavior [ RunTime:0.000000s ]
INFO: [ app_init ] --END-- [ RunTime:0.001000s ]
INFO: [ app_begin ] --START--
INFO: Run Behavior\ReadHtmlCacheBehavior [ RunTime:0.001000s ]
INFO: [ app_begin ] --END-- [ RunTime:0.001000s ]
SQL: SHOW COLUMNS FROM `saleman_order` [ RunTime:0.0010s ]
SQL: SELECT COUNT(*) AS tp_count FROM `saleman_order` WHERE ( isNew=0 ) LIMIT 1   [ RunTime:0.0000s ]
SQL: SHOW COLUMNS FROM `saleman_install` [ RunTime:0.0000s ]
SQL: SELECT COUNT(*) AS tp_count FROM `saleman_install` WHERE ( isNew=0 ) LIMIT 1   [ RunTime:0.0010s ]

[ 2018-05-10T14:38:26+08:00 ] 127.0.0.1 /luomansi/index.php/Admin/Index/getNew.html
INFO: [ app_init ] --START--
INFO: Run Behavior\BuildLiteBehavior [ RunTime:0.000000s ]
INFO: [ app_init ] --END-- [ RunTime:0.001000s ]
INFO: [ app_begin ] --START--
INFO: Run Behavior\ReadHtmlCacheBehavior [ RunTime:0.001000s ]
INFO: [ app_begin ] --END-- [ RunTime:0.001000s ]
SQL: SHOW COLUMNS FROM `saleman_order` [ RunTime:0.0010s ]
SQL: SELECT COUNT(*) AS tp_count FROM `saleman_order` WHERE ( isNew=0 ) LIMIT 1   [ RunTime:0.0000s ]
SQL: SHOW COLUMNS FROM `saleman_install` [ RunTime:0.0010s ]
SQL: SELECT COUNT(*) AS tp_count FROM `saleman_install` WHERE ( isNew=0 ) LIMIT 1   [ RunTime:0.0000s ]

[ 2018-05-10T14:38:35+08:00 ] 127.0.0.1 /luomansi/index.php/Admin/Index/getNew.html
INFO: [ app_init ] --START--
INFO: Run Behavior\BuildLiteBehavior [ RunTime:0.000000s ]
INFO: [ app_init ] --END-- [ RunTime:0.001000s ]
INFO: [ app_begin ] --START--
INFO: Run Behavior\ReadHtmlCacheBehavior [ RunTime:0.001000s ]
INFO: [ app_begin ] --END-- [ RunTime:0.001000s ]
SQL: SHOW COLUMNS FROM `saleman_order` [ RunTime:0.0010s ]
SQL: SELECT COUNT(*) AS tp_count FROM `saleman_order` WHERE ( isNew=0 ) LIMIT 1   [ RunTime:0.0000s ]
SQL: SHOW COLUMNS FROM `saleman_install` [ RunTime:0.0010s ]
SQL: SELECT COUNT(*) AS tp_count FROM `saleman_install` WHERE ( isNew=0 ) LIMIT 1   [ RunTime:0.0000s ]

[ 2018-05-10T14:38:46+08:00 ] 127.0.0.1 /luomansi/index.php/Admin/Index/getNew.html
INFO: [ app_init ] --START--
INFO: Run Behavior\BuildLiteBehavior [ RunTime:0.000000s ]
INFO: [ app_init ] --END-- [ RunTime:0.001000s ]
INFO: [ app_begin ] --START--
INFO: Run Behavior\ReadHtmlCacheBehavior [ RunTime:0.001000s ]
INFO: [ app_begin ] --END-- [ RunTime:0.001000s ]
SQL: SHOW COLUMNS FROM `saleman_order` [ RunTime:0.0010s ]
SQL: SELECT COUNT(*) AS tp_count FROM `saleman_order` WHERE ( isNew=0 ) LIMIT 1   [ RunTime:0.0000s ]
SQL: SHOW COLUMNS FROM `saleman_install` [ RunTime:0.0010s ]
SQL: SELECT COUNT(*) AS tp_count FROM `saleman_install` WHERE ( isNew=0 ) LIMIT 1   [ RunTime:0.0000s ]

[ 2018-05-10T14:38:56+08:00 ] 127.0.0.1 /luomansi/index.php/Admin/Index/getNew.html
INFO: [ app_init ] --START--
INFO: Run Behavior\BuildLiteBehavior [ RunTime:0.000000s ]
INFO: [ app_init ] --END-- [ RunTime:0.000000s ]
INFO: [ app_begin ] --START--
INFO: Run Behavior\ReadHtmlCacheBehavior [ RunTime:0.001000s ]
INFO: [ app_begin ] --END-- [ RunTime:0.001000s ]
SQL: SHOW COLUMNS FROM `saleman_order` [ RunTime:0.0010s ]
SQL: SELECT COUNT(*) AS tp_count FROM `saleman_order` WHERE ( isNew=0 ) LIMIT 1   [ RunTime:0.0000s ]
SQL: SHOW COLUMNS FROM `saleman_install` [ RunTime:0.0000s ]
SQL: SELECT COUNT(*) AS tp_count FROM `saleman_install` WHERE ( isNew=0 ) LIMIT 1   [ RunTime:0.0000s ]

[ 2018-05-10T14:39:06+08:00 ] 127.0.0.1 /luomansi/index.php/Admin/Index/getNew.html
INFO: [ app_init ] --START--
INFO: Run Behavior\BuildLiteBehavior [ RunTime:0.000000s ]
INFO: [ app_init ] --END-- [ RunTime:0.000000s ]
INFO: [ app_begin ] --START--
INFO: Run Behavior\ReadHtmlCacheBehavior [ RunTime:0.001000s ]
INFO: [ app_begin ] --END-- [ RunTime:0.001000s ]
SQL: SHOW COLUMNS FROM `saleman_order` [ RunTime:0.0010s ]
SQL: SELECT COUNT(*) AS tp_count FROM `saleman_order` WHERE ( isNew=0 ) LIMIT 1   [ RunTime:0.0000s ]
SQL: SHOW COLUMNS FROM `saleman_install` [ RunTime:0.0010s ]
SQL: SELECT COUNT(*) AS tp_count FROM `saleman_install` WHERE ( isNew=0 ) LIMIT 1   [ RunTime:0.0000s ]

[ 2018-05-10T14:39:16+08:00 ] 127.0.0.1 /luomansi/index.php/Admin/Index/getNew.html
INFO: [ app_init ] --START--
INFO: Run Behavior\BuildLiteBehavior [ RunTime:0.000000s ]
INFO: [ app_init ] --END-- [ RunTime:0.000000s ]
INFO: [ app_begin ] --START--
INFO: Run Behavior\ReadHtmlCacheBehavior [ RunTime:0.001000s ]
INFO: [ app_begin ] --END-- [ RunTime:0.001000s ]
SQL: SHOW COLUMNS FROM `saleman_order` [ RunTime:0.0010s ]
SQL: SELECT COUNT(*) AS tp_count FROM `saleman_order` WHERE ( isNew=0 ) LIMIT 1   [ RunTime:0.0000s ]
SQL: SHOW COLUMNS FROM `saleman_install` [ RunTime:0.0010s ]
SQL: SELECT COUNT(*) AS tp_count FROM `saleman_install` WHERE ( isNew=0 ) LIMIT 1   [ RunTime:0.0000s ]

[ 2018-05-10T14:39:26+08:00 ] 127.0.0.1 /luomansi/index.php/Admin/Index/getNew.html
INFO: [ app_init ] --START--
INFO: Run Behavior\BuildLiteBehavior [ RunTime:0.000000s ]
INFO: [ app_init ] --END-- [ RunTime:0.001000s ]
INFO: [ app_begin ] --START--
INFO: Run Behavior\ReadHtmlCacheBehavior [ RunTime:0.001000s ]
INFO: [ app_begin ] --END-- [ RunTime:0.001000s ]
SQL: SHOW COLUMNS FROM `saleman_order` [ RunTime:0.0010s ]
SQL: SELECT COUNT(*) AS tp_count FROM `saleman_order` WHERE ( isNew=0 ) LIMIT 1   [ RunTime:0.0000s ]
SQL: SHOW COLUMNS FROM `saleman_install` [ RunTime:0.0000s ]
SQL: SELECT COUNT(*) AS tp_count FROM `saleman_install` WHERE ( isNew=0 ) LIMIT 1   [ RunTime:0.0000s ]

[ 2018-05-10T14:39:36+08:00 ] 127.0.0.1 /luomansi/index.php/Admin/Index/getNew.html
INFO: [ app_init ] --START--
INFO: Run Behavior\BuildLiteBehavior [ RunTime:0.000000s ]
INFO: [ app_init ] --END-- [ RunTime:0.002000s ]
INFO: [ app_begin ] --START--
INFO: Run Behavior\ReadHtmlCacheBehavior [ RunTime:0.001000s ]
INFO: [ app_begin ] --END-- [ RunTime:0.001000s ]
SQL: SHOW COLUMNS FROM `saleman_order` [ RunTime:0.0000s ]
SQL: SELECT COUNT(*) AS tp_count FROM `saleman_order` WHERE ( isNew=0 ) LIMIT 1   [ RunTime:0.0000s ]
SQL: SHOW COLUMNS FROM `saleman_install` [ RunTime:0.0010s ]
SQL: SELECT COUNT(*) AS tp_count FROM `saleman_install` WHERE ( isNew=0 ) LIMIT 1   [ RunTime:0.0000s ]

[ 2018-05-10T14:39:46+08:00 ] 127.0.0.1 /luomansi/index.php/Admin/Index/getNew.html
INFO: [ app_init ] --START--
INFO: Run Behavior\BuildLiteBehavior [ RunTime:0.000000s ]
INFO: [ app_init ] --END-- [ RunTime:0.001000s ]
INFO: [ app_begin ] --START--
INFO: Run Behavior\ReadHtmlCacheBehavior [ RunTime:0.001000s ]
INFO: [ app_begin ] --END-- [ RunTime:0.001000s ]
SQL: SHOW COLUMNS FROM `saleman_order` [ RunTime:0.0010s ]
SQL: SELECT COUNT(*) AS tp_count FROM `saleman_order` WHERE ( isNew=0 ) LIMIT 1   [ RunTime:0.0010s ]
SQL: SHOW COLUMNS FROM `saleman_install` [ RunTime:0.0010s ]
SQL: SELECT COUNT(*) AS tp_count FROM `saleman_install` WHERE ( isNew=0 ) LIMIT 1   [ RunTime:0.0000s ]

[ 2018-05-10T14:39:56+08:00 ] 127.0.0.1 /luomansi/index.php/Admin/Index/getNew.html
INFO: [ app_init ] --START--
INFO: Run Behavior\BuildLiteBehavior [ RunTime:0.000000s ]
INFO: [ app_init ] --END-- [ RunTime:0.001000s ]
INFO: [ app_begin ] --START--
INFO: Run Behavior\ReadHtmlCacheBehavior [ RunTime:0.001000s ]
INFO: [ app_begin ] --END-- [ RunTime:0.001000s ]
SQL: SHOW COLUMNS FROM `saleman_order` [ RunTime:0.0010s ]
SQL: SELECT COUNT(*) AS tp_count FROM `saleman_order` WHERE ( isNew=0 ) LIMIT 1   [ RunTime:0.0000s ]
SQL: SHOW COLUMNS FROM `saleman_install` [ RunTime:0.0000s ]
SQL: SELECT COUNT(*) AS tp_count FROM `saleman_install` WHERE ( isNew=0 ) LIMIT 1   [ RunTime:0.0000s ]

[ 2018-05-10T14:40:06+08:00 ] 127.0.0.1 /luomansi/index.php/Admin/Index/getNew.html
INFO: [ app_init ] --START--
INFO: Run Behavior\BuildLiteBehavior [ RunTime:0.000000s ]
INFO: [ app_init ] --END-- [ RunTime:0.000000s ]
INFO: [ app_begin ] --START--
INFO: Run Behavior\ReadHtmlCacheBehavior [ RunTime:0.001000s ]
INFO: [ app_begin ] --END-- [ RunTime:0.001000s ]
SQL: SHOW COLUMNS FROM `saleman_order` [ RunTime:0.0010s ]
SQL: SELECT COUNT(*) AS tp_count FROM `saleman_order` WHERE ( isNew=0 ) LIMIT 1   [ RunTime:0.0000s ]
SQL: SHOW COLUMNS FROM `saleman_install` [ RunTime:0.0010s ]
SQL: SELECT COUNT(*) AS tp_count FROM `saleman_install` WHERE ( isNew=0 ) LIMIT 1   [ RunTime:0.0000s ]

[ 2018-05-10T14:40:16+08:00 ] 127.0.0.1 /luomansi/index.php/Admin/Index/getNew.html
INFO: [ app_init ] --START--
INFO: Run Behavior\BuildLiteBehavior [ RunTime:0.000000s ]
INFO: [ app_init ] --END-- [ RunTime:0.001000s ]
INFO: [ app_begin ] --START--
INFO: Run Behavior\ReadHtmlCacheBehavior [ RunTime:0.001000s ]
INFO: [ app_begin ] --END-- [ RunTime:0.001000s ]
SQL: SHOW COLUMNS FROM `saleman_order` [ RunTime:0.0000s ]
SQL: SELECT COUNT(*) AS tp_count FROM `saleman_order` WHERE ( isNew=0 ) LIMIT 1   [ RunTime:0.0000s ]
SQL: SHOW COLUMNS FROM `saleman_install` [ RunTime:0.0010s ]
SQL: SELECT COUNT(*) AS tp_count FROM `saleman_install` WHERE ( isNew=0 ) LIMIT 1   [ RunTime:0.0000s ]

[ 2018-05-10T14:40:26+08:00 ] 127.0.0.1 /luomansi/index.php/Admin/Index/getNew.html
INFO: [ app_init ] --START--
INFO: Run Behavior\BuildLiteBehavior [ RunTime:0.000000s ]
INFO: [ app_init ] --END-- [ RunTime:0.000000s ]
INFO: [ app_begin ] --START--
INFO: Run Behavior\ReadHtmlCacheBehavior [ RunTime:0.001000s ]
INFO: [ app_begin ] --END-- [ RunTime:0.001000s ]
SQL: SHOW COLUMNS FROM `saleman_order` [ RunTime:0.0000s ]
SQL: SELECT COUNT(*) AS tp_count FROM `saleman_order` WHERE ( isNew=0 ) LIMIT 1   [ RunTime:0.0010s ]
SQL: SHOW COLUMNS FROM `saleman_install` [ RunTime:0.0010s ]
SQL: SELECT COUNT(*) AS tp_count FROM `saleman_install` WHERE ( isNew=0 ) LIMIT 1   [ RunTime:0.0010s ]

[ 2018-05-10T14:40:36+08:00 ] 127.0.0.1 /luomansi/index.php/Admin/Index/getNew.html
INFO: [ app_init ] --START--
INFO: Run Behavior\BuildLiteBehavior [ RunTime:0.000000s ]
INFO: [ app_init ] --END-- [ RunTime:0.000000s ]
INFO: [ app_begin ] --START--
INFO: Run Behavior\ReadHtmlCacheBehavior [ RunTime:0.001000s ]
INFO: [ app_begin ] --END-- [ RunTime:0.002000s ]
SQL: SHOW COLUMNS FROM `saleman_order` [ RunTime:0.0010s ]
SQL: SELECT COUNT(*) AS tp_count FROM `saleman_order` WHERE ( isNew=0 ) LIMIT 1   [ RunTime:0.0010s ]
SQL: SHOW COLUMNS FROM `saleman_install` [ RunTime:0.0010s ]
SQL: SELECT COUNT(*) AS tp_count FROM `saleman_install` WHERE ( isNew=0 ) LIMIT 1   [ RunTime:0.0020s ]

[ 2018-05-10T14:40:46+08:00 ] 127.0.0.1 /luomansi/index.php/Admin/Index/getNew.html
INFO: [ app_init ] --START--
INFO: Run Behavior\BuildLiteBehavior [ RunTime:0.000000s ]
INFO: [ app_init ] --END-- [ RunTime:0.001000s ]
INFO: [ app_begin ] --START--
INFO: Run Behavior\ReadHtmlCacheBehavior [ RunTime:0.001000s ]
INFO: [ app_begin ] --END-- [ RunTime:0.001000s ]
SQL: SHOW COLUMNS FROM `saleman_order` [ RunTime:0.0010s ]
SQL: SELECT COUNT(*) AS tp_count FROM `saleman_order` WHERE ( isNew=0 ) LIMIT 1   [ RunTime:0.0010s ]
SQL: SHOW COLUMNS FROM `saleman_install` [ RunTime:0.0000s ]
SQL: SELECT COUNT(*) AS tp_count FROM `saleman_install` WHERE ( isNew=0 ) LIMIT 1   [ RunTime:0.0000s ]

[ 2018-05-10T14:40:56+08:00 ] 127.0.0.1 /luomansi/index.php/Admin/Index/getNew.html
INFO: [ app_init ] --START--
INFO: Run Behavior\BuildLiteBehavior [ RunTime:0.000000s ]
INFO: [ app_init ] --END-- [ RunTime:0.000000s ]
INFO: [ app_begin ] --START--
INFO: Run Behavior\ReadHtmlCacheBehavior [ RunTime:0.000000s ]
INFO: [ app_begin ] --END-- [ RunTime:0.001000s ]
SQL: SHOW COLUMNS FROM `saleman_order` [ RunTime:0.0010s ]
SQL: SELECT COUNT(*) AS tp_count FROM `saleman_order` WHERE ( isNew=0 ) LIMIT 1   [ RunTime:0.0000s ]
SQL: SHOW COLUMNS FROM `saleman_install` [ RunTime:0.0010s ]
SQL: SELECT COUNT(*) AS tp_count FROM `saleman_install` WHERE ( isNew=0 ) LIMIT 1   [ RunTime:0.0000s ]

[ 2018-05-10T14:41:06+08:00 ] 127.0.0.1 /luomansi/index.php/Admin/Index/getNew.html
INFO: [ app_init ] --START--
INFO: Run Behavior\BuildLiteBehavior [ RunTime:0.000000s ]
INFO: [ app_init ] --END-- [ RunTime:0.000000s ]
INFO: [ app_begin ] --START--
INFO: Run Behavior\ReadHtmlCacheBehavior [ RunTime:0.000000s ]
INFO: [ app_begin ] --END-- [ RunTime:0.000000s ]
SQL: SHOW COLUMNS FROM `saleman_order` [ RunTime:0.0010s ]
SQL: SELECT COUNT(*) AS tp_count FROM `saleman_order` WHERE ( isNew=0 ) LIMIT 1   [ RunTime:0.0010s ]
SQL: SHOW COLUMNS FROM `saleman_install` [ RunTime:0.0010s ]
SQL: SELECT COUNT(*) AS tp_count FROM `saleman_install` WHERE ( isNew=0 ) LIMIT 1   [ RunTime:0.0000s ]

[ 2018-05-10T14:41:16+08:00 ] 127.0.0.1 /luomansi/index.php/Admin/Index/getNew.html
INFO: [ app_init ] --START--
INFO: Run Behavior\BuildLiteBehavior [ RunTime:0.000000s ]
INFO: [ app_init ] --END-- [ RunTime:0.001000s ]
INFO: [ app_begin ] --START--
INFO: Run Behavior\ReadHtmlCacheBehavior [ RunTime:0.001000s ]
INFO: [ app_begin ] --END-- [ RunTime:0.001000s ]
SQL: SHOW COLUMNS FROM `saleman_order` [ RunTime:0.0010s ]
SQL: SELECT COUNT(*) AS tp_count FROM `saleman_order` WHERE ( isNew=0 ) LIMIT 1   [ RunTime:0.0000s ]
SQL: SHOW COLUMNS FROM `saleman_install` [ RunTime:0.0010s ]
SQL: SELECT COUNT(*) AS tp_count FROM `saleman_install` WHERE ( isNew=0 ) LIMIT 1   [ RunTime:0.0000s ]

