[ 2018-02-01T13:38:40+08:00 ] 127.0.0.1 /luomansi/index.php/Admin/Login/index.html
INFO: [ app_begin ] --START--
INFO: Run Behavior\ReadHtmlCacheBehavior [ RunTime:0.000851s ]
INFO: [ app_begin ] --END-- [ RunTime:0.001501s ]
SQL: SHOW COLUMNS FROM `saleman_sys_admin` [ RunTime:0.0062s ]
SQL: SELECT * FROM `saleman_sys_admin` WHERE `username` = 'sitecms' LIMIT 1   [ RunTime:0.0008s ]
SQL: UPDATE `saleman_sys_admin` SET `login_num`=login_num+1 WHERE `id` = 1 [ RunTime:0.1905s ]

[ 2018-02-01T13:38:49+08:00 ] 127.0.0.1 /luomansi/index.php/Admin/Maintain/index.html
ERR: 无法加载控制器:Maintain

[ 2018-02-01T14:28:36+08:00 ] 127.0.0.1 /luomansi/index.php/Admin/Maintain/add.html
ERR: 1064:You have an error in your SQL syntax; check the manual that corresponds to your MySQL server version for the right syntax to use near 'group=1 ) ORDER BY id asc' at line 1
 [ SQL语句 ] : SELECT `id`,`name`,`phone` FROM `saleman_sys_admin` WHERE ( group=1 ) ORDER BY id asc 

[ 2018-02-01T14:34:02+08:00 ] 127.0.0.1 /luomansi/index.php/Admin/Maintain/add.html
INFO: [ app_begin ] --START--
INFO: Run Behavior\ReadHtmlCacheBehavior [ RunTime:0.001181s ]
INFO: [ app_begin ] --END-- [ RunTime:0.002078s ]
INFO: [ app_end ] --START--
INFO: Run Behavior\ShowPageTraceBehavior [ RunTime:0.000872s ]
INFO: [ app_end ] --END-- [ RunTime:0.000984s ]

[ 2018-02-01T14:49:37+08:00 ] 127.0.0.1 /luomansi/index.php/Admin/Maintain/add.html
INFO: [ app_begin ] --START--
INFO: Run Behavior\ReadHtmlCacheBehavior [ RunTime:0.001031s ]
INFO: [ app_begin ] --END-- [ RunTime:0.001676s ]
SQL: SHOW COLUMNS FROM `saleman_sys_admin` [ RunTime:0.0058s ]
SQL: SELECT `id`,`name`,`phone` FROM `saleman_sys_admin` WHERE ( id=3 )  [ RunTime:0.0004s ]
NOTIC: [8] Undefined index: name D:\wamp\www\luomansi\Application\Admin\Controller\MaintainController.class.php 第 57 行.
NOTIC: [8] Undefined index: phone D:\wamp\www\luomansi\Application\Admin\Controller\MaintainController.class.php 第 58 行.
SQL: SHOW COLUMNS FROM `saleman_maintain` [ RunTime:0.0032s ]
ERR: 1054:Unknown column 'username' in 'field list'
 [ SQL语句 ] : INSERT INTO `saleman_maintain` (`username`,`name`,`phone`,`address`,`msg`,`salemanId`,`saleman`,`salemanPhone`,`enTime`) VALUES ('sitecms','cdc','广州市天河区','','锁坏了','3',NULL,NULL,'2018-02-01 14:49:37')
ERR: 1054:Unknown column 'username' in 'field list'
 [ SQL语句 ] : INSERT INTO `saleman_maintain` (`username`,`name`,`phone`,`address`,`msg`,`salemanId`,`saleman`,`salemanPhone`,`enTime`) VALUES ('sitecms','cdc','广州市天河区','','锁坏了','3',NULL,NULL,'2018-02-01 14:49:37')

[ 2018-02-01T14:50:24+08:00 ] 127.0.0.1 /luomansi/index.php/Admin/Maintain/add.html
INFO: [ app_begin ] --START--
INFO: Run Behavior\ReadHtmlCacheBehavior [ RunTime:0.001229s ]
INFO: [ app_begin ] --END-- [ RunTime:0.001955s ]
SQL: SHOW COLUMNS FROM `saleman_sys_admin` [ RunTime:0.0064s ]
SQL: SELECT `id`,`name`,`phone` FROM `saleman_sys_admin` WHERE ( id=3 )  [ RunTime:0.0006s ]
NOTIC: [8] Undefined index: name D:\wamp\www\luomansi\Application\Admin\Controller\MaintainController.class.php 第 57 行.
NOTIC: [8] Undefined index: phone D:\wamp\www\luomansi\Application\Admin\Controller\MaintainController.class.php 第 58 行.
SQL: SHOW COLUMNS FROM `saleman_maintain` [ RunTime:0.0057s ]
ERR: 1048:Column 'saleman' cannot be null
 [ SQL语句 ] : INSERT INTO `saleman_maintain` (`username`,`name`,`phone`,`address`,`msg`,`salemanId`,`saleman`,`salemanPhone`,`enTime`) VALUES ('sitecms','cdc','广州市天河区','','锁坏了','3',NULL,NULL,'2018-02-01 14:50:24')
ERR: 1048:Column 'saleman' cannot be null
 [ SQL语句 ] : INSERT INTO `saleman_maintain` (`username`,`name`,`phone`,`address`,`msg`,`salemanId`,`saleman`,`salemanPhone`,`enTime`) VALUES ('sitecms','cdc','广州市天河区','','锁坏了','3',NULL,NULL,'2018-02-01 14:50:24')

[ 2018-02-01T14:51:13+08:00 ] 127.0.0.1 /luomansi/index.php/Admin/Maintain/add.html
INFO: [ app_begin ] --START--
INFO: Run Behavior\ReadHtmlCacheBehavior [ RunTime:0.001066s ]
INFO: [ app_begin ] --END-- [ RunTime:0.001886s ]
SQL: SHOW COLUMNS FROM `saleman_sys_admin` [ RunTime:0.0032s ]
SQL: SELECT `id`,`name`,`phone` FROM `saleman_sys_admin` WHERE ( id=3 )  [ RunTime:0.0004s ]
NOTIC: [8] Undefined index: name D:\wamp\www\luomansi\Application\Admin\Controller\MaintainController.class.php 第 58 行.
NOTIC: [8] Undefined index: phone D:\wamp\www\luomansi\Application\Admin\Controller\MaintainController.class.php 第 59 行.
SQL: SHOW COLUMNS FROM `saleman_maintain` [ RunTime:0.0032s ]
ERR: 1048:Column 'saleman' cannot be null
 [ SQL语句 ] : INSERT INTO `saleman_maintain` (`username`,`name`,`phone`,`address`,`msg`,`salemanId`,`saleman`,`salemanPhone`,`enTime`) VALUES ('sitecms','cdc','广州市天河区','','锁坏了','3',NULL,NULL,'2018-02-01 14:51:13')
ERR: 1048:Column 'saleman' cannot be null
 [ SQL语句 ] : INSERT INTO `saleman_maintain` (`username`,`name`,`phone`,`address`,`msg`,`salemanId`,`saleman`,`salemanPhone`,`enTime`) VALUES ('sitecms','cdc','广州市天河区','','锁坏了','3',NULL,NULL,'2018-02-01 14:51:13')

[ 2018-02-01T14:51:51+08:00 ] 127.0.0.1 /luomansi/index.php/Admin/Maintain/add.html
INFO: [ app_begin ] --START--
INFO: Run Behavior\ReadHtmlCacheBehavior [ RunTime:0.000961s ]
INFO: [ app_begin ] --END-- [ RunTime:0.001525s ]
SQL: SHOW COLUMNS FROM `saleman_sys_admin` [ RunTime:0.0036s ]
SQL: SELECT `id`,`name`,`phone` FROM `saleman_sys_admin` WHERE ( id=3 )  [ RunTime:0.0004s ]
SQL: SHOW COLUMNS FROM `saleman_maintain` [ RunTime:0.0032s ]
SQL: INSERT INTO `saleman_maintain` (`username`,`name`,`phone`,`address`,`msg`,`salemanId`,`saleman`,`salemanPhone`,`enTime`) VALUES ('sitecms','cdc','广州市天河区','','锁坏了','3','abc','13333333333','2018-02-01 14:51:51') [ RunTime:0.1421s ]

[ 2018-02-01T15:02:45+08:00 ] 127.0.0.1 /luomansi/index.php/Admin/Login/index
INFO: [ app_begin ] --START--
INFO: Run Behavior\ReadHtmlCacheBehavior [ RunTime:0.000989s ]
INFO: [ app_begin ] --END-- [ RunTime:0.001491s ]
SQL: SHOW COLUMNS FROM `saleman_sys_admin` [ RunTime:0.0035s ]
SQL: SELECT * FROM `saleman_sys_admin` WHERE `username` = 'a123456' LIMIT 1   [ RunTime:0.0005s ]
SQL: UPDATE `saleman_sys_admin` SET `login_num`=login_num+1 WHERE `id` = 3 [ RunTime:0.0986s ]

[ 2018-02-01T15:27:40+08:00 ] 127.0.0.1 /luomansi/index.php/Admin/Maintain/add.html
INFO: [ app_begin ] --START--
INFO: Run Behavior\ReadHtmlCacheBehavior [ RunTime:0.001209s ]
INFO: [ app_begin ] --END-- [ RunTime:0.002017s ]
SQL: SHOW COLUMNS FROM `saleman_sys_admin` [ RunTime:0.0034s ]
SQL: SELECT `id`,`name`,`phone` FROM `saleman_sys_admin` WHERE ( id=3 )  [ RunTime:0.0006s ]
SQL: SHOW COLUMNS FROM `saleman_maintain` [ RunTime:0.0035s ]
SQL: INSERT INTO `saleman_maintain` (`username`,`name`,`phone`,`address`,`msg`,`salemanId`,`saleman`,`salemanPhone`,`enTime`) VALUES ('sitecms','张三','13546754567','广州市天河区','锁坏了','3','abc','13333333333','2018-02-01 15:27:40') [ RunTime:0.1293s ]

[ 2018-02-01T15:51:46+08:00 ] 127.0.0.1 /luomansi/index.php/Admin/Maintain/update.html
INFO: [ app_begin ] --START--
INFO: Run Behavior\ReadHtmlCacheBehavior [ RunTime:0.000917s ]
INFO: [ app_begin ] --END-- [ RunTime:0.001485s ]

[ 2018-02-01T15:52:39+08:00 ] 127.0.0.1 /luomansi/index.php/Admin/Maintain/update.html
INFO: [ app_begin ] --START--
INFO: Run Behavior\ReadHtmlCacheBehavior [ RunTime:0.000808s ]
INFO: [ app_begin ] --END-- [ RunTime:0.001441s ]

[ 2018-02-01T15:53:48+08:00 ] 127.0.0.1 /luomansi/index.php/Admin/Maintain/update.html
INFO: [ app_begin ] --START--
INFO: Run Behavior\ReadHtmlCacheBehavior [ RunTime:0.000814s ]
INFO: [ app_begin ] --END-- [ RunTime:0.001420s ]

[ 2018-02-01T15:54:36+08:00 ] 127.0.0.1 /luomansi/index.php/Admin/Maintain/update.html
INFO: [ app_begin ] --START--
INFO: Run Behavior\ReadHtmlCacheBehavior [ RunTime:0.000761s ]
INFO: [ app_begin ] --END-- [ RunTime:0.001295s ]
NOTIC: [8] Undefined variable: id D:\wamp\www\luomansi\Application\Admin\Controller\MaintainController.class.php 第 113 行.
SQL: SHOW COLUMNS FROM `saleman_maintain` [ RunTime:0.0056s ]
ERR: 1064:You have an error in your SQL syntax; check the manual that corresponds to your MySQL server version for the right syntax to use near ')' at line 1
 [ SQL语句 ] : UPDATE `saleman_maintain` SET `name`='张三',`phone`='广州市天河区',`address`='',`msg`='锁坏了',`enTime`='2018-02-01 15:54:36' WHERE ( id= )
ERR: 1064:You have an error in your SQL syntax; check the manual that corresponds to your MySQL server version for the right syntax to use near ')' at line 1
 [ SQL语句 ] : UPDATE `saleman_maintain` SET `name`='张三',`phone`='广州市天河区',`address`='',`msg`='锁坏了',`enTime`='2018-02-01 15:54:36' WHERE ( id= )

[ 2018-02-01T15:56:49+08:00 ] 127.0.0.1 /luomansi/index.php/Admin/Maintain/update.html
INFO: [ app_begin ] --START--
INFO: Run Behavior\ReadHtmlCacheBehavior [ RunTime:0.000844s ]
INFO: [ app_begin ] --END-- [ RunTime:0.001413s ]
SQL: SHOW COLUMNS FROM `saleman_maintain` [ RunTime:0.0046s ]
SQL: UPDATE `saleman_maintain` SET `name`='张三',`phone`='13546754567',`address`='广州市天河区',`msg`='锁坏了',`enTime`='2018-02-01 15:56:49' WHERE ( id=1 ) [ RunTime:0.1489s ]

[ 2018-02-01T15:56:58+08:00 ] 127.0.0.1 /luomansi/index.php/Admin/Maintain/update.html
INFO: [ app_begin ] --START--
INFO: Run Behavior\ReadHtmlCacheBehavior [ RunTime:0.000791s ]
INFO: [ app_begin ] --END-- [ RunTime:0.001348s ]
SQL: SHOW COLUMNS FROM `saleman_maintain` [ RunTime:0.0152s ]
SQL: UPDATE `saleman_maintain` SET `name`='张三',`phone`='13546754567',`address`='广州市天河区',`msg`='锁坏了。',`enTime`='2018-02-01 15:56:57' WHERE ( id=1 ) [ RunTime:1.0235s ]

[ 2018-02-01T15:57:24+08:00 ] 127.0.0.1 /luomansi/index.php/Admin/Maintain/update.html
INFO: [ app_begin ] --START--
INFO: Run Behavior\ReadHtmlCacheBehavior [ RunTime:0.000834s ]
INFO: [ app_begin ] --END-- [ RunTime:0.001412s ]
SQL: SHOW COLUMNS FROM `saleman_maintain` [ RunTime:0.0036s ]
SQL: UPDATE `saleman_maintain` SET `name`='张三',`phone`='13546754567',`address`='广州市海珠区',`msg`='锁坏了。',`enTime`='2018-02-01 15:57:24' WHERE ( id=1 ) [ RunTime:0.1842s ]

[ 2018-02-01T16:22:23+08:00 ] 127.0.0.1 /luomansi/index.php/Admin/Maintain/update.html
INFO: [ app_begin ] --START--
INFO: Run Behavior\ReadHtmlCacheBehavior [ RunTime:0.000783s ]
INFO: [ app_begin ] --END-- [ RunTime:0.001352s ]
INFO: [ app_end ] --START--
INFO: Run Behavior\ShowPageTraceBehavior [ RunTime:0.000798s ]
INFO: [ app_end ] --END-- [ RunTime:0.000919s ]

[ 2018-02-01T16:22:34+08:00 ] 127.0.0.1 /luomansi/index.php/Admin/Maintain/update.html
INFO: [ app_begin ] --START--
INFO: Run Behavior\ReadHtmlCacheBehavior [ RunTime:0.000792s ]
INFO: [ app_begin ] --END-- [ RunTime:0.001399s ]
INFO: [ app_end ] --START--
INFO: Run Behavior\ShowPageTraceBehavior [ RunTime:0.000862s ]
INFO: [ app_end ] --END-- [ RunTime:0.001264s ]

[ 2018-02-01T16:24:34+08:00 ] 127.0.0.1 /luomansi/index.php/Admin/Maintain/update.html
INFO: [ app_begin ] --START--
INFO: Run Behavior\ReadHtmlCacheBehavior [ RunTime:0.000829s ]
INFO: [ app_begin ] --END-- [ RunTime:0.001565s ]
INFO: [ app_end ] --START--
INFO: Run Behavior\ShowPageTraceBehavior [ RunTime:0.001620s ]
INFO: [ app_end ] --END-- [ RunTime:0.001882s ]

[ 2018-02-01T16:25:56+08:00 ] 127.0.0.1 /luomansi/index.php/Admin/Maintain/salemanUpdate.html
INFO: [ app_begin ] --START--
INFO: Run Behavior\ReadHtmlCacheBehavior [ RunTime:0.000910s ]
INFO: [ app_begin ] --END-- [ RunTime:0.001551s ]
NOTIC: [8] Undefined variable: Model_data D:\wamp\www\luomansi\Application\Admin\Controller\MaintainController.class.php 第 195 行.

[ 2018-02-01T16:26:45+08:00 ] 127.0.0.1 /luomansi/index.php/Admin/Maintain/salemanUpdate.html
INFO: [ app_begin ] --START--
INFO: Run Behavior\ReadHtmlCacheBehavior [ RunTime:0.000788s ]
INFO: [ app_begin ] --END-- [ RunTime:0.001365s ]
SQL: SHOW COLUMNS FROM `saleman_service_admin` [ RunTime:0.0035s ]
SQL: SELECT * FROM `saleman_service_admin` WHERE ( id=3 ) LIMIT 1   [ RunTime:0.0003s ]
SQL: SHOW COLUMNS FROM `saleman_maintain` [ RunTime:0.0034s ]
SQL: UPDATE `saleman_maintain` SET `serviceName`=NULL,`servicePhone`=NULL,`serviceId`='1' WHERE ( id=1 ) [ RunTime:0.2256s ]

[ 2018-02-01T16:27:17+08:00 ] 127.0.0.1 /luomansi/index.php/Admin/Maintain/salemanUpdate.html
INFO: [ app_begin ] --START--
INFO: Run Behavior\ReadHtmlCacheBehavior [ RunTime:0.000564s ]
INFO: [ app_begin ] --END-- [ RunTime:0.001088s ]
SQL: SHOW COLUMNS FROM `saleman_service_admin` [ RunTime:0.0047s ]
SQL: SELECT * FROM `saleman_service_admin` WHERE ( id=3 ) LIMIT 1   [ RunTime:0.0004s ]
SQL: SHOW COLUMNS FROM `saleman_maintain` [ RunTime:0.0037s ]
SQL: UPDATE `saleman_maintain` SET `serviceName`=NULL,`servicePhone`=NULL,`serviceId`='1' WHERE ( id=1 ) [ RunTime:0.1381s ]

[ 2018-02-01T16:28:15+08:00 ] 127.0.0.1 /luomansi/index.php/Admin/Maintain/salemanUpdate.html
INFO: [ app_begin ] --START--
INFO: Run Behavior\ReadHtmlCacheBehavior [ RunTime:0.000932s ]
INFO: [ app_begin ] --END-- [ RunTime:0.001580s ]
SQL: SHOW COLUMNS FROM `saleman_service_admin` [ RunTime:0.0035s ]
SQL: SELECT * FROM `saleman_service_admin` WHERE ( id=3 ) LIMIT 1   [ RunTime:0.0004s ]

[ 2018-02-01T16:29:09+08:00 ] 127.0.0.1 /luomansi/index.php/Admin/Maintain/salemanUpdate.html
INFO: [ app_begin ] --START--
INFO: Run Behavior\ReadHtmlCacheBehavior [ RunTime:0.003830s ]
INFO: [ app_begin ] --END-- [ RunTime:0.004444s ]
SQL: SHOW COLUMNS FROM `saleman_service_admin` [ RunTime:0.0039s ]
SQL: SELECT * FROM `saleman_service_admin` WHERE ( id=1 ) LIMIT 1   [ RunTime:0.0007s ]
SQL: SHOW COLUMNS FROM `saleman_maintain` [ RunTime:0.0042s ]
SQL: UPDATE `saleman_maintain` SET `serviceName`='陈先生',`servicePhone`='13555555555',`serviceId`='1' WHERE ( id=1 ) [ RunTime:0.1547s ]

[ 2018-02-01T16:29:49+08:00 ] 127.0.0.1 /luomansi/index.php/Admin/Maintain/salemanUpdate.html
INFO: [ app_begin ] --START--
INFO: Run Behavior\ReadHtmlCacheBehavior [ RunTime:0.000837s ]
INFO: [ app_begin ] --END-- [ RunTime:0.001393s ]
SQL: SHOW COLUMNS FROM `saleman_service_admin` [ RunTime:0.0037s ]
SQL: SELECT * FROM `saleman_service_admin` WHERE ( id=1 ) LIMIT 1   [ RunTime:0.0004s ]

[ 2018-02-01T16:30:58+08:00 ] 127.0.0.1 /luomansi/index.php/Admin/Maintain/salemanUpdate.html
INFO: [ app_begin ] --START--
INFO: Run Behavior\ReadHtmlCacheBehavior [ RunTime:0.001214s ]
INFO: [ app_begin ] --END-- [ RunTime:0.001892s ]
SQL: SHOW COLUMNS FROM `saleman_service_admin` [ RunTime:0.0036s ]
SQL: SELECT * FROM `saleman_service_admin` WHERE ( id=1 ) LIMIT 1   [ RunTime:0.0004s ]

[ 2018-02-01T16:31:18+08:00 ] 127.0.0.1 /luomansi/index.php/Admin/Maintain/salemanUpdate.html
INFO: [ app_begin ] --START--
INFO: Run Behavior\ReadHtmlCacheBehavior [ RunTime:0.000845s ]
INFO: [ app_begin ] --END-- [ RunTime:0.001482s ]
SQL: SHOW COLUMNS FROM `saleman_service_admin` [ RunTime:0.0042s ]
SQL: SELECT * FROM `saleman_service_admin` WHERE ( id=1 ) LIMIT 1   [ RunTime:0.0005s ]
SQL: SHOW COLUMNS FROM `saleman_maintain` [ RunTime:0.0039s ]
SQL: UPDATE `saleman_maintain` SET `serviceName`='陈先生',`servicePhone`='13555555555',`serviceId`='1' WHERE ( id=1 ) [ RunTime:0.1925s ]

[ 2018-02-01T16:33:45+08:00 ] 127.0.0.1 /luomansi/index.php/Admin/Maintain/salemanUpdate.html
INFO: [ app_begin ] --START--
INFO: Run Behavior\ReadHtmlCacheBehavior [ RunTime:0.000858s ]
INFO: [ app_begin ] --END-- [ RunTime:0.001463s ]
SQL: SHOW COLUMNS FROM `saleman_service_admin` [ RunTime:0.0037s ]
SQL: SELECT * FROM `saleman_service_admin` WHERE ( id=1 ) LIMIT 1   [ RunTime:0.0004s ]
SQL: SHOW COLUMNS FROM `saleman_maintain` [ RunTime:0.0048s ]
SQL: UPDATE `saleman_maintain` SET `serviceName`='陈先生',`servicePhone`='13555555555',`serviceId`='1' WHERE ( id=1 ) [ RunTime:0.1396s ]

[ 2018-02-01T16:34:05+08:00 ] 127.0.0.1 /luomansi/index.php/Admin/Maintain/salemanUpdate.html
INFO: [ app_begin ] --START--
INFO: Run Behavior\ReadHtmlCacheBehavior [ RunTime:0.003171s ]
INFO: [ app_begin ] --END-- [ RunTime:0.003936s ]
SQL: SHOW COLUMNS FROM `saleman_service_admin` [ RunTime:0.0040s ]
SQL: SELECT * FROM `saleman_service_admin` WHERE ( id=1 ) LIMIT 1   [ RunTime:0.0005s ]
SQL: SHOW COLUMNS FROM `saleman_maintain` [ RunTime:0.0044s ]
SQL: UPDATE `saleman_maintain` SET `serviceName`='陈先生',`servicePhone`='13555555555',`serviceId`='1' WHERE ( id=1 ) [ RunTime:0.1691s ]

[ 2018-02-01T16:35:35+08:00 ] 127.0.0.1 /luomansi/index.php/Admin/Maintain/salemanUpdate.html
INFO: [ app_begin ] --START--
INFO: Run Behavior\ReadHtmlCacheBehavior [ RunTime:0.000805s ]
INFO: [ app_begin ] --END-- [ RunTime:0.001351s ]
SQL: SHOW COLUMNS FROM `saleman_service_admin` [ RunTime:0.0035s ]
SQL: SELECT * FROM `saleman_service_admin` WHERE ( id=1 ) LIMIT 1   [ RunTime:0.0004s ]
SQL: SHOW COLUMNS FROM `saleman_maintain` [ RunTime:0.0042s ]
SQL: UPDATE `saleman_maintain` SET `serviceName`='陈先生',`servicePhone`='13555555555',`serviceId`='1' WHERE ( id=1 ) [ RunTime:0.3473s ]

[ 2018-02-01T16:36:19+08:00 ] 127.0.0.1 /luomansi/index.php/Admin/Maintain/salemanUpdate.html
INFO: [ app_begin ] --START--
INFO: Run Behavior\ReadHtmlCacheBehavior [ RunTime:0.000897s ]
INFO: [ app_begin ] --END-- [ RunTime:0.001529s ]
SQL: SHOW COLUMNS FROM `saleman_service_admin` [ RunTime:0.0035s ]
SQL: SELECT * FROM `saleman_service_admin` WHERE ( id=1 ) LIMIT 1   [ RunTime:0.0004s ]
SQL: SHOW COLUMNS FROM `saleman_maintain` [ RunTime:0.0030s ]
SQL: UPDATE `saleman_maintain` SET `serviceName`='陈先生',`servicePhone`='13555555555',`serviceId`='1' WHERE ( id=1 ) [ RunTime:0.2139s ]

[ 2018-02-01T16:36:41+08:00 ] 127.0.0.1 /luomansi/index.php/Admin/Maintain/salemanUpdate.html
INFO: [ app_begin ] --START--
INFO: Run Behavior\ReadHtmlCacheBehavior [ RunTime:0.001131s ]
INFO: [ app_begin ] --END-- [ RunTime:0.001643s ]

[ 2018-02-01T16:36:59+08:00 ] 127.0.0.1 /luomansi/index.php/Admin/Maintain/salemanUpdate.html
INFO: [ app_begin ] --START--
INFO: Run Behavior\ReadHtmlCacheBehavior [ RunTime:0.000927s ]
INFO: [ app_begin ] --END-- [ RunTime:0.002091s ]

[ 2018-02-01T16:42:43+08:00 ] 127.0.0.1 /luomansi/index.php/Admin/Maintain/loginout
INFO: [ app_begin ] --START--
INFO: Run Behavior\ReadHtmlCacheBehavior [ RunTime:0.000808s ]
INFO: [ app_begin ] --END-- [ RunTime:0.001447s ]
ERR: 非法操作:loginout

[ 2018-02-01T22:04:29+08:00 ] 127.0.0.1 /luomansi/index.php/Admin/Login/index.html
INFO: [ app_begin ] --START--
INFO: Run Behavior\ReadHtmlCacheBehavior [ RunTime:0.000622s ]
INFO: [ app_begin ] --END-- [ RunTime:0.001166s ]
SQL: SHOW COLUMNS FROM `saleman_sys_admin` [ RunTime:0.0042s ]
SQL: SELECT * FROM `saleman_sys_admin` WHERE `username` = 'sitecms' LIMIT 1   [ RunTime:0.0004s ]
SQL: UPDATE `saleman_sys_admin` SET `login_num`=login_num+1 WHERE `id` = 1 [ RunTime:0.6074s ]

[ 2018-02-01T22:17:57+08:00 ] 127.0.0.1 /luomansi/index.php/Admin/Maintain/update.html
INFO: [ app_begin ] --START--
INFO: Run Behavior\ReadHtmlCacheBehavior [ RunTime:0.002487s ]
INFO: [ app_begin ] --END-- [ RunTime:0.003043s ]
SQL: SHOW COLUMNS FROM `saleman_maintain` [ RunTime:0.0053s ]
SQL: UPDATE `saleman_maintain` SET `name`='张三',`phone`='13546754567',`address`='广州市海珠区',`goods`='',`msg`='锁坏了。',`enTime`='2018-02-01 22:17:57',`status`='1' WHERE ( id=1 ) [ RunTime:0.1722s ]

[ 2018-02-01T22:23:53+08:00 ] 127.0.0.1 /luomansi/index.php/Admin/Maintain/update.html
INFO: [ app_begin ] --START--
INFO: Run Behavior\ReadHtmlCacheBehavior [ RunTime:0.000779s ]
INFO: [ app_begin ] --END-- [ RunTime:0.001334s ]
SQL: SHOW COLUMNS FROM `saleman_maintain` [ RunTime:0.0244s ]
SQL: UPDATE `saleman_maintain` SET `name`='张三',`phone`='13546754567',`address`='广州市海珠区',`goods`='',`msg`='锁坏了。',`enTime`='2018-02-01 22:23:52',`serviceStatus`='1',`status`='2' WHERE ( id=1 ) [ RunTime:1.1749s ]

[ 2018-02-01T22:26:23+08:00 ] 127.0.0.1 /luomansi/index.php/Admin/Maintain/update.html
INFO: [ app_begin ] --START--
INFO: Run Behavior\ReadHtmlCacheBehavior [ RunTime:0.000749s ]
INFO: [ app_begin ] --END-- [ RunTime:0.001306s ]
SQL: SHOW COLUMNS FROM `saleman_maintain` [ RunTime:0.0049s ]
SQL: UPDATE `saleman_maintain` SET `name`='张三',`phone`='13546754567',`address`='广州市海珠区',`goods`='DD1智能锁',`msg`='锁坏了。',`enTime`='2018-02-01 22:26:23',`serviceStatus`='1',`status`='2' WHERE ( id=1 ) [ RunTime:0.1372s ]

[ 2018-02-01T23:51:17+08:00 ] 127.0.0.1 /luomansi/index.php/Admin/Admin/add.html
INFO: [ app_begin ] --START--
INFO: Run Behavior\ReadHtmlCacheBehavior [ RunTime:0.001222s ]
INFO: [ app_begin ] --END-- [ RunTime:0.002236s ]
SQL: SHOW COLUMNS FROM `saleman_sys_admin` [ RunTime:0.0036s ]
SQL: SELECT COUNT(*) AS tp_count FROM `saleman_sys_admin` WHERE ( username='' ) LIMIT 1   [ RunTime:0.0004s ]
SQL: INSERT INTO `saleman_sys_admin` (`username`,`password`,`group`,`createTime`) VALUES ('','d41d8cd98f00b204e9800998ecf8427e','0','2018-02-01 23:51:16') [ RunTime:0.2505s ]

[ 2018-02-01T23:52:48+08:00 ] 127.0.0.1 /luomansi/index.php/Admin/Saleman/add.html
INFO: [ app_begin ] --START--
INFO: Run Behavior\ReadHtmlCacheBehavior [ RunTime:0.000808s ]
INFO: [ app_begin ] --END-- [ RunTime:0.001399s ]

