[ 2018-02-02T00:51:35+08:00 ] 127.0.0.1 /luomansi/index.php/Admin/Saleman/add.html
INFO: [ app_begin ] --START--
INFO: Run Behavior\ReadHtmlCacheBehavior [ RunTime:0.001053s ]
INFO: [ app_begin ] --END-- [ RunTime:0.001833s ]

[ 2018-02-02T01:02:32+08:00 ] 127.0.0.1 /luomansi/index.php/Admin/Saleman/add.html
INFO: [ app_begin ] --START--
INFO: Run Behavior\ReadHtmlCacheBehavior [ RunTime:0.000815s ]
INFO: [ app_begin ] --END-- [ RunTime:0.001508s ]
SQL: SHOW COLUMNS FROM `saleman_sys_admin` [ RunTime:0.0038s ]
SQL: SELECT COUNT(*) AS tp_count FROM `saleman_sys_admin` WHERE ( username='广州市天河' ) LIMIT 1   [ RunTime:0.0005s ]
SQL: INSERT INTO `saleman_sys_admin` (`username`,`password`,`name`,`phone`,`address`,`group`,`createTime`) VALUES ('广州市天河','96e79218965eb72c92a549dd5a330112','96e79218965eb72c92a549dd5a330112','96e79218965eb72c92a549dd5a330112','96e79218965eb72c92a549dd5a330112','1','2018-02-02 01:02:32') [ RunTime:0.2705s ]
SQL: SHOW COLUMNS FROM `saleman_goods_permission` [ RunTime:0.0093s ]
SQL: INSERT INTO `saleman_goods_permission` (`salemanId`,`goodsInfoId`,`enTime`) VALUES ('18','1,2,3,5,6,7,9,10,11,12,13,14,15,16,17,18,19,20,21,22,23,24,25,26,27,28,29,30,31,32','2018-02-02 01:02:32') [ RunTime:0.1003s ]

[ 2018-02-02T01:26:33+08:00 ] 127.0.0.1 /luomansi/index.php/Admin/Admin/index.html0
ERR: 非法操作:index.html0

[ 2018-02-02T01:48:50+08:00 ] 127.0.0.1 /luomansi/index.php/Admin/Saleman/update/id/3.html
ERR: 1054:Unknown column 'Array' in 'where clause'
 [ SQL语句 ] : SELECT id 
                                        FROM saleman_goods
                                        WHERE id
                                        IN (
                                        SELECT DISTINCT goodsId
                                        FROM saleman_goods_info
                                        WHERE id
                                        IN (Array)
                                        ) and status = 1 order by id asc

[ 2018-02-02T01:57:12+08:00 ] 127.0.0.1 /luomansi/index.php/Admin/Login/index.html
INFO: [ app_begin ] --START--
INFO: Run Behavior\ReadHtmlCacheBehavior [ RunTime:0.000631s ]
INFO: [ app_begin ] --END-- [ RunTime:0.001096s ]
SQL: SHOW COLUMNS FROM `saleman_sys_admin` [ RunTime:0.0038s ]
SQL: SELECT * FROM `saleman_sys_admin` WHERE `username` = 'sitecms' LIMIT 1   [ RunTime:0.0004s ]
SQL: UPDATE `saleman_sys_admin` SET `login_num`=login_num+1 WHERE `id` = 1 [ RunTime:0.1549s ]

[ 2018-02-02T02:04:43+08:00 ] 127.0.0.1 /luomansi/index.php/Admin/Saleman/update.html
INFO: [ app_begin ] --START--
INFO: Run Behavior\ReadHtmlCacheBehavior [ RunTime:0.000714s ]
INFO: [ app_begin ] --END-- [ RunTime:0.001248s ]

[ 2018-02-02T02:04:50+08:00 ] 127.0.0.1 /luomansi/index.php/Admin/Saleman/update.html
INFO: [ app_begin ] --START--
INFO: Run Behavior\ReadHtmlCacheBehavior [ RunTime:0.000578s ]
INFO: [ app_begin ] --END-- [ RunTime:0.001064s ]

[ 2018-02-02T02:06:23+08:00 ] 127.0.0.1 /luomansi/index.php/Admin/Saleman/update.html
INFO: [ app_begin ] --START--
INFO: Run Behavior\ReadHtmlCacheBehavior [ RunTime:0.000629s ]
INFO: [ app_begin ] --END-- [ RunTime:0.001198s ]
SQL: SHOW COLUMNS FROM `saleman_sys_admin` [ RunTime:0.0037s ]
SQL: SELECT * FROM `saleman_sys_admin` WHERE ( id=3 ) LIMIT 1   [ RunTime:0.0008s ]
SQL: UPDATE `saleman_sys_admin` SET `password`='dc483e80a7a0bd9ef71d8cf973673924',`group`='0',`name`='',`phone`='',`address`='',`is_status`='1' WHERE ( id=3 ) [ RunTime:0.1891s ]
SQL: SHOW COLUMNS FROM `saleman_goods_permission` [ RunTime:0.0090s ]
SQL: UPDATE `saleman_goods_permission` SET `goodsInfoId`='1,2,3,4,7,10,11,20,25,26,27,28,29,30,31,32',`enTime`='2018-02-02 02:06:23' WHERE ( id=3 ) [ RunTime:0.0008s ]

[ 2018-02-02T02:10:30+08:00 ] 127.0.0.1 /luomansi/index.php/Admin/Saleman/update.html
INFO: [ app_begin ] --START--
INFO: Run Behavior\ReadHtmlCacheBehavior [ RunTime:0.000816s ]
INFO: [ app_begin ] --END-- [ RunTime:0.001394s ]
SQL: SHOW COLUMNS FROM `saleman_sys_admin` [ RunTime:0.0036s ]
SQL: SELECT * FROM `saleman_sys_admin` WHERE ( id=3 ) LIMIT 1   [ RunTime:0.0004s ]
SQL: UPDATE `saleman_sys_admin` SET `password`='dc483e80a7a0bd9ef71d8cf973673924',`name`='cdc',`phone`='13555555555',`address`='广州市天河区',`is_status`='1' WHERE ( id=3 ) [ RunTime:0.1411s ]
SQL: SHOW COLUMNS FROM `saleman_goods_permission` [ RunTime:0.0109s ]
SQL: UPDATE `saleman_goods_permission` SET `goodsInfoId`='1,2,3,4,7,10,11,20,25,26,27,28,29,30,31,32',`enTime`='2018-02-02 02:10:30' WHERE ( salemanId=3 ) [ RunTime:0.0975s ]

[ 2018-02-02T02:14:25+08:00 ] 127.0.0.1 /luomansi/index.php/Admin/Goods/add.html
ERR: 非法操作:add

[ 2018-02-02T02:33:59+08:00 ] 127.0.0.1 /luomansi/index.php/Admin/Goods/add.html
ERR: 非法操作:add

[ 2018-02-02T02:34:25+08:00 ] 127.0.0.1 /luomansi/index.php/Admin/Goods/add.html
ERR: 非法操作:add

