[ 2018-01-29T13:15:01+08:00 ] 127.0.0.1 /luomansi/index.php/Admin/Login/index
INFO: [ app_begin ] --START--
INFO: Run Behavior\ReadHtmlCacheBehavior [ RunTime:0.001149s ]
INFO: [ app_begin ] --END-- [ RunTime:0.001821s ]
SQL: SHOW COLUMNS FROM `saleman_sys_admin` [ RunTime:0.0081s ]
SQL: SELECT * FROM `saleman_sys_admin` WHERE `username` = 'admin' LIMIT 1   [ RunTime:0.0010s ]
SQL: UPDATE `saleman_sys_admin` SET `login_num`=login_num+1 WHERE `id` = 2 [ RunTime:0.1274s ]

[ 2018-01-29T13:39:37+08:00 ] 127.0.0.1 /luomansi/index.php/Admin/Admin/index
ERR: 无法加载控制器:Admin

[ 2018-01-29T14:43:07+08:00 ] 127.0.0.1 /luomansi/index.php/Admin/Admin/index
ERR: 1064:You have an error in your SQL syntax; check the manual that corresponds to your MySQL server version for the right syntax to use near 'group=2 )' at line 1
 [ SQL语句 ] : SELECT * FROM `saleman_sys_admin` WHERE ( group=2 ) 

[ 2018-01-29T15:23:12+08:00 ] 127.0.0.1 /luomansi/index.php/Admin/Saleman/index
ERR: XML标签语法错误 : $value.is_status eq 1

[ 2018-01-29T15:25:06+08:00 ] 127.0.0.1 /luomansi/index.php/Admin/Saleman/index
ERR: XML标签语法错误 : name=$value.is_status value=1

[ 2018-01-29T15:37:44+08:00 ] 127.0.0.1 /luomansi/index.php/Admin/Saleman/index.html/page/2
ERR: 非法操作:index.html

[ 2018-01-29T16:26:18+08:00 ] 127.0.0.1 /luomansi/index.php/Admin/Admin/add.html
ERR: 非法操作:add

[ 2018-01-29T16:35:37+08:00 ] 127.0.0.1 /luomansi/index.php/Admin/Login/login.html
ERR: 非法操作:login

[ 2018-01-29T16:37:04+08:00 ] 127.0.0.1 /luomansi/index.php/Admin/Login/index.html
INFO: [ app_begin ] --START--
INFO: Run Behavior\ReadHtmlCacheBehavior [ RunTime:0.000960s ]
INFO: [ app_begin ] --END-- [ RunTime:0.001737s ]
SQL: SHOW COLUMNS FROM `saleman_sys_admin` [ RunTime:0.0051s ]
SQL: SELECT * FROM `saleman_sys_admin` WHERE `username` = 'sitecms' LIMIT 1   [ RunTime:0.0004s ]
SQL: UPDATE `saleman_sys_admin` SET `login_num`=login_num+1 WHERE `id` = 1 [ RunTime:0.1383s ]

[ 2018-01-29T16:37:16+08:00 ] 127.0.0.1 /luomansi/index.php/Admin/Admin/plugs/layui/css/layui.css
ERR: 非法操作:plugs

[ 2018-01-29T16:37:16+08:00 ] 127.0.0.1 /luomansi/index.php/Admin/Admin/css/animate.css
ERR: 非法操作:css

[ 2018-01-29T16:37:16+08:00 ] 127.0.0.1 /luomansi/index.php/Admin/Admin/plugs/ueditor/ueditor.config.js
ERR: 非法操作:plugs

[ 2018-01-29T16:37:16+08:00 ] 127.0.0.1 /luomansi/index.php/Admin/Admin/plugs/layui/layui.js
ERR: 非法操作:plugs

[ 2018-01-29T16:37:16+08:00 ] 127.0.0.1 /luomansi/index.php/Admin/Admin/plugs/ueditor/ueditor.all.js
ERR: 非法操作:plugs

[ 2018-01-29T16:37:16+08:00 ] 127.0.0.1 /luomansi/index.php/Admin/Admin/js/sitecms.js
ERR: 非法操作:js

[ 2018-01-29T16:37:16+08:00 ] 127.0.0.1 /luomansi/index.php/Admin/Admin/js/validform.js
ERR: 非法操作:js

[ 2018-01-29T16:37:16+08:00 ] 127.0.0.1 /luomansi/index.php/Admin/Admin/js/jquery.min.js
ERR: 非法操作:js

[ 2018-01-29T16:37:16+08:00 ] 127.0.0.1 /luomansi/index.php/Admin/Admin/css/sitecms.css
ERR: 非法操作:css

[ 2018-01-29T16:37:16+08:00 ] 127.0.0.1 /luomansi/index.php/Admin/Admin/css/font-awesome.min.css
ERR: 非法操作:css

[ 2018-01-29T16:37:16+08:00 ] 127.0.0.1 /luomansi/index.php/Admin/Admin/plugs/ueditor/ueditor.config.js
ERR: 非法操作:plugs

[ 2018-01-29T16:37:16+08:00 ] 127.0.0.1 /luomansi/index.php/Admin/Admin/plugs/ueditor/ueditor.all.js
ERR: 非法操作:plugs

[ 2018-01-29T16:37:16+08:00 ] 127.0.0.1 /luomansi/index.php/Admin/Admin/js/jquery.min.js
ERR: 非法操作:js

[ 2018-01-29T16:37:16+08:00 ] 127.0.0.1 /luomansi/index.php/Admin/Admin/js/validform.js
ERR: 非法操作:js

[ 2018-01-29T16:37:16+08:00 ] 127.0.0.1 /luomansi/index.php/Admin/Admin/js/sitecms.js
ERR: 非法操作:js

[ 2018-01-29T16:45:20+08:00 ] 127.0.0.1 /luomansi/index.php/Admin/Admin/add.html
INFO: [ app_begin ] --START--
INFO: Run Behavior\ReadHtmlCacheBehavior [ RunTime:0.000930s ]
INFO: [ app_begin ] --END-- [ RunTime:0.001680s ]

[ 2018-01-29T16:45:39+08:00 ] 127.0.0.1 /luomansi/index.php/Admin/Admin/add.html
INFO: [ app_begin ] --START--
INFO: Run Behavior\ReadHtmlCacheBehavior [ RunTime:0.001139s ]
INFO: [ app_begin ] --END-- [ RunTime:0.001902s ]
INFO: [ app_end ] --START--
INFO: Run Behavior\ShowPageTraceBehavior [ RunTime:0.001285s ]
INFO: [ app_end ] --END-- [ RunTime:0.001481s ]

[ 2018-01-29T16:45:56+08:00 ] 127.0.0.1 /luomansi/index.php/Admin/Admin/add.html
INFO: [ app_begin ] --START--
INFO: Run Behavior\ReadHtmlCacheBehavior [ RunTime:0.001231s ]
INFO: [ app_begin ] --END-- [ RunTime:0.002023s ]

[ 2018-01-29T16:49:39+08:00 ] 127.0.0.1 /luomansi/index.php/Admin/Admin/add.html
INFO: [ app_begin ] --START--
INFO: Run Behavior\ReadHtmlCacheBehavior [ RunTime:0.001137s ]
INFO: [ app_begin ] --END-- [ RunTime:0.001882s ]

[ 2018-01-29T16:49:56+08:00 ] 127.0.0.1 /luomansi/index.php/Admin/Admin/add.html
INFO: [ app_begin ] --START--
INFO: Run Behavior\ReadHtmlCacheBehavior [ RunTime:0.000833s ]
INFO: [ app_begin ] --END-- [ RunTime:0.001481s ]

[ 2018-01-29T16:50:21+08:00 ] 127.0.0.1 /luomansi/index.php/Admin/Admin/add.html
INFO: [ app_begin ] --START--
INFO: Run Behavior\ReadHtmlCacheBehavior [ RunTime:0.000808s ]
INFO: [ app_begin ] --END-- [ RunTime:0.001519s ]

[ 2018-01-29T16:52:06+08:00 ] 127.0.0.1 /luomansi/index.php/Admin/Login/index.html
INFO: [ app_begin ] --START--
INFO: Run Behavior\ReadHtmlCacheBehavior [ RunTime:0.000894s ]
INFO: [ app_begin ] --END-- [ RunTime:0.001553s ]
SQL: SHOW COLUMNS FROM `saleman_sys_admin` [ RunTime:0.0041s ]
SQL: SELECT * FROM `saleman_sys_admin` WHERE `username` = 'sitecms' LIMIT 1   [ RunTime:0.0004s ]
SQL: UPDATE `saleman_sys_admin` SET `login_num`=login_num+1 WHERE `id` = 1 [ RunTime:0.8088s ]

[ 2018-01-29T16:54:20+08:00 ] 127.0.0.1 /luomansi/index.php/Admin/Login/index.html
INFO: [ app_begin ] --START--
INFO: Run Behavior\ReadHtmlCacheBehavior [ RunTime:0.000718s ]
INFO: [ app_begin ] --END-- [ RunTime:0.001456s ]
SQL: SHOW COLUMNS FROM `saleman_sys_admin` [ RunTime:0.0047s ]
SQL: SELECT * FROM `saleman_sys_admin` WHERE `username` = 'sitecms' LIMIT 1   [ RunTime:0.0004s ]
SQL: UPDATE `saleman_sys_admin` SET `login_num`=login_num+1 WHERE `id` = 1 [ RunTime:0.2697s ]

[ 2018-01-29T16:54:34+08:00 ] 127.0.0.1 /luomansi/index.php/Admin/Admin/add.html
INFO: [ app_begin ] --START--
INFO: Run Behavior\ReadHtmlCacheBehavior [ RunTime:0.000707s ]
INFO: [ app_begin ] --END-- [ RunTime:0.001392s ]

[ 2018-01-29T16:55:02+08:00 ] 127.0.0.1 /luomansi/index.php/Admin/Admin/add.html
INFO: [ app_begin ] --START--
INFO: Run Behavior\ReadHtmlCacheBehavior [ RunTime:0.000927s ]
INFO: [ app_begin ] --END-- [ RunTime:0.002258s ]

[ 2018-01-29T16:55:36+08:00 ] 127.0.0.1 /luomansi/index.php/Admin/Admin/add.html
INFO: [ app_begin ] --START--
INFO: Run Behavior\ReadHtmlCacheBehavior [ RunTime:0.000685s ]
INFO: [ app_begin ] --END-- [ RunTime:0.001185s ]

[ 2018-01-29T16:55:56+08:00 ] 127.0.0.1 /luomansi/index.php/Admin/Admin/add.html
INFO: [ app_begin ] --START--
INFO: Run Behavior\ReadHtmlCacheBehavior [ RunTime:0.000781s ]
INFO: [ app_begin ] --END-- [ RunTime:0.001375s ]

[ 2018-01-29T16:59:28+08:00 ] 127.0.0.1 /luomansi/index.php/Admin/Admin/add.html
INFO: [ app_begin ] --START--
INFO: Run Behavior\ReadHtmlCacheBehavior [ RunTime:0.000910s ]
INFO: [ app_begin ] --END-- [ RunTime:0.001794s ]

[ 2018-01-29T16:59:30+08:00 ] 127.0.0.1 /luomansi/index.php/Admin/Admin/add.html
INFO: [ app_begin ] --START--
INFO: Run Behavior\ReadHtmlCacheBehavior [ RunTime:0.000789s ]
INFO: [ app_begin ] --END-- [ RunTime:0.001475s ]

[ 2018-01-29T16:59:33+08:00 ] 127.0.0.1 /luomansi/index.php/Admin/Admin/add.html
INFO: [ app_begin ] --START--
INFO: Run Behavior\ReadHtmlCacheBehavior [ RunTime:0.000807s ]
INFO: [ app_begin ] --END-- [ RunTime:0.001619s ]

[ 2018-01-29T16:59:45+08:00 ] 127.0.0.1 /luomansi/index.php/Admin/Admin/add.html
INFO: [ app_begin ] --START--
INFO: Run Behavior\ReadHtmlCacheBehavior [ RunTime:0.000716s ]
INFO: [ app_begin ] --END-- [ RunTime:0.001347s ]

[ 2018-01-29T16:59:52+08:00 ] 127.0.0.1 /luomansi/index.php/Admin/Admin/add.html
INFO: [ app_begin ] --START--
INFO: Run Behavior\ReadHtmlCacheBehavior [ RunTime:0.000662s ]
INFO: [ app_begin ] --END-- [ RunTime:0.001436s ]

[ 2018-01-29T17:00:48+08:00 ] 127.0.0.1 /luomansi/index.php/Admin/Admin/add.html
INFO: [ app_begin ] --START--
INFO: Run Behavior\ReadHtmlCacheBehavior [ RunTime:0.001166s ]
INFO: [ app_begin ] --END-- [ RunTime:0.002145s ]

[ 2018-01-29T17:00:55+08:00 ] 127.0.0.1 /luomansi/index.php/Admin/Admin/add.html
INFO: [ app_begin ] --START--
INFO: Run Behavior\ReadHtmlCacheBehavior [ RunTime:0.000881s ]
INFO: [ app_begin ] --END-- [ RunTime:0.001754s ]

[ 2018-01-29T17:01:10+08:00 ] 127.0.0.1 /luomansi/index.php/Admin/Admin/add.html
INFO: [ app_begin ] --START--
INFO: Run Behavior\ReadHtmlCacheBehavior [ RunTime:0.000881s ]
INFO: [ app_begin ] --END-- [ RunTime:0.001776s ]

[ 2018-01-29T17:01:14+08:00 ] 127.0.0.1 /luomansi/index.php/Admin/Admin/add.html
INFO: [ app_begin ] --START--
INFO: Run Behavior\ReadHtmlCacheBehavior [ RunTime:0.001266s ]
INFO: [ app_begin ] --END-- [ RunTime:0.002224s ]

[ 2018-01-29T17:01:30+08:00 ] 127.0.0.1 /luomansi/index.php/Admin/Admin/add.html
INFO: [ app_begin ] --START--
INFO: Run Behavior\ReadHtmlCacheBehavior [ RunTime:0.000648s ]
INFO: [ app_begin ] --END-- [ RunTime:0.001267s ]

[ 2018-01-29T17:01:50+08:00 ] 127.0.0.1 /luomansi/index.php/Admin/Admin/add.html
INFO: [ app_begin ] --START--
INFO: Run Behavior\ReadHtmlCacheBehavior [ RunTime:0.001121s ]
INFO: [ app_begin ] --END-- [ RunTime:0.001904s ]

[ 2018-01-29T17:01:50+08:00 ] 127.0.0.1 /luomansi/index.php/Admin/Admin/add.html
INFO: [ app_begin ] --START--
INFO: Run Behavior\ReadHtmlCacheBehavior [ RunTime:0.001588s ]
INFO: [ app_begin ] --END-- [ RunTime:0.003117s ]

[ 2018-01-29T17:02:19+08:00 ] 127.0.0.1 /luomansi/index.php/Admin/Admin/add.html
INFO: [ app_begin ] --START--
INFO: Run Behavior\ReadHtmlCacheBehavior [ RunTime:0.000897s ]
INFO: [ app_begin ] --END-- [ RunTime:0.001721s ]

[ 2018-01-29T17:07:50+08:00 ] 127.0.0.1 /luomansi/index.php/Admin/Admin/add.html
INFO: [ app_begin ] --START--
INFO: Run Behavior\ReadHtmlCacheBehavior [ RunTime:0.000934s ]
INFO: [ app_begin ] --END-- [ RunTime:0.001591s ]

[ 2018-01-29T17:11:05+08:00 ] 127.0.0.1 /luomansi/index.php/Admin/Admin/add.html
INFO: [ app_begin ] --START--
INFO: Run Behavior\ReadHtmlCacheBehavior [ RunTime:0.001022s ]
INFO: [ app_begin ] --END-- [ RunTime:0.002143s ]

[ 2018-01-29T17:21:41+08:00 ] 127.0.0.1 /luomansi/index.php/Admin/Admin/add.html
INFO: [ app_begin ] --START--
INFO: Run Behavior\ReadHtmlCacheBehavior [ RunTime:0.000673s ]
INFO: [ app_begin ] --END-- [ RunTime:0.001196s ]
NOTIC: [8] Undefined variable: username D:\wamp\www\luomansi\Application\Admin\Controller\AdminController.class.php 第 24 行.
NOTIC: [8] Undefined variable: pwd D:\wamp\www\luomansi\Application\Admin\Controller\AdminController.class.php 第 25 行.
NOTIC: [2] md5() expects parameter 1 to be string, array given D:\wamp\www\luomansi\Application\Admin\Controller\AdminController.class.php 第 25 行.
SQL: SHOW COLUMNS FROM `saleman_sys_admin` [ RunTime:0.0055s ]
SQL: SELECT COUNT(*) AS tp_count FROM `saleman_sys_admin` WHERE ( username='Array' ) LIMIT 1   [ RunTime:0.0007s ]
NOTIC: [8] Undefined offset: 0 D:\wamp\www\luomansi\ThinkPHP\Library\Think\Db\Driver.class.php 第 803 行.
ERR: 1048:Column 'password' cannot be null
 [ SQL语句 ] : INSERT INTO `saleman_sys_admin` (`password`,`group`,`createTime`) VALUES (NULL,'2','2018-01-29 17:21:41')
ERR: 1048:Column 'password' cannot be null
 [ SQL语句 ] : INSERT INTO `saleman_sys_admin` (`password`,`group`,`createTime`) VALUES (NULL,'2','2018-01-29 17:21:41')

[ 2018-01-29T17:22:40+08:00 ] 127.0.0.1 /luomansi/index.php/Admin/Admin/add.html
INFO: [ app_begin ] --START--
INFO: Run Behavior\ReadHtmlCacheBehavior [ RunTime:0.003202s ]
INFO: [ app_begin ] --END-- [ RunTime:0.004641s ]
NOTIC: [8] Undefined variable: username D:\wamp\www\luomansi\Application\Admin\Controller\AdminController.class.php 第 24 行.
NOTIC: [8] Undefined variable: pwd D:\wamp\www\luomansi\Application\Admin\Controller\AdminController.class.php 第 25 行.
NOTIC: [2] md5() expects parameter 1 to be string, array given D:\wamp\www\luomansi\Application\Admin\Controller\AdminController.class.php 第 25 行.
SQL: SHOW COLUMNS FROM `saleman_sys_admin` [ RunTime:0.0044s ]
SQL: SELECT COUNT(*) AS tp_count FROM `saleman_sys_admin` WHERE ( username='Array' ) LIMIT 1   [ RunTime:0.0006s ]
NOTIC: [8] Undefined offset: 0 D:\wamp\www\luomansi\ThinkPHP\Library\Think\Db\Driver.class.php 第 803 行.
ERR: 1048:Column 'password' cannot be null
 [ SQL语句 ] : INSERT INTO `saleman_sys_admin` (`password`,`group`,`createTime`) VALUES (NULL,'2','2018-01-29 17:22:40')
ERR: 1048:Column 'password' cannot be null
 [ SQL语句 ] : INSERT INTO `saleman_sys_admin` (`password`,`group`,`createTime`) VALUES (NULL,'2','2018-01-29 17:22:40')

[ 2018-01-29T17:23:21+08:00 ] 127.0.0.1 /luomansi/index.php/Admin/Admin/add.html
INFO: [ app_begin ] --START--
INFO: Run Behavior\ReadHtmlCacheBehavior [ RunTime:0.001158s ]
INFO: [ app_begin ] --END-- [ RunTime:0.002035s ]
NOTIC: [8] Undefined variable: username D:\wamp\www\luomansi\Application\Admin\Controller\AdminController.class.php 第 24 行.
NOTIC: [8] Undefined variable: pwd D:\wamp\www\luomansi\Application\Admin\Controller\AdminController.class.php 第 25 行.
NOTIC: [2] md5() expects parameter 1 to be string, array given D:\wamp\www\luomansi\Application\Admin\Controller\AdminController.class.php 第 25 行.
SQL: SHOW COLUMNS FROM `saleman_sys_admin` [ RunTime:0.0057s ]
SQL: SELECT COUNT(*) AS tp_count FROM `saleman_sys_admin` WHERE ( username='Array' ) LIMIT 1   [ RunTime:0.0005s ]
NOTIC: [8] Undefined offset: 0 D:\wamp\www\luomansi\ThinkPHP\Library\Think\Db\Driver.class.php 第 803 行.
ERR: 1048:Column 'password' cannot be null
 [ SQL语句 ] : INSERT INTO `saleman_sys_admin` (`password`,`group`,`createTime`) VALUES (NULL,'2','2018-01-29 17:23:21')
ERR: 1048:Column 'password' cannot be null
 [ SQL语句 ] : INSERT INTO `saleman_sys_admin` (`password`,`group`,`createTime`) VALUES (NULL,'2','2018-01-29 17:23:21')

[ 2018-01-29T17:24:01+08:00 ] 127.0.0.1 /luomansi/index.php/Admin/Admin/add.html
INFO: [ app_begin ] --START--
INFO: Run Behavior\ReadHtmlCacheBehavior [ RunTime:0.000873s ]
INFO: [ app_begin ] --END-- [ RunTime:0.001704s ]
NOTIC: [8] Undefined variable: username D:\wamp\www\luomansi\Application\Admin\Controller\AdminController.class.php 第 24 行.
NOTIC: [8] Undefined variable: pwd D:\wamp\www\luomansi\Application\Admin\Controller\AdminController.class.php 第 25 行.
NOTIC: [2] md5() expects parameter 1 to be string, array given D:\wamp\www\luomansi\Application\Admin\Controller\AdminController.class.php 第 25 行.
SQL: SHOW COLUMNS FROM `saleman_sys_admin` [ RunTime:0.0044s ]
SQL: SELECT COUNT(*) AS tp_count FROM `saleman_sys_admin` WHERE ( username='Array' ) LIMIT 1   [ RunTime:0.0003s ]
NOTIC: [8] Undefined offset: 0 D:\wamp\www\luomansi\ThinkPHP\Library\Think\Db\Driver.class.php 第 803 行.
ERR: 1048:Column 'password' cannot be null
 [ SQL语句 ] : INSERT INTO `saleman_sys_admin` (`password`,`group`,`createTime`) VALUES (NULL,'2','2018-01-29 17:24:01')
ERR: 1048:Column 'password' cannot be null
 [ SQL语句 ] : INSERT INTO `saleman_sys_admin` (`password`,`group`,`createTime`) VALUES (NULL,'2','2018-01-29 17:24:01')

[ 2018-01-29T17:24:43+08:00 ] 127.0.0.1 /luomansi/index.php/Admin/Admin/add.html
INFO: [ app_begin ] --START--
INFO: Run Behavior\ReadHtmlCacheBehavior [ RunTime:0.000852s ]
INFO: [ app_begin ] --END-- [ RunTime:0.001737s ]
SQL: SHOW COLUMNS FROM `saleman_sys_admin` [ RunTime:0.0043s ]
SQL: SELECT COUNT(*) AS tp_count FROM `saleman_sys_admin` WHERE ( username='ab12345' ) LIMIT 1   [ RunTime:0.0005s ]
SQL: INSERT INTO `saleman_sys_admin` (`username`,`password`,`group`,`createTime`) VALUES ('ab12345','fcea920f7412b5da7be0cf42b8c93759','2','2018-01-29 17:24:43') [ RunTime:0.2951s ]

